05:35:24.055 [main                     ] DEBUG Logger               - Configured Logger
05:35:24.072 [main                     ] DEBUG GameApplication      - Logging settings
Title: CHESS SOCCER
Version: v1.1
Width: 1020
Height: 748
Fullscreen: false
Intro: false
Profiling: false
Single step:false
App Mode: DEVELOPER
Menu Key: ESCAPE
Stage Style: DECORATED
Scene Factory: class com.tkuimwd.factory.MenuFactory

05:35:24.398 [JavaFX Application Thread] DEBUG FXGLApplication      - Initializing FXGL
05:35:24.404 [JavaFX Application Thread] INFO  Engine               - FXGL-17 (31.12.2021 18.16) on WINDOWS (J:18.0.2.1 FX:17.0.0.1)
05:35:24.404 [JavaFX Application Thread] DEBUG Engine               - JRE Vendor Name: Oracle Corporation
05:35:24.404 [JavaFX Application Thread] DEBUG Engine               - Running on OS: Windows 11 version 10.0
05:35:24.404 [JavaFX Application Thread] DEBUG Engine               - Architecture: amd64
05:35:24.404 [JavaFX Application Thread] INFO  Engine               - Source code and latest versions at: https://github.com/AlmasB/FXGL
05:35:24.404 [JavaFX Application Thread] INFO  Engine               -       Ask questions and discuss at: https://github.com/AlmasB/FXGL/discussions
05:35:24.404 [JavaFX Application Thread] INFO  Engine               -              Join the FXGL chat at: https://gitter.im/AlmasB/FXGL
05:35:24.463 [JavaFX Application Thread] DEBUG PrimaryStageWindow   - Creating a JavaFX scene
05:35:24.487 [JavaFX Application Thread] DEBUG PrimaryStageWindow   - Target settings size: 1020.0 x 748.0
05:35:24.487 [JavaFX Application Thread] DEBUG PrimaryStageWindow   - Scaled scene size:    1020.0 x 748.0
05:35:24.487 [JavaFX Application Thread] DEBUG PrimaryStageWindow   - Scaled ratio: (1.0, 1.0)
05:35:24.488 [JavaFX Application Thread] DEBUG PrimaryStageWindow   - Set initial scene to FXGLStartupScene
05:35:24.491 [JavaFX Application Thread] DEBUG PrimaryStageWindow   - Opening main window
05:35:24.539 [JavaFX Application Thread] DEBUG PrimaryStageWindow   - Window border size: (16.0, 39.0)
05:35:24.539 [JavaFX Application Thread] DEBUG PrimaryStageWindow   - Scaled size: 1020.0 x 748.0
05:35:24.540 [JavaFX Application Thread] DEBUG PrimaryStageWindow   - Scaled ratio: (1.0, 1.0)
05:35:24.540 [JavaFX Application Thread] DEBUG PrimaryStageWindow   - Scene size: 1020.0 x 748.0
05:35:24.540 [JavaFX Application Thread] DEBUG PrimaryStageWindow   - Stage size: 1036.0 x 787.0
05:35:24.545 [FXGL Background Thread 1 ] DEBUG Engine               - Initializing environment variables
05:35:24.586 [FXGL Background Thread 1 ] DEBUG FXGLAssetLoaderServi - User app class for loading assets: class com.tkuimwd.Main
05:35:24.587 [FXGL Background Thread 1 ] DEBUG GameApplicationServi - Applying CSS: fxgl_dark.css
05:35:24.589 [FXGL Background Thread 1 ] DEBUG FXGLAssetLoaderServi - Loading from file system: jar:file:/C:/Users/taian/.m2/repository/com/github/almasb/fxgl/17/fxgl-17.jar!/fxglassets/ui/css/fxgl_dark.css
05:35:24.620 [FXGL Background Thread 1 ] DEBUG GameApplicationServi - Initializing application scenes
05:35:24.703 [FXGL Background Thread 1 ] DEBUG GameWorld            - Game world initialized
05:35:24.747 [FXGL Background Thread 1 ] DEBUG PhysicsWorld         - Physics world initialized: appHeight=748, physics.ppm=50.0
05:35:24.747 [FXGL Background Thread 1 ] DEBUG PhysicsWorld         - Using strategy: BRUTE_FORCE
05:35:24.750 [FXGL Background Thread 1 ] DEBUG GameScene            - Game scene initialized: 1020x748
05:35:24.847 [FXGL Background Thread 1 ] DEBUG FXGL.DefaultMenu     - createMenuBodyGameMenu()
05:35:24.853 [FXGL Background Thread 1 ] DEBUG FXGL.DefaultMenu     - createOptionsMenu()
05:35:24.858 [FXGL Background Thread 1 ] DEBUG FXGLAssetLoaderServi - Loading from file system: jar:file:/C:/Users/taian/.m2/repository/com/github/almasb/fxgl/17/fxgl-17.jar!/fxglassets/textures/particles/smoke.png
05:35:24.913 [FXGL Background Thread 1 ] DEBUG FXGLAssetLoaderServi - Loading from file system: jar:file:/C:/Users/taian/.m2/repository/com/github/almasb/fxgl/17/fxgl-17.jar!/fxglassets/textures/particles/trace_horizontal.png
05:35:24.928 [FXGL Background Thread 1 ] DEBUG GameApplicationServi - Application scenes initialized
05:35:24.935 [FXGL Background Thread 1 ] DEBUG SystemBundleService  - Loading FXGL system data
05:35:24.937 [FXGL Background Thread 1 ] DEBUG FileSystemAccess     - Reading from: C:\Users\taian\Documents\GitHub\FXGL-Chess-Soccer\game\system\fxgl.bundle
05:35:24.943 [FXGL Background Thread 1 ] DEBUG SystemBundleService  - Bundle FXGL: {}
05:35:24.943 [FXGL Background Thread 1 ] DEBUG UpdaterService       - Checking for updates
05:35:24.959 [FXGL Background Thread 4 ] DEBUG FXGLApplication      - Loading fonts
05:35:24.960 [FXGL Background Thread 4 ] DEBUG FXGLAssetLoaderServi - Loading from file system: jar:file:/C:/Users/taian/.m2/repository/com/github/almasb/fxgl/17/fxgl-17.jar!/fxglassets/ui/fonts/VarelaRound-Regular.ttf
05:35:24.962 [FXGL Background Thread 1 ] DEBUG FXGLApplication      - Loading default localization
05:35:24.963 [FXGL Background Thread 1 ] DEBUG FXGLAssetLoaderServi - Loading from file system: jar:file:/C:/Users/taian/.m2/repository/com/github/almasb/fxgl/17/fxgl-17.jar!/fxglassets/languages/english.lang
05:35:24.980 [FXGL Background Thread 1 ] INFO  FXGLApplication      - FXGL initialization took: 0.435 sec
05:35:24.981 [JavaFX Application Thread] DEBUG FXGLAssetLoaderServi - Loading from file system: jar:file:/C:/Users/taian/.m2/repository/com/github/almasb/fxgl/17/fxgl-17.jar!/fxglassets/textures/fxgl_icon.png
05:35:24.994 [JavaFX Application Thread] DEBUG FXGLAssetLoaderServi - Loading from file system: jar:file:/C:/Users/taian/.m2/repository/com/github/almasb/fxgl/17/fxgl-17.jar!/fxglassets/textures/fxgl_default_cursor.png
05:35:25.007 [FXGL Background Thread 4 ] DEBUG FXGLAssetLoaderServi - Loading from file system: jar:file:/C:/Users/taian/.m2/repository/com/github/almasb/fxgl/17/fxgl-17.jar!/fxglassets/ui/fonts/Abel-Regular.ttf
05:35:25.010 [FXGL Background Thread 4 ] DEBUG FXGLAssetLoaderServi - Loading from file system: jar:file:/C:/Users/taian/.m2/repository/com/github/almasb/fxgl/17/fxgl-17.jar!/fxglassets/ui/fonts/TerminalLandMono-Regular.otf
05:35:25.010 [JavaFX Application Thread] DEBUG Input                - Registered new binding: Screenshot - CTRL+8
05:35:25.011 [JavaFX Application Thread] DEBUG Input                - Registered new binding: Dev Options - 1
05:35:25.012 [JavaFX Application Thread] DEBUG Input                - Registered new binding: Dev Console - 2
05:35:25.012 [JavaFX Application Thread] DEBUG Input                - Registered new binding: System info dump - CTRL+9
05:35:25.013 [JavaFX Application Thread] DEBUG Input                - Registered new binding: Restart - CTRL+R
05:35:25.013 [FXGL Background Thread 4 ] DEBUG FXGLAssetLoaderServi - Loading from file system: jar:file:/C:/Users/taian/.m2/repository/com/github/almasb/fxgl/17/fxgl-17.jar!/fxglassets/ui/fonts/Courier-Prime.ttf
05:35:25.013 [JavaFX Application Thread] DEBUG Input                - Registered new binding: Toggle Debug Camera - CTRL+7
05:35:25.015 [JavaFX Application Thread] DEBUG LoopRunner           - Starting loop
05:35:25.024 [JavaFX Application Thread] DEBUG LoopRunner           - Initializing JavaFX AnimationTimerLoop
05:35:25.026 [JavaFX Application Thread] DEBUG Input                - Clearing active input actions
05:35:25.030 [JavaFX Application Thread] DEBUG GameApplicationServi - Removing overlay from FXGLStartupScene and adding to FXGLMainMenuDummyScene
05:35:25.034 [JavaFX Application Thread] DEBUG PrimaryStageWindow   - FXGLStartupScene -> FXGLMainMenuDummyScene
05:35:25.035 [JavaFX Application Thread] DEBUG PrimaryStageWindow   - Push state: MainMenu
05:35:25.035 [JavaFX Application Thread] DEBUG Input                - Clearing active input actions
05:35:25.037 [JavaFX Application Thread] DEBUG GameApplicationServi - Removing overlay from FXGLMainMenuDummyScene and adding to MainMenu
05:35:25.038 [JavaFX Application Thread] DEBUG PrimaryStageWindow   - FXGLMainMenuDummyScene -> MainMenu
05:35:25.038 [JavaFX Application Thread] DEBUG FXGLApplication      - Registering font factories with UI factory
05:35:25.285 [FXGL Background Thread 2 ] INFO  UpdaterService       - Your current version:  17
05:35:25.286 [FXGL Background Thread 2 ] INFO  UpdaterService       - Latest stable version: 21.1
05:35:27.960 [FXGL Background Thread 3 ] DEBUG Engine               - Logging environment variables
05:35:27.960 [FXGL Background Thread 3 ] DEBUG Engine               - achievements: []
05:35:27.960 [FXGL Background Thread 3 ] DEBUG Engine               - actualHeight: 748.0
05:35:27.960 [FXGL Background Thread 3 ] DEBUG Engine               - actualHeightProperty: ReadOnlyDoubleProperty [value: 748.0]
05:35:27.960 [FXGL Background Thread 3 ] DEBUG Engine               - actualWidth: 1020.0
05:35:27.960 [FXGL Background Thread 3 ] DEBUG Engine               - actualWidthProperty: ReadOnlyDoubleProperty [value: 1020.0]
05:35:27.960 [FXGL Background Thread 3 ] DEBUG Engine               - appIcon: fxgl_icon.png
05:35:27.960 [FXGL Background Thread 3 ] DEBUG Engine               - applicationMode: DEVELOPER
05:35:27.960 [FXGL Background Thread 3 ] DEBUG Engine               - cSSList: [fxgl_dark.css]
05:35:27.960 [FXGL Background Thread 3 ] DEBUG Engine               - collisionDetectionStrategy: BRUTE_FORCE
05:35:27.960 [FXGL Background Thread 3 ] DEBUG Engine               - configClass: Optional.empty
05:35:27.960 [FXGL Background Thread 3 ] DEBUG Engine               - credits: []
05:35:27.961 [FXGL Background Thread 3 ] DEBUG Engine               - defaultCursor: CursorInfo(imageName=fxgl_default_cursor.png, hotspotX=7.0, hotspotY=6.0)
05:35:27.961 [FXGL Background Thread 3 ] DEBUG Engine               - devBBoxColorProperty: ObjectProperty [value: 0xff0000ff]
05:35:27.961 [FXGL Background Thread 3 ] DEBUG Engine               - devEnableDebugCameraProperty: BooleanProperty [value: false]
05:35:27.961 [FXGL Background Thread 3 ] DEBUG Engine               - devSensorColorProperty: ObjectProperty [value: 0xffff00ff]
05:35:27.961 [FXGL Background Thread 3 ] DEBUG Engine               - devShowBBoxProperty: BooleanProperty [value: false]
05:35:27.961 [FXGL Background Thread 3 ] DEBUG Engine               - devShowPositionProperty: BooleanProperty [value: false]
05:35:27.961 [FXGL Background Thread 3 ] DEBUG Engine               - enabledMenuItems: []
05:35:27.961 [FXGL Background Thread 3 ] DEBUG Engine               - engineServices: [class com.almasb.fxgl.app.services.FXGLAssetLoaderService, class com.almasb.fxgl.app.FXGLApplication$GameApplicationService, class com.almasb.fxgl.app.services.FXGLDialogService, class com.almasb.fxgl.app.services.IOTaskExecutorService, class com.almasb.fxgl.io.FileSystemService, class com.almasb.fxgl.localization.LocalizationService, class com.almasb.fxgl.app.services.SystemBundleService, class com.almasb.fxgl.profile.SaveLoadService, class com.almasb.fxgl.ui.FXGLUIFactoryServiceProvider, class com.almasb.fxgl.ui.FXGLDialogFactoryServiceProvider, class com.almasb.fxgl.audio.AudioPlayer, class com.almasb.fxgl.notification.impl.NotificationServiceProvider, class com.almasb.fxgl.achievement.AchievementService, class com.almasb.fxgl.cutscene.CutsceneService, class com.almasb.fxgl.minigames.MiniGameService, class com.almasb.fxgl.net.NetService, class com.almasb.fxgl.app.services.UpdaterService, class com.almasb.fxgl.dev.DevService]
05:35:27.961 [FXGL Background Thread 3 ] DEBUG Engine               - fontGame: Abel-Regular.ttf
05:35:27.961 [FXGL Background Thread 3 ] DEBUG Engine               - fontMono: TerminalLandMono-Regular.otf
05:35:27.962 [FXGL Background Thread 3 ] DEBUG Engine               - fontText: Courier-Prime.ttf
05:35:27.962 [FXGL Background Thread 3 ] DEBUG Engine               - fontUI: VarelaRound-Regular.ttf
05:35:27.962 [FXGL Background Thread 3 ] DEBUG Engine               - fullScreen: BooleanProperty [value: false]
05:35:27.962 [FXGL Background Thread 3 ] DEBUG Engine               - gameDifficulty: MEDIUM
05:35:27.962 [FXGL Background Thread 3 ] DEBUG Engine               - gameDifficultyProperty: ObjectProperty [value: MEDIUM]
05:35:27.962 [FXGL Background Thread 3 ] DEBUG Engine               - globalMusicVolume: 0.5
05:35:27.962 [FXGL Background Thread 3 ] DEBUG Engine               - globalMusicVolumeProperty: DoubleProperty [value: 0.5]
05:35:27.962 [FXGL Background Thread 3 ] DEBUG Engine               - globalSoundVolume: 0.5
05:35:27.963 [FXGL Background Thread 3 ] DEBUG Engine               - globalSoundVolumeProperty: DoubleProperty [value: 0.5]
05:35:27.963 [FXGL Background Thread 3 ] DEBUG Engine               - height: 748
05:35:27.963 [FXGL Background Thread 3 ] DEBUG Engine               - is3D: false
05:35:27.963 [FXGL Background Thread 3 ] DEBUG Engine               - isAndroid: false
05:35:27.963 [FXGL Background Thread 3 ] DEBUG Engine               - isBrowser: false
05:35:27.963 [FXGL Background Thread 3 ] DEBUG Engine               - isClickFeedbackEnabled: false
05:35:27.963 [FXGL Background Thread 3 ] DEBUG Engine               - isCloseConfirmation: false
05:35:27.963 [FXGL Background Thread 3 ] DEBUG Engine               - isDesktop: true
05:35:27.963 [FXGL Background Thread 3 ] DEBUG Engine               - isDeveloperMenuEnabled: true
05:35:27.963 [FXGL Background Thread 3 ] DEBUG Engine               - isEmbedded: false
05:35:27.963 [FXGL Background Thread 3 ] DEBUG Engine               - isEntityPreloadEnabled: true
05:35:27.963 [FXGL Background Thread 3 ] DEBUG Engine               - isExperimentalTiledLargeMap: false
05:35:27.963 [FXGL Background Thread 3 ] DEBUG Engine               - isFileSystemWriteAllowed: true
05:35:27.963 [FXGL Background Thread 3 ] DEBUG Engine               - isFullScreenAllowed: false
05:35:27.963 [FXGL Background Thread 3 ] DEBUG Engine               - isFullScreenFromStart: false
05:35:27.963 [FXGL Background Thread 3 ] DEBUG Engine               - isGameMenuEnabled: true
05:35:27.963 [FXGL Background Thread 3 ] DEBUG Engine               - isIOS: false
05:35:27.963 [FXGL Background Thread 3 ] DEBUG Engine               - isIntroEnabled: false
05:35:27.963 [FXGL Background Thread 3 ] DEBUG Engine               - isLinux: false
05:35:27.963 [FXGL Background Thread 3 ] DEBUG Engine               - isMac: false
05:35:27.963 [FXGL Background Thread 3 ] DEBUG Engine               - isMainMenuEnabled: true
05:35:27.963 [FXGL Background Thread 3 ] DEBUG Engine               - isManualResizeEnabled: false
05:35:27.963 [FXGL Background Thread 3 ] DEBUG Engine               - isMobile: false
05:35:27.963 [FXGL Background Thread 3 ] DEBUG Engine               - isNative: false
05:35:27.963 [FXGL Background Thread 3 ] DEBUG Engine               - isPauseMusicWhenMinimized: true
05:35:27.963 [FXGL Background Thread 3 ] DEBUG Engine               - isPreserveResizeRatio: false
05:35:27.963 [FXGL Background Thread 3 ] DEBUG Engine               - isProfilingEnabled: false
05:35:27.963 [FXGL Background Thread 3 ] DEBUG Engine               - isScaleAffectedOnResize: true
05:35:27.963 [FXGL Background Thread 3 ] DEBUG Engine               - isSingleStep: false
05:35:27.963 [FXGL Background Thread 3 ] DEBUG Engine               - isUserProfileEnabled: false
05:35:27.963 [FXGL Background Thread 3 ] DEBUG Engine               - isWindows: true
05:35:27.963 [FXGL Background Thread 3 ] DEBUG Engine               - language: ObjectProperty [value: ENGLISH]
05:35:27.963 [FXGL Background Thread 3 ] DEBUG Engine               - menuKey: ESCAPE
05:35:27.964 [FXGL Background Thread 3 ] DEBUG Engine               - mouseSensitivity: 0.2
05:35:27.964 [FXGL Background Thread 3 ] DEBUG Engine               - notificationViewClass: class com.almasb.fxgl.notification.view.XboxNotificationView
05:35:27.964 [FXGL Background Thread 3 ] DEBUG Engine               - pixelsPerMeter: 50.0
05:35:27.964 [FXGL Background Thread 3 ] DEBUG Engine               - platform: WINDOWS
05:35:27.964 [FXGL Background Thread 3 ] DEBUG Engine               - prefHeightProperty: ReadOnlyDoubleProperty [value: 748.0]
05:35:27.964 [FXGL Background Thread 3 ] DEBUG Engine               - prefWidthProperty: ReadOnlyDoubleProperty [value: 1020.0]
05:35:27.964 [FXGL Background Thread 3 ] DEBUG Engine               - profileDir: profiles/
05:35:27.964 [FXGL Background Thread 3 ] DEBUG Engine               - profileName: StringProperty [value: DEFAULT]
05:35:27.964 [FXGL Background Thread 3 ] DEBUG Engine               - randomSeed: -1
05:35:27.964 [FXGL Background Thread 3 ] DEBUG Engine               - runtimeInfo: RuntimeInfo(platform=WINDOWS, version=17, build=31.12.2021 18.16)
05:35:27.964 [FXGL Background Thread 3 ] DEBUG Engine               - saveFileExt: sav
05:35:27.964 [FXGL Background Thread 3 ] DEBUG Engine               - scaledHeightProp$fxgl: DoubleProperty [bound, value: 748.0]
05:35:27.964 [FXGL Background Thread 3 ] DEBUG Engine               - scaledWidthProp$fxgl: DoubleProperty [bound, value: 1020.0]
05:35:27.964 [FXGL Background Thread 3 ] DEBUG Engine               - sceneFactory: com.tkuimwd.factory.MenuFactory@3b55ddeb
05:35:27.964 [FXGL Background Thread 3 ] DEBUG Engine               - secondsIn24h: 60
05:35:27.964 [FXGL Background Thread 3 ] DEBUG Engine               - soundMenuBack: menu/back.wav
05:35:27.964 [FXGL Background Thread 3 ] DEBUG Engine               - soundMenuPress: menu/press.wav
05:35:27.964 [FXGL Background Thread 3 ] DEBUG Engine               - soundMenuSelect: menu/select.wav
05:35:27.964 [FXGL Background Thread 3 ] DEBUG Engine               - soundNotification: core/notification.wav
05:35:27.964 [FXGL Background Thread 3 ] DEBUG Engine               - stageStyle: DECORATED
05:35:27.964 [FXGL Background Thread 3 ] DEBUG Engine               - supportedLanguages: [ENGLISH, FRENCH, GERMAN, HUNGARIAN, RUSSIAN]
05:35:27.964 [FXGL Background Thread 3 ] DEBUG Engine               - ticksPerSecond: -1
05:35:27.964 [FXGL Background Thread 3 ] DEBUG Engine               - title: CHESS SOCCER
05:35:27.964 [FXGL Background Thread 3 ] DEBUG Engine               - urlGithub: https://github.com/AlmasB/FXGL
05:35:27.964 [FXGL Background Thread 3 ] DEBUG Engine               - urlLeaderboard: http://fxgl-top.herokuapp.com/
05:35:27.964 [FXGL Background Thread 3 ] DEBUG Engine               - urlPOM: https://raw.githubusercontent.com/AlmasB/FXGL/release/README.md
05:35:27.964 [FXGL Background Thread 3 ] DEBUG Engine               - userAppClass: class com.tkuimwd.Main
05:35:27.964 [FXGL Background Thread 3 ] DEBUG Engine               - version: v1.1
05:35:27.964 [FXGL Background Thread 3 ] DEBUG Engine               - versionCheckDays: 7
05:35:27.964 [FXGL Background Thread 3 ] DEBUG Engine               - width: 1020
05:35:27.964 [FXGL Background Thread 3 ] DEBUG Engine               - Logging services
05:35:27.964 [FXGL Background Thread 3 ] DEBUG Engine               - class com.almasb.fxgl.app.services.FXGLAssetLoaderService
05:35:27.964 [FXGL Background Thread 3 ] DEBUG Engine               - class com.almasb.fxgl.app.FXGLApplication$GameApplicationService
05:35:27.965 [FXGL Background Thread 3 ] DEBUG Engine               - class com.almasb.fxgl.app.services.FXGLDialogService
05:35:27.965 [FXGL Background Thread 3 ] DEBUG Engine               - class com.almasb.fxgl.app.services.IOTaskExecutorService
05:35:27.965 [FXGL Background Thread 3 ] DEBUG Engine               - class com.almasb.fxgl.io.FileSystemService
05:35:27.965 [FXGL Background Thread 3 ] DEBUG Engine               - class com.almasb.fxgl.localization.LocalizationService
05:35:27.965 [FXGL Background Thread 3 ] DEBUG Engine               - class com.almasb.fxgl.app.services.SystemBundleService
05:35:27.965 [FXGL Background Thread 3 ] DEBUG Engine               - class com.almasb.fxgl.profile.SaveLoadService
05:35:27.965 [FXGL Background Thread 3 ] DEBUG Engine               - class com.almasb.fxgl.ui.FXGLUIFactoryServiceProvider
05:35:27.965 [FXGL Background Thread 3 ] DEBUG Engine               - class com.almasb.fxgl.ui.FXGLDialogFactoryServiceProvider
05:35:27.965 [FXGL Background Thread 3 ] DEBUG Engine               - class com.almasb.fxgl.audio.AudioPlayer
05:35:27.965 [FXGL Background Thread 3 ] DEBUG Engine               - class com.almasb.fxgl.notification.impl.NotificationServiceProvider
05:35:27.965 [FXGL Background Thread 3 ] DEBUG Engine               - class com.almasb.fxgl.achievement.AchievementService
05:35:27.965 [FXGL Background Thread 3 ] DEBUG Engine               - class com.almasb.fxgl.cutscene.CutsceneService
05:35:27.965 [FXGL Background Thread 3 ] DEBUG Engine               - class com.almasb.fxgl.minigames.MiniGameService
05:35:27.965 [FXGL Background Thread 3 ] DEBUG Engine               - class com.almasb.fxgl.net.NetService
05:35:27.965 [FXGL Background Thread 3 ] DEBUG Engine               - class com.almasb.fxgl.app.services.UpdaterService
05:35:27.965 [FXGL Background Thread 3 ] DEBUG Engine               - class com.almasb.fxgl.dev.DevService
05:35:31.538 [JavaFX Application Thread] DEBUG PrimaryStageWindow   - Push state: LoginScene
05:35:31.538 [JavaFX Application Thread] DEBUG Input                - Clearing active input actions
05:35:31.539 [JavaFX Application Thread] DEBUG GameApplicationServi - Removing overlay from MainMenu and adding to LoginScene
05:35:31.539 [JavaFX Application Thread] DEBUG PrimaryStageWindow   - MainMenu -> LoginScene
05:35:33.940 [JavaFX Application Thread] DEBUG PrimaryStageWindow   - Pop state: LoginScene
05:35:33.940 [JavaFX Application Thread] DEBUG Input                - Clearing active input actions
05:35:33.940 [JavaFX Application Thread] DEBUG GameApplicationServi - Removing overlay from LoginScene and adding to MainMenu
05:35:33.942 [JavaFX Application Thread] DEBUG PrimaryStageWindow   - MainMenu <- LoginScene
05:35:33.942 [JavaFX Application Thread] DEBUG PrimaryStageWindow   - Pop state: MainMenu
05:35:33.942 [JavaFX Application Thread] DEBUG Input                - Clearing active input actions
05:35:33.942 [JavaFX Application Thread] DEBUG GameApplicationServi - Removing overlay from MainMenu and adding to FXGLMainMenuDummyScene
05:35:33.942 [JavaFX Application Thread] DEBUG PrimaryStageWindow   - FXGLMainMenuDummyScene <- MainMenu
05:35:34.017 [JavaFX Application Thread] DEBUG PrimaryStageWindow   - Push state: MainMenu
05:35:34.017 [JavaFX Application Thread] DEBUG Input                - Clearing active input actions
05:35:34.017 [JavaFX Application Thread] DEBUG GameApplicationServi - Removing overlay from FXGLMainMenuDummyScene and adding to MainMenu
05:35:34.018 [JavaFX Application Thread] DEBUG PrimaryStageWindow   - FXGLMainMenuDummyScene -> MainMenu
05:35:34.019 [JavaFX Application Thread] DEBUG PrimaryStageWindow   - Push state: DialogSubScene
05:35:34.019 [JavaFX Application Thread] DEBUG Input                - Clearing active input actions
05:35:34.019 [JavaFX Application Thread] DEBUG GameApplicationServi - Removing overlay from MainMenu and adding to DialogSubScene
05:35:34.019 [JavaFX Application Thread] DEBUG PrimaryStageWindow   - MainMenu -> DialogSubScene
05:35:36.615 [JavaFX Application Thread] DEBUG PrimaryStageWindow   - Pop state: DialogSubScene
05:35:36.615 [JavaFX Application Thread] DEBUG Input                - Clearing active input actions
05:35:36.615 [JavaFX Application Thread] DEBUG GameApplicationServi - Removing overlay from DialogSubScene and adding to MainMenu
05:35:36.615 [JavaFX Application Thread] DEBUG PrimaryStageWindow   - MainMenu <- DialogSubScene
05:35:37.318 [JavaFX Application Thread] DEBUG PrimaryStageWindow   - Push state: CreateRoomScene
05:35:37.318 [JavaFX Application Thread] DEBUG Input                - Clearing active input actions
05:35:37.318 [JavaFX Application Thread] DEBUG GameApplicationServi - Removing overlay from MainMenu and adding to CreateRoomScene
05:35:37.319 [JavaFX Application Thread] DEBUG PrimaryStageWindow   - MainMenu -> CreateRoomScene
05:35:52.296 [JavaFX Application Thread] DEBUG GameApplicationServi - Starting new game
05:35:52.296 [JavaFX Application Thread] DEBUG PrimaryStageWindow   - Pop state: CreateRoomScene
05:35:52.296 [JavaFX Application Thread] DEBUG Input                - Clearing active input actions
05:35:52.297 [JavaFX Application Thread] DEBUG GameApplicationServi - Removing overlay from CreateRoomScene and adding to MainMenu
05:35:52.297 [JavaFX Application Thread] DEBUG PrimaryStageWindow   - MainMenu <- CreateRoomScene
05:35:52.297 [JavaFX Application Thread] DEBUG PrimaryStageWindow   - Pop state: MainMenu
05:35:52.297 [JavaFX Application Thread] DEBUG Input                - Clearing active input actions
05:35:52.298 [JavaFX Application Thread] DEBUG GameApplicationServi - Removing overlay from MainMenu and adding to FXGLMainMenuDummyScene
05:35:52.298 [JavaFX Application Thread] DEBUG PrimaryStageWindow   - FXGLMainMenuDummyScene <- MainMenu
05:35:52.298 [JavaFX Application Thread] DEBUG Input                - Clearing active input actions
05:35:52.300 [JavaFX Application Thread] DEBUG GameApplicationServi - Removing overlay from FXGLMainMenuDummyScene and adding to FXGLLoadingScene
05:35:52.302 [JavaFX Application Thread] DEBUG PrimaryStageWindow   - FXGLMainMenuDummyScene -> FXGLLoadingScene
05:35:52.302 [JavaFX Application Thread] DEBUG GameApplicationServi - Clearing previous game
05:35:52.302 [JavaFX Application Thread] DEBUG GameScene            - Clearing game scene
05:35:52.302 [JavaFX Application Thread] DEBUG GameWorld            - Clearing game world
05:35:52.302 [JavaFX Application Thread] DEBUG PhysicsWorld         - Clearing physics world
05:35:52.303 [FXGL Background Thread 2 ] DEBUG FXGLApplication      - Initializing game
05:35:52.352 [FXGL Background Thread 2 ] INFO  FXGLApplication      - Game initialization took: 0.049 sec
05:35:52.353 [JavaFX Application Thread] DEBUG Input                - Clearing active input actions
05:35:52.356 [JavaFX Application Thread] DEBUG GameApplicationServi - Removing overlay from FXGLLoadingScene and adding to GameScene
05:35:52.357 [JavaFX Application Thread] DEBUG PrimaryStageWindow   - FXGLLoadingScene -> GameScene
05:36:00.124 [JavaFX Application Thread] DEBUG EventBus             - Firing event: com.tkuimwd.event.ChessReleaseEvent[source=javafx.event.Event$$Lambda$137/0x0000000800d4bc90@3647c32]
05:36:07.306 [JavaFX Application Thread] DEBUG EventBus             - Firing event: com.tkuimwd.event.ChessReleaseEvent[source=javafx.event.Event$$Lambda$137/0x0000000800d4bc90@3647c32]
05:36:17.662 [JavaFX Application Thread] DEBUG EventBus             - Firing event: com.tkuimwd.event.ChessReleaseEvent[source=javafx.event.Event$$Lambda$137/0x0000000800d4bc90@3647c32]
05:36:29.024 [JavaFX Application Thread] DEBUG EventBus             - Firing event: com.tkuimwd.event.ChessReleaseEvent[source=javafx.event.Event$$Lambda$137/0x0000000800d4bc90@3647c32]
05:36:43.219 [JavaFX Application Thread] DEBUG EventBus             - Firing event: com.tkuimwd.event.ChessReleaseEvent[source=javafx.event.Event$$Lambda$137/0x0000000800d4bc90@3647c32]
05:37:02.383 [JavaFX Application Thread] DEBUG EventBus             - Firing event: com.tkuimwd.event.ChessReleaseEvent[source=javafx.event.Event$$Lambda$137/0x0000000800d4bc90@3647c32]
05:37:05.428 [JavaFX Application Thread] DEBUG EventBus             - Firing event: com.tkuimwd.event.ChessReleaseEvent[source=javafx.event.Event$$Lambda$137/0x0000000800d4bc90@3647c32]
05:37:30.470 [JavaFX Application Thread] DEBUG FXGLApplication      - Exiting FXGL
05:37:30.470 [JavaFX Application Thread] DEBUG LoopRunner           - Stopping loop
05:37:30.470 [JavaFX Application Thread] DEBUG SystemBundleService  - Saving FXGL system data
05:37:30.472 [JavaFX Application Thread] DEBUG FileSystemAccess     - Writing to: C:\Users\taian\Documents\GitHub\FXGL-Chess-Soccer\game\system\fxgl.bundle
05:37:30.474 [JavaFX Application Thread] DEBUG Async                - Shutting down background threads
05:37:30.474 [JavaFX Application Thread] DEBUG PrimaryStageWindow   - Closing main window
05:37:30.482 [JavaFX Application Thread] DEBUG Logger               - Closing Logger
