23:35:06.856 [main                     ] DEBUG Logger               - Configured Logger
23:35:06.870 [main                     ] DEBUG GameApplication      - Logging settings
Title: CHESS SOCCER
Version: v1.1
Width: 1020
Height: 748
Fullscreen: false
Intro: false
Profiling: false
Single step:false
App Mode: DEVELOPER
Menu Key: ESCAPE
Stage Style: DECORATED
Scene Factory: class com.tkuimwd.factory.MenuFactory

23:35:07.186 [JavaFX Application Thread] DEBUG FXGLApplication      - Initializing FXGL
23:35:07.191 [JavaFX Application Thread] INFO  Engine               - FXGL-17 (31.12.2021 18.16) on WINDOWS (J:18.0.2.1 FX:17.0.0.1)
23:35:07.191 [JavaFX Application Thread] DEBUG Engine               - JRE Vendor Name: Oracle Corporation
23:35:07.191 [JavaFX Application Thread] DEBUG Engine               - Running on OS: Windows 11 version 10.0
23:35:07.192 [JavaFX Application Thread] DEBUG Engine               - Architecture: amd64
23:35:07.192 [JavaFX Application Thread] INFO  Engine               - Source code and latest versions at: https://github.com/AlmasB/FXGL
23:35:07.192 [JavaFX Application Thread] INFO  Engine               -       Ask questions and discuss at: https://github.com/AlmasB/FXGL/discussions
23:35:07.192 [JavaFX Application Thread] INFO  Engine               -              Join the FXGL chat at: https://gitter.im/AlmasB/FXGL
23:35:07.240 [JavaFX Application Thread] DEBUG PrimaryStageWindow   - Creating a JavaFX scene
23:35:07.264 [JavaFX Application Thread] DEBUG PrimaryStageWindow   - Target settings size: 1020.0 x 748.0
23:35:07.264 [JavaFX Application Thread] DEBUG PrimaryStageWindow   - Scaled scene size:    1020.0 x 748.0
23:35:07.264 [JavaFX Application Thread] DEBUG PrimaryStageWindow   - Scaled ratio: (1.0, 1.0)
23:35:07.264 [JavaFX Application Thread] DEBUG PrimaryStageWindow   - Set initial scene to FXGLStartupScene
23:35:07.268 [JavaFX Application Thread] DEBUG PrimaryStageWindow   - Opening main window
23:35:07.323 [JavaFX Application Thread] DEBUG PrimaryStageWindow   - Window border size: (16.0, 39.0)
23:35:07.323 [JavaFX Application Thread] DEBUG PrimaryStageWindow   - Scaled size: 1020.0 x 748.0
23:35:07.323 [JavaFX Application Thread] DEBUG PrimaryStageWindow   - Scaled ratio: (1.0, 1.0)
23:35:07.323 [JavaFX Application Thread] DEBUG PrimaryStageWindow   - Scene size: 1020.0 x 748.0
23:35:07.324 [JavaFX Application Thread] DEBUG PrimaryStageWindow   - Stage size: 1036.0 x 787.0
23:35:07.328 [FXGL Background Thread 1 ] DEBUG Engine               - Initializing environment variables
23:35:07.362 [FXGL Background Thread 1 ] DEBUG FXGLAssetLoaderServi - User app class for loading assets: class com.tkuimwd.Main
23:35:07.362 [FXGL Background Thread 1 ] DEBUG GameApplicationServi - Applying CSS: fxgl_dark.css
23:35:07.364 [FXGL Background Thread 1 ] DEBUG FXGLAssetLoaderServi - Loading from file system: jar:file:/C:/Users/taian/.m2/repository/com/github/almasb/fxgl/17/fxgl-17.jar!/fxglassets/ui/css/fxgl_dark.css
23:35:07.389 [FXGL Background Thread 1 ] DEBUG GameApplicationServi - Initializing application scenes
23:35:07.443 [FXGL Background Thread 1 ] DEBUG GameWorld            - Game world initialized
23:35:07.480 [FXGL Background Thread 1 ] DEBUG PhysicsWorld         - Physics world initialized: appHeight=748, physics.ppm=50.0
23:35:07.480 [FXGL Background Thread 1 ] DEBUG PhysicsWorld         - Using strategy: BRUTE_FORCE
23:35:07.483 [FXGL Background Thread 1 ] DEBUG GameScene            - Game scene initialized: 1020x748
23:35:07.575 [FXGL Background Thread 1 ] DEBUG FXGL.DefaultMenu     - createMenuBodyGameMenu()
23:35:07.580 [FXGL Background Thread 1 ] DEBUG FXGL.DefaultMenu     - createOptionsMenu()
23:35:07.587 [FXGL Background Thread 1 ] DEBUG FXGLAssetLoaderServi - Loading from file system: jar:file:/C:/Users/taian/.m2/repository/com/github/almasb/fxgl/17/fxgl-17.jar!/fxglassets/textures/particles/smoke.png
23:35:07.636 [FXGL Background Thread 1 ] DEBUG FXGLAssetLoaderServi - Loading from file system: jar:file:/C:/Users/taian/.m2/repository/com/github/almasb/fxgl/17/fxgl-17.jar!/fxglassets/textures/particles/trace_horizontal.png
23:35:07.652 [FXGL Background Thread 1 ] DEBUG GameApplicationServi - Application scenes initialized
23:35:07.659 [FXGL Background Thread 1 ] DEBUG SystemBundleService  - Loading FXGL system data
23:35:07.662 [FXGL Background Thread 1 ] DEBUG FileSystemAccess     - Reading from: C:\Users\taian\Documents\GitHub\FXGL-Chess-Soccer\game\system\fxgl.bundle
23:35:07.667 [FXGL Background Thread 1 ] DEBUG SystemBundleService  - Bundle FXGL: {}
23:35:07.667 [FXGL Background Thread 1 ] DEBUG UpdaterService       - Checking for updates
23:35:07.681 [FXGL Background Thread 4 ] DEBUG FXGLApplication      - Loading fonts
23:35:07.681 [FXGL Background Thread 1 ] DEBUG FXGLApplication      - Loading default localization
23:35:07.681 [FXGL Background Thread 4 ] DEBUG FXGLAssetLoaderServi - Loading from file system: jar:file:/C:/Users/taian/.m2/repository/com/github/almasb/fxgl/17/fxgl-17.jar!/fxglassets/ui/fonts/VarelaRound-Regular.ttf
23:35:07.682 [FXGL Background Thread 1 ] DEBUG FXGLAssetLoaderServi - Loading from file system: jar:file:/C:/Users/taian/.m2/repository/com/github/almasb/fxgl/17/fxgl-17.jar!/fxglassets/languages/english.lang
23:35:07.706 [FXGL Background Thread 1 ] INFO  FXGLApplication      - FXGL initialization took: 0.378 sec
23:35:07.706 [JavaFX Application Thread] DEBUG FXGLAssetLoaderServi - Loading from file system: jar:file:/C:/Users/taian/.m2/repository/com/github/almasb/fxgl/17/fxgl-17.jar!/fxglassets/textures/fxgl_icon.png
23:35:07.720 [FXGL Background Thread 4 ] DEBUG FXGLAssetLoaderServi - Loading from file system: jar:file:/C:/Users/taian/.m2/repository/com/github/almasb/fxgl/17/fxgl-17.jar!/fxglassets/ui/fonts/Abel-Regular.ttf
23:35:07.723 [JavaFX Application Thread] DEBUG FXGLAssetLoaderServi - Loading from file system: jar:file:/C:/Users/taian/.m2/repository/com/github/almasb/fxgl/17/fxgl-17.jar!/fxglassets/textures/fxgl_default_cursor.png
23:35:07.723 [FXGL Background Thread 4 ] DEBUG FXGLAssetLoaderServi - Loading from file system: jar:file:/C:/Users/taian/.m2/repository/com/github/almasb/fxgl/17/fxgl-17.jar!/fxglassets/ui/fonts/TerminalLandMono-Regular.otf
23:35:07.727 [FXGL Background Thread 4 ] DEBUG FXGLAssetLoaderServi - Loading from file system: jar:file:/C:/Users/taian/.m2/repository/com/github/almasb/fxgl/17/fxgl-17.jar!/fxglassets/ui/fonts/Courier-Prime.ttf
23:35:07.735 [JavaFX Application Thread] DEBUG Input                - Registered new binding: Screenshot - CTRL+8
23:35:07.735 [JavaFX Application Thread] DEBUG Input                - Registered new binding: Dev Options - 1
23:35:07.736 [JavaFX Application Thread] DEBUG Input                - Registered new binding: Dev Console - 2
23:35:07.736 [JavaFX Application Thread] DEBUG Input                - Registered new binding: System info dump - CTRL+9
23:35:07.736 [JavaFX Application Thread] DEBUG Input                - Registered new binding: Restart - CTRL+R
23:35:07.737 [JavaFX Application Thread] DEBUG Input                - Registered new binding: Toggle Debug Camera - CTRL+7
23:35:07.739 [JavaFX Application Thread] DEBUG LoopRunner           - Starting loop
23:35:07.747 [JavaFX Application Thread] DEBUG LoopRunner           - Initializing JavaFX AnimationTimerLoop
23:35:07.748 [JavaFX Application Thread] DEBUG Input                - Clearing active input actions
23:35:07.752 [JavaFX Application Thread] DEBUG GameApplicationServi - Removing overlay from FXGLStartupScene and adding to FXGLMainMenuDummyScene
23:35:07.757 [JavaFX Application Thread] DEBUG PrimaryStageWindow   - FXGLStartupScene -> FXGLMainMenuDummyScene
23:35:07.757 [JavaFX Application Thread] DEBUG PrimaryStageWindow   - Push state: MainMenu
23:35:07.757 [JavaFX Application Thread] DEBUG Input                - Clearing active input actions
23:35:07.760 [JavaFX Application Thread] DEBUG GameApplicationServi - Removing overlay from FXGLMainMenuDummyScene and adding to MainMenu
23:35:07.760 [JavaFX Application Thread] DEBUG PrimaryStageWindow   - FXGLMainMenuDummyScene -> MainMenu
23:35:07.760 [JavaFX Application Thread] DEBUG FXGLApplication      - Registering font factories with UI factory
23:35:07.994 [FXGL Background Thread 2 ] INFO  UpdaterService       - Your current version:  17
23:35:07.994 [FXGL Background Thread 2 ] INFO  UpdaterService       - Latest stable version: 21.1
23:35:08.656 [JavaFX Application Thread] DEBUG PrimaryStageWindow   - Push state: LoginScene
23:35:08.656 [JavaFX Application Thread] DEBUG Input                - Clearing active input actions
23:35:08.657 [JavaFX Application Thread] DEBUG GameApplicationServi - Removing overlay from MainMenu and adding to LoginScene
23:35:08.659 [JavaFX Application Thread] DEBUG PrimaryStageWindow   - MainMenu -> LoginScene
23:35:10.681 [FXGL Background Thread 3 ] DEBUG Engine               - Logging environment variables
23:35:10.681 [FXGL Background Thread 3 ] DEBUG Engine               - achievements: []
23:35:10.682 [FXGL Background Thread 3 ] DEBUG Engine               - actualHeight: 748.0
23:35:10.682 [FXGL Background Thread 3 ] DEBUG Engine               - actualHeightProperty: ReadOnlyDoubleProperty [value: 748.0]
23:35:10.682 [FXGL Background Thread 3 ] DEBUG Engine               - actualWidth: 1020.0
23:35:10.682 [FXGL Background Thread 3 ] DEBUG Engine               - actualWidthProperty: ReadOnlyDoubleProperty [value: 1020.0]
23:35:10.682 [FXGL Background Thread 3 ] DEBUG Engine               - appIcon: fxgl_icon.png
23:35:10.682 [FXGL Background Thread 3 ] DEBUG Engine               - applicationMode: DEVELOPER
23:35:10.682 [FXGL Background Thread 3 ] DEBUG Engine               - cSSList: [fxgl_dark.css]
23:35:10.682 [FXGL Background Thread 3 ] DEBUG Engine               - collisionDetectionStrategy: BRUTE_FORCE
23:35:10.682 [FXGL Background Thread 3 ] DEBUG Engine               - configClass: Optional.empty
23:35:10.682 [FXGL Background Thread 3 ] DEBUG Engine               - credits: []
23:35:10.682 [FXGL Background Thread 3 ] DEBUG Engine               - defaultCursor: CursorInfo(imageName=fxgl_default_cursor.png, hotspotX=7.0, hotspotY=6.0)
23:35:10.682 [FXGL Background Thread 3 ] DEBUG Engine               - devBBoxColorProperty: ObjectProperty [value: 0xff0000ff]
23:35:10.682 [FXGL Background Thread 3 ] DEBUG Engine               - devEnableDebugCameraProperty: BooleanProperty [value: false]
23:35:10.682 [FXGL Background Thread 3 ] DEBUG Engine               - devSensorColorProperty: ObjectProperty [value: 0xffff00ff]
23:35:10.683 [FXGL Background Thread 3 ] DEBUG Engine               - devShowBBoxProperty: BooleanProperty [value: false]
23:35:10.683 [FXGL Background Thread 3 ] DEBUG Engine               - devShowPositionProperty: BooleanProperty [value: false]
23:35:10.683 [FXGL Background Thread 3 ] DEBUG Engine               - enabledMenuItems: []
23:35:10.683 [FXGL Background Thread 3 ] DEBUG Engine               - engineServices: [class com.almasb.fxgl.app.services.FXGLAssetLoaderService, class com.almasb.fxgl.app.FXGLApplication$GameApplicationService, class com.almasb.fxgl.app.services.FXGLDialogService, class com.almasb.fxgl.app.services.IOTaskExecutorService, class com.almasb.fxgl.io.FileSystemService, class com.almasb.fxgl.localization.LocalizationService, class com.almasb.fxgl.app.services.SystemBundleService, class com.almasb.fxgl.profile.SaveLoadService, class com.almasb.fxgl.ui.FXGLUIFactoryServiceProvider, class com.almasb.fxgl.ui.FXGLDialogFactoryServiceProvider, class com.almasb.fxgl.audio.AudioPlayer, class com.almasb.fxgl.notification.impl.NotificationServiceProvider, class com.almasb.fxgl.achievement.AchievementService, class com.almasb.fxgl.cutscene.CutsceneService, class com.almasb.fxgl.minigames.MiniGameService, class com.almasb.fxgl.net.NetService, class com.almasb.fxgl.app.services.UpdaterService, class com.almasb.fxgl.dev.DevService]
23:35:10.683 [FXGL Background Thread 3 ] DEBUG Engine               - fontGame: Abel-Regular.ttf
23:35:10.683 [FXGL Background Thread 3 ] DEBUG Engine               - fontMono: TerminalLandMono-Regular.otf
23:35:10.683 [FXGL Background Thread 3 ] DEBUG Engine               - fontText: Courier-Prime.ttf
23:35:10.683 [FXGL Background Thread 3 ] DEBUG Engine               - fontUI: VarelaRound-Regular.ttf
23:35:10.683 [FXGL Background Thread 3 ] DEBUG Engine               - fullScreen: BooleanProperty [value: false]
23:35:10.683 [FXGL Background Thread 3 ] DEBUG Engine               - gameDifficulty: MEDIUM
23:35:10.684 [FXGL Background Thread 3 ] DEBUG Engine               - gameDifficultyProperty: ObjectProperty [value: MEDIUM]
23:35:10.684 [FXGL Background Thread 3 ] DEBUG Engine               - globalMusicVolume: 0.5
23:35:10.684 [FXGL Background Thread 3 ] DEBUG Engine               - globalMusicVolumeProperty: DoubleProperty [value: 0.5]
23:35:10.684 [FXGL Background Thread 3 ] DEBUG Engine               - globalSoundVolume: 0.5
23:35:10.685 [FXGL Background Thread 3 ] DEBUG Engine               - globalSoundVolumeProperty: DoubleProperty [value: 0.5]
23:35:10.685 [FXGL Background Thread 3 ] DEBUG Engine               - height: 748
23:35:10.685 [FXGL Background Thread 3 ] DEBUG Engine               - is3D: false
23:35:10.685 [FXGL Background Thread 3 ] DEBUG Engine               - isAndroid: false
23:35:10.686 [FXGL Background Thread 3 ] DEBUG Engine               - isBrowser: false
23:35:10.686 [FXGL Background Thread 3 ] DEBUG Engine               - isClickFeedbackEnabled: false
23:35:10.687 [FXGL Background Thread 3 ] DEBUG Engine               - isCloseConfirmation: false
23:35:10.687 [FXGL Background Thread 3 ] DEBUG Engine               - isDesktop: true
23:35:10.687 [FXGL Background Thread 3 ] DEBUG Engine               - isDeveloperMenuEnabled: true
23:35:10.687 [FXGL Background Thread 3 ] DEBUG Engine               - isEmbedded: false
23:35:10.687 [FXGL Background Thread 3 ] DEBUG Engine               - isEntityPreloadEnabled: true
23:35:10.688 [FXGL Background Thread 3 ] DEBUG Engine               - isExperimentalTiledLargeMap: false
23:35:10.688 [FXGL Background Thread 3 ] DEBUG Engine               - isFileSystemWriteAllowed: true
23:35:10.689 [FXGL Background Thread 3 ] DEBUG Engine               - isFullScreenAllowed: false
23:35:10.689 [FXGL Background Thread 3 ] DEBUG Engine               - isFullScreenFromStart: false
23:35:10.689 [FXGL Background Thread 3 ] DEBUG Engine               - isGameMenuEnabled: true
23:35:10.689 [FXGL Background Thread 3 ] DEBUG Engine               - isIOS: false
23:35:10.689 [FXGL Background Thread 3 ] DEBUG Engine               - isIntroEnabled: false
23:35:10.689 [FXGL Background Thread 3 ] DEBUG Engine               - isLinux: false
23:35:10.689 [FXGL Background Thread 3 ] DEBUG Engine               - isMac: false
23:35:10.689 [FXGL Background Thread 3 ] DEBUG Engine               - isMainMenuEnabled: true
23:35:10.689 [FXGL Background Thread 3 ] DEBUG Engine               - isManualResizeEnabled: false
23:35:10.689 [FXGL Background Thread 3 ] DEBUG Engine               - isMobile: false
23:35:10.689 [FXGL Background Thread 3 ] DEBUG Engine               - isNative: false
23:35:10.689 [FXGL Background Thread 3 ] DEBUG Engine               - isPauseMusicWhenMinimized: true
23:35:10.689 [FXGL Background Thread 3 ] DEBUG Engine               - isPreserveResizeRatio: false
23:35:10.689 [FXGL Background Thread 3 ] DEBUG Engine               - isProfilingEnabled: false
23:35:10.689 [FXGL Background Thread 3 ] DEBUG Engine               - isScaleAffectedOnResize: true
23:35:10.689 [FXGL Background Thread 3 ] DEBUG Engine               - isSingleStep: false
23:35:10.689 [FXGL Background Thread 3 ] DEBUG Engine               - isUserProfileEnabled: false
23:35:10.689 [FXGL Background Thread 3 ] DEBUG Engine               - isWindows: true
23:35:10.689 [FXGL Background Thread 3 ] DEBUG Engine               - language: ObjectProperty [value: ENGLISH]
23:35:10.690 [FXGL Background Thread 3 ] DEBUG Engine               - menuKey: ESCAPE
23:35:10.690 [FXGL Background Thread 3 ] DEBUG Engine               - mouseSensitivity: 0.2
23:35:10.690 [FXGL Background Thread 3 ] DEBUG Engine               - notificationViewClass: class com.almasb.fxgl.notification.view.XboxNotificationView
23:35:10.690 [FXGL Background Thread 3 ] DEBUG Engine               - pixelsPerMeter: 50.0
23:35:10.690 [FXGL Background Thread 3 ] DEBUG Engine               - platform: WINDOWS
23:35:10.690 [FXGL Background Thread 3 ] DEBUG Engine               - prefHeightProperty: ReadOnlyDoubleProperty [value: 748.0]
23:35:10.690 [FXGL Background Thread 3 ] DEBUG Engine               - prefWidthProperty: ReadOnlyDoubleProperty [value: 1020.0]
23:35:10.690 [FXGL Background Thread 3 ] DEBUG Engine               - profileDir: profiles/
23:35:10.690 [FXGL Background Thread 3 ] DEBUG Engine               - profileName: StringProperty [value: DEFAULT]
23:35:10.690 [FXGL Background Thread 3 ] DEBUG Engine               - randomSeed: -1
23:35:10.690 [FXGL Background Thread 3 ] DEBUG Engine               - runtimeInfo: RuntimeInfo(platform=WINDOWS, version=17, build=31.12.2021 18.16)
23:35:10.690 [FXGL Background Thread 3 ] DEBUG Engine               - saveFileExt: sav
23:35:10.690 [FXGL Background Thread 3 ] DEBUG Engine               - scaledHeightProp$fxgl: DoubleProperty [bound, value: 748.0]
23:35:10.690 [FXGL Background Thread 3 ] DEBUG Engine               - scaledWidthProp$fxgl: DoubleProperty [bound, value: 1020.0]
23:35:10.690 [FXGL Background Thread 3 ] DEBUG Engine               - sceneFactory: com.tkuimwd.factory.MenuFactory@59003ab9
23:35:10.690 [FXGL Background Thread 3 ] DEBUG Engine               - secondsIn24h: 60
23:35:10.690 [FXGL Background Thread 3 ] DEBUG Engine               - soundMenuBack: menu/back.wav
23:35:10.690 [FXGL Background Thread 3 ] DEBUG Engine               - soundMenuPress: menu/press.wav
23:35:10.690 [FXGL Background Thread 3 ] DEBUG Engine               - soundMenuSelect: menu/select.wav
23:35:10.690 [FXGL Background Thread 3 ] DEBUG Engine               - soundNotification: core/notification.wav
23:35:10.690 [FXGL Background Thread 3 ] DEBUG Engine               - stageStyle: DECORATED
23:35:10.690 [FXGL Background Thread 3 ] DEBUG Engine               - supportedLanguages: [ENGLISH, FRENCH, GERMAN, HUNGARIAN, RUSSIAN]
23:35:10.690 [FXGL Background Thread 3 ] DEBUG Engine               - ticksPerSecond: -1
23:35:10.690 [FXGL Background Thread 3 ] DEBUG Engine               - title: CHESS SOCCER
23:35:10.690 [FXGL Background Thread 3 ] DEBUG Engine               - urlGithub: https://github.com/AlmasB/FXGL
23:35:10.690 [FXGL Background Thread 3 ] DEBUG Engine               - urlLeaderboard: http://fxgl-top.herokuapp.com/
23:35:10.690 [FXGL Background Thread 3 ] DEBUG Engine               - urlPOM: https://raw.githubusercontent.com/AlmasB/FXGL/release/README.md
23:35:10.690 [FXGL Background Thread 3 ] DEBUG Engine               - userAppClass: class com.tkuimwd.Main
23:35:10.690 [FXGL Background Thread 3 ] DEBUG Engine               - version: v1.1
23:35:10.690 [FXGL Background Thread 3 ] DEBUG Engine               - versionCheckDays: 7
23:35:10.690 [FXGL Background Thread 3 ] DEBUG Engine               - width: 1020
23:35:10.690 [FXGL Background Thread 3 ] DEBUG Engine               - Logging services
23:35:10.690 [FXGL Background Thread 3 ] DEBUG Engine               - class com.almasb.fxgl.app.services.FXGLAssetLoaderService
23:35:10.690 [FXGL Background Thread 3 ] DEBUG Engine               - class com.almasb.fxgl.app.FXGLApplication$GameApplicationService
23:35:10.690 [FXGL Background Thread 3 ] DEBUG Engine               - class com.almasb.fxgl.app.services.FXGLDialogService
23:35:10.690 [FXGL Background Thread 3 ] DEBUG Engine               - class com.almasb.fxgl.app.services.IOTaskExecutorService
23:35:10.690 [FXGL Background Thread 3 ] DEBUG Engine               - class com.almasb.fxgl.io.FileSystemService
23:35:10.690 [FXGL Background Thread 3 ] DEBUG Engine               - class com.almasb.fxgl.localization.LocalizationService
23:35:10.690 [FXGL Background Thread 3 ] DEBUG Engine               - class com.almasb.fxgl.app.services.SystemBundleService
23:35:10.690 [FXGL Background Thread 3 ] DEBUG Engine               - class com.almasb.fxgl.profile.SaveLoadService
23:35:10.690 [FXGL Background Thread 3 ] DEBUG Engine               - class com.almasb.fxgl.ui.FXGLUIFactoryServiceProvider
23:35:10.690 [FXGL Background Thread 3 ] DEBUG Engine               - class com.almasb.fxgl.ui.FXGLDialogFactoryServiceProvider
23:35:10.690 [FXGL Background Thread 3 ] DEBUG Engine               - class com.almasb.fxgl.audio.AudioPlayer
23:35:10.690 [FXGL Background Thread 3 ] DEBUG Engine               - class com.almasb.fxgl.notification.impl.NotificationServiceProvider
23:35:10.690 [FXGL Background Thread 3 ] DEBUG Engine               - class com.almasb.fxgl.achievement.AchievementService
23:35:10.690 [FXGL Background Thread 3 ] DEBUG Engine               - class com.almasb.fxgl.cutscene.CutsceneService
23:35:10.690 [FXGL Background Thread 3 ] DEBUG Engine               - class com.almasb.fxgl.minigames.MiniGameService
23:35:10.690 [FXGL Background Thread 3 ] DEBUG Engine               - class com.almasb.fxgl.net.NetService
23:35:10.690 [FXGL Background Thread 3 ] DEBUG Engine               - class com.almasb.fxgl.app.services.UpdaterService
23:35:10.690 [FXGL Background Thread 3 ] DEBUG Engine               - class com.almasb.fxgl.dev.DevService
23:35:15.830 [JavaFX Application Thread] DEBUG PrimaryStageWindow   - Pop state: LoginScene
23:35:15.830 [JavaFX Application Thread] DEBUG Input                - Clearing active input actions
23:35:15.830 [JavaFX Application Thread] DEBUG GameApplicationServi - Removing overlay from LoginScene and adding to MainMenu
23:35:15.831 [JavaFX Application Thread] DEBUG PrimaryStageWindow   - MainMenu <- LoginScene
23:35:15.831 [JavaFX Application Thread] DEBUG PrimaryStageWindow   - Pop state: MainMenu
23:35:15.831 [JavaFX Application Thread] DEBUG Input                - Clearing active input actions
23:35:15.831 [JavaFX Application Thread] DEBUG GameApplicationServi - Removing overlay from MainMenu and adding to FXGLMainMenuDummyScene
23:35:15.831 [JavaFX Application Thread] DEBUG PrimaryStageWindow   - FXGLMainMenuDummyScene <- MainMenu
23:35:15.909 [JavaFX Application Thread] DEBUG PrimaryStageWindow   - Push state: MainMenu
23:35:15.909 [JavaFX Application Thread] DEBUG Input                - Clearing active input actions
23:35:15.909 [JavaFX Application Thread] DEBUG GameApplicationServi - Removing overlay from FXGLMainMenuDummyScene and adding to MainMenu
23:35:15.910 [JavaFX Application Thread] DEBUG PrimaryStageWindow   - FXGLMainMenuDummyScene -> MainMenu
23:35:15.911 [JavaFX Application Thread] DEBUG PrimaryStageWindow   - Push state: DialogSubScene
23:35:15.911 [JavaFX Application Thread] DEBUG Input                - Clearing active input actions
23:35:15.911 [JavaFX Application Thread] DEBUG GameApplicationServi - Removing overlay from MainMenu and adding to DialogSubScene
23:35:15.911 [JavaFX Application Thread] DEBUG PrimaryStageWindow   - MainMenu -> DialogSubScene
23:35:16.989 [JavaFX Application Thread] DEBUG PrimaryStageWindow   - Pop state: DialogSubScene
23:35:16.989 [JavaFX Application Thread] DEBUG Input                - Clearing active input actions
23:35:16.989 [JavaFX Application Thread] DEBUG GameApplicationServi - Removing overlay from DialogSubScene and adding to MainMenu
23:35:16.989 [JavaFX Application Thread] DEBUG PrimaryStageWindow   - MainMenu <- DialogSubScene
23:35:19.641 [JavaFX Application Thread] DEBUG PrimaryStageWindow   - Push state: JoinRoomSecne
23:35:19.641 [JavaFX Application Thread] DEBUG Input                - Clearing active input actions
23:35:19.641 [JavaFX Application Thread] DEBUG GameApplicationServi - Removing overlay from MainMenu and adding to JoinRoomSecne
23:35:19.641 [JavaFX Application Thread] DEBUG PrimaryStageWindow   - MainMenu -> JoinRoomSecne
23:35:20.985 [JavaFX Application Thread] DEBUG PrimaryStageWindow   - Push state: CreateRoomScene
23:35:20.985 [JavaFX Application Thread] DEBUG Input                - Clearing active input actions
23:35:20.986 [JavaFX Application Thread] DEBUG GameApplicationServi - Removing overlay from JoinRoomSecne and adding to CreateRoomScene
23:35:20.986 [JavaFX Application Thread] DEBUG PrimaryStageWindow   - JoinRoomSecne -> CreateRoomScene
23:35:33.422 [JavaFX Application Thread] DEBUG GameApplicationServi - Starting new game
23:35:33.422 [JavaFX Application Thread] DEBUG PrimaryStageWindow   - Pop state: CreateRoomScene
23:35:33.422 [JavaFX Application Thread] DEBUG Input                - Clearing active input actions
23:35:33.422 [JavaFX Application Thread] DEBUG GameApplicationServi - Removing overlay from CreateRoomScene and adding to JoinRoomSecne
23:35:33.422 [JavaFX Application Thread] DEBUG PrimaryStageWindow   - JoinRoomSecne <- CreateRoomScene
23:35:33.422 [JavaFX Application Thread] DEBUG PrimaryStageWindow   - Pop state: JoinRoomSecne
23:35:33.422 [JavaFX Application Thread] DEBUG Input                - Clearing active input actions
23:35:33.423 [JavaFX Application Thread] DEBUG GameApplicationServi - Removing overlay from JoinRoomSecne and adding to MainMenu
23:35:33.423 [JavaFX Application Thread] DEBUG PrimaryStageWindow   - MainMenu <- JoinRoomSecne
23:35:33.423 [JavaFX Application Thread] DEBUG PrimaryStageWindow   - Pop state: MainMenu
23:35:33.423 [JavaFX Application Thread] DEBUG Input                - Clearing active input actions
23:35:33.423 [JavaFX Application Thread] DEBUG GameApplicationServi - Removing overlay from MainMenu and adding to FXGLMainMenuDummyScene
23:35:33.423 [JavaFX Application Thread] DEBUG PrimaryStageWindow   - FXGLMainMenuDummyScene <- MainMenu
23:35:33.423 [JavaFX Application Thread] DEBUG Input                - Clearing active input actions
23:35:33.426 [JavaFX Application Thread] DEBUG GameApplicationServi - Removing overlay from FXGLMainMenuDummyScene and adding to FXGLLoadingScene
23:35:33.426 [JavaFX Application Thread] DEBUG PrimaryStageWindow   - FXGLMainMenuDummyScene -> FXGLLoadingScene
23:35:33.426 [JavaFX Application Thread] DEBUG GameApplicationServi - Clearing previous game
23:35:33.426 [JavaFX Application Thread] DEBUG GameScene            - Clearing game scene
23:35:33.426 [JavaFX Application Thread] DEBUG GameWorld            - Clearing game world
23:35:33.426 [JavaFX Application Thread] DEBUG PhysicsWorld         - Clearing physics world
23:35:33.427 [FXGL Background Thread 2 ] DEBUG FXGLApplication      - Initializing game
23:35:33.474 [FXGL Background Thread 2 ] INFO  FXGLApplication      - Game initialization took: 0.047 sec
23:35:33.474 [JavaFX Application Thread] DEBUG Input                - Clearing active input actions
23:35:33.477 [JavaFX Application Thread] DEBUG GameApplicationServi - Removing overlay from FXGLLoadingScene and adding to GameScene
23:35:33.478 [JavaFX Application Thread] DEBUG PrimaryStageWindow   - FXGLLoadingScene -> GameScene
23:36:34.221 [JavaFX Application Thread] DEBUG EventBus             - Firing event: com.tkuimwd.event.ChessReleaseEvent[source=javafx.event.Event$$Lambda$137/0x0000000800d4bc90@421b1be3]
23:36:51.907 [JavaFX Application Thread] DEBUG EventBus             - Firing event: com.tkuimwd.event.ChessReleaseEvent[source=javafx.event.Event$$Lambda$137/0x0000000800d4bc90@421b1be3]
23:50:56.027 [JavaFX Application Thread] DEBUG FXGLApplication      - Exiting FXGL
23:50:56.027 [JavaFX Application Thread] DEBUG LoopRunner           - Stopping loop
23:50:56.027 [JavaFX Application Thread] DEBUG SystemBundleService  - Saving FXGL system data
23:50:56.029 [JavaFX Application Thread] DEBUG FileSystemAccess     - Writing to: C:\Users\taian\Documents\GitHub\FXGL-Chess-Soccer\game\system\fxgl.bundle
23:50:56.031 [JavaFX Application Thread] DEBUG Async                - Shutting down background threads
23:50:56.031 [JavaFX Application Thread] DEBUG PrimaryStageWindow   - Closing main window
23:50:56.044 [JavaFX Application Thread] DEBUG Logger               - Closing Logger
