23:53:25.577 [main                     ] DEBUG Logger               - Configured Logger
23:53:25.596 [main                     ] DEBUG GameApplication      - Logging settings
Title: CHESS SOCCER
Version: v1.1
Width: 1020
Height: 748
Fullscreen: false
Intro: false
Profiling: false
Single step:false
App Mode: DEVELOPER
Menu Key: ESCAPE
Stage Style: DECORATED
Scene Factory: class com.tkuimwd.factory.MenuFactory

23:53:25.941 [JavaFX Application Thread] DEBUG FXGLApplication      - Initializing FXGL
23:53:25.945 [JavaFX Application Thread] INFO  Engine               - FXGL-17 (31.12.2021 18.16) on WINDOWS (J:18.0.2.1 FX:17.0.0.1)
23:53:25.946 [JavaFX Application Thread] DEBUG Engine               - JRE Vendor Name: Oracle Corporation
23:53:25.946 [JavaFX Application Thread] DEBUG Engine               - Running on OS: Windows 11 version 10.0
23:53:25.946 [JavaFX Application Thread] DEBUG Engine               - Architecture: amd64
23:53:25.946 [JavaFX Application Thread] INFO  Engine               - Source code and latest versions at: https://github.com/AlmasB/FXGL
23:53:25.946 [JavaFX Application Thread] INFO  Engine               -       Ask questions and discuss at: https://github.com/AlmasB/FXGL/discussions
23:53:25.946 [JavaFX Application Thread] INFO  Engine               -              Join the FXGL chat at: https://gitter.im/AlmasB/FXGL
23:53:25.999 [JavaFX Application Thread] DEBUG PrimaryStageWindow   - Creating a JavaFX scene
23:53:26.026 [JavaFX Application Thread] DEBUG PrimaryStageWindow   - Target settings size: 1020.0 x 748.0
23:53:26.026 [JavaFX Application Thread] DEBUG PrimaryStageWindow   - Scaled scene size:    1020.0 x 748.0
23:53:26.026 [JavaFX Application Thread] DEBUG PrimaryStageWindow   - Scaled ratio: (1.0, 1.0)
23:53:26.027 [JavaFX Application Thread] DEBUG PrimaryStageWindow   - Set initial scene to FXGLStartupScene
23:53:26.031 [JavaFX Application Thread] DEBUG PrimaryStageWindow   - Opening main window
23:53:26.089 [JavaFX Application Thread] DEBUG PrimaryStageWindow   - Window border size: (16.0, 39.0)
23:53:26.089 [JavaFX Application Thread] DEBUG PrimaryStageWindow   - Scaled size: 1020.0 x 748.0
23:53:26.089 [JavaFX Application Thread] DEBUG PrimaryStageWindow   - Scaled ratio: (1.0, 1.0)
23:53:26.089 [JavaFX Application Thread] DEBUG PrimaryStageWindow   - Scene size: 1020.0 x 748.0
23:53:26.089 [JavaFX Application Thread] DEBUG PrimaryStageWindow   - Stage size: 1036.0 x 787.0
23:53:26.094 [FXGL Background Thread 1 ] DEBUG Engine               - Initializing environment variables
23:53:26.131 [FXGL Background Thread 1 ] DEBUG FXGLAssetLoaderServi - User app class for loading assets: class com.tkuimwd.Main
23:53:26.132 [FXGL Background Thread 1 ] DEBUG GameApplicationServi - Applying CSS: fxgl_dark.css
23:53:26.133 [FXGL Background Thread 1 ] DEBUG FXGLAssetLoaderServi - Loading from file system: jar:file:/C:/Users/taian/.m2/repository/com/github/almasb/fxgl/17/fxgl-17.jar!/fxglassets/ui/css/fxgl_dark.css
23:53:26.162 [FXGL Background Thread 1 ] DEBUG GameApplicationServi - Initializing application scenes
23:53:26.215 [FXGL Background Thread 1 ] DEBUG GameWorld            - Game world initialized
23:53:26.259 [FXGL Background Thread 1 ] DEBUG PhysicsWorld         - Physics world initialized: appHeight=748, physics.ppm=50.0
23:53:26.259 [FXGL Background Thread 1 ] DEBUG PhysicsWorld         - Using strategy: BRUTE_FORCE
23:53:26.262 [FXGL Background Thread 1 ] DEBUG GameScene            - Game scene initialized: 1020x748
23:53:26.358 [FXGL Background Thread 1 ] DEBUG FXGL.DefaultMenu     - createMenuBodyGameMenu()
23:53:26.366 [FXGL Background Thread 1 ] DEBUG FXGL.DefaultMenu     - createOptionsMenu()
23:53:26.370 [FXGL Background Thread 1 ] DEBUG FXGLAssetLoaderServi - Loading from file system: jar:file:/C:/Users/taian/.m2/repository/com/github/almasb/fxgl/17/fxgl-17.jar!/fxglassets/textures/particles/smoke.png
23:53:26.418 [FXGL Background Thread 1 ] DEBUG FXGLAssetLoaderServi - Loading from file system: jar:file:/C:/Users/taian/.m2/repository/com/github/almasb/fxgl/17/fxgl-17.jar!/fxglassets/textures/particles/trace_horizontal.png
23:53:26.434 [FXGL Background Thread 1 ] DEBUG GameApplicationServi - Application scenes initialized
23:53:26.441 [FXGL Background Thread 1 ] DEBUG SystemBundleService  - Loading FXGL system data
23:53:26.444 [FXGL Background Thread 1 ] DEBUG FileSystemAccess     - Reading from: C:\Users\taian\Documents\GitHub\FXGL-Chess-Soccer\game\system\fxgl.bundle
23:53:26.449 [FXGL Background Thread 1 ] DEBUG SystemBundleService  - Bundle FXGL: {}
23:53:26.449 [FXGL Background Thread 1 ] DEBUG UpdaterService       - Checking for updates
23:53:26.469 [FXGL Background Thread 4 ] DEBUG FXGLApplication      - Loading fonts
23:53:26.469 [FXGL Background Thread 4 ] DEBUG FXGLAssetLoaderServi - Loading from file system: jar:file:/C:/Users/taian/.m2/repository/com/github/almasb/fxgl/17/fxgl-17.jar!/fxglassets/ui/fonts/VarelaRound-Regular.ttf
23:53:26.469 [FXGL Background Thread 1 ] DEBUG FXGLApplication      - Loading default localization
23:53:26.470 [FXGL Background Thread 1 ] DEBUG FXGLAssetLoaderServi - Loading from file system: jar:file:/C:/Users/taian/.m2/repository/com/github/almasb/fxgl/17/fxgl-17.jar!/fxglassets/languages/english.lang
23:53:26.487 [FXGL Background Thread 1 ] INFO  FXGLApplication      - FXGL initialization took: 0.392 sec
23:53:26.488 [JavaFX Application Thread] DEBUG FXGLAssetLoaderServi - Loading from file system: jar:file:/C:/Users/taian/.m2/repository/com/github/almasb/fxgl/17/fxgl-17.jar!/fxglassets/textures/fxgl_icon.png
23:53:26.502 [JavaFX Application Thread] DEBUG FXGLAssetLoaderServi - Loading from file system: jar:file:/C:/Users/taian/.m2/repository/com/github/almasb/fxgl/17/fxgl-17.jar!/fxglassets/textures/fxgl_default_cursor.png
23:53:26.507 [FXGL Background Thread 4 ] DEBUG FXGLAssetLoaderServi - Loading from file system: jar:file:/C:/Users/taian/.m2/repository/com/github/almasb/fxgl/17/fxgl-17.jar!/fxglassets/ui/fonts/Abel-Regular.ttf
23:53:26.510 [FXGL Background Thread 4 ] DEBUG FXGLAssetLoaderServi - Loading from file system: jar:file:/C:/Users/taian/.m2/repository/com/github/almasb/fxgl/17/fxgl-17.jar!/fxglassets/ui/fonts/TerminalLandMono-Regular.otf
23:53:26.512 [FXGL Background Thread 4 ] DEBUG FXGLAssetLoaderServi - Loading from file system: jar:file:/C:/Users/taian/.m2/repository/com/github/almasb/fxgl/17/fxgl-17.jar!/fxglassets/ui/fonts/Courier-Prime.ttf
23:53:26.514 [JavaFX Application Thread] DEBUG Input                - Registered new binding: Screenshot - CTRL+8
23:53:26.514 [JavaFX Application Thread] DEBUG Input                - Registered new binding: Dev Options - 1
23:53:26.514 [JavaFX Application Thread] DEBUG Input                - Registered new binding: Dev Console - 2
23:53:26.516 [JavaFX Application Thread] DEBUG Input                - Registered new binding: System info dump - CTRL+9
23:53:26.516 [JavaFX Application Thread] DEBUG Input                - Registered new binding: Restart - CTRL+R
23:53:26.517 [JavaFX Application Thread] DEBUG Input                - Registered new binding: Toggle Debug Camera - CTRL+7
23:53:26.518 [JavaFX Application Thread] DEBUG LoopRunner           - Starting loop
23:53:26.525 [JavaFX Application Thread] DEBUG LoopRunner           - Initializing JavaFX AnimationTimerLoop
23:53:26.527 [JavaFX Application Thread] DEBUG Input                - Clearing active input actions
23:53:26.530 [JavaFX Application Thread] DEBUG GameApplicationServi - Removing overlay from FXGLStartupScene and adding to FXGLMainMenuDummyScene
23:53:26.534 [JavaFX Application Thread] DEBUG PrimaryStageWindow   - FXGLStartupScene -> FXGLMainMenuDummyScene
23:53:26.534 [JavaFX Application Thread] DEBUG PrimaryStageWindow   - Push state: MainMenu
23:53:26.534 [JavaFX Application Thread] DEBUG Input                - Clearing active input actions
23:53:26.537 [JavaFX Application Thread] DEBUG GameApplicationServi - Removing overlay from FXGLMainMenuDummyScene and adding to MainMenu
23:53:26.537 [JavaFX Application Thread] DEBUG PrimaryStageWindow   - FXGLMainMenuDummyScene -> MainMenu
23:53:26.539 [JavaFX Application Thread] DEBUG FXGLApplication      - Registering font factories with UI factory
23:53:26.774 [FXGL Background Thread 2 ] INFO  UpdaterService       - Your current version:  17
23:53:26.774 [FXGL Background Thread 2 ] INFO  UpdaterService       - Latest stable version: 21.1
23:53:29.467 [FXGL Background Thread 3 ] DEBUG Engine               - Logging environment variables
23:53:29.467 [FXGL Background Thread 3 ] DEBUG Engine               - achievements: []
23:53:29.467 [FXGL Background Thread 3 ] DEBUG Engine               - actualHeight: 748.0
23:53:29.467 [FXGL Background Thread 3 ] DEBUG Engine               - actualHeightProperty: ReadOnlyDoubleProperty [value: 748.0]
23:53:29.467 [FXGL Background Thread 3 ] DEBUG Engine               - actualWidth: 1020.0
23:53:29.467 [FXGL Background Thread 3 ] DEBUG Engine               - actualWidthProperty: ReadOnlyDoubleProperty [value: 1020.0]
23:53:29.467 [FXGL Background Thread 3 ] DEBUG Engine               - appIcon: fxgl_icon.png
23:53:29.467 [FXGL Background Thread 3 ] DEBUG Engine               - applicationMode: DEVELOPER
23:53:29.467 [FXGL Background Thread 3 ] DEBUG Engine               - cSSList: [fxgl_dark.css]
23:53:29.467 [FXGL Background Thread 3 ] DEBUG Engine               - collisionDetectionStrategy: BRUTE_FORCE
23:53:29.468 [FXGL Background Thread 3 ] DEBUG Engine               - configClass: Optional.empty
23:53:29.468 [FXGL Background Thread 3 ] DEBUG Engine               - credits: []
23:53:29.468 [FXGL Background Thread 3 ] DEBUG Engine               - defaultCursor: CursorInfo(imageName=fxgl_default_cursor.png, hotspotX=7.0, hotspotY=6.0)
23:53:29.468 [FXGL Background Thread 3 ] DEBUG Engine               - devBBoxColorProperty: ObjectProperty [value: 0xff0000ff]
23:53:29.468 [FXGL Background Thread 3 ] DEBUG Engine               - devEnableDebugCameraProperty: BooleanProperty [value: false]
23:53:29.468 [FXGL Background Thread 3 ] DEBUG Engine               - devSensorColorProperty: ObjectProperty [value: 0xffff00ff]
23:53:29.468 [FXGL Background Thread 3 ] DEBUG Engine               - devShowBBoxProperty: BooleanProperty [value: false]
23:53:29.468 [FXGL Background Thread 3 ] DEBUG Engine               - devShowPositionProperty: BooleanProperty [value: false]
23:53:29.468 [FXGL Background Thread 3 ] DEBUG Engine               - enabledMenuItems: []
23:53:29.468 [FXGL Background Thread 3 ] DEBUG Engine               - engineServices: [class com.almasb.fxgl.app.services.FXGLAssetLoaderService, class com.almasb.fxgl.app.FXGLApplication$GameApplicationService, class com.almasb.fxgl.app.services.FXGLDialogService, class com.almasb.fxgl.app.services.IOTaskExecutorService, class com.almasb.fxgl.io.FileSystemService, class com.almasb.fxgl.localization.LocalizationService, class com.almasb.fxgl.app.services.SystemBundleService, class com.almasb.fxgl.profile.SaveLoadService, class com.almasb.fxgl.ui.FXGLUIFactoryServiceProvider, class com.almasb.fxgl.ui.FXGLDialogFactoryServiceProvider, class com.almasb.fxgl.audio.AudioPlayer, class com.almasb.fxgl.notification.impl.NotificationServiceProvider, class com.almasb.fxgl.achievement.AchievementService, class com.almasb.fxgl.cutscene.CutsceneService, class com.almasb.fxgl.minigames.MiniGameService, class com.almasb.fxgl.net.NetService, class com.almasb.fxgl.app.services.UpdaterService, class com.almasb.fxgl.dev.DevService]
23:53:29.468 [FXGL Background Thread 3 ] DEBUG Engine               - fontGame: Abel-Regular.ttf
23:53:29.468 [FXGL Background Thread 3 ] DEBUG Engine               - fontMono: TerminalLandMono-Regular.otf
23:53:29.468 [FXGL Background Thread 3 ] DEBUG Engine               - fontText: Courier-Prime.ttf
23:53:29.468 [FXGL Background Thread 3 ] DEBUG Engine               - fontUI: VarelaRound-Regular.ttf
23:53:29.468 [FXGL Background Thread 3 ] DEBUG Engine               - fullScreen: BooleanProperty [value: false]
23:53:29.468 [FXGL Background Thread 3 ] DEBUG Engine               - gameDifficulty: MEDIUM
23:53:29.468 [FXGL Background Thread 3 ] DEBUG Engine               - gameDifficultyProperty: ObjectProperty [value: MEDIUM]
23:53:29.468 [FXGL Background Thread 3 ] DEBUG Engine               - globalMusicVolume: 0.5
23:53:29.468 [FXGL Background Thread 3 ] DEBUG Engine               - globalMusicVolumeProperty: DoubleProperty [value: 0.5]
23:53:29.469 [FXGL Background Thread 3 ] DEBUG Engine               - globalSoundVolume: 0.5
23:53:29.469 [FXGL Background Thread 3 ] DEBUG Engine               - globalSoundVolumeProperty: DoubleProperty [value: 0.5]
23:53:29.469 [FXGL Background Thread 3 ] DEBUG Engine               - height: 748
23:53:29.469 [FXGL Background Thread 3 ] DEBUG Engine               - is3D: false
23:53:29.469 [FXGL Background Thread 3 ] DEBUG Engine               - isAndroid: false
23:53:29.469 [FXGL Background Thread 3 ] DEBUG Engine               - isBrowser: false
23:53:29.469 [FXGL Background Thread 3 ] DEBUG Engine               - isClickFeedbackEnabled: false
23:53:29.469 [FXGL Background Thread 3 ] DEBUG Engine               - isCloseConfirmation: false
23:53:29.469 [FXGL Background Thread 3 ] DEBUG Engine               - isDesktop: true
23:53:29.469 [FXGL Background Thread 3 ] DEBUG Engine               - isDeveloperMenuEnabled: true
23:53:29.469 [FXGL Background Thread 3 ] DEBUG Engine               - isEmbedded: false
23:53:29.469 [FXGL Background Thread 3 ] DEBUG Engine               - isEntityPreloadEnabled: true
23:53:29.469 [FXGL Background Thread 3 ] DEBUG Engine               - isExperimentalTiledLargeMap: false
23:53:29.469 [FXGL Background Thread 3 ] DEBUG Engine               - isFileSystemWriteAllowed: true
23:53:29.469 [FXGL Background Thread 3 ] DEBUG Engine               - isFullScreenAllowed: false
23:53:29.469 [FXGL Background Thread 3 ] DEBUG Engine               - isFullScreenFromStart: false
23:53:29.469 [FXGL Background Thread 3 ] DEBUG Engine               - isGameMenuEnabled: true
23:53:29.469 [FXGL Background Thread 3 ] DEBUG Engine               - isIOS: false
23:53:29.469 [FXGL Background Thread 3 ] DEBUG Engine               - isIntroEnabled: false
23:53:29.469 [FXGL Background Thread 3 ] DEBUG Engine               - isLinux: false
23:53:29.469 [FXGL Background Thread 3 ] DEBUG Engine               - isMac: false
23:53:29.469 [FXGL Background Thread 3 ] DEBUG Engine               - isMainMenuEnabled: true
23:53:29.469 [FXGL Background Thread 3 ] DEBUG Engine               - isManualResizeEnabled: false
23:53:29.469 [FXGL Background Thread 3 ] DEBUG Engine               - isMobile: false
23:53:29.469 [FXGL Background Thread 3 ] DEBUG Engine               - isNative: false
23:53:29.469 [FXGL Background Thread 3 ] DEBUG Engine               - isPauseMusicWhenMinimized: true
23:53:29.469 [FXGL Background Thread 3 ] DEBUG Engine               - isPreserveResizeRatio: false
23:53:29.469 [FXGL Background Thread 3 ] DEBUG Engine               - isProfilingEnabled: false
23:53:29.469 [FXGL Background Thread 3 ] DEBUG Engine               - isScaleAffectedOnResize: true
23:53:29.469 [FXGL Background Thread 3 ] DEBUG Engine               - isSingleStep: false
23:53:29.469 [FXGL Background Thread 3 ] DEBUG Engine               - isUserProfileEnabled: false
23:53:29.469 [FXGL Background Thread 3 ] DEBUG Engine               - isWindows: true
23:53:29.469 [FXGL Background Thread 3 ] DEBUG Engine               - language: ObjectProperty [value: ENGLISH]
23:53:29.470 [FXGL Background Thread 3 ] DEBUG Engine               - menuKey: ESCAPE
23:53:29.470 [FXGL Background Thread 3 ] DEBUG Engine               - mouseSensitivity: 0.2
23:53:29.470 [FXGL Background Thread 3 ] DEBUG Engine               - notificationViewClass: class com.almasb.fxgl.notification.view.XboxNotificationView
23:53:29.470 [FXGL Background Thread 3 ] DEBUG Engine               - pixelsPerMeter: 50.0
23:53:29.470 [FXGL Background Thread 3 ] DEBUG Engine               - platform: WINDOWS
23:53:29.470 [FXGL Background Thread 3 ] DEBUG Engine               - prefHeightProperty: ReadOnlyDoubleProperty [value: 748.0]
23:53:29.470 [FXGL Background Thread 3 ] DEBUG Engine               - prefWidthProperty: ReadOnlyDoubleProperty [value: 1020.0]
23:53:29.470 [FXGL Background Thread 3 ] DEBUG Engine               - profileDir: profiles/
23:53:29.470 [FXGL Background Thread 3 ] DEBUG Engine               - profileName: StringProperty [value: DEFAULT]
23:53:29.470 [FXGL Background Thread 3 ] DEBUG Engine               - randomSeed: -1
23:53:29.470 [FXGL Background Thread 3 ] DEBUG Engine               - runtimeInfo: RuntimeInfo(platform=WINDOWS, version=17, build=31.12.2021 18.16)
23:53:29.470 [FXGL Background Thread 3 ] DEBUG Engine               - saveFileExt: sav
23:53:29.470 [FXGL Background Thread 3 ] DEBUG Engine               - scaledHeightProp$fxgl: DoubleProperty [bound, value: 748.0]
23:53:29.470 [FXGL Background Thread 3 ] DEBUG Engine               - scaledWidthProp$fxgl: DoubleProperty [bound, value: 1020.0]
23:53:29.470 [FXGL Background Thread 3 ] DEBUG Engine               - sceneFactory: com.tkuimwd.factory.MenuFactory@58b230b6
23:53:29.470 [FXGL Background Thread 3 ] DEBUG Engine               - secondsIn24h: 60
23:53:29.470 [FXGL Background Thread 3 ] DEBUG Engine               - soundMenuBack: menu/back.wav
23:53:29.470 [FXGL Background Thread 3 ] DEBUG Engine               - soundMenuPress: menu/press.wav
23:53:29.470 [FXGL Background Thread 3 ] DEBUG Engine               - soundMenuSelect: menu/select.wav
23:53:29.470 [FXGL Background Thread 3 ] DEBUG Engine               - soundNotification: core/notification.wav
23:53:29.470 [FXGL Background Thread 3 ] DEBUG Engine               - stageStyle: DECORATED
23:53:29.470 [FXGL Background Thread 3 ] DEBUG Engine               - supportedLanguages: [ENGLISH, FRENCH, GERMAN, HUNGARIAN, RUSSIAN]
23:53:29.470 [FXGL Background Thread 3 ] DEBUG Engine               - ticksPerSecond: -1
23:53:29.470 [FXGL Background Thread 3 ] DEBUG Engine               - title: CHESS SOCCER
23:53:29.470 [FXGL Background Thread 3 ] DEBUG Engine               - urlGithub: https://github.com/AlmasB/FXGL
23:53:29.470 [FXGL Background Thread 3 ] DEBUG Engine               - urlLeaderboard: http://fxgl-top.herokuapp.com/
23:53:29.471 [FXGL Background Thread 3 ] DEBUG Engine               - urlPOM: https://raw.githubusercontent.com/AlmasB/FXGL/release/README.md
23:53:29.471 [FXGL Background Thread 3 ] DEBUG Engine               - userAppClass: class com.tkuimwd.Main
23:53:29.471 [FXGL Background Thread 3 ] DEBUG Engine               - version: v1.1
23:53:29.471 [FXGL Background Thread 3 ] DEBUG Engine               - versionCheckDays: 7
23:53:29.471 [FXGL Background Thread 3 ] DEBUG Engine               - width: 1020
23:53:29.471 [FXGL Background Thread 3 ] DEBUG Engine               - Logging services
23:53:29.471 [FXGL Background Thread 3 ] DEBUG Engine               - class com.almasb.fxgl.app.services.FXGLAssetLoaderService
23:53:29.471 [FXGL Background Thread 3 ] DEBUG Engine               - class com.almasb.fxgl.app.FXGLApplication$GameApplicationService
23:53:29.471 [FXGL Background Thread 3 ] DEBUG Engine               - class com.almasb.fxgl.app.services.FXGLDialogService
23:53:29.471 [FXGL Background Thread 3 ] DEBUG Engine               - class com.almasb.fxgl.app.services.IOTaskExecutorService
23:53:29.472 [FXGL Background Thread 3 ] DEBUG Engine               - class com.almasb.fxgl.io.FileSystemService
23:53:29.472 [FXGL Background Thread 3 ] DEBUG Engine               - class com.almasb.fxgl.localization.LocalizationService
23:53:29.472 [FXGL Background Thread 3 ] DEBUG Engine               - class com.almasb.fxgl.app.services.SystemBundleService
23:53:29.472 [FXGL Background Thread 3 ] DEBUG Engine               - class com.almasb.fxgl.profile.SaveLoadService
23:53:29.472 [FXGL Background Thread 3 ] DEBUG Engine               - class com.almasb.fxgl.ui.FXGLUIFactoryServiceProvider
23:53:29.472 [FXGL Background Thread 3 ] DEBUG Engine               - class com.almasb.fxgl.ui.FXGLDialogFactoryServiceProvider
23:53:29.472 [FXGL Background Thread 3 ] DEBUG Engine               - class com.almasb.fxgl.audio.AudioPlayer
23:53:29.472 [FXGL Background Thread 3 ] DEBUG Engine               - class com.almasb.fxgl.notification.impl.NotificationServiceProvider
23:53:29.472 [FXGL Background Thread 3 ] DEBUG Engine               - class com.almasb.fxgl.achievement.AchievementService
23:53:29.472 [FXGL Background Thread 3 ] DEBUG Engine               - class com.almasb.fxgl.cutscene.CutsceneService
23:53:29.472 [FXGL Background Thread 3 ] DEBUG Engine               - class com.almasb.fxgl.minigames.MiniGameService
23:53:29.472 [FXGL Background Thread 3 ] DEBUG Engine               - class com.almasb.fxgl.net.NetService
23:53:29.472 [FXGL Background Thread 3 ] DEBUG Engine               - class com.almasb.fxgl.app.services.UpdaterService
23:53:29.472 [FXGL Background Thread 3 ] DEBUG Engine               - class com.almasb.fxgl.dev.DevService
23:53:33.954 [JavaFX Application Thread] DEBUG PrimaryStageWindow   - Push state: LoginScene
23:53:33.954 [JavaFX Application Thread] DEBUG Input                - Clearing active input actions
23:53:33.955 [JavaFX Application Thread] DEBUG GameApplicationServi - Removing overlay from MainMenu and adding to LoginScene
23:53:33.956 [JavaFX Application Thread] DEBUG PrimaryStageWindow   - MainMenu -> LoginScene
23:53:37.771 [JavaFX Application Thread] DEBUG PrimaryStageWindow   - Pop state: LoginScene
23:53:37.771 [JavaFX Application Thread] DEBUG Input                - Clearing active input actions
23:53:37.772 [JavaFX Application Thread] DEBUG GameApplicationServi - Removing overlay from LoginScene and adding to MainMenu
23:53:37.772 [JavaFX Application Thread] DEBUG PrimaryStageWindow   - MainMenu <- LoginScene
23:53:37.772 [JavaFX Application Thread] DEBUG PrimaryStageWindow   - Pop state: MainMenu
23:53:37.772 [JavaFX Application Thread] DEBUG Input                - Clearing active input actions
23:53:37.773 [JavaFX Application Thread] DEBUG GameApplicationServi - Removing overlay from MainMenu and adding to FXGLMainMenuDummyScene
23:53:37.773 [JavaFX Application Thread] DEBUG PrimaryStageWindow   - FXGLMainMenuDummyScene <- MainMenu
23:53:37.850 [JavaFX Application Thread] DEBUG PrimaryStageWindow   - Push state: MainMenu
23:53:37.850 [JavaFX Application Thread] DEBUG Input                - Clearing active input actions
23:53:37.850 [JavaFX Application Thread] DEBUG GameApplicationServi - Removing overlay from FXGLMainMenuDummyScene and adding to MainMenu
23:53:37.851 [JavaFX Application Thread] DEBUG PrimaryStageWindow   - FXGLMainMenuDummyScene -> MainMenu
23:53:37.852 [JavaFX Application Thread] DEBUG PrimaryStageWindow   - Push state: DialogSubScene
23:53:37.852 [JavaFX Application Thread] DEBUG Input                - Clearing active input actions
23:53:37.853 [JavaFX Application Thread] DEBUG GameApplicationServi - Removing overlay from MainMenu and adding to DialogSubScene
23:53:37.853 [JavaFX Application Thread] DEBUG PrimaryStageWindow   - MainMenu -> DialogSubScene
23:53:38.465 [JavaFX Application Thread] DEBUG PrimaryStageWindow   - Pop state: DialogSubScene
23:53:38.465 [JavaFX Application Thread] DEBUG Input                - Clearing active input actions
23:53:38.465 [JavaFX Application Thread] DEBUG GameApplicationServi - Removing overlay from DialogSubScene and adding to MainMenu
23:53:38.465 [JavaFX Application Thread] DEBUG PrimaryStageWindow   - MainMenu <- DialogSubScene
23:53:45.021 [JavaFX Application Thread] DEBUG PrimaryStageWindow   - Push state: JoinRoomSecne
23:53:45.022 [JavaFX Application Thread] DEBUG Input                - Clearing active input actions
23:53:45.022 [JavaFX Application Thread] DEBUG GameApplicationServi - Removing overlay from MainMenu and adding to JoinRoomSecne
23:53:45.022 [JavaFX Application Thread] DEBUG PrimaryStageWindow   - MainMenu -> JoinRoomSecne
23:53:47.427 [JavaFX Application Thread] DEBUG PrimaryStageWindow   - Push state: CreateRoomScene
23:53:47.427 [JavaFX Application Thread] DEBUG Input                - Clearing active input actions
23:53:47.427 [JavaFX Application Thread] DEBUG GameApplicationServi - Removing overlay from JoinRoomSecne and adding to CreateRoomScene
23:53:47.427 [JavaFX Application Thread] DEBUG PrimaryStageWindow   - JoinRoomSecne -> CreateRoomScene
23:54:05.857 [JavaFX Application Thread] DEBUG GameApplicationServi - Starting new game
23:54:05.857 [JavaFX Application Thread] DEBUG PrimaryStageWindow   - Pop state: CreateRoomScene
23:54:05.857 [JavaFX Application Thread] DEBUG Input                - Clearing active input actions
23:54:05.857 [JavaFX Application Thread] DEBUG GameApplicationServi - Removing overlay from CreateRoomScene and adding to JoinRoomSecne
23:54:05.857 [JavaFX Application Thread] DEBUG PrimaryStageWindow   - JoinRoomSecne <- CreateRoomScene
23:54:05.857 [JavaFX Application Thread] DEBUG PrimaryStageWindow   - Pop state: JoinRoomSecne
23:54:05.857 [JavaFX Application Thread] DEBUG Input                - Clearing active input actions
23:54:05.857 [JavaFX Application Thread] DEBUG GameApplicationServi - Removing overlay from JoinRoomSecne and adding to MainMenu
23:54:05.857 [JavaFX Application Thread] DEBUG PrimaryStageWindow   - MainMenu <- JoinRoomSecne
23:54:05.857 [JavaFX Application Thread] DEBUG PrimaryStageWindow   - Pop state: MainMenu
23:54:05.857 [JavaFX Application Thread] DEBUG Input                - Clearing active input actions
23:54:05.857 [JavaFX Application Thread] DEBUG GameApplicationServi - Removing overlay from MainMenu and adding to FXGLMainMenuDummyScene
23:54:05.858 [JavaFX Application Thread] DEBUG PrimaryStageWindow   - FXGLMainMenuDummyScene <- MainMenu
23:54:05.858 [JavaFX Application Thread] DEBUG Input                - Clearing active input actions
23:54:05.862 [JavaFX Application Thread] DEBUG GameApplicationServi - Removing overlay from FXGLMainMenuDummyScene and adding to FXGLLoadingScene
23:54:05.863 [JavaFX Application Thread] DEBUG PrimaryStageWindow   - FXGLMainMenuDummyScene -> FXGLLoadingScene
23:54:05.863 [JavaFX Application Thread] DEBUG GameApplicationServi - Clearing previous game
23:54:05.863 [JavaFX Application Thread] DEBUG GameScene            - Clearing game scene
23:54:05.863 [JavaFX Application Thread] DEBUG GameWorld            - Clearing game world
23:54:05.863 [JavaFX Application Thread] DEBUG PhysicsWorld         - Clearing physics world
23:54:05.864 [FXGL Background Thread 2 ] DEBUG FXGLApplication      - Initializing game
23:54:05.926 [FXGL Background Thread 2 ] INFO  FXGLApplication      - Game initialization took: 0.062 sec
23:54:05.927 [JavaFX Application Thread] DEBUG Input                - Clearing active input actions
23:54:05.930 [JavaFX Application Thread] DEBUG GameApplicationServi - Removing overlay from FXGLLoadingScene and adding to GameScene
23:54:05.931 [JavaFX Application Thread] DEBUG PrimaryStageWindow   - FXGLLoadingScene -> GameScene
23:54:10.888 [JavaFX Application Thread] DEBUG EventBus             - Firing event: com.tkuimwd.event.ChessReleaseEvent[source=javafx.event.Event$$Lambda$137/0x0000000800d4bc90@5ab2e051]
23:54:12.750 [JavaFX Application Thread] DEBUG EventBus             - Firing event: com.tkuimwd.event.ChessReleaseEvent[source=javafx.event.Event$$Lambda$137/0x0000000800d4bc90@5ab2e051]
23:55:25.569 [JavaFX Application Thread] DEBUG EventBus             - Firing event: com.tkuimwd.event.ChessReleaseEvent[source=javafx.event.Event$$Lambda$137/0x0000000800d4bc90@5ab2e051]
23:55:27.452 [JavaFX Application Thread] DEBUG EventBus             - Firing event: com.tkuimwd.event.ChessReleaseEvent[source=javafx.event.Event$$Lambda$137/0x0000000800d4bc90@5ab2e051]
23:56:18.320 [JavaFX Application Thread] DEBUG EventBus             - Firing event: com.tkuimwd.event.ChessReleaseEvent[source=javafx.event.Event$$Lambda$137/0x0000000800d4bc90@5ab2e051]
23:58:07.696 [JavaFX Application Thread] DEBUG FXGLApplication      - Exiting FXGL
23:58:07.697 [JavaFX Application Thread] DEBUG LoopRunner           - Stopping loop
23:58:07.697 [JavaFX Application Thread] DEBUG SystemBundleService  - Saving FXGL system data
23:58:07.699 [JavaFX Application Thread] DEBUG FileSystemAccess     - Writing to: C:\Users\taian\Documents\GitHub\FXGL-Chess-Soccer\game\system\fxgl.bundle
23:58:07.700 [JavaFX Application Thread] DEBUG Async                - Shutting down background threads
23:58:07.701 [JavaFX Application Thread] DEBUG PrimaryStageWindow   - Closing main window
23:58:07.715 [JavaFX Application Thread] DEBUG Logger               - Closing Logger
