23:30:31.689 [main                     ] DEBUG Logger               - Configured Logger
23:30:31.707 [main                     ] DEBUG GameApplication      - Logging settings
Title: CHESS SOCCER
Version: v1.1
Width: 1020
Height: 748
Fullscreen: false
Intro: false
Profiling: false
Single step:false
App Mode: DEVELOPER
Menu Key: ESCAPE
Stage Style: DECORATED
Scene Factory: class com.tkuimwd.factory.MenuFactory

23:30:31.980 [JavaFX Application Thread] DEBUG FXGLApplication      - Initializing FXGL
23:30:31.984 [JavaFX Application Thread] INFO  Engine               - FXGL-17 (31.12.2021 18.16) on WINDOWS (J:18.0.2.1 FX:17.0.0.1)
23:30:31.984 [JavaFX Application Thread] DEBUG Engine               - JRE Vendor Name: Oracle Corporation
23:30:31.984 [JavaFX Application Thread] DEBUG Engine               - Running on OS: Windows 11 version 10.0
23:30:31.984 [JavaFX Application Thread] DEBUG Engine               - Architecture: amd64
23:30:31.984 [JavaFX Application Thread] INFO  Engine               - Source code and latest versions at: https://github.com/AlmasB/FXGL
23:30:31.984 [JavaFX Application Thread] INFO  Engine               -       Ask questions and discuss at: https://github.com/AlmasB/FXGL/discussions
23:30:31.984 [JavaFX Application Thread] INFO  Engine               -              Join the FXGL chat at: https://gitter.im/AlmasB/FXGL
23:30:32.032 [JavaFX Application Thread] DEBUG PrimaryStageWindow   - Creating a JavaFX scene
23:30:32.055 [JavaFX Application Thread] DEBUG PrimaryStageWindow   - Target settings size: 1020.0 x 748.0
23:30:32.056 [JavaFX Application Thread] DEBUG PrimaryStageWindow   - Scaled scene size:    1020.0 x 748.0
23:30:32.056 [JavaFX Application Thread] DEBUG PrimaryStageWindow   - Scaled ratio: (1.0, 1.0)
23:30:32.057 [JavaFX Application Thread] DEBUG PrimaryStageWindow   - Set initial scene to FXGLStartupScene
23:30:32.060 [JavaFX Application Thread] DEBUG PrimaryStageWindow   - Opening main window
23:30:32.102 [JavaFX Application Thread] DEBUG PrimaryStageWindow   - Window border size: (16.0, 39.0)
23:30:32.103 [JavaFX Application Thread] DEBUG PrimaryStageWindow   - Scaled size: 1020.0 x 748.0
23:30:32.103 [JavaFX Application Thread] DEBUG PrimaryStageWindow   - Scaled ratio: (1.0, 1.0)
23:30:32.103 [JavaFX Application Thread] DEBUG PrimaryStageWindow   - Scene size: 1020.0 x 748.0
23:30:32.103 [JavaFX Application Thread] DEBUG PrimaryStageWindow   - Stage size: 1036.0 x 787.0
23:30:32.108 [FXGL Background Thread 1 ] DEBUG Engine               - Initializing environment variables
23:30:32.140 [FXGL Background Thread 1 ] DEBUG FXGLAssetLoaderServi - User app class for loading assets: class com.tkuimwd.Main
23:30:32.140 [FXGL Background Thread 1 ] DEBUG GameApplicationServi - Applying CSS: fxgl_dark.css
23:30:32.141 [FXGL Background Thread 1 ] DEBUG FXGLAssetLoaderServi - Loading from file system: jar:file:/C:/Users/taian/.m2/repository/com/github/almasb/fxgl/17/fxgl-17.jar!/fxglassets/ui/css/fxgl_dark.css
23:30:32.165 [FXGL Background Thread 1 ] DEBUG GameApplicationServi - Initializing application scenes
23:30:32.210 [FXGL Background Thread 1 ] DEBUG GameWorld            - Game world initialized
23:30:32.247 [FXGL Background Thread 1 ] DEBUG PhysicsWorld         - Physics world initialized: appHeight=748, physics.ppm=50.0
23:30:32.247 [FXGL Background Thread 1 ] DEBUG PhysicsWorld         - Using strategy: BRUTE_FORCE
23:30:32.250 [FXGL Background Thread 1 ] DEBUG GameScene            - Game scene initialized: 1020x748
23:30:32.340 [FXGL Background Thread 1 ] DEBUG FXGL.DefaultMenu     - createMenuBodyGameMenu()
23:30:32.345 [FXGL Background Thread 1 ] DEBUG FXGL.DefaultMenu     - createOptionsMenu()
23:30:32.351 [FXGL Background Thread 1 ] DEBUG FXGLAssetLoaderServi - Loading from file system: jar:file:/C:/Users/taian/.m2/repository/com/github/almasb/fxgl/17/fxgl-17.jar!/fxglassets/textures/particles/smoke.png
23:30:32.400 [FXGL Background Thread 1 ] DEBUG FXGLAssetLoaderServi - Loading from file system: jar:file:/C:/Users/taian/.m2/repository/com/github/almasb/fxgl/17/fxgl-17.jar!/fxglassets/textures/particles/trace_horizontal.png
23:30:32.415 [FXGL Background Thread 1 ] DEBUG GameApplicationServi - Application scenes initialized
23:30:32.422 [FXGL Background Thread 1 ] DEBUG SystemBundleService  - Loading FXGL system data
23:30:32.424 [FXGL Background Thread 1 ] DEBUG FileSystemAccess     - Reading from: C:\Users\taian\Documents\GitHub\FXGL-Chess-Soccer\game\system\fxgl.bundle
23:30:32.429 [FXGL Background Thread 1 ] DEBUG SystemBundleService  - Bundle FXGL: {}
23:30:32.429 [FXGL Background Thread 1 ] DEBUG UpdaterService       - Checking for updates
23:30:32.444 [FXGL Background Thread 4 ] DEBUG FXGLApplication      - Loading fonts
23:30:32.445 [FXGL Background Thread 4 ] DEBUG FXGLAssetLoaderServi - Loading from file system: jar:file:/C:/Users/taian/.m2/repository/com/github/almasb/fxgl/17/fxgl-17.jar!/fxglassets/ui/fonts/VarelaRound-Regular.ttf
23:30:32.446 [FXGL Background Thread 1 ] DEBUG FXGLApplication      - Loading default localization
23:30:32.446 [FXGL Background Thread 1 ] DEBUG FXGLAssetLoaderServi - Loading from file system: jar:file:/C:/Users/taian/.m2/repository/com/github/almasb/fxgl/17/fxgl-17.jar!/fxglassets/languages/english.lang
23:30:32.464 [FXGL Background Thread 1 ] INFO  FXGLApplication      - FXGL initialization took: 0.356 sec
23:30:32.465 [JavaFX Application Thread] DEBUG FXGLAssetLoaderServi - Loading from file system: jar:file:/C:/Users/taian/.m2/repository/com/github/almasb/fxgl/17/fxgl-17.jar!/fxglassets/textures/fxgl_icon.png
23:30:32.478 [JavaFX Application Thread] DEBUG FXGLAssetLoaderServi - Loading from file system: jar:file:/C:/Users/taian/.m2/repository/com/github/almasb/fxgl/17/fxgl-17.jar!/fxglassets/textures/fxgl_default_cursor.png
23:30:32.486 [FXGL Background Thread 4 ] DEBUG FXGLAssetLoaderServi - Loading from file system: jar:file:/C:/Users/taian/.m2/repository/com/github/almasb/fxgl/17/fxgl-17.jar!/fxglassets/ui/fonts/Abel-Regular.ttf
23:30:32.489 [FXGL Background Thread 4 ] DEBUG FXGLAssetLoaderServi - Loading from file system: jar:file:/C:/Users/taian/.m2/repository/com/github/almasb/fxgl/17/fxgl-17.jar!/fxglassets/ui/fonts/TerminalLandMono-Regular.otf
23:30:32.491 [FXGL Background Thread 4 ] DEBUG FXGLAssetLoaderServi - Loading from file system: jar:file:/C:/Users/taian/.m2/repository/com/github/almasb/fxgl/17/fxgl-17.jar!/fxglassets/ui/fonts/Courier-Prime.ttf
23:30:32.493 [JavaFX Application Thread] DEBUG Input                - Registered new binding: Screenshot - CTRL+8
23:30:32.494 [JavaFX Application Thread] DEBUG Input                - Registered new binding: Dev Options - 1
23:30:32.494 [JavaFX Application Thread] DEBUG Input                - Registered new binding: Dev Console - 2
23:30:32.495 [JavaFX Application Thread] DEBUG Input                - Registered new binding: System info dump - CTRL+9
23:30:32.496 [JavaFX Application Thread] DEBUG Input                - Registered new binding: Restart - CTRL+R
23:30:32.496 [JavaFX Application Thread] DEBUG Input                - Registered new binding: Toggle Debug Camera - CTRL+7
23:30:32.499 [JavaFX Application Thread] DEBUG LoopRunner           - Starting loop
23:30:32.506 [JavaFX Application Thread] DEBUG LoopRunner           - Initializing JavaFX AnimationTimerLoop
23:30:32.508 [JavaFX Application Thread] DEBUG Input                - Clearing active input actions
23:30:32.511 [JavaFX Application Thread] DEBUG GameApplicationServi - Removing overlay from FXGLStartupScene and adding to FXGLMainMenuDummyScene
23:30:32.515 [JavaFX Application Thread] DEBUG PrimaryStageWindow   - FXGLStartupScene -> FXGLMainMenuDummyScene
23:30:32.515 [JavaFX Application Thread] DEBUG PrimaryStageWindow   - Push state: MainMenu
23:30:32.515 [JavaFX Application Thread] DEBUG Input                - Clearing active input actions
23:30:32.517 [JavaFX Application Thread] DEBUG GameApplicationServi - Removing overlay from FXGLMainMenuDummyScene and adding to MainMenu
23:30:32.518 [JavaFX Application Thread] DEBUG PrimaryStageWindow   - FXGLMainMenuDummyScene -> MainMenu
23:30:32.518 [JavaFX Application Thread] DEBUG FXGLApplication      - Registering font factories with UI factory
23:30:32.758 [FXGL Background Thread 2 ] INFO  UpdaterService       - Your current version:  17
23:30:32.758 [FXGL Background Thread 2 ] INFO  UpdaterService       - Latest stable version: 21.1
23:30:35.444 [FXGL Background Thread 3 ] DEBUG Engine               - Logging environment variables
23:30:35.445 [FXGL Background Thread 3 ] DEBUG Engine               - achievements: []
23:30:35.446 [FXGL Background Thread 3 ] DEBUG Engine               - actualHeight: 748.0
23:30:35.447 [FXGL Background Thread 3 ] DEBUG Engine               - actualHeightProperty: ReadOnlyDoubleProperty [value: 748.0]
23:30:35.447 [FXGL Background Thread 3 ] DEBUG Engine               - actualWidth: 1020.0
23:30:35.447 [FXGL Background Thread 3 ] DEBUG Engine               - actualWidthProperty: ReadOnlyDoubleProperty [value: 1020.0]
23:30:35.447 [FXGL Background Thread 3 ] DEBUG Engine               - appIcon: fxgl_icon.png
23:30:35.447 [FXGL Background Thread 3 ] DEBUG Engine               - applicationMode: DEVELOPER
23:30:35.447 [FXGL Background Thread 3 ] DEBUG Engine               - cSSList: [fxgl_dark.css]
23:30:35.447 [FXGL Background Thread 3 ] DEBUG Engine               - collisionDetectionStrategy: BRUTE_FORCE
23:30:35.447 [FXGL Background Thread 3 ] DEBUG Engine               - configClass: Optional.empty
23:30:35.447 [FXGL Background Thread 3 ] DEBUG Engine               - credits: []
23:30:35.448 [FXGL Background Thread 3 ] DEBUG Engine               - defaultCursor: CursorInfo(imageName=fxgl_default_cursor.png, hotspotX=7.0, hotspotY=6.0)
23:30:35.448 [FXGL Background Thread 3 ] DEBUG Engine               - devBBoxColorProperty: ObjectProperty [value: 0xff0000ff]
23:30:35.448 [FXGL Background Thread 3 ] DEBUG Engine               - devEnableDebugCameraProperty: BooleanProperty [value: false]
23:30:35.448 [FXGL Background Thread 3 ] DEBUG Engine               - devSensorColorProperty: ObjectProperty [value: 0xffff00ff]
23:30:35.448 [FXGL Background Thread 3 ] DEBUG Engine               - devShowBBoxProperty: BooleanProperty [value: false]
23:30:35.448 [FXGL Background Thread 3 ] DEBUG Engine               - devShowPositionProperty: BooleanProperty [value: false]
23:30:35.448 [FXGL Background Thread 3 ] DEBUG Engine               - enabledMenuItems: []
23:30:35.448 [FXGL Background Thread 3 ] DEBUG Engine               - engineServices: [class com.almasb.fxgl.app.services.FXGLAssetLoaderService, class com.almasb.fxgl.app.FXGLApplication$GameApplicationService, class com.almasb.fxgl.app.services.FXGLDialogService, class com.almasb.fxgl.app.services.IOTaskExecutorService, class com.almasb.fxgl.io.FileSystemService, class com.almasb.fxgl.localization.LocalizationService, class com.almasb.fxgl.app.services.SystemBundleService, class com.almasb.fxgl.profile.SaveLoadService, class com.almasb.fxgl.ui.FXGLUIFactoryServiceProvider, class com.almasb.fxgl.ui.FXGLDialogFactoryServiceProvider, class com.almasb.fxgl.audio.AudioPlayer, class com.almasb.fxgl.notification.impl.NotificationServiceProvider, class com.almasb.fxgl.achievement.AchievementService, class com.almasb.fxgl.cutscene.CutsceneService, class com.almasb.fxgl.minigames.MiniGameService, class com.almasb.fxgl.net.NetService, class com.almasb.fxgl.app.services.UpdaterService, class com.almasb.fxgl.dev.DevService]
23:30:35.448 [FXGL Background Thread 3 ] DEBUG Engine               - fontGame: Abel-Regular.ttf
23:30:35.448 [FXGL Background Thread 3 ] DEBUG Engine               - fontMono: TerminalLandMono-Regular.otf
23:30:35.448 [FXGL Background Thread 3 ] DEBUG Engine               - fontText: Courier-Prime.ttf
23:30:35.448 [FXGL Background Thread 3 ] DEBUG Engine               - fontUI: VarelaRound-Regular.ttf
23:30:35.448 [FXGL Background Thread 3 ] DEBUG Engine               - fullScreen: BooleanProperty [value: false]
23:30:35.449 [FXGL Background Thread 3 ] DEBUG Engine               - gameDifficulty: MEDIUM
23:30:35.449 [FXGL Background Thread 3 ] DEBUG Engine               - gameDifficultyProperty: ObjectProperty [value: MEDIUM]
23:30:35.449 [FXGL Background Thread 3 ] DEBUG Engine               - globalMusicVolume: 0.5
23:30:35.449 [FXGL Background Thread 3 ] DEBUG Engine               - globalMusicVolumeProperty: DoubleProperty [value: 0.5]
23:30:35.449 [FXGL Background Thread 3 ] DEBUG Engine               - globalSoundVolume: 0.5
23:30:35.449 [FXGL Background Thread 3 ] DEBUG Engine               - globalSoundVolumeProperty: DoubleProperty [value: 0.5]
23:30:35.449 [FXGL Background Thread 3 ] DEBUG Engine               - height: 748
23:30:35.449 [FXGL Background Thread 3 ] DEBUG Engine               - is3D: false
23:30:35.449 [FXGL Background Thread 3 ] DEBUG Engine               - isAndroid: false
23:30:35.449 [FXGL Background Thread 3 ] DEBUG Engine               - isBrowser: false
23:30:35.449 [FXGL Background Thread 3 ] DEBUG Engine               - isClickFeedbackEnabled: false
23:30:35.449 [FXGL Background Thread 3 ] DEBUG Engine               - isCloseConfirmation: false
23:30:35.449 [FXGL Background Thread 3 ] DEBUG Engine               - isDesktop: true
23:30:35.449 [FXGL Background Thread 3 ] DEBUG Engine               - isDeveloperMenuEnabled: true
23:30:35.449 [FXGL Background Thread 3 ] DEBUG Engine               - isEmbedded: false
23:30:35.449 [FXGL Background Thread 3 ] DEBUG Engine               - isEntityPreloadEnabled: true
23:30:35.449 [FXGL Background Thread 3 ] DEBUG Engine               - isExperimentalTiledLargeMap: false
23:30:35.449 [FXGL Background Thread 3 ] DEBUG Engine               - isFileSystemWriteAllowed: true
23:30:35.450 [FXGL Background Thread 3 ] DEBUG Engine               - isFullScreenAllowed: false
23:30:35.450 [FXGL Background Thread 3 ] DEBUG Engine               - isFullScreenFromStart: false
23:30:35.450 [FXGL Background Thread 3 ] DEBUG Engine               - isGameMenuEnabled: true
23:30:35.450 [FXGL Background Thread 3 ] DEBUG Engine               - isIOS: false
23:30:35.450 [FXGL Background Thread 3 ] DEBUG Engine               - isIntroEnabled: false
23:30:35.450 [FXGL Background Thread 3 ] DEBUG Engine               - isLinux: false
23:30:35.450 [FXGL Background Thread 3 ] DEBUG Engine               - isMac: false
23:30:35.450 [FXGL Background Thread 3 ] DEBUG Engine               - isMainMenuEnabled: true
23:30:35.450 [FXGL Background Thread 3 ] DEBUG Engine               - isManualResizeEnabled: false
23:30:35.450 [FXGL Background Thread 3 ] DEBUG Engine               - isMobile: false
23:30:35.451 [FXGL Background Thread 3 ] DEBUG Engine               - isNative: false
23:30:35.451 [FXGL Background Thread 3 ] DEBUG Engine               - isPauseMusicWhenMinimized: true
23:30:35.451 [FXGL Background Thread 3 ] DEBUG Engine               - isPreserveResizeRatio: false
23:30:35.452 [FXGL Background Thread 3 ] DEBUG Engine               - isProfilingEnabled: false
23:30:35.452 [FXGL Background Thread 3 ] DEBUG Engine               - isScaleAffectedOnResize: true
23:30:35.452 [FXGL Background Thread 3 ] DEBUG Engine               - isSingleStep: false
23:30:35.452 [FXGL Background Thread 3 ] DEBUG Engine               - isUserProfileEnabled: false
23:30:35.452 [FXGL Background Thread 3 ] DEBUG Engine               - isWindows: true
23:30:35.452 [FXGL Background Thread 3 ] DEBUG Engine               - language: ObjectProperty [value: ENGLISH]
23:30:35.452 [FXGL Background Thread 3 ] DEBUG Engine               - menuKey: ESCAPE
23:30:35.452 [FXGL Background Thread 3 ] DEBUG Engine               - mouseSensitivity: 0.2
23:30:35.452 [FXGL Background Thread 3 ] DEBUG Engine               - notificationViewClass: class com.almasb.fxgl.notification.view.XboxNotificationView
23:30:35.452 [FXGL Background Thread 3 ] DEBUG Engine               - pixelsPerMeter: 50.0
23:30:35.453 [FXGL Background Thread 3 ] DEBUG Engine               - platform: WINDOWS
23:30:35.453 [FXGL Background Thread 3 ] DEBUG Engine               - prefHeightProperty: ReadOnlyDoubleProperty [value: 748.0]
23:30:35.453 [FXGL Background Thread 3 ] DEBUG Engine               - prefWidthProperty: ReadOnlyDoubleProperty [value: 1020.0]
23:30:35.453 [FXGL Background Thread 3 ] DEBUG Engine               - profileDir: profiles/
23:30:35.453 [FXGL Background Thread 3 ] DEBUG Engine               - profileName: StringProperty [value: DEFAULT]
23:30:35.453 [FXGL Background Thread 3 ] DEBUG Engine               - randomSeed: -1
23:30:35.453 [FXGL Background Thread 3 ] DEBUG Engine               - runtimeInfo: RuntimeInfo(platform=WINDOWS, version=17, build=31.12.2021 18.16)
23:30:35.453 [FXGL Background Thread 3 ] DEBUG Engine               - saveFileExt: sav
23:30:35.453 [FXGL Background Thread 3 ] DEBUG Engine               - scaledHeightProp$fxgl: DoubleProperty [bound, value: 748.0]
23:30:35.453 [FXGL Background Thread 3 ] DEBUG Engine               - scaledWidthProp$fxgl: DoubleProperty [bound, value: 1020.0]
23:30:35.454 [FXGL Background Thread 3 ] DEBUG Engine               - sceneFactory: com.tkuimwd.factory.MenuFactory@15d6c730
23:30:35.454 [FXGL Background Thread 3 ] DEBUG Engine               - secondsIn24h: 60
23:30:35.454 [FXGL Background Thread 3 ] DEBUG Engine               - soundMenuBack: menu/back.wav
23:30:35.454 [FXGL Background Thread 3 ] DEBUG Engine               - soundMenuPress: menu/press.wav
23:30:35.454 [FXGL Background Thread 3 ] DEBUG Engine               - soundMenuSelect: menu/select.wav
23:30:35.454 [FXGL Background Thread 3 ] DEBUG Engine               - soundNotification: core/notification.wav
23:30:35.454 [FXGL Background Thread 3 ] DEBUG Engine               - stageStyle: DECORATED
23:30:35.454 [FXGL Background Thread 3 ] DEBUG Engine               - supportedLanguages: [ENGLISH, FRENCH, GERMAN, HUNGARIAN, RUSSIAN]
23:30:35.454 [FXGL Background Thread 3 ] DEBUG Engine               - ticksPerSecond: -1
23:30:35.454 [FXGL Background Thread 3 ] DEBUG Engine               - title: CHESS SOCCER
23:30:35.454 [FXGL Background Thread 3 ] DEBUG Engine               - urlGithub: https://github.com/AlmasB/FXGL
23:30:35.454 [FXGL Background Thread 3 ] DEBUG Engine               - urlLeaderboard: http://fxgl-top.herokuapp.com/
23:30:35.454 [FXGL Background Thread 3 ] DEBUG Engine               - urlPOM: https://raw.githubusercontent.com/AlmasB/FXGL/release/README.md
23:30:35.454 [FXGL Background Thread 3 ] DEBUG Engine               - userAppClass: class com.tkuimwd.Main
23:30:35.454 [FXGL Background Thread 3 ] DEBUG Engine               - version: v1.1
23:30:35.454 [FXGL Background Thread 3 ] DEBUG Engine               - versionCheckDays: 7
23:30:35.454 [FXGL Background Thread 3 ] DEBUG Engine               - width: 1020
23:30:35.454 [FXGL Background Thread 3 ] DEBUG Engine               - Logging services
23:30:35.455 [FXGL Background Thread 3 ] DEBUG Engine               - class com.almasb.fxgl.app.services.FXGLAssetLoaderService
23:30:35.455 [FXGL Background Thread 3 ] DEBUG Engine               - class com.almasb.fxgl.app.FXGLApplication$GameApplicationService
23:30:35.455 [FXGL Background Thread 3 ] DEBUG Engine               - class com.almasb.fxgl.app.services.FXGLDialogService
23:30:35.455 [FXGL Background Thread 3 ] DEBUG Engine               - class com.almasb.fxgl.app.services.IOTaskExecutorService
23:30:35.455 [FXGL Background Thread 3 ] DEBUG Engine               - class com.almasb.fxgl.io.FileSystemService
23:30:35.455 [FXGL Background Thread 3 ] DEBUG Engine               - class com.almasb.fxgl.localization.LocalizationService
23:30:35.455 [FXGL Background Thread 3 ] DEBUG Engine               - class com.almasb.fxgl.app.services.SystemBundleService
23:30:35.455 [FXGL Background Thread 3 ] DEBUG Engine               - class com.almasb.fxgl.profile.SaveLoadService
23:30:35.455 [FXGL Background Thread 3 ] DEBUG Engine               - class com.almasb.fxgl.ui.FXGLUIFactoryServiceProvider
23:30:35.455 [FXGL Background Thread 3 ] DEBUG Engine               - class com.almasb.fxgl.ui.FXGLDialogFactoryServiceProvider
23:30:35.455 [FXGL Background Thread 3 ] DEBUG Engine               - class com.almasb.fxgl.audio.AudioPlayer
23:30:35.455 [FXGL Background Thread 3 ] DEBUG Engine               - class com.almasb.fxgl.notification.impl.NotificationServiceProvider
23:30:35.455 [FXGL Background Thread 3 ] DEBUG Engine               - class com.almasb.fxgl.achievement.AchievementService
23:30:35.455 [FXGL Background Thread 3 ] DEBUG Engine               - class com.almasb.fxgl.cutscene.CutsceneService
23:30:35.455 [FXGL Background Thread 3 ] DEBUG Engine               - class com.almasb.fxgl.minigames.MiniGameService
23:30:35.455 [FXGL Background Thread 3 ] DEBUG Engine               - class com.almasb.fxgl.net.NetService
23:30:35.455 [FXGL Background Thread 3 ] DEBUG Engine               - class com.almasb.fxgl.app.services.UpdaterService
23:30:35.455 [FXGL Background Thread 3 ] DEBUG Engine               - class com.almasb.fxgl.dev.DevService
23:30:39.618 [JavaFX Application Thread] DEBUG PrimaryStageWindow   - Push state: LoginScene
23:30:39.619 [JavaFX Application Thread] DEBUG Input                - Clearing active input actions
23:30:39.619 [JavaFX Application Thread] DEBUG GameApplicationServi - Removing overlay from MainMenu and adding to LoginScene
23:30:39.621 [JavaFX Application Thread] DEBUG PrimaryStageWindow   - MainMenu -> LoginScene
23:30:42.270 [JavaFX Application Thread] DEBUG PrimaryStageWindow   - Pop state: LoginScene
23:30:42.270 [JavaFX Application Thread] DEBUG Input                - Clearing active input actions
23:30:42.270 [JavaFX Application Thread] DEBUG GameApplicationServi - Removing overlay from LoginScene and adding to MainMenu
23:30:42.271 [JavaFX Application Thread] DEBUG PrimaryStageWindow   - MainMenu <- LoginScene
23:30:42.271 [JavaFX Application Thread] DEBUG PrimaryStageWindow   - Pop state: MainMenu
23:30:42.271 [JavaFX Application Thread] DEBUG Input                - Clearing active input actions
23:30:42.271 [JavaFX Application Thread] DEBUG GameApplicationServi - Removing overlay from MainMenu and adding to FXGLMainMenuDummyScene
23:30:42.271 [JavaFX Application Thread] DEBUG PrimaryStageWindow   - FXGLMainMenuDummyScene <- MainMenu
23:30:42.345 [JavaFX Application Thread] DEBUG PrimaryStageWindow   - Push state: MainMenu
23:30:42.345 [JavaFX Application Thread] DEBUG Input                - Clearing active input actions
23:30:42.345 [JavaFX Application Thread] DEBUG GameApplicationServi - Removing overlay from FXGLMainMenuDummyScene and adding to MainMenu
23:30:42.345 [JavaFX Application Thread] DEBUG PrimaryStageWindow   - FXGLMainMenuDummyScene -> MainMenu
23:30:42.347 [JavaFX Application Thread] DEBUG PrimaryStageWindow   - Push state: DialogSubScene
23:30:42.347 [JavaFX Application Thread] DEBUG Input                - Clearing active input actions
23:30:42.347 [JavaFX Application Thread] DEBUG GameApplicationServi - Removing overlay from MainMenu and adding to DialogSubScene
23:30:42.347 [JavaFX Application Thread] DEBUG PrimaryStageWindow   - MainMenu -> DialogSubScene
23:30:42.938 [JavaFX Application Thread] DEBUG PrimaryStageWindow   - Pop state: DialogSubScene
23:30:42.938 [JavaFX Application Thread] DEBUG Input                - Clearing active input actions
23:30:42.938 [JavaFX Application Thread] DEBUG GameApplicationServi - Removing overlay from DialogSubScene and adding to MainMenu
23:30:42.939 [JavaFX Application Thread] DEBUG PrimaryStageWindow   - MainMenu <- DialogSubScene
23:30:46.465 [JavaFX Application Thread] DEBUG PrimaryStageWindow   - Push state: JoinRoomSecne
23:30:46.465 [JavaFX Application Thread] DEBUG Input                - Clearing active input actions
23:30:46.465 [JavaFX Application Thread] DEBUG GameApplicationServi - Removing overlay from MainMenu and adding to JoinRoomSecne
23:30:46.465 [JavaFX Application Thread] DEBUG PrimaryStageWindow   - MainMenu -> JoinRoomSecne
23:30:48.012 [JavaFX Application Thread] DEBUG PrimaryStageWindow   - Push state: CreateRoomScene
23:30:48.012 [JavaFX Application Thread] DEBUG Input                - Clearing active input actions
23:30:48.012 [JavaFX Application Thread] DEBUG GameApplicationServi - Removing overlay from JoinRoomSecne and adding to CreateRoomScene
23:30:48.013 [JavaFX Application Thread] DEBUG PrimaryStageWindow   - JoinRoomSecne -> CreateRoomScene
23:31:09.511 [JavaFX Application Thread] DEBUG GameApplicationServi - Starting new game
23:31:09.512 [JavaFX Application Thread] DEBUG PrimaryStageWindow   - Pop state: CreateRoomScene
23:31:09.512 [JavaFX Application Thread] DEBUG Input                - Clearing active input actions
23:31:09.514 [JavaFX Application Thread] DEBUG GameApplicationServi - Removing overlay from CreateRoomScene and adding to JoinRoomSecne
23:31:09.516 [JavaFX Application Thread] DEBUG PrimaryStageWindow   - JoinRoomSecne <- CreateRoomScene
23:31:09.516 [JavaFX Application Thread] DEBUG PrimaryStageWindow   - Pop state: JoinRoomSecne
23:31:09.516 [JavaFX Application Thread] DEBUG Input                - Clearing active input actions
23:31:09.516 [JavaFX Application Thread] DEBUG GameApplicationServi - Removing overlay from JoinRoomSecne and adding to MainMenu
23:31:09.517 [JavaFX Application Thread] DEBUG PrimaryStageWindow   - MainMenu <- JoinRoomSecne
23:31:09.517 [JavaFX Application Thread] DEBUG PrimaryStageWindow   - Pop state: MainMenu
23:31:09.517 [JavaFX Application Thread] DEBUG Input                - Clearing active input actions
23:31:09.517 [JavaFX Application Thread] DEBUG GameApplicationServi - Removing overlay from MainMenu and adding to FXGLMainMenuDummyScene
23:31:09.518 [JavaFX Application Thread] DEBUG PrimaryStageWindow   - FXGLMainMenuDummyScene <- MainMenu
23:31:09.518 [JavaFX Application Thread] DEBUG Input                - Clearing active input actions
23:31:09.527 [JavaFX Application Thread] DEBUG GameApplicationServi - Removing overlay from FXGLMainMenuDummyScene and adding to FXGLLoadingScene
23:31:09.527 [JavaFX Application Thread] DEBUG PrimaryStageWindow   - FXGLMainMenuDummyScene -> FXGLLoadingScene
23:31:09.527 [JavaFX Application Thread] DEBUG GameApplicationServi - Clearing previous game
23:31:09.527 [JavaFX Application Thread] DEBUG GameScene            - Clearing game scene
23:31:09.527 [JavaFX Application Thread] DEBUG GameWorld            - Clearing game world
23:31:09.527 [JavaFX Application Thread] DEBUG PhysicsWorld         - Clearing physics world
23:31:09.528 [FXGL Background Thread 2 ] DEBUG FXGLApplication      - Initializing game
23:31:09.593 [FXGL Background Thread 2 ] INFO  FXGLApplication      - Game initialization took: 0.064 sec
23:31:09.594 [JavaFX Application Thread] DEBUG Input                - Clearing active input actions
23:31:09.599 [JavaFX Application Thread] DEBUG GameApplicationServi - Removing overlay from FXGLLoadingScene and adding to GameScene
23:31:09.601 [JavaFX Application Thread] DEBUG PrimaryStageWindow   - FXGLLoadingScene -> GameScene
23:31:26.033 [JavaFX Application Thread] DEBUG EventBus             - Firing event: com.tkuimwd.event.ChessReleaseEvent[source=javafx.event.Event$$Lambda$137/0x0000000800d4bc90@4b090db3]
23:31:28.459 [JavaFX Application Thread] DEBUG EventBus             - Firing event: com.tkuimwd.event.ChessReleaseEvent[source=javafx.event.Event$$Lambda$137/0x0000000800d4bc90@4b090db3]
23:31:30.619 [JavaFX Application Thread] DEBUG EventBus             - Firing event: com.tkuimwd.event.ChessReleaseEvent[source=javafx.event.Event$$Lambda$137/0x0000000800d4bc90@4b090db3]
23:31:54.681 [JavaFX Application Thread] DEBUG FXGLApplication      - Exiting FXGL
23:31:54.681 [JavaFX Application Thread] DEBUG LoopRunner           - Stopping loop
23:31:54.681 [JavaFX Application Thread] DEBUG SystemBundleService  - Saving FXGL system data
23:31:54.683 [JavaFX Application Thread] DEBUG FileSystemAccess     - Writing to: C:\Users\taian\Documents\GitHub\FXGL-Chess-Soccer\game\system\fxgl.bundle
23:31:54.684 [JavaFX Application Thread] DEBUG Async                - Shutting down background threads
23:31:54.684 [JavaFX Application Thread] DEBUG PrimaryStageWindow   - Closing main window
23:31:54.697 [JavaFX Application Thread] DEBUG Logger               - Closing Logger
