23:53:24.780 [main                     ] DEBUG Logger               - Configured Logger
23:53:24.797 [main                     ] DEBUG GameApplication      - Logging settings
Title: CHESS SOCCER
Version: v1.1
Width: 1020
Height: 748
Fullscreen: false
Intro: false
Profiling: false
Single step:false
App Mode: DEVELOPER
Menu Key: ESCAPE
Stage Style: DECORATED
Scene Factory: class com.tkuimwd.factory.MenuFactory

23:53:25.112 [JavaFX Application Thread] DEBUG FXGLApplication      - Initializing FXGL
23:53:25.115 [JavaFX Application Thread] INFO  Engine               - FXGL-17 (31.12.2021 18.16) on WINDOWS (J:18.0.2.1 FX:17.0.0.1)
23:53:25.116 [JavaFX Application Thread] DEBUG Engine               - JRE Vendor Name: Oracle Corporation
23:53:25.116 [JavaFX Application Thread] DEBUG Engine               - Running on OS: Windows 11 version 10.0
23:53:25.116 [JavaFX Application Thread] DEBUG Engine               - Architecture: amd64
23:53:25.116 [JavaFX Application Thread] INFO  Engine               - Source code and latest versions at: https://github.com/AlmasB/FXGL
23:53:25.116 [JavaFX Application Thread] INFO  Engine               -       Ask questions and discuss at: https://github.com/AlmasB/FXGL/discussions
23:53:25.116 [JavaFX Application Thread] INFO  Engine               -              Join the FXGL chat at: https://gitter.im/AlmasB/FXGL
23:53:25.174 [JavaFX Application Thread] DEBUG PrimaryStageWindow   - Creating a JavaFX scene
23:53:25.197 [JavaFX Application Thread] DEBUG PrimaryStageWindow   - Target settings size: 1020.0 x 748.0
23:53:25.197 [JavaFX Application Thread] DEBUG PrimaryStageWindow   - Scaled scene size:    1020.0 x 748.0
23:53:25.198 [JavaFX Application Thread] DEBUG PrimaryStageWindow   - Scaled ratio: (1.0, 1.0)
23:53:25.198 [JavaFX Application Thread] DEBUG PrimaryStageWindow   - Set initial scene to FXGLStartupScene
23:53:25.202 [JavaFX Application Thread] DEBUG PrimaryStageWindow   - Opening main window
23:53:25.261 [JavaFX Application Thread] DEBUG PrimaryStageWindow   - Window border size: (16.0, 39.0)
23:53:25.261 [JavaFX Application Thread] DEBUG PrimaryStageWindow   - Scaled size: 1020.0 x 748.0
23:53:25.261 [JavaFX Application Thread] DEBUG PrimaryStageWindow   - Scaled ratio: (1.0, 1.0)
23:53:25.261 [JavaFX Application Thread] DEBUG PrimaryStageWindow   - Scene size: 1020.0 x 748.0
23:53:25.261 [JavaFX Application Thread] DEBUG PrimaryStageWindow   - Stage size: 1036.0 x 787.0
23:53:25.268 [FXGL Background Thread 1 ] DEBUG Engine               - Initializing environment variables
23:53:25.305 [FXGL Background Thread 1 ] DEBUG FXGLAssetLoaderServi - User app class for loading assets: class com.tkuimwd.Main
23:53:25.305 [FXGL Background Thread 1 ] DEBUG GameApplicationServi - Applying CSS: fxgl_dark.css
23:53:25.306 [FXGL Background Thread 1 ] DEBUG FXGLAssetLoaderServi - Loading from file system: jar:file:/C:/Users/taian/.m2/repository/com/github/almasb/fxgl/17/fxgl-17.jar!/fxglassets/ui/css/fxgl_dark.css
23:53:25.337 [FXGL Background Thread 1 ] DEBUG GameApplicationServi - Initializing application scenes
23:53:25.394 [FXGL Background Thread 1 ] DEBUG GameWorld            - Game world initialized
23:53:25.435 [FXGL Background Thread 1 ] DEBUG PhysicsWorld         - Physics world initialized: appHeight=748, physics.ppm=50.0
23:53:25.435 [FXGL Background Thread 1 ] DEBUG PhysicsWorld         - Using strategy: BRUTE_FORCE
23:53:25.438 [FXGL Background Thread 1 ] DEBUG GameScene            - Game scene initialized: 1020x748
23:53:25.546 [FXGL Background Thread 1 ] DEBUG FXGL.DefaultMenu     - createMenuBodyGameMenu()
23:53:25.552 [FXGL Background Thread 1 ] DEBUG FXGL.DefaultMenu     - createOptionsMenu()
23:53:25.557 [FXGL Background Thread 1 ] DEBUG FXGLAssetLoaderServi - Loading from file system: jar:file:/C:/Users/taian/.m2/repository/com/github/almasb/fxgl/17/fxgl-17.jar!/fxglassets/textures/particles/smoke.png
23:53:25.606 [FXGL Background Thread 1 ] DEBUG FXGLAssetLoaderServi - Loading from file system: jar:file:/C:/Users/taian/.m2/repository/com/github/almasb/fxgl/17/fxgl-17.jar!/fxglassets/textures/particles/trace_horizontal.png
23:53:25.624 [FXGL Background Thread 1 ] DEBUG GameApplicationServi - Application scenes initialized
23:53:25.631 [FXGL Background Thread 1 ] DEBUG SystemBundleService  - Loading FXGL system data
23:53:25.633 [FXGL Background Thread 1 ] DEBUG FileSystemAccess     - Reading from: C:\Users\taian\Documents\GitHub\FXGL-Chess-Soccer\game\system\fxgl.bundle
23:53:25.639 [FXGL Background Thread 1 ] DEBUG SystemBundleService  - Bundle FXGL: {}
23:53:25.639 [FXGL Background Thread 1 ] DEBUG UpdaterService       - Checking for updates
23:53:25.657 [FXGL Background Thread 4 ] DEBUG FXGLApplication      - Loading fonts
23:53:25.658 [FXGL Background Thread 4 ] DEBUG FXGLAssetLoaderServi - Loading from file system: jar:file:/C:/Users/taian/.m2/repository/com/github/almasb/fxgl/17/fxgl-17.jar!/fxglassets/ui/fonts/VarelaRound-Regular.ttf
23:53:25.658 [FXGL Background Thread 1 ] DEBUG FXGLApplication      - Loading default localization
23:53:25.659 [FXGL Background Thread 1 ] DEBUG FXGLAssetLoaderServi - Loading from file system: jar:file:/C:/Users/taian/.m2/repository/com/github/almasb/fxgl/17/fxgl-17.jar!/fxglassets/languages/english.lang
23:53:25.675 [FXGL Background Thread 1 ] INFO  FXGLApplication      - FXGL initialization took: 0.407 sec
23:53:25.677 [JavaFX Application Thread] DEBUG FXGLAssetLoaderServi - Loading from file system: jar:file:/C:/Users/taian/.m2/repository/com/github/almasb/fxgl/17/fxgl-17.jar!/fxglassets/textures/fxgl_icon.png
23:53:25.693 [JavaFX Application Thread] DEBUG FXGLAssetLoaderServi - Loading from file system: jar:file:/C:/Users/taian/.m2/repository/com/github/almasb/fxgl/17/fxgl-17.jar!/fxglassets/textures/fxgl_default_cursor.png
23:53:25.703 [FXGL Background Thread 4 ] DEBUG FXGLAssetLoaderServi - Loading from file system: jar:file:/C:/Users/taian/.m2/repository/com/github/almasb/fxgl/17/fxgl-17.jar!/fxglassets/ui/fonts/Abel-Regular.ttf
23:53:25.706 [FXGL Background Thread 4 ] DEBUG FXGLAssetLoaderServi - Loading from file system: jar:file:/C:/Users/taian/.m2/repository/com/github/almasb/fxgl/17/fxgl-17.jar!/fxglassets/ui/fonts/TerminalLandMono-Regular.otf
23:53:25.706 [JavaFX Application Thread] DEBUG Input                - Registered new binding: Screenshot - CTRL+8
23:53:25.707 [JavaFX Application Thread] DEBUG Input                - Registered new binding: Dev Options - 1
23:53:25.707 [JavaFX Application Thread] DEBUG Input                - Registered new binding: Dev Console - 2
23:53:25.707 [JavaFX Application Thread] DEBUG Input                - Registered new binding: System info dump - CTRL+9
23:53:25.708 [JavaFX Application Thread] DEBUG Input                - Registered new binding: Restart - CTRL+R
23:53:25.708 [JavaFX Application Thread] DEBUG Input                - Registered new binding: Toggle Debug Camera - CTRL+7
23:53:25.709 [FXGL Background Thread 4 ] DEBUG FXGLAssetLoaderServi - Loading from file system: jar:file:/C:/Users/taian/.m2/repository/com/github/almasb/fxgl/17/fxgl-17.jar!/fxglassets/ui/fonts/Courier-Prime.ttf
23:53:25.712 [JavaFX Application Thread] DEBUG LoopRunner           - Starting loop
23:53:25.723 [JavaFX Application Thread] DEBUG LoopRunner           - Initializing JavaFX AnimationTimerLoop
23:53:25.725 [JavaFX Application Thread] DEBUG Input                - Clearing active input actions
23:53:25.729 [JavaFX Application Thread] DEBUG GameApplicationServi - Removing overlay from FXGLStartupScene and adding to FXGLMainMenuDummyScene
23:53:25.733 [JavaFX Application Thread] DEBUG PrimaryStageWindow   - FXGLStartupScene -> FXGLMainMenuDummyScene
23:53:25.733 [JavaFX Application Thread] DEBUG PrimaryStageWindow   - Push state: MainMenu
23:53:25.733 [JavaFX Application Thread] DEBUG Input                - Clearing active input actions
23:53:25.735 [JavaFX Application Thread] DEBUG GameApplicationServi - Removing overlay from FXGLMainMenuDummyScene and adding to MainMenu
23:53:25.735 [JavaFX Application Thread] DEBUG PrimaryStageWindow   - FXGLMainMenuDummyScene -> MainMenu
23:53:25.736 [JavaFX Application Thread] DEBUG FXGLApplication      - Registering font factories with UI factory
23:53:25.982 [FXGL Background Thread 2 ] INFO  UpdaterService       - Your current version:  17
23:53:25.982 [FXGL Background Thread 2 ] INFO  UpdaterService       - Latest stable version: 21.1
23:53:28.656 [FXGL Background Thread 3 ] DEBUG Engine               - Logging environment variables
23:53:28.656 [FXGL Background Thread 3 ] DEBUG Engine               - achievements: []
23:53:28.656 [FXGL Background Thread 3 ] DEBUG Engine               - actualHeight: 748.0
23:53:28.656 [FXGL Background Thread 3 ] DEBUG Engine               - actualHeightProperty: ReadOnlyDoubleProperty [value: 748.0]
23:53:28.656 [FXGL Background Thread 3 ] DEBUG Engine               - actualWidth: 1020.0
23:53:28.656 [FXGL Background Thread 3 ] DEBUG Engine               - actualWidthProperty: ReadOnlyDoubleProperty [value: 1020.0]
23:53:28.656 [FXGL Background Thread 3 ] DEBUG Engine               - appIcon: fxgl_icon.png
23:53:28.656 [FXGL Background Thread 3 ] DEBUG Engine               - applicationMode: DEVELOPER
23:53:28.656 [FXGL Background Thread 3 ] DEBUG Engine               - cSSList: [fxgl_dark.css]
23:53:28.656 [FXGL Background Thread 3 ] DEBUG Engine               - collisionDetectionStrategy: BRUTE_FORCE
23:53:28.656 [FXGL Background Thread 3 ] DEBUG Engine               - configClass: Optional.empty
23:53:28.656 [FXGL Background Thread 3 ] DEBUG Engine               - credits: []
23:53:28.657 [FXGL Background Thread 3 ] DEBUG Engine               - defaultCursor: CursorInfo(imageName=fxgl_default_cursor.png, hotspotX=7.0, hotspotY=6.0)
23:53:28.657 [FXGL Background Thread 3 ] DEBUG Engine               - devBBoxColorProperty: ObjectProperty [value: 0xff0000ff]
23:53:28.657 [FXGL Background Thread 3 ] DEBUG Engine               - devEnableDebugCameraProperty: BooleanProperty [value: false]
23:53:28.657 [FXGL Background Thread 3 ] DEBUG Engine               - devSensorColorProperty: ObjectProperty [value: 0xffff00ff]
23:53:28.657 [FXGL Background Thread 3 ] DEBUG Engine               - devShowBBoxProperty: BooleanProperty [value: false]
23:53:28.657 [FXGL Background Thread 3 ] DEBUG Engine               - devShowPositionProperty: BooleanProperty [value: false]
23:53:28.657 [FXGL Background Thread 3 ] DEBUG Engine               - enabledMenuItems: []
23:53:28.657 [FXGL Background Thread 3 ] DEBUG Engine               - engineServices: [class com.almasb.fxgl.app.services.FXGLAssetLoaderService, class com.almasb.fxgl.app.FXGLApplication$GameApplicationService, class com.almasb.fxgl.app.services.FXGLDialogService, class com.almasb.fxgl.app.services.IOTaskExecutorService, class com.almasb.fxgl.io.FileSystemService, class com.almasb.fxgl.localization.LocalizationService, class com.almasb.fxgl.app.services.SystemBundleService, class com.almasb.fxgl.profile.SaveLoadService, class com.almasb.fxgl.ui.FXGLUIFactoryServiceProvider, class com.almasb.fxgl.ui.FXGLDialogFactoryServiceProvider, class com.almasb.fxgl.audio.AudioPlayer, class com.almasb.fxgl.notification.impl.NotificationServiceProvider, class com.almasb.fxgl.achievement.AchievementService, class com.almasb.fxgl.cutscene.CutsceneService, class com.almasb.fxgl.minigames.MiniGameService, class com.almasb.fxgl.net.NetService, class com.almasb.fxgl.app.services.UpdaterService, class com.almasb.fxgl.dev.DevService]
23:53:28.657 [FXGL Background Thread 3 ] DEBUG Engine               - fontGame: Abel-Regular.ttf
23:53:28.657 [FXGL Background Thread 3 ] DEBUG Engine               - fontMono: TerminalLandMono-Regular.otf
23:53:28.657 [FXGL Background Thread 3 ] DEBUG Engine               - fontText: Courier-Prime.ttf
23:53:28.657 [FXGL Background Thread 3 ] DEBUG Engine               - fontUI: VarelaRound-Regular.ttf
23:53:28.657 [FXGL Background Thread 3 ] DEBUG Engine               - fullScreen: BooleanProperty [value: false]
23:53:28.657 [FXGL Background Thread 3 ] DEBUG Engine               - gameDifficulty: MEDIUM
23:53:28.657 [FXGL Background Thread 3 ] DEBUG Engine               - gameDifficultyProperty: ObjectProperty [value: MEDIUM]
23:53:28.657 [FXGL Background Thread 3 ] DEBUG Engine               - globalMusicVolume: 0.5
23:53:28.657 [FXGL Background Thread 3 ] DEBUG Engine               - globalMusicVolumeProperty: DoubleProperty [value: 0.5]
23:53:28.657 [FXGL Background Thread 3 ] DEBUG Engine               - globalSoundVolume: 0.5
23:53:28.657 [FXGL Background Thread 3 ] DEBUG Engine               - globalSoundVolumeProperty: DoubleProperty [value: 0.5]
23:53:28.657 [FXGL Background Thread 3 ] DEBUG Engine               - height: 748
23:53:28.657 [FXGL Background Thread 3 ] DEBUG Engine               - is3D: false
23:53:28.657 [FXGL Background Thread 3 ] DEBUG Engine               - isAndroid: false
23:53:28.657 [FXGL Background Thread 3 ] DEBUG Engine               - isBrowser: false
23:53:28.657 [FXGL Background Thread 3 ] DEBUG Engine               - isClickFeedbackEnabled: false
23:53:28.657 [FXGL Background Thread 3 ] DEBUG Engine               - isCloseConfirmation: false
23:53:28.657 [FXGL Background Thread 3 ] DEBUG Engine               - isDesktop: true
23:53:28.657 [FXGL Background Thread 3 ] DEBUG Engine               - isDeveloperMenuEnabled: true
23:53:28.657 [FXGL Background Thread 3 ] DEBUG Engine               - isEmbedded: false
23:53:28.657 [FXGL Background Thread 3 ] DEBUG Engine               - isEntityPreloadEnabled: true
23:53:28.657 [FXGL Background Thread 3 ] DEBUG Engine               - isExperimentalTiledLargeMap: false
23:53:28.658 [FXGL Background Thread 3 ] DEBUG Engine               - isFileSystemWriteAllowed: true
23:53:28.658 [FXGL Background Thread 3 ] DEBUG Engine               - isFullScreenAllowed: false
23:53:28.658 [FXGL Background Thread 3 ] DEBUG Engine               - isFullScreenFromStart: false
23:53:28.658 [FXGL Background Thread 3 ] DEBUG Engine               - isGameMenuEnabled: true
23:53:28.658 [FXGL Background Thread 3 ] DEBUG Engine               - isIOS: false
23:53:28.658 [FXGL Background Thread 3 ] DEBUG Engine               - isIntroEnabled: false
23:53:28.658 [FXGL Background Thread 3 ] DEBUG Engine               - isLinux: false
23:53:28.658 [FXGL Background Thread 3 ] DEBUG Engine               - isMac: false
23:53:28.658 [FXGL Background Thread 3 ] DEBUG Engine               - isMainMenuEnabled: true
23:53:28.658 [FXGL Background Thread 3 ] DEBUG Engine               - isManualResizeEnabled: false
23:53:28.658 [FXGL Background Thread 3 ] DEBUG Engine               - isMobile: false
23:53:28.658 [FXGL Background Thread 3 ] DEBUG Engine               - isNative: false
23:53:28.658 [FXGL Background Thread 3 ] DEBUG Engine               - isPauseMusicWhenMinimized: true
23:53:28.658 [FXGL Background Thread 3 ] DEBUG Engine               - isPreserveResizeRatio: false
23:53:28.658 [FXGL Background Thread 3 ] DEBUG Engine               - isProfilingEnabled: false
23:53:28.658 [FXGL Background Thread 3 ] DEBUG Engine               - isScaleAffectedOnResize: true
23:53:28.658 [FXGL Background Thread 3 ] DEBUG Engine               - isSingleStep: false
23:53:28.658 [FXGL Background Thread 3 ] DEBUG Engine               - isUserProfileEnabled: false
23:53:28.658 [FXGL Background Thread 3 ] DEBUG Engine               - isWindows: true
23:53:28.658 [FXGL Background Thread 3 ] DEBUG Engine               - language: ObjectProperty [value: ENGLISH]
23:53:28.658 [FXGL Background Thread 3 ] DEBUG Engine               - menuKey: ESCAPE
23:53:28.658 [FXGL Background Thread 3 ] DEBUG Engine               - mouseSensitivity: 0.2
23:53:28.658 [FXGL Background Thread 3 ] DEBUG Engine               - notificationViewClass: class com.almasb.fxgl.notification.view.XboxNotificationView
23:53:28.658 [FXGL Background Thread 3 ] DEBUG Engine               - pixelsPerMeter: 50.0
23:53:28.658 [FXGL Background Thread 3 ] DEBUG Engine               - platform: WINDOWS
23:53:28.658 [FXGL Background Thread 3 ] DEBUG Engine               - prefHeightProperty: ReadOnlyDoubleProperty [value: 748.0]
23:53:28.658 [FXGL Background Thread 3 ] DEBUG Engine               - prefWidthProperty: ReadOnlyDoubleProperty [value: 1020.0]
23:53:28.659 [FXGL Background Thread 3 ] DEBUG Engine               - profileDir: profiles/
23:53:28.659 [FXGL Background Thread 3 ] DEBUG Engine               - profileName: StringProperty [value: DEFAULT]
23:53:28.659 [FXGL Background Thread 3 ] DEBUG Engine               - randomSeed: -1
23:53:28.659 [FXGL Background Thread 3 ] DEBUG Engine               - runtimeInfo: RuntimeInfo(platform=WINDOWS, version=17, build=31.12.2021 18.16)
23:53:28.659 [FXGL Background Thread 3 ] DEBUG Engine               - saveFileExt: sav
23:53:28.659 [FXGL Background Thread 3 ] DEBUG Engine               - scaledHeightProp$fxgl: DoubleProperty [bound, value: 748.0]
23:53:28.659 [FXGL Background Thread 3 ] DEBUG Engine               - scaledWidthProp$fxgl: DoubleProperty [bound, value: 1020.0]
23:53:28.659 [FXGL Background Thread 3 ] DEBUG Engine               - sceneFactory: com.tkuimwd.factory.MenuFactory@7ffdf258
23:53:28.659 [FXGL Background Thread 3 ] DEBUG Engine               - secondsIn24h: 60
23:53:28.659 [FXGL Background Thread 3 ] DEBUG Engine               - soundMenuBack: menu/back.wav
23:53:28.659 [FXGL Background Thread 3 ] DEBUG Engine               - soundMenuPress: menu/press.wav
23:53:28.659 [FXGL Background Thread 3 ] DEBUG Engine               - soundMenuSelect: menu/select.wav
23:53:28.659 [FXGL Background Thread 3 ] DEBUG Engine               - soundNotification: core/notification.wav
23:53:28.659 [FXGL Background Thread 3 ] DEBUG Engine               - stageStyle: DECORATED
23:53:28.659 [FXGL Background Thread 3 ] DEBUG Engine               - supportedLanguages: [ENGLISH, FRENCH, GERMAN, HUNGARIAN, RUSSIAN]
23:53:28.659 [FXGL Background Thread 3 ] DEBUG Engine               - ticksPerSecond: -1
23:53:28.659 [FXGL Background Thread 3 ] DEBUG Engine               - title: CHESS SOCCER
23:53:28.659 [FXGL Background Thread 3 ] DEBUG Engine               - urlGithub: https://github.com/AlmasB/FXGL
23:53:28.659 [FXGL Background Thread 3 ] DEBUG Engine               - urlLeaderboard: http://fxgl-top.herokuapp.com/
23:53:28.659 [FXGL Background Thread 3 ] DEBUG Engine               - urlPOM: https://raw.githubusercontent.com/AlmasB/FXGL/release/README.md
23:53:28.659 [FXGL Background Thread 3 ] DEBUG Engine               - userAppClass: class com.tkuimwd.Main
23:53:28.659 [FXGL Background Thread 3 ] DEBUG Engine               - version: v1.1
23:53:28.659 [FXGL Background Thread 3 ] DEBUG Engine               - versionCheckDays: 7
23:53:28.659 [FXGL Background Thread 3 ] DEBUG Engine               - width: 1020
23:53:28.659 [FXGL Background Thread 3 ] DEBUG Engine               - Logging services
23:53:28.659 [FXGL Background Thread 3 ] DEBUG Engine               - class com.almasb.fxgl.app.services.FXGLAssetLoaderService
23:53:28.660 [FXGL Background Thread 3 ] DEBUG Engine               - class com.almasb.fxgl.app.FXGLApplication$GameApplicationService
23:53:28.660 [FXGL Background Thread 3 ] DEBUG Engine               - class com.almasb.fxgl.app.services.FXGLDialogService
23:53:28.660 [FXGL Background Thread 3 ] DEBUG Engine               - class com.almasb.fxgl.app.services.IOTaskExecutorService
23:53:28.660 [FXGL Background Thread 3 ] DEBUG Engine               - class com.almasb.fxgl.io.FileSystemService
23:53:28.660 [FXGL Background Thread 3 ] DEBUG Engine               - class com.almasb.fxgl.localization.LocalizationService
23:53:28.660 [FXGL Background Thread 3 ] DEBUG Engine               - class com.almasb.fxgl.app.services.SystemBundleService
23:53:28.660 [FXGL Background Thread 3 ] DEBUG Engine               - class com.almasb.fxgl.profile.SaveLoadService
23:53:28.660 [FXGL Background Thread 3 ] DEBUG Engine               - class com.almasb.fxgl.ui.FXGLUIFactoryServiceProvider
23:53:28.660 [FXGL Background Thread 3 ] DEBUG Engine               - class com.almasb.fxgl.ui.FXGLDialogFactoryServiceProvider
23:53:28.660 [FXGL Background Thread 3 ] DEBUG Engine               - class com.almasb.fxgl.audio.AudioPlayer
23:53:28.660 [FXGL Background Thread 3 ] DEBUG Engine               - class com.almasb.fxgl.notification.impl.NotificationServiceProvider
23:53:28.660 [FXGL Background Thread 3 ] DEBUG Engine               - class com.almasb.fxgl.achievement.AchievementService
23:53:28.660 [FXGL Background Thread 3 ] DEBUG Engine               - class com.almasb.fxgl.cutscene.CutsceneService
23:53:28.660 [FXGL Background Thread 3 ] DEBUG Engine               - class com.almasb.fxgl.minigames.MiniGameService
23:53:28.660 [FXGL Background Thread 3 ] DEBUG Engine               - class com.almasb.fxgl.net.NetService
23:53:28.660 [FXGL Background Thread 3 ] DEBUG Engine               - class com.almasb.fxgl.app.services.UpdaterService
23:53:28.660 [FXGL Background Thread 3 ] DEBUG Engine               - class com.almasb.fxgl.dev.DevService
23:53:30.329 [JavaFX Application Thread] DEBUG PrimaryStageWindow   - Push state: LoginScene
23:53:30.330 [JavaFX Application Thread] DEBUG Input                - Clearing active input actions
23:53:30.330 [JavaFX Application Thread] DEBUG GameApplicationServi - Removing overlay from MainMenu and adding to LoginScene
23:53:30.332 [JavaFX Application Thread] DEBUG PrimaryStageWindow   - MainMenu -> LoginScene
23:53:33.627 [JavaFX Application Thread] DEBUG PrimaryStageWindow   - Pop state: LoginScene
23:53:33.627 [JavaFX Application Thread] DEBUG Input                - Clearing active input actions
23:53:33.627 [JavaFX Application Thread] DEBUG GameApplicationServi - Removing overlay from LoginScene and adding to MainMenu
23:53:33.628 [JavaFX Application Thread] DEBUG PrimaryStageWindow   - MainMenu <- LoginScene
23:53:33.628 [JavaFX Application Thread] DEBUG PrimaryStageWindow   - Pop state: MainMenu
23:53:33.628 [JavaFX Application Thread] DEBUG Input                - Clearing active input actions
23:53:33.628 [JavaFX Application Thread] DEBUG GameApplicationServi - Removing overlay from MainMenu and adding to FXGLMainMenuDummyScene
23:53:33.628 [JavaFX Application Thread] DEBUG PrimaryStageWindow   - FXGLMainMenuDummyScene <- MainMenu
23:53:33.704 [JavaFX Application Thread] DEBUG PrimaryStageWindow   - Push state: MainMenu
23:53:33.704 [JavaFX Application Thread] DEBUG Input                - Clearing active input actions
23:53:33.704 [JavaFX Application Thread] DEBUG GameApplicationServi - Removing overlay from FXGLMainMenuDummyScene and adding to MainMenu
23:53:33.705 [JavaFX Application Thread] DEBUG PrimaryStageWindow   - FXGLMainMenuDummyScene -> MainMenu
23:53:33.705 [JavaFX Application Thread] DEBUG PrimaryStageWindow   - Push state: DialogSubScene
23:53:33.706 [JavaFX Application Thread] DEBUG Input                - Clearing active input actions
23:53:33.706 [JavaFX Application Thread] DEBUG GameApplicationServi - Removing overlay from MainMenu and adding to DialogSubScene
23:53:33.706 [JavaFX Application Thread] DEBUG PrimaryStageWindow   - MainMenu -> DialogSubScene
23:53:37.863 [JavaFX Application Thread] DEBUG PrimaryStageWindow   - Pop state: DialogSubScene
23:53:37.863 [JavaFX Application Thread] DEBUG Input                - Clearing active input actions
23:53:37.863 [JavaFX Application Thread] DEBUG GameApplicationServi - Removing overlay from DialogSubScene and adding to MainMenu
23:53:37.864 [JavaFX Application Thread] DEBUG PrimaryStageWindow   - MainMenu <- DialogSubScene
23:53:43.353 [JavaFX Application Thread] DEBUG PrimaryStageWindow   - Push state: CreateRoomScene
23:53:43.353 [JavaFX Application Thread] DEBUG Input                - Clearing active input actions
23:53:43.353 [JavaFX Application Thread] DEBUG GameApplicationServi - Removing overlay from MainMenu and adding to CreateRoomScene
23:53:43.354 [JavaFX Application Thread] DEBUG PrimaryStageWindow   - MainMenu -> CreateRoomScene
23:54:04.449 [JavaFX Application Thread] DEBUG GameApplicationServi - Starting new game
23:54:04.449 [JavaFX Application Thread] DEBUG PrimaryStageWindow   - Pop state: CreateRoomScene
23:54:04.449 [JavaFX Application Thread] DEBUG Input                - Clearing active input actions
23:54:04.450 [JavaFX Application Thread] DEBUG GameApplicationServi - Removing overlay from CreateRoomScene and adding to MainMenu
23:54:04.450 [JavaFX Application Thread] DEBUG PrimaryStageWindow   - MainMenu <- CreateRoomScene
23:54:04.450 [JavaFX Application Thread] DEBUG PrimaryStageWindow   - Pop state: MainMenu
23:54:04.450 [JavaFX Application Thread] DEBUG Input                - Clearing active input actions
23:54:04.450 [JavaFX Application Thread] DEBUG GameApplicationServi - Removing overlay from MainMenu and adding to FXGLMainMenuDummyScene
23:54:04.450 [JavaFX Application Thread] DEBUG PrimaryStageWindow   - FXGLMainMenuDummyScene <- MainMenu
23:54:04.451 [JavaFX Application Thread] DEBUG Input                - Clearing active input actions
23:54:04.453 [JavaFX Application Thread] DEBUG GameApplicationServi - Removing overlay from FXGLMainMenuDummyScene and adding to FXGLLoadingScene
23:54:04.455 [JavaFX Application Thread] DEBUG PrimaryStageWindow   - FXGLMainMenuDummyScene -> FXGLLoadingScene
23:54:04.455 [JavaFX Application Thread] DEBUG GameApplicationServi - Clearing previous game
23:54:04.455 [JavaFX Application Thread] DEBUG GameScene            - Clearing game scene
23:54:04.455 [JavaFX Application Thread] DEBUG GameWorld            - Clearing game world
23:54:04.455 [JavaFX Application Thread] DEBUG PhysicsWorld         - Clearing physics world
23:54:04.457 [FXGL Background Thread 2 ] DEBUG FXGLApplication      - Initializing game
23:54:04.511 [FXGL Background Thread 2 ] INFO  FXGLApplication      - Game initialization took: 0.054 sec
23:54:04.511 [JavaFX Application Thread] DEBUG Input                - Clearing active input actions
23:54:04.514 [JavaFX Application Thread] DEBUG GameApplicationServi - Removing overlay from FXGLLoadingScene and adding to GameScene
23:54:04.515 [JavaFX Application Thread] DEBUG PrimaryStageWindow   - FXGLLoadingScene -> GameScene
23:54:09.239 [JavaFX Application Thread] DEBUG EventBus             - Firing event: com.tkuimwd.event.ChessReleaseEvent[source=javafx.event.Event$$Lambda$137/0x0000000800d4baa8@72480ac2]
23:54:14.067 [JavaFX Application Thread] DEBUG EventBus             - Firing event: com.tkuimwd.event.ChessReleaseEvent[source=javafx.event.Event$$Lambda$137/0x0000000800d4baa8@72480ac2]
23:54:15.149 [JavaFX Application Thread] DEBUG EventBus             - Firing event: com.tkuimwd.event.ChessReleaseEvent[source=javafx.event.Event$$Lambda$137/0x0000000800d4baa8@72480ac2]
23:55:16.340 [JavaFX Application Thread] DEBUG EventBus             - Firing event: com.tkuimwd.event.ChessReleaseEvent[source=javafx.event.Event$$Lambda$137/0x0000000800d4baa8@72480ac2]
23:55:18.544 [JavaFX Application Thread] DEBUG EventBus             - Firing event: com.tkuimwd.event.ChessReleaseEvent[source=javafx.event.Event$$Lambda$137/0x0000000800d4baa8@72480ac2]
23:55:22.779 [JavaFX Application Thread] DEBUG EventBus             - Firing event: com.tkuimwd.event.ChessReleaseEvent[source=javafx.event.Event$$Lambda$137/0x0000000800d4baa8@72480ac2]
23:55:23.680 [JavaFX Application Thread] DEBUG EventBus             - Firing event: com.tkuimwd.event.ChessReleaseEvent[source=javafx.event.Event$$Lambda$137/0x0000000800d4baa8@72480ac2]
23:55:32.110 [JavaFX Application Thread] DEBUG EventBus             - Firing event: com.tkuimwd.event.ChessReleaseEvent[source=javafx.event.Event$$Lambda$137/0x0000000800d4baa8@72480ac2]
23:55:46.981 [JavaFX Application Thread] DEBUG EventBus             - Firing event: com.tkuimwd.event.ChessReleaseEvent[source=javafx.event.Event$$Lambda$137/0x0000000800d4baa8@72480ac2]
23:58:08.565 [JavaFX Application Thread] DEBUG FXGLApplication      - Exiting FXGL
23:58:08.566 [JavaFX Application Thread] DEBUG LoopRunner           - Stopping loop
23:58:08.566 [JavaFX Application Thread] DEBUG SystemBundleService  - Saving FXGL system data
23:58:08.568 [JavaFX Application Thread] DEBUG FileSystemAccess     - Writing to: C:\Users\taian\Documents\GitHub\FXGL-Chess-Soccer\game\system\fxgl.bundle
23:58:08.570 [JavaFX Application Thread] DEBUG Async                - Shutting down background threads
23:58:08.570 [JavaFX Application Thread] DEBUG PrimaryStageWindow   - Closing main window
23:58:08.583 [JavaFX Application Thread] DEBUG Logger               - Closing Logger
