15:44:21.012 [main                     ] DEBUG Logger               - Configured Logger
15:44:21.041 [main                     ] DEBUG GameApplication      - Logging settings
Title: CHESS SOCCER
Version: v1.1
Width: 1020
Height: 748
Fullscreen: false
Intro: false
Profiling: false
Single step:false
App Mode: DEVELOPER
Menu Key: ESCAPE
Stage Style: DECORATED
Scene Factory: class com.tkuimwd.factory.MenuFactory

15:44:21.365 [JavaFX Application Thread] DEBUG FXGLApplication      - Initializing FXGL
15:44:21.370 [JavaFX Application Thread] INFO  Engine               - FXGL-17 (31.12.2021 18.16) on WINDOWS (J:17.0.12 FX:17.0.0.1)
15:44:21.370 [JavaFX Application Thread] DEBUG Engine               - JRE Vendor Name: Eclipse Adoptium
15:44:21.370 [JavaFX Application Thread] DEBUG Engine               - Running on OS: Windows 11 version 10.0
15:44:21.370 [JavaFX Application Thread] DEBUG Engine               - Architecture: amd64
15:44:21.370 [JavaFX Application Thread] INFO  Engine               - Source code and latest versions at: https://github.com/AlmasB/FXGL
15:44:21.371 [JavaFX Application Thread] INFO  Engine               -       Ask questions and discuss at: https://github.com/AlmasB/FXGL/discussions
15:44:21.371 [JavaFX Application Thread] INFO  Engine               -              Join the FXGL chat at: https://gitter.im/AlmasB/FXGL
15:44:21.447 [JavaFX Application Thread] DEBUG PrimaryStageWindow   - Creating a JavaFX scene
15:44:21.484 [JavaFX Application Thread] DEBUG PrimaryStageWindow   - Target settings size: 1020.0 x 748.0
15:44:21.484 [JavaFX Application Thread] DEBUG PrimaryStageWindow   - Scaled scene size:    1020.0 x 748.0
15:44:21.484 [JavaFX Application Thread] DEBUG PrimaryStageWindow   - Scaled ratio: (1.0, 1.0)
15:44:21.485 [JavaFX Application Thread] DEBUG PrimaryStageWindow   - Set initial scene to FXGLStartupScene
15:44:21.491 [JavaFX Application Thread] DEBUG PrimaryStageWindow   - Opening main window
15:44:21.581 [JavaFX Application Thread] DEBUG PrimaryStageWindow   - Window border size: (13.0, 35.5)
15:44:21.581 [JavaFX Application Thread] DEBUG PrimaryStageWindow   - Scaled size: 1020.0 x 748.0
15:44:21.581 [JavaFX Application Thread] DEBUG PrimaryStageWindow   - Scaled ratio: (1.0, 1.0)
15:44:21.581 [JavaFX Application Thread] DEBUG PrimaryStageWindow   - Scene size: 1020.0 x 748.0
15:44:21.581 [JavaFX Application Thread] DEBUG PrimaryStageWindow   - Stage size: 1033.0 x 783.5
15:44:21.587 [FXGL Background Thread 1 ] DEBUG Engine               - Initializing environment variables
15:44:21.626 [FXGL Background Thread 1 ] DEBUG FXGLAssetLoaderServi - User app class for loading assets: class com.tkuimwd.Main
15:44:21.626 [FXGL Background Thread 1 ] DEBUG GameApplicationServi - Applying CSS: fxgl_dark.css
15:44:21.627 [FXGL Background Thread 1 ] DEBUG FXGLAssetLoaderServi - Loading from file system: jar:file:/C:/Users/Kenny/.m2/repository/com/github/almasb/fxgl/17/fxgl-17.jar!/fxglassets/ui/css/fxgl_dark.css
15:44:21.660 [FXGL Background Thread 1 ] DEBUG GameApplicationServi - Initializing application scenes
15:44:21.729 [FXGL Background Thread 1 ] DEBUG GameWorld            - Game world initialized
15:44:21.781 [FXGL Background Thread 1 ] DEBUG PhysicsWorld         - Physics world initialized: appHeight=748, physics.ppm=50.0
15:44:21.781 [FXGL Background Thread 1 ] DEBUG PhysicsWorld         - Using strategy: BRUTE_FORCE
15:44:21.785 [FXGL Background Thread 1 ] DEBUG GameScene            - Game scene initialized: 1020x748
15:44:21.891 [FXGL Background Thread 1 ] DEBUG FXGL.DefaultMenu     - createMenuBodyGameMenu()
15:44:21.902 [FXGL Background Thread 1 ] DEBUG FXGL.DefaultMenu     - createOptionsMenu()
15:44:21.910 [FXGL Background Thread 1 ] DEBUG FXGLAssetLoaderServi - Loading from file system: jar:file:/C:/Users/Kenny/.m2/repository/com/github/almasb/fxgl/17/fxgl-17.jar!/fxglassets/textures/particles/smoke.png
15:44:21.991 [FXGL Background Thread 1 ] DEBUG FXGLAssetLoaderServi - Loading from file system: jar:file:/C:/Users/Kenny/.m2/repository/com/github/almasb/fxgl/17/fxgl-17.jar!/fxglassets/textures/particles/trace_horizontal.png
15:44:22.020 [FXGL Background Thread 1 ] DEBUG GameApplicationServi - Application scenes initialized
15:44:22.031 [FXGL Background Thread 1 ] DEBUG SystemBundleService  - Loading FXGL system data
15:44:22.034 [FXGL Background Thread 1 ] DEBUG FileSystemAccess     - Reading from: C:\Users\Kenny\Documents\vscode_java\FXGL\system\fxgl.bundle
15:44:22.041 [FXGL Background Thread 1 ] DEBUG SystemBundleService  - Bundle FXGL: {}
15:44:22.041 [FXGL Background Thread 1 ] DEBUG UpdaterService       - Checking for updates
15:44:22.063 [FXGL Background Thread 4 ] DEBUG FXGLApplication      - Loading fonts
15:44:22.064 [FXGL Background Thread 4 ] DEBUG FXGLAssetLoaderServi - Loading from file system: jar:file:/C:/Users/Kenny/.m2/repository/com/github/almasb/fxgl/17/fxgl-17.jar!/fxglassets/ui/fonts/VarelaRound-Regular.ttf
15:44:22.064 [FXGL Background Thread 1 ] DEBUG FXGLApplication      - Loading default localization
15:44:22.065 [FXGL Background Thread 1 ] DEBUG FXGLAssetLoaderServi - Loading from file system: jar:file:/C:/Users/Kenny/.m2/repository/com/github/almasb/fxgl/17/fxgl-17.jar!/fxglassets/languages/english.lang
15:44:22.082 [FXGL Background Thread 1 ] INFO  FXGLApplication      - FXGL initialization took: 0.494 sec
15:44:22.083 [JavaFX Application Thread] DEBUG FXGLAssetLoaderServi - Loading from file system: jar:file:/C:/Users/Kenny/.m2/repository/com/github/almasb/fxgl/17/fxgl-17.jar!/fxglassets/textures/fxgl_icon.png
15:44:22.104 [JavaFX Application Thread] DEBUG FXGLAssetLoaderServi - Loading from file system: jar:file:/C:/Users/Kenny/.m2/repository/com/github/almasb/fxgl/17/fxgl-17.jar!/fxglassets/textures/fxgl_default_cursor.png
15:44:22.119 [FXGL Background Thread 4 ] DEBUG FXGLAssetLoaderServi - Loading from file system: jar:file:/C:/Users/Kenny/.m2/repository/com/github/almasb/fxgl/17/fxgl-17.jar!/fxglassets/ui/fonts/Abel-Regular.ttf
15:44:22.121 [FXGL Background Thread 4 ] DEBUG FXGLAssetLoaderServi - Loading from file system: jar:file:/C:/Users/Kenny/.m2/repository/com/github/almasb/fxgl/17/fxgl-17.jar!/fxglassets/ui/fonts/TerminalLandMono-Regular.otf
15:44:22.123 [FXGL Background Thread 4 ] DEBUG FXGLAssetLoaderServi - Loading from file system: jar:file:/C:/Users/Kenny/.m2/repository/com/github/almasb/fxgl/17/fxgl-17.jar!/fxglassets/ui/fonts/Courier-Prime.ttf
15:44:22.133 [JavaFX Application Thread] DEBUG Input                - Registered new binding: Screenshot - CTRL+8
15:44:22.134 [JavaFX Application Thread] DEBUG Input                - Registered new binding: Dev Options - 1
15:44:22.136 [JavaFX Application Thread] DEBUG Input                - Registered new binding: Dev Console - 2
15:44:22.136 [JavaFX Application Thread] DEBUG Input                - Registered new binding: System info dump - CTRL+9
15:44:22.137 [JavaFX Application Thread] DEBUG Input                - Registered new binding: Restart - CTRL+R
15:44:22.138 [JavaFX Application Thread] DEBUG Input                - Registered new binding: Toggle Debug Camera - CTRL+7
15:44:22.143 [JavaFX Application Thread] DEBUG LoopRunner           - Starting loop
15:44:22.181 [JavaFX Application Thread] DEBUG LoopRunner           - Initializing JavaFX AnimationTimerLoop
15:44:22.186 [JavaFX Application Thread] DEBUG Input                - Clearing active input actions
15:44:22.189 [JavaFX Application Thread] DEBUG GameApplicationServi - Removing overlay from FXGLStartupScene and adding to FXGLMainMenuDummyScene
15:44:22.197 [JavaFX Application Thread] DEBUG PrimaryStageWindow   - FXGLStartupScene -> FXGLMainMenuDummyScene
15:44:22.197 [JavaFX Application Thread] DEBUG PrimaryStageWindow   - Push state: MainMenu
15:44:22.198 [JavaFX Application Thread] DEBUG Input                - Clearing active input actions
15:44:22.202 [JavaFX Application Thread] DEBUG GameApplicationServi - Removing overlay from FXGLMainMenuDummyScene and adding to MainMenu
15:44:22.203 [JavaFX Application Thread] DEBUG PrimaryStageWindow   - FXGLMainMenuDummyScene -> MainMenu
15:44:22.204 [JavaFX Application Thread] DEBUG FXGLApplication      - Registering font factories with UI factory
15:44:22.532 [FXGL Background Thread 2 ] INFO  UpdaterService       - Your current version:  17
15:44:22.533 [FXGL Background Thread 2 ] INFO  UpdaterService       - Latest stable version: 21.1
15:44:23.927 [JavaFX Application Thread] DEBUG PrimaryStageWindow   - Push state: LoginScene
15:44:23.927 [JavaFX Application Thread] DEBUG Input                - Clearing active input actions
15:44:23.928 [JavaFX Application Thread] DEBUG GameApplicationServi - Removing overlay from MainMenu and adding to LoginScene
15:44:23.929 [JavaFX Application Thread] DEBUG PrimaryStageWindow   - MainMenu -> LoginScene
15:44:25.062 [FXGL Background Thread 3 ] DEBUG Engine               - Logging environment variables
15:44:25.063 [FXGL Background Thread 3 ] DEBUG Engine               - achievements: []
15:44:25.063 [FXGL Background Thread 3 ] DEBUG Engine               - actualHeight: 748.0
15:44:25.063 [FXGL Background Thread 3 ] DEBUG Engine               - actualHeightProperty: ReadOnlyDoubleProperty [value: 748.0]
15:44:25.063 [FXGL Background Thread 3 ] DEBUG Engine               - actualWidth: 1020.0
15:44:25.063 [FXGL Background Thread 3 ] DEBUG Engine               - actualWidthProperty: ReadOnlyDoubleProperty [value: 1020.0]
15:44:25.064 [FXGL Background Thread 3 ] DEBUG Engine               - appIcon: fxgl_icon.png
15:44:25.064 [FXGL Background Thread 3 ] DEBUG Engine               - applicationMode: DEVELOPER
15:44:25.064 [FXGL Background Thread 3 ] DEBUG Engine               - cSSList: [fxgl_dark.css]
15:44:25.064 [FXGL Background Thread 3 ] DEBUG Engine               - collisionDetectionStrategy: BRUTE_FORCE
15:44:25.064 [FXGL Background Thread 3 ] DEBUG Engine               - configClass: Optional.empty
15:44:25.064 [FXGL Background Thread 3 ] DEBUG Engine               - credits: []
15:44:25.068 [FXGL Background Thread 3 ] DEBUG Engine               - defaultCursor: CursorInfo(imageName=fxgl_default_cursor.png, hotspotX=7.0, hotspotY=6.0)
15:44:25.068 [FXGL Background Thread 3 ] DEBUG Engine               - devBBoxColorProperty: ObjectProperty [value: 0xff0000ff]
15:44:25.068 [FXGL Background Thread 3 ] DEBUG Engine               - devEnableDebugCameraProperty: BooleanProperty [value: false]
15:44:25.068 [FXGL Background Thread 3 ] DEBUG Engine               - devSensorColorProperty: ObjectProperty [value: 0xffff00ff]
15:44:25.068 [FXGL Background Thread 3 ] DEBUG Engine               - devShowBBoxProperty: BooleanProperty [value: false]
15:44:25.068 [FXGL Background Thread 3 ] DEBUG Engine               - devShowPositionProperty: BooleanProperty [value: false]
15:44:25.068 [FXGL Background Thread 3 ] DEBUG Engine               - enabledMenuItems: []
15:44:25.068 [FXGL Background Thread 3 ] DEBUG Engine               - engineServices: [class com.almasb.fxgl.app.services.FXGLAssetLoaderService, class com.almasb.fxgl.app.FXGLApplication$GameApplicationService, class com.almasb.fxgl.app.services.FXGLDialogService, class com.almasb.fxgl.app.services.IOTaskExecutorService, class com.almasb.fxgl.io.FileSystemService, class com.almasb.fxgl.localization.LocalizationService, class com.almasb.fxgl.app.services.SystemBundleService, class com.almasb.fxgl.profile.SaveLoadService, class com.almasb.fxgl.ui.FXGLUIFactoryServiceProvider, class com.almasb.fxgl.ui.FXGLDialogFactoryServiceProvider, class com.almasb.fxgl.audio.AudioPlayer, class com.almasb.fxgl.notification.impl.NotificationServiceProvider, class com.almasb.fxgl.achievement.AchievementService, class com.almasb.fxgl.cutscene.CutsceneService, class com.almasb.fxgl.minigames.MiniGameService, class com.almasb.fxgl.net.NetService, class com.almasb.fxgl.app.services.UpdaterService, class com.almasb.fxgl.dev.DevService]
15:44:25.068 [FXGL Background Thread 3 ] DEBUG Engine               - fontGame: Abel-Regular.ttf
15:44:25.068 [FXGL Background Thread 3 ] DEBUG Engine               - fontMono: TerminalLandMono-Regular.otf
15:44:25.069 [FXGL Background Thread 3 ] DEBUG Engine               - fontText: Courier-Prime.ttf
15:44:25.069 [FXGL Background Thread 3 ] DEBUG Engine               - fontUI: VarelaRound-Regular.ttf
15:44:25.069 [FXGL Background Thread 3 ] DEBUG Engine               - fullScreen: BooleanProperty [value: false]
15:44:25.069 [FXGL Background Thread 3 ] DEBUG Engine               - gameDifficulty: MEDIUM
15:44:25.069 [FXGL Background Thread 3 ] DEBUG Engine               - gameDifficultyProperty: ObjectProperty [value: MEDIUM]
15:44:25.069 [FXGL Background Thread 3 ] DEBUG Engine               - globalMusicVolume: 0.5
15:44:25.069 [FXGL Background Thread 3 ] DEBUG Engine               - globalMusicVolumeProperty: DoubleProperty [value: 0.5]
15:44:25.069 [FXGL Background Thread 3 ] DEBUG Engine               - globalSoundVolume: 0.5
15:44:25.069 [FXGL Background Thread 3 ] DEBUG Engine               - globalSoundVolumeProperty: DoubleProperty [value: 0.5]
15:44:25.069 [FXGL Background Thread 3 ] DEBUG Engine               - height: 748
15:44:25.069 [FXGL Background Thread 3 ] DEBUG Engine               - is3D: false
15:44:25.069 [FXGL Background Thread 3 ] DEBUG Engine               - isAndroid: false
15:44:25.069 [FXGL Background Thread 3 ] DEBUG Engine               - isBrowser: false
15:44:25.069 [FXGL Background Thread 3 ] DEBUG Engine               - isClickFeedbackEnabled: false
15:44:25.069 [FXGL Background Thread 3 ] DEBUG Engine               - isCloseConfirmation: false
15:44:25.069 [FXGL Background Thread 3 ] DEBUG Engine               - isDesktop: true
15:44:25.069 [FXGL Background Thread 3 ] DEBUG Engine               - isDeveloperMenuEnabled: true
15:44:25.069 [FXGL Background Thread 3 ] DEBUG Engine               - isEmbedded: false
15:44:25.070 [FXGL Background Thread 3 ] DEBUG Engine               - isEntityPreloadEnabled: true
15:44:25.070 [FXGL Background Thread 3 ] DEBUG Engine               - isExperimentalTiledLargeMap: false
15:44:25.070 [FXGL Background Thread 3 ] DEBUG Engine               - isFileSystemWriteAllowed: true
15:44:25.070 [FXGL Background Thread 3 ] DEBUG Engine               - isFullScreenAllowed: false
15:44:25.070 [FXGL Background Thread 3 ] DEBUG Engine               - isFullScreenFromStart: false
15:44:25.070 [FXGL Background Thread 3 ] DEBUG Engine               - isGameMenuEnabled: true
15:44:25.070 [FXGL Background Thread 3 ] DEBUG Engine               - isIOS: false
15:44:25.070 [FXGL Background Thread 3 ] DEBUG Engine               - isIntroEnabled: false
15:44:25.070 [FXGL Background Thread 3 ] DEBUG Engine               - isLinux: false
15:44:25.070 [FXGL Background Thread 3 ] DEBUG Engine               - isMac: false
15:44:25.070 [FXGL Background Thread 3 ] DEBUG Engine               - isMainMenuEnabled: true
15:44:25.070 [FXGL Background Thread 3 ] DEBUG Engine               - isManualResizeEnabled: false
15:44:25.070 [FXGL Background Thread 3 ] DEBUG Engine               - isMobile: false
15:44:25.070 [FXGL Background Thread 3 ] DEBUG Engine               - isNative: false
15:44:25.070 [FXGL Background Thread 3 ] DEBUG Engine               - isPauseMusicWhenMinimized: true
15:44:25.070 [FXGL Background Thread 3 ] DEBUG Engine               - isPreserveResizeRatio: false
15:44:25.070 [FXGL Background Thread 3 ] DEBUG Engine               - isProfilingEnabled: false
15:44:25.070 [FXGL Background Thread 3 ] DEBUG Engine               - isScaleAffectedOnResize: true
15:44:25.070 [FXGL Background Thread 3 ] DEBUG Engine               - isSingleStep: false
15:44:25.070 [FXGL Background Thread 3 ] DEBUG Engine               - isUserProfileEnabled: false
15:44:25.071 [FXGL Background Thread 3 ] DEBUG Engine               - isWindows: true
15:44:25.071 [FXGL Background Thread 3 ] DEBUG Engine               - language: ObjectProperty [value: ENGLISH]
15:44:25.071 [FXGL Background Thread 3 ] DEBUG Engine               - menuKey: ESCAPE
15:44:25.071 [FXGL Background Thread 3 ] DEBUG Engine               - mouseSensitivity: 0.2
15:44:25.071 [FXGL Background Thread 3 ] DEBUG Engine               - notificationViewClass: class com.almasb.fxgl.notification.view.XboxNotificationView
15:44:25.071 [FXGL Background Thread 3 ] DEBUG Engine               - pixelsPerMeter: 50.0
15:44:25.071 [FXGL Background Thread 3 ] DEBUG Engine               - platform: WINDOWS
15:44:25.071 [FXGL Background Thread 3 ] DEBUG Engine               - prefHeightProperty: ReadOnlyDoubleProperty [value: 748.0]
15:44:25.071 [FXGL Background Thread 3 ] DEBUG Engine               - prefWidthProperty: ReadOnlyDoubleProperty [value: 1020.0]
15:44:25.071 [FXGL Background Thread 3 ] DEBUG Engine               - profileDir: profiles/
15:44:25.071 [FXGL Background Thread 3 ] DEBUG Engine               - profileName: StringProperty [value: DEFAULT]
15:44:25.071 [FXGL Background Thread 3 ] DEBUG Engine               - randomSeed: -1
15:44:25.071 [FXGL Background Thread 3 ] DEBUG Engine               - runtimeInfo: RuntimeInfo(platform=WINDOWS, version=17, build=31.12.2021 18.16)
15:44:25.071 [FXGL Background Thread 3 ] DEBUG Engine               - saveFileExt: sav
15:44:25.071 [FXGL Background Thread 3 ] DEBUG Engine               - scaledHeightProp$fxgl: DoubleProperty [bound, value: 748.0]
15:44:25.071 [FXGL Background Thread 3 ] DEBUG Engine               - scaledWidthProp$fxgl: DoubleProperty [bound, value: 1020.0]
15:44:25.072 [FXGL Background Thread 3 ] DEBUG Engine               - sceneFactory: com.tkuimwd.factory.MenuFactory@28e2cec6
15:44:25.072 [FXGL Background Thread 3 ] DEBUG Engine               - secondsIn24h: 60
15:44:25.072 [FXGL Background Thread 3 ] DEBUG Engine               - soundMenuBack: menu/back.wav
15:44:25.072 [FXGL Background Thread 3 ] DEBUG Engine               - soundMenuPress: menu/press.wav
15:44:25.072 [FXGL Background Thread 3 ] DEBUG Engine               - soundMenuSelect: menu/select.wav
15:44:25.072 [FXGL Background Thread 3 ] DEBUG Engine               - soundNotification: core/notification.wav
15:44:25.072 [FXGL Background Thread 3 ] DEBUG Engine               - stageStyle: DECORATED
15:44:25.072 [FXGL Background Thread 3 ] DEBUG Engine               - supportedLanguages: [ENGLISH, FRENCH, GERMAN, HUNGARIAN, RUSSIAN]
15:44:25.072 [FXGL Background Thread 3 ] DEBUG Engine               - ticksPerSecond: -1
15:44:25.072 [FXGL Background Thread 3 ] DEBUG Engine               - title: CHESS SOCCER
15:44:25.072 [FXGL Background Thread 3 ] DEBUG Engine               - urlGithub: https://github.com/AlmasB/FXGL
15:44:25.072 [FXGL Background Thread 3 ] DEBUG Engine               - urlLeaderboard: http://fxgl-top.herokuapp.com/
15:44:25.072 [FXGL Background Thread 3 ] DEBUG Engine               - urlPOM: https://raw.githubusercontent.com/AlmasB/FXGL/release/README.md
15:44:25.072 [FXGL Background Thread 3 ] DEBUG Engine               - userAppClass: class com.tkuimwd.Main
15:44:25.072 [FXGL Background Thread 3 ] DEBUG Engine               - version: v1.1
15:44:25.072 [FXGL Background Thread 3 ] DEBUG Engine               - versionCheckDays: 7
15:44:25.072 [FXGL Background Thread 3 ] DEBUG Engine               - width: 1020
15:44:25.072 [FXGL Background Thread 3 ] DEBUG Engine               - Logging services
15:44:25.072 [FXGL Background Thread 3 ] DEBUG Engine               - class com.almasb.fxgl.app.services.FXGLAssetLoaderService
15:44:25.072 [FXGL Background Thread 3 ] DEBUG Engine               - class com.almasb.fxgl.app.FXGLApplication$GameApplicationService
15:44:25.072 [FXGL Background Thread 3 ] DEBUG Engine               - class com.almasb.fxgl.app.services.FXGLDialogService
15:44:25.072 [FXGL Background Thread 3 ] DEBUG Engine               - class com.almasb.fxgl.app.services.IOTaskExecutorService
15:44:25.072 [FXGL Background Thread 3 ] DEBUG Engine               - class com.almasb.fxgl.io.FileSystemService
15:44:25.072 [FXGL Background Thread 3 ] DEBUG Engine               - class com.almasb.fxgl.localization.LocalizationService
15:44:25.072 [FXGL Background Thread 3 ] DEBUG Engine               - class com.almasb.fxgl.app.services.SystemBundleService
15:44:25.072 [FXGL Background Thread 3 ] DEBUG Engine               - class com.almasb.fxgl.profile.SaveLoadService
15:44:25.072 [FXGL Background Thread 3 ] DEBUG Engine               - class com.almasb.fxgl.ui.FXGLUIFactoryServiceProvider
15:44:25.072 [FXGL Background Thread 3 ] DEBUG Engine               - class com.almasb.fxgl.ui.FXGLDialogFactoryServiceProvider
15:44:25.072 [FXGL Background Thread 3 ] DEBUG Engine               - class com.almasb.fxgl.audio.AudioPlayer
15:44:25.072 [FXGL Background Thread 3 ] DEBUG Engine               - class com.almasb.fxgl.notification.impl.NotificationServiceProvider
15:44:25.073 [FXGL Background Thread 3 ] DEBUG Engine               - class com.almasb.fxgl.achievement.AchievementService
15:44:25.073 [FXGL Background Thread 3 ] DEBUG Engine               - class com.almasb.fxgl.cutscene.CutsceneService
15:44:25.073 [FXGL Background Thread 3 ] DEBUG Engine               - class com.almasb.fxgl.minigames.MiniGameService
15:44:25.073 [FXGL Background Thread 3 ] DEBUG Engine               - class com.almasb.fxgl.net.NetService
15:44:25.073 [FXGL Background Thread 3 ] DEBUG Engine               - class com.almasb.fxgl.app.services.UpdaterService
15:44:25.073 [FXGL Background Thread 3 ] DEBUG Engine               - class com.almasb.fxgl.dev.DevService
15:44:34.603 [JavaFX Application Thread] DEBUG PrimaryStageWindow   - Pop state: LoginScene
15:44:34.604 [JavaFX Application Thread] DEBUG Input                - Clearing active input actions
15:44:34.605 [JavaFX Application Thread] DEBUG GameApplicationServi - Removing overlay from LoginScene and adding to MainMenu
15:44:34.610 [JavaFX Application Thread] DEBUG PrimaryStageWindow   - MainMenu <- LoginScene
15:44:34.610 [JavaFX Application Thread] DEBUG PrimaryStageWindow   - Pop state: MainMenu
15:44:34.611 [JavaFX Application Thread] DEBUG Input                - Clearing active input actions
15:44:34.611 [JavaFX Application Thread] DEBUG GameApplicationServi - Removing overlay from MainMenu and adding to FXGLMainMenuDummyScene
15:44:34.612 [JavaFX Application Thread] DEBUG PrimaryStageWindow   - FXGLMainMenuDummyScene <- MainMenu
15:44:34.698 [JavaFX Application Thread] DEBUG PrimaryStageWindow   - Push state: MainMenu
15:44:34.699 [JavaFX Application Thread] DEBUG Input                - Clearing active input actions
15:44:34.699 [JavaFX Application Thread] DEBUG GameApplicationServi - Removing overlay from FXGLMainMenuDummyScene and adding to MainMenu
15:44:34.701 [JavaFX Application Thread] DEBUG PrimaryStageWindow   - FXGLMainMenuDummyScene -> MainMenu
15:44:34.703 [JavaFX Application Thread] DEBUG PrimaryStageWindow   - Push state: DialogSubScene
15:44:34.703 [JavaFX Application Thread] DEBUG Input                - Clearing active input actions
15:44:34.704 [JavaFX Application Thread] DEBUG GameApplicationServi - Removing overlay from MainMenu and adding to DialogSubScene
15:44:34.704 [JavaFX Application Thread] DEBUG PrimaryStageWindow   - MainMenu -> DialogSubScene
15:44:38.208 [JavaFX Application Thread] DEBUG PrimaryStageWindow   - Pop state: DialogSubScene
15:44:38.208 [JavaFX Application Thread] DEBUG Input                - Clearing active input actions
15:44:38.209 [JavaFX Application Thread] DEBUG GameApplicationServi - Removing overlay from DialogSubScene and adding to MainMenu
15:44:38.211 [JavaFX Application Thread] DEBUG PrimaryStageWindow   - MainMenu <- DialogSubScene
15:44:42.050 [JavaFX Application Thread] DEBUG PrimaryStageWindow   - Push state: JoinRoomSecne
15:44:42.050 [JavaFX Application Thread] DEBUG Input                - Clearing active input actions
15:44:42.050 [JavaFX Application Thread] DEBUG GameApplicationServi - Removing overlay from MainMenu and adding to JoinRoomSecne
15:44:42.051 [JavaFX Application Thread] DEBUG PrimaryStageWindow   - MainMenu -> JoinRoomSecne
15:44:54.038 [JavaFX Application Thread] DEBUG PrimaryStageWindow   - Push state: CreateRoomScene
15:44:54.038 [JavaFX Application Thread] DEBUG Input                - Clearing active input actions
15:44:54.038 [JavaFX Application Thread] DEBUG GameApplicationServi - Removing overlay from JoinRoomSecne and adding to CreateRoomScene
15:44:54.039 [JavaFX Application Thread] DEBUG PrimaryStageWindow   - JoinRoomSecne -> CreateRoomScene
15:45:12.302 [JavaFX Application Thread] DEBUG GameApplicationServi - Starting new game
15:45:12.303 [JavaFX Application Thread] DEBUG PrimaryStageWindow   - Pop state: CreateRoomScene
15:45:12.303 [JavaFX Application Thread] DEBUG Input                - Clearing active input actions
15:45:12.304 [JavaFX Application Thread] DEBUG GameApplicationServi - Removing overlay from CreateRoomScene and adding to JoinRoomSecne
15:45:12.305 [JavaFX Application Thread] DEBUG PrimaryStageWindow   - JoinRoomSecne <- CreateRoomScene
15:45:12.305 [JavaFX Application Thread] DEBUG PrimaryStageWindow   - Pop state: JoinRoomSecne
15:45:12.305 [JavaFX Application Thread] DEBUG Input                - Clearing active input actions
15:45:12.306 [JavaFX Application Thread] DEBUG GameApplicationServi - Removing overlay from JoinRoomSecne and adding to MainMenu
15:45:12.306 [JavaFX Application Thread] DEBUG PrimaryStageWindow   - MainMenu <- JoinRoomSecne
15:45:12.306 [JavaFX Application Thread] DEBUG PrimaryStageWindow   - Pop state: MainMenu
15:45:12.306 [JavaFX Application Thread] DEBUG Input                - Clearing active input actions
15:45:12.307 [JavaFX Application Thread] DEBUG GameApplicationServi - Removing overlay from MainMenu and adding to FXGLMainMenuDummyScene
15:45:12.307 [JavaFX Application Thread] DEBUG PrimaryStageWindow   - FXGLMainMenuDummyScene <- MainMenu
15:45:12.308 [JavaFX Application Thread] DEBUG Input                - Clearing active input actions
15:45:12.311 [JavaFX Application Thread] DEBUG GameApplicationServi - Removing overlay from FXGLMainMenuDummyScene and adding to FXGLLoadingScene
15:45:12.311 [JavaFX Application Thread] DEBUG PrimaryStageWindow   - FXGLMainMenuDummyScene -> FXGLLoadingScene
15:45:12.312 [JavaFX Application Thread] DEBUG GameApplicationServi - Clearing previous game
15:45:12.312 [JavaFX Application Thread] DEBUG GameScene            - Clearing game scene
15:45:12.312 [JavaFX Application Thread] DEBUG GameWorld            - Clearing game world
15:45:12.312 [JavaFX Application Thread] DEBUG PhysicsWorld         - Clearing physics world
15:45:12.314 [FXGL Background Thread 2 ] DEBUG FXGLApplication      - Initializing game
15:45:12.383 [FXGL Background Thread 2 ] INFO  FXGLApplication      - Game initialization took: 0.070 sec
15:45:12.384 [JavaFX Application Thread] DEBUG Input                - Clearing active input actions
15:45:12.387 [JavaFX Application Thread] DEBUG GameApplicationServi - Removing overlay from FXGLLoadingScene and adding to GameScene
15:45:12.388 [JavaFX Application Thread] DEBUG PrimaryStageWindow   - FXGLLoadingScene -> GameScene
15:45:30.475 [JavaFX Application Thread] DEBUG EventBus             - Firing event: com.tkuimwd.event.GoalEvent[source=javafx.event.Event$$Lambda$123/0x00000008002167a0@621ed43a]
15:45:36.604 [JavaFX Application Thread] DEBUG EventBus             - Firing event: com.tkuimwd.event.ChessReleaseEvent[source=javafx.event.Event$$Lambda$123/0x00000008002167a0@621ed43a]
15:46:24.060 [JavaFX Application Thread] DEBUG EventBus             - Firing event: com.tkuimwd.event.ChessReleaseEvent[source=javafx.event.Event$$Lambda$123/0x00000008002167a0@621ed43a]
15:47:18.750 [JavaFX Application Thread] DEBUG EventBus             - Firing event: com.tkuimwd.event.ChessReleaseEvent[source=javafx.event.Event$$Lambda$123/0x00000008002167a0@621ed43a]
15:51:38.024 [JavaFX Application Thread] DEBUG EventBus             - Firing event: com.tkuimwd.event.ChessReleaseEvent[source=javafx.event.Event$$Lambda$123/0x00000008002167a0@621ed43a]
15:58:13.919 [JavaFX Application Thread] DEBUG EventBus             - Firing event: com.tkuimwd.event.ChessReleaseEvent[source=javafx.event.Event$$Lambda$123/0x00000008002167a0@621ed43a]
15:58:54.772 [JavaFX Application Thread] DEBUG EventBus             - Firing event: com.tkuimwd.event.ChessReleaseEvent[source=javafx.event.Event$$Lambda$123/0x00000008002167a0@621ed43a]
15:59:35.695 [JavaFX Application Thread] DEBUG EventBus             - Firing event: com.tkuimwd.event.ChessReleaseEvent[source=javafx.event.Event$$Lambda$123/0x00000008002167a0@621ed43a]
15:59:36.887 [JavaFX Application Thread] DEBUG EventBus             - Firing event: com.tkuimwd.event.GoalEvent[source=javafx.event.Event$$Lambda$123/0x00000008002167a0@621ed43a]
16:00:13.577 [JavaFX Application Thread] DEBUG EventBus             - Firing event: com.tkuimwd.event.ChessReleaseEvent[source=javafx.event.Event$$Lambda$123/0x00000008002167a0@621ed43a]
16:01:02.460 [JavaFX Application Thread] DEBUG EventBus             - Firing event: com.tkuimwd.event.ChessReleaseEvent[source=javafx.event.Event$$Lambda$123/0x00000008002167a0@621ed43a]
16:01:55.002 [JavaFX Application Thread] DEBUG EventBus             - Firing event: com.tkuimwd.event.ChessReleaseEvent[source=javafx.event.Event$$Lambda$123/0x00000008002167a0@621ed43a]
16:02:11.487 [JavaFX Application Thread] DEBUG EventBus             - Firing event: com.tkuimwd.event.ChessReleaseEvent[source=javafx.event.Event$$Lambda$123/0x00000008002167a0@621ed43a]
16:02:12.976 [JavaFX Application Thread] DEBUG EventBus             - Firing event: com.tkuimwd.event.ChessReleaseEvent[source=javafx.event.Event$$Lambda$123/0x00000008002167a0@621ed43a]
16:02:16.423 [JavaFX Application Thread] DEBUG EventBus             - Firing event: com.tkuimwd.event.ChessReleaseEvent[source=javafx.event.Event$$Lambda$123/0x00000008002167a0@621ed43a]
16:02:17.782 [JavaFX Application Thread] DEBUG EventBus             - Firing event: com.tkuimwd.event.ChessReleaseEvent[source=javafx.event.Event$$Lambda$123/0x00000008002167a0@621ed43a]
16:03:21.657 [JavaFX Application Thread] DEBUG EventBus             - Firing event: com.tkuimwd.event.ChessReleaseEvent[source=javafx.event.Event$$Lambda$123/0x00000008002167a0@621ed43a]
16:11:25.793 [JavaFX Application Thread] DEBUG FXGLApplication      - Exiting FXGL
16:11:25.794 [JavaFX Application Thread] DEBUG LoopRunner           - Stopping loop
16:11:25.794 [JavaFX Application Thread] DEBUG SystemBundleService  - Saving FXGL system data
16:11:25.797 [JavaFX Application Thread] DEBUG FileSystemAccess     - Writing to: C:\Users\Kenny\Documents\vscode_java\FXGL\system\fxgl.bundle
16:11:25.798 [JavaFX Application Thread] DEBUG Async                - Shutting down background threads
16:11:25.798 [JavaFX Application Thread] DEBUG PrimaryStageWindow   - Closing main window
16:11:25.834 [JavaFX Application Thread] DEBUG Logger               - Closing Logger
