15:24:51.774 [main                     ] DEBUG Logger               - Configured Logger
15:24:51.795 [main                     ] DEBUG GameApplication      - Logging settings
Title: CHESS SOCCER
Version: v1.1
Width: 1020
Height: 748
Fullscreen: false
Intro: false
Profiling: false
Single step:false
App Mode: DEVELOPER
Menu Key: ESCAPE
Stage Style: DECORATED
Scene Factory: class com.tkuimwd.factory.MenuFactory

15:24:52.084 [JavaFX Application Thread] DEBUG FXGLApplication      - Initializing FXGL
15:24:52.088 [JavaFX Application Thread] INFO  Engine               - FXGL-17 (31.12.2021 18.16) on WINDOWS (J:17.0.12 FX:17.0.0.1)
15:24:52.089 [JavaFX Application Thread] DEBUG Engine               - JRE Vendor Name: Eclipse Adoptium
15:24:52.089 [JavaFX Application Thread] DEBUG Engine               - Running on OS: Windows 11 version 10.0
15:24:52.089 [JavaFX Application Thread] DEBUG Engine               - Architecture: amd64
15:24:52.089 [JavaFX Application Thread] INFO  Engine               - Source code and latest versions at: https://github.com/AlmasB/FXGL
15:24:52.089 [JavaFX Application Thread] INFO  Engine               -       Ask questions and discuss at: https://github.com/AlmasB/FXGL/discussions
15:24:52.090 [JavaFX Application Thread] INFO  Engine               -              Join the FXGL chat at: https://gitter.im/AlmasB/FXGL
15:24:52.176 [JavaFX Application Thread] DEBUG PrimaryStageWindow   - Creating a JavaFX scene
15:24:52.209 [JavaFX Application Thread] DEBUG PrimaryStageWindow   - Target settings size: 1020.0 x 748.0
15:24:52.210 [JavaFX Application Thread] DEBUG PrimaryStageWindow   - Scaled scene size:    1020.0 x 748.0
15:24:52.210 [JavaFX Application Thread] DEBUG PrimaryStageWindow   - Scaled ratio: (1.0, 1.0)
15:24:52.211 [JavaFX Application Thread] DEBUG PrimaryStageWindow   - Set initial scene to FXGLStartupScene
15:24:52.217 [JavaFX Application Thread] DEBUG PrimaryStageWindow   - Opening main window
15:24:52.302 [JavaFX Application Thread] DEBUG PrimaryStageWindow   - Window border size: (13.0, 35.5)
15:24:52.302 [JavaFX Application Thread] DEBUG PrimaryStageWindow   - Scaled size: 1020.0 x 748.0
15:24:52.303 [JavaFX Application Thread] DEBUG PrimaryStageWindow   - Scaled ratio: (1.0, 1.0)
15:24:52.303 [JavaFX Application Thread] DEBUG PrimaryStageWindow   - Scene size: 1020.0 x 748.0
15:24:52.303 [JavaFX Application Thread] DEBUG PrimaryStageWindow   - Stage size: 1033.0 x 783.5
15:24:52.312 [FXGL Background Thread 1 ] DEBUG Engine               - Initializing environment variables
15:24:52.352 [FXGL Background Thread 1 ] DEBUG FXGLAssetLoaderServi - User app class for loading assets: class com.tkuimwd.Main
15:24:52.353 [FXGL Background Thread 1 ] DEBUG GameApplicationServi - Applying CSS: fxgl_dark.css
15:24:52.353 [FXGL Background Thread 1 ] DEBUG FXGLAssetLoaderServi - Loading from file system: jar:file:/C:/Users/Kenny/.m2/repository/com/github/almasb/fxgl/17/fxgl-17.jar!/fxglassets/ui/css/fxgl_dark.css
15:24:52.384 [FXGL Background Thread 1 ] DEBUG GameApplicationServi - Initializing application scenes
15:24:52.455 [FXGL Background Thread 1 ] DEBUG GameWorld            - Game world initialized
15:24:52.510 [FXGL Background Thread 1 ] DEBUG PhysicsWorld         - Physics world initialized: appHeight=748, physics.ppm=50.0
15:24:52.510 [FXGL Background Thread 1 ] DEBUG PhysicsWorld         - Using strategy: BRUTE_FORCE
15:24:52.516 [FXGL Background Thread 1 ] DEBUG GameScene            - Game scene initialized: 1020x748
15:24:52.622 [FXGL Background Thread 1 ] DEBUG FXGL.DefaultMenu     - createMenuBodyGameMenu()
15:24:52.633 [FXGL Background Thread 1 ] DEBUG FXGL.DefaultMenu     - createOptionsMenu()
15:24:52.641 [FXGL Background Thread 1 ] DEBUG FXGLAssetLoaderServi - Loading from file system: jar:file:/C:/Users/Kenny/.m2/repository/com/github/almasb/fxgl/17/fxgl-17.jar!/fxglassets/textures/particles/smoke.png
15:24:52.716 [FXGL Background Thread 1 ] DEBUG FXGLAssetLoaderServi - Loading from file system: jar:file:/C:/Users/Kenny/.m2/repository/com/github/almasb/fxgl/17/fxgl-17.jar!/fxglassets/textures/particles/trace_horizontal.png
15:24:52.736 [FXGL Background Thread 1 ] DEBUG GameApplicationServi - Application scenes initialized
15:24:52.745 [FXGL Background Thread 1 ] DEBUG SystemBundleService  - Loading FXGL system data
15:24:52.748 [FXGL Background Thread 1 ] DEBUG FileSystemAccess     - Reading from: C:\Users\Kenny\Documents\vscode_java\FXGL\system\fxgl.bundle
15:24:52.753 [FXGL Background Thread 1 ] DEBUG SystemBundleService  - Bundle FXGL: {}
15:24:52.754 [FXGL Background Thread 1 ] DEBUG UpdaterService       - Checking for updates
15:24:52.778 [FXGL Background Thread 4 ] DEBUG FXGLApplication      - Loading fonts
15:24:52.778 [FXGL Background Thread 1 ] DEBUG FXGLApplication      - Loading default localization
15:24:52.778 [FXGL Background Thread 4 ] DEBUG FXGLAssetLoaderServi - Loading from file system: jar:file:/C:/Users/Kenny/.m2/repository/com/github/almasb/fxgl/17/fxgl-17.jar!/fxglassets/ui/fonts/VarelaRound-Regular.ttf
15:24:52.779 [FXGL Background Thread 1 ] DEBUG FXGLAssetLoaderServi - Loading from file system: jar:file:/C:/Users/Kenny/.m2/repository/com/github/almasb/fxgl/17/fxgl-17.jar!/fxglassets/languages/english.lang
15:24:52.795 [FXGL Background Thread 1 ] INFO  FXGLApplication      - FXGL initialization took: 0.483 sec
15:24:52.796 [JavaFX Application Thread] DEBUG FXGLAssetLoaderServi - Loading from file system: jar:file:/C:/Users/Kenny/.m2/repository/com/github/almasb/fxgl/17/fxgl-17.jar!/fxglassets/textures/fxgl_icon.png
15:24:52.822 [JavaFX Application Thread] DEBUG FXGLAssetLoaderServi - Loading from file system: jar:file:/C:/Users/Kenny/.m2/repository/com/github/almasb/fxgl/17/fxgl-17.jar!/fxglassets/textures/fxgl_default_cursor.png
15:24:52.835 [FXGL Background Thread 4 ] DEBUG FXGLAssetLoaderServi - Loading from file system: jar:file:/C:/Users/Kenny/.m2/repository/com/github/almasb/fxgl/17/fxgl-17.jar!/fxglassets/ui/fonts/Abel-Regular.ttf
15:24:52.837 [FXGL Background Thread 4 ] DEBUG FXGLAssetLoaderServi - Loading from file system: jar:file:/C:/Users/Kenny/.m2/repository/com/github/almasb/fxgl/17/fxgl-17.jar!/fxglassets/ui/fonts/TerminalLandMono-Regular.otf
15:24:52.839 [FXGL Background Thread 4 ] DEBUG FXGLAssetLoaderServi - Loading from file system: jar:file:/C:/Users/Kenny/.m2/repository/com/github/almasb/fxgl/17/fxgl-17.jar!/fxglassets/ui/fonts/Courier-Prime.ttf
15:24:52.850 [JavaFX Application Thread] DEBUG Input                - Registered new binding: Screenshot - CTRL+8
15:24:52.851 [JavaFX Application Thread] DEBUG Input                - Registered new binding: Dev Options - 1
15:24:52.852 [JavaFX Application Thread] DEBUG Input                - Registered new binding: Dev Console - 2
15:24:52.853 [JavaFX Application Thread] DEBUG Input                - Registered new binding: System info dump - CTRL+9
15:24:52.854 [JavaFX Application Thread] DEBUG Input                - Registered new binding: Restart - CTRL+R
15:24:52.855 [JavaFX Application Thread] DEBUG Input                - Registered new binding: Toggle Debug Camera - CTRL+7
15:24:52.860 [JavaFX Application Thread] DEBUG LoopRunner           - Starting loop
15:24:52.901 [JavaFX Application Thread] DEBUG LoopRunner           - Initializing JavaFX AnimationTimerLoop
15:24:52.905 [JavaFX Application Thread] DEBUG Input                - Clearing active input actions
15:24:52.909 [JavaFX Application Thread] DEBUG GameApplicationServi - Removing overlay from FXGLStartupScene and adding to FXGLMainMenuDummyScene
15:24:52.917 [JavaFX Application Thread] DEBUG PrimaryStageWindow   - FXGLStartupScene -> FXGLMainMenuDummyScene
15:24:52.918 [JavaFX Application Thread] DEBUG PrimaryStageWindow   - Push state: MainMenu
15:24:52.918 [JavaFX Application Thread] DEBUG Input                - Clearing active input actions
15:24:52.924 [JavaFX Application Thread] DEBUG GameApplicationServi - Removing overlay from FXGLMainMenuDummyScene and adding to MainMenu
15:24:52.924 [JavaFX Application Thread] DEBUG PrimaryStageWindow   - FXGLMainMenuDummyScene -> MainMenu
15:24:52.925 [JavaFX Application Thread] DEBUG FXGLApplication      - Registering font factories with UI factory
15:24:53.235 [FXGL Background Thread 2 ] INFO  UpdaterService       - Your current version:  17
15:24:53.236 [FXGL Background Thread 2 ] INFO  UpdaterService       - Latest stable version: 21.1
15:24:55.777 [FXGL Background Thread 3 ] DEBUG Engine               - Logging environment variables
15:24:55.777 [FXGL Background Thread 3 ] DEBUG Engine               - achievements: []
15:24:55.777 [FXGL Background Thread 3 ] DEBUG Engine               - actualHeight: 748.0
15:24:55.778 [FXGL Background Thread 3 ] DEBUG Engine               - actualHeightProperty: ReadOnlyDoubleProperty [value: 748.0]
15:24:55.778 [FXGL Background Thread 3 ] DEBUG Engine               - actualWidth: 1020.0
15:24:55.778 [FXGL Background Thread 3 ] DEBUG Engine               - actualWidthProperty: ReadOnlyDoubleProperty [value: 1020.0]
15:24:55.778 [FXGL Background Thread 3 ] DEBUG Engine               - appIcon: fxgl_icon.png
15:24:55.778 [FXGL Background Thread 3 ] DEBUG Engine               - applicationMode: DEVELOPER
15:24:55.778 [FXGL Background Thread 3 ] DEBUG Engine               - cSSList: [fxgl_dark.css]
15:24:55.778 [FXGL Background Thread 3 ] DEBUG Engine               - collisionDetectionStrategy: BRUTE_FORCE
15:24:55.778 [FXGL Background Thread 3 ] DEBUG Engine               - configClass: Optional.empty
15:24:55.778 [FXGL Background Thread 3 ] DEBUG Engine               - credits: []
15:24:55.778 [FXGL Background Thread 3 ] DEBUG Engine               - defaultCursor: CursorInfo(imageName=fxgl_default_cursor.png, hotspotX=7.0, hotspotY=6.0)
15:24:55.779 [FXGL Background Thread 3 ] DEBUG Engine               - devBBoxColorProperty: ObjectProperty [value: 0xff0000ff]
15:24:55.779 [FXGL Background Thread 3 ] DEBUG Engine               - devEnableDebugCameraProperty: BooleanProperty [value: false]
15:24:55.779 [FXGL Background Thread 3 ] DEBUG Engine               - devSensorColorProperty: ObjectProperty [value: 0xffff00ff]
15:24:55.779 [FXGL Background Thread 3 ] DEBUG Engine               - devShowBBoxProperty: BooleanProperty [value: false]
15:24:55.779 [FXGL Background Thread 3 ] DEBUG Engine               - devShowPositionProperty: BooleanProperty [value: false]
15:24:55.779 [FXGL Background Thread 3 ] DEBUG Engine               - enabledMenuItems: []
15:24:55.779 [FXGL Background Thread 3 ] DEBUG Engine               - engineServices: [class com.almasb.fxgl.app.services.FXGLAssetLoaderService, class com.almasb.fxgl.app.FXGLApplication$GameApplicationService, class com.almasb.fxgl.app.services.FXGLDialogService, class com.almasb.fxgl.app.services.IOTaskExecutorService, class com.almasb.fxgl.io.FileSystemService, class com.almasb.fxgl.localization.LocalizationService, class com.almasb.fxgl.app.services.SystemBundleService, class com.almasb.fxgl.profile.SaveLoadService, class com.almasb.fxgl.ui.FXGLUIFactoryServiceProvider, class com.almasb.fxgl.ui.FXGLDialogFactoryServiceProvider, class com.almasb.fxgl.audio.AudioPlayer, class com.almasb.fxgl.notification.impl.NotificationServiceProvider, class com.almasb.fxgl.achievement.AchievementService, class com.almasb.fxgl.cutscene.CutsceneService, class com.almasb.fxgl.minigames.MiniGameService, class com.almasb.fxgl.net.NetService, class com.almasb.fxgl.app.services.UpdaterService, class com.almasb.fxgl.dev.DevService]
15:24:55.779 [FXGL Background Thread 3 ] DEBUG Engine               - fontGame: Abel-Regular.ttf
15:24:55.779 [FXGL Background Thread 3 ] DEBUG Engine               - fontMono: TerminalLandMono-Regular.otf
15:24:55.780 [FXGL Background Thread 3 ] DEBUG Engine               - fontText: Courier-Prime.ttf
15:24:55.780 [FXGL Background Thread 3 ] DEBUG Engine               - fontUI: VarelaRound-Regular.ttf
15:24:55.780 [FXGL Background Thread 3 ] DEBUG Engine               - fullScreen: BooleanProperty [value: false]
15:24:55.780 [FXGL Background Thread 3 ] DEBUG Engine               - gameDifficulty: MEDIUM
15:24:55.780 [FXGL Background Thread 3 ] DEBUG Engine               - gameDifficultyProperty: ObjectProperty [value: MEDIUM]
15:24:55.780 [FXGL Background Thread 3 ] DEBUG Engine               - globalMusicVolume: 0.5
15:24:55.780 [FXGL Background Thread 3 ] DEBUG Engine               - globalMusicVolumeProperty: DoubleProperty [value: 0.5]
15:24:55.780 [FXGL Background Thread 3 ] DEBUG Engine               - globalSoundVolume: 0.5
15:24:55.780 [FXGL Background Thread 3 ] DEBUG Engine               - globalSoundVolumeProperty: DoubleProperty [value: 0.5]
15:24:55.780 [FXGL Background Thread 3 ] DEBUG Engine               - height: 748
15:24:55.780 [FXGL Background Thread 3 ] DEBUG Engine               - is3D: false
15:24:55.780 [FXGL Background Thread 3 ] DEBUG Engine               - isAndroid: false
15:24:55.780 [FXGL Background Thread 3 ] DEBUG Engine               - isBrowser: false
15:24:55.780 [FXGL Background Thread 3 ] DEBUG Engine               - isClickFeedbackEnabled: false
15:24:55.780 [FXGL Background Thread 3 ] DEBUG Engine               - isCloseConfirmation: false
15:24:55.780 [FXGL Background Thread 3 ] DEBUG Engine               - isDesktop: true
15:24:55.780 [FXGL Background Thread 3 ] DEBUG Engine               - isDeveloperMenuEnabled: true
15:24:55.780 [FXGL Background Thread 3 ] DEBUG Engine               - isEmbedded: false
15:24:55.781 [FXGL Background Thread 3 ] DEBUG Engine               - isEntityPreloadEnabled: true
15:24:55.781 [FXGL Background Thread 3 ] DEBUG Engine               - isExperimentalTiledLargeMap: false
15:24:55.781 [FXGL Background Thread 3 ] DEBUG Engine               - isFileSystemWriteAllowed: true
15:24:55.781 [FXGL Background Thread 3 ] DEBUG Engine               - isFullScreenAllowed: false
15:24:55.781 [FXGL Background Thread 3 ] DEBUG Engine               - isFullScreenFromStart: false
15:24:55.781 [FXGL Background Thread 3 ] DEBUG Engine               - isGameMenuEnabled: true
15:24:55.781 [FXGL Background Thread 3 ] DEBUG Engine               - isIOS: false
15:24:55.781 [FXGL Background Thread 3 ] DEBUG Engine               - isIntroEnabled: false
15:24:55.781 [FXGL Background Thread 3 ] DEBUG Engine               - isLinux: false
15:24:55.781 [FXGL Background Thread 3 ] DEBUG Engine               - isMac: false
15:24:55.781 [FXGL Background Thread 3 ] DEBUG Engine               - isMainMenuEnabled: true
15:24:55.781 [FXGL Background Thread 3 ] DEBUG Engine               - isManualResizeEnabled: false
15:24:55.781 [FXGL Background Thread 3 ] DEBUG Engine               - isMobile: false
15:24:55.781 [FXGL Background Thread 3 ] DEBUG Engine               - isNative: false
15:24:55.781 [FXGL Background Thread 3 ] DEBUG Engine               - isPauseMusicWhenMinimized: true
15:24:55.781 [FXGL Background Thread 3 ] DEBUG Engine               - isPreserveResizeRatio: false
15:24:55.781 [FXGL Background Thread 3 ] DEBUG Engine               - isProfilingEnabled: false
15:24:55.781 [FXGL Background Thread 3 ] DEBUG Engine               - isScaleAffectedOnResize: true
15:24:55.781 [FXGL Background Thread 3 ] DEBUG Engine               - isSingleStep: false
15:24:55.781 [FXGL Background Thread 3 ] DEBUG Engine               - isUserProfileEnabled: false
15:24:55.781 [FXGL Background Thread 3 ] DEBUG Engine               - isWindows: true
15:24:55.781 [FXGL Background Thread 3 ] DEBUG Engine               - language: ObjectProperty [value: ENGLISH]
15:24:55.781 [FXGL Background Thread 3 ] DEBUG Engine               - menuKey: ESCAPE
15:24:55.781 [FXGL Background Thread 3 ] DEBUG Engine               - mouseSensitivity: 0.2
15:24:55.781 [FXGL Background Thread 3 ] DEBUG Engine               - notificationViewClass: class com.almasb.fxgl.notification.view.XboxNotificationView
15:24:55.781 [FXGL Background Thread 3 ] DEBUG Engine               - pixelsPerMeter: 50.0
15:24:55.781 [FXGL Background Thread 3 ] DEBUG Engine               - platform: WINDOWS
15:24:55.781 [FXGL Background Thread 3 ] DEBUG Engine               - prefHeightProperty: ReadOnlyDoubleProperty [value: 748.0]
15:24:55.782 [FXGL Background Thread 3 ] DEBUG Engine               - prefWidthProperty: ReadOnlyDoubleProperty [value: 1020.0]
15:24:55.782 [FXGL Background Thread 3 ] DEBUG Engine               - profileDir: profiles/
15:24:55.782 [FXGL Background Thread 3 ] DEBUG Engine               - profileName: StringProperty [value: DEFAULT]
15:24:55.782 [FXGL Background Thread 3 ] DEBUG Engine               - randomSeed: -1
15:24:55.782 [FXGL Background Thread 3 ] DEBUG Engine               - runtimeInfo: RuntimeInfo(platform=WINDOWS, version=17, build=31.12.2021 18.16)
15:24:55.782 [FXGL Background Thread 3 ] DEBUG Engine               - saveFileExt: sav
15:24:55.782 [FXGL Background Thread 3 ] DEBUG Engine               - scaledHeightProp$fxgl: DoubleProperty [bound, value: 748.0]
15:24:55.782 [FXGL Background Thread 3 ] DEBUG Engine               - scaledWidthProp$fxgl: DoubleProperty [bound, value: 1020.0]
15:24:55.782 [FXGL Background Thread 3 ] DEBUG Engine               - sceneFactory: com.tkuimwd.factory.MenuFactory@d1a3a58
15:24:55.782 [FXGL Background Thread 3 ] DEBUG Engine               - secondsIn24h: 60
15:24:55.782 [FXGL Background Thread 3 ] DEBUG Engine               - soundMenuBack: menu/back.wav
15:24:55.782 [FXGL Background Thread 3 ] DEBUG Engine               - soundMenuPress: menu/press.wav
15:24:55.782 [FXGL Background Thread 3 ] DEBUG Engine               - soundMenuSelect: menu/select.wav
15:24:55.782 [FXGL Background Thread 3 ] DEBUG Engine               - soundNotification: core/notification.wav
15:24:55.782 [FXGL Background Thread 3 ] DEBUG Engine               - stageStyle: DECORATED
15:24:55.782 [FXGL Background Thread 3 ] DEBUG Engine               - supportedLanguages: [ENGLISH, FRENCH, GERMAN, HUNGARIAN, RUSSIAN]
15:24:55.782 [FXGL Background Thread 3 ] DEBUG Engine               - ticksPerSecond: -1
15:24:55.782 [FXGL Background Thread 3 ] DEBUG Engine               - title: CHESS SOCCER
15:24:55.782 [FXGL Background Thread 3 ] DEBUG Engine               - urlGithub: https://github.com/AlmasB/FXGL
15:24:55.782 [FXGL Background Thread 3 ] DEBUG Engine               - urlLeaderboard: http://fxgl-top.herokuapp.com/
15:24:55.782 [FXGL Background Thread 3 ] DEBUG Engine               - urlPOM: https://raw.githubusercontent.com/AlmasB/FXGL/release/README.md
15:24:55.782 [FXGL Background Thread 3 ] DEBUG Engine               - userAppClass: class com.tkuimwd.Main
15:24:55.782 [FXGL Background Thread 3 ] DEBUG Engine               - version: v1.1
15:24:55.782 [FXGL Background Thread 3 ] DEBUG Engine               - versionCheckDays: 7
15:24:55.782 [FXGL Background Thread 3 ] DEBUG Engine               - width: 1020
15:24:55.783 [FXGL Background Thread 3 ] DEBUG Engine               - Logging services
15:24:55.783 [FXGL Background Thread 3 ] DEBUG Engine               - class com.almasb.fxgl.app.services.FXGLAssetLoaderService
15:24:55.783 [FXGL Background Thread 3 ] DEBUG Engine               - class com.almasb.fxgl.app.FXGLApplication$GameApplicationService
15:24:55.783 [FXGL Background Thread 3 ] DEBUG Engine               - class com.almasb.fxgl.app.services.FXGLDialogService
15:24:55.783 [FXGL Background Thread 3 ] DEBUG Engine               - class com.almasb.fxgl.app.services.IOTaskExecutorService
15:24:55.783 [FXGL Background Thread 3 ] DEBUG Engine               - class com.almasb.fxgl.io.FileSystemService
15:24:55.783 [FXGL Background Thread 3 ] DEBUG Engine               - class com.almasb.fxgl.localization.LocalizationService
15:24:55.783 [FXGL Background Thread 3 ] DEBUG Engine               - class com.almasb.fxgl.app.services.SystemBundleService
15:24:55.783 [FXGL Background Thread 3 ] DEBUG Engine               - class com.almasb.fxgl.profile.SaveLoadService
15:24:55.783 [FXGL Background Thread 3 ] DEBUG Engine               - class com.almasb.fxgl.ui.FXGLUIFactoryServiceProvider
15:24:55.783 [FXGL Background Thread 3 ] DEBUG Engine               - class com.almasb.fxgl.ui.FXGLDialogFactoryServiceProvider
15:24:55.783 [FXGL Background Thread 3 ] DEBUG Engine               - class com.almasb.fxgl.audio.AudioPlayer
15:24:55.783 [FXGL Background Thread 3 ] DEBUG Engine               - class com.almasb.fxgl.notification.impl.NotificationServiceProvider
15:24:55.783 [FXGL Background Thread 3 ] DEBUG Engine               - class com.almasb.fxgl.achievement.AchievementService
15:24:55.783 [FXGL Background Thread 3 ] DEBUG Engine               - class com.almasb.fxgl.cutscene.CutsceneService
15:24:55.783 [FXGL Background Thread 3 ] DEBUG Engine               - class com.almasb.fxgl.minigames.MiniGameService
15:24:55.783 [FXGL Background Thread 3 ] DEBUG Engine               - class com.almasb.fxgl.net.NetService
15:24:55.783 [FXGL Background Thread 3 ] DEBUG Engine               - class com.almasb.fxgl.app.services.UpdaterService
15:24:55.783 [FXGL Background Thread 3 ] DEBUG Engine               - class com.almasb.fxgl.dev.DevService
15:25:03.050 [JavaFX Application Thread] DEBUG PrimaryStageWindow   - Push state: LoginScene
15:25:03.050 [JavaFX Application Thread] DEBUG Input                - Clearing active input actions
15:25:03.052 [JavaFX Application Thread] DEBUG GameApplicationServi - Removing overlay from MainMenu and adding to LoginScene
15:25:03.053 [JavaFX Application Thread] DEBUG PrimaryStageWindow   - MainMenu -> LoginScene
15:25:06.997 [JavaFX Application Thread] DEBUG PrimaryStageWindow   - Pop state: LoginScene
15:25:06.997 [JavaFX Application Thread] DEBUG Input                - Clearing active input actions
15:25:06.997 [JavaFX Application Thread] DEBUG GameApplicationServi - Removing overlay from LoginScene and adding to MainMenu
15:25:07.000 [JavaFX Application Thread] DEBUG PrimaryStageWindow   - MainMenu <- LoginScene
15:25:07.000 [JavaFX Application Thread] DEBUG PrimaryStageWindow   - Pop state: MainMenu
15:25:07.001 [JavaFX Application Thread] DEBUG Input                - Clearing active input actions
15:25:07.001 [JavaFX Application Thread] DEBUG GameApplicationServi - Removing overlay from MainMenu and adding to FXGLMainMenuDummyScene
15:25:07.002 [JavaFX Application Thread] DEBUG PrimaryStageWindow   - FXGLMainMenuDummyScene <- MainMenu
15:25:07.131 [JavaFX Application Thread] DEBUG PrimaryStageWindow   - Push state: MainMenu
15:25:07.132 [JavaFX Application Thread] DEBUG Input                - Clearing active input actions
15:25:07.132 [JavaFX Application Thread] DEBUG GameApplicationServi - Removing overlay from FXGLMainMenuDummyScene and adding to MainMenu
15:25:07.135 [JavaFX Application Thread] DEBUG PrimaryStageWindow   - FXGLMainMenuDummyScene -> MainMenu
15:25:07.136 [JavaFX Application Thread] DEBUG PrimaryStageWindow   - Push state: DialogSubScene
15:25:07.136 [JavaFX Application Thread] DEBUG Input                - Clearing active input actions
15:25:07.136 [JavaFX Application Thread] DEBUG GameApplicationServi - Removing overlay from MainMenu and adding to DialogSubScene
15:25:07.137 [JavaFX Application Thread] DEBUG PrimaryStageWindow   - MainMenu -> DialogSubScene
15:25:11.313 [JavaFX Application Thread] DEBUG PrimaryStageWindow   - Pop state: DialogSubScene
15:25:11.313 [JavaFX Application Thread] DEBUG Input                - Clearing active input actions
15:25:11.313 [JavaFX Application Thread] DEBUG GameApplicationServi - Removing overlay from DialogSubScene and adding to MainMenu
15:25:11.314 [JavaFX Application Thread] DEBUG PrimaryStageWindow   - MainMenu <- DialogSubScene
15:25:14.370 [JavaFX Application Thread] DEBUG PrimaryStageWindow   - Push state: CreateRoomScene
15:25:14.370 [JavaFX Application Thread] DEBUG Input                - Clearing active input actions
15:25:14.371 [JavaFX Application Thread] DEBUG GameApplicationServi - Removing overlay from MainMenu and adding to CreateRoomScene
15:25:14.371 [JavaFX Application Thread] DEBUG PrimaryStageWindow   - MainMenu -> CreateRoomScene
15:25:29.310 [JavaFX Application Thread] DEBUG GameApplicationServi - Starting new game
15:25:29.310 [JavaFX Application Thread] DEBUG PrimaryStageWindow   - Pop state: CreateRoomScene
15:25:29.310 [JavaFX Application Thread] DEBUG Input                - Clearing active input actions
15:25:29.311 [JavaFX Application Thread] DEBUG GameApplicationServi - Removing overlay from CreateRoomScene and adding to MainMenu
15:25:29.312 [JavaFX Application Thread] DEBUG PrimaryStageWindow   - MainMenu <- CreateRoomScene
15:25:29.312 [JavaFX Application Thread] DEBUG PrimaryStageWindow   - Pop state: MainMenu
15:25:29.312 [JavaFX Application Thread] DEBUG Input                - Clearing active input actions
15:25:29.313 [JavaFX Application Thread] DEBUG GameApplicationServi - Removing overlay from MainMenu and adding to FXGLMainMenuDummyScene
15:25:29.313 [JavaFX Application Thread] DEBUG PrimaryStageWindow   - FXGLMainMenuDummyScene <- MainMenu
15:25:29.313 [JavaFX Application Thread] DEBUG Input                - Clearing active input actions
15:25:29.316 [JavaFX Application Thread] DEBUG GameApplicationServi - Removing overlay from FXGLMainMenuDummyScene and adding to FXGLLoadingScene
15:25:29.320 [JavaFX Application Thread] DEBUG PrimaryStageWindow   - FXGLMainMenuDummyScene -> FXGLLoadingScene
15:25:29.321 [JavaFX Application Thread] DEBUG GameApplicationServi - Clearing previous game
15:25:29.321 [JavaFX Application Thread] DEBUG GameScene            - Clearing game scene
15:25:29.321 [JavaFX Application Thread] DEBUG GameWorld            - Clearing game world
15:25:29.321 [JavaFX Application Thread] DEBUG PhysicsWorld         - Clearing physics world
15:25:29.322 [FXGL Background Thread 2 ] DEBUG FXGLApplication      - Initializing game
15:25:29.389 [FXGL Background Thread 2 ] INFO  FXGLApplication      - Game initialization took: 0.067 sec
15:25:29.398 [JavaFX Application Thread] DEBUG Input                - Clearing active input actions
15:25:29.401 [JavaFX Application Thread] DEBUG GameApplicationServi - Removing overlay from FXGLLoadingScene and adding to GameScene
15:25:29.402 [JavaFX Application Thread] DEBUG PrimaryStageWindow   - FXGLLoadingScene -> GameScene
15:26:39.420 [JavaFX Application Thread] DEBUG FXGLApplication      - Exiting FXGL
15:26:39.420 [JavaFX Application Thread] DEBUG LoopRunner           - Stopping loop
15:26:39.420 [JavaFX Application Thread] DEBUG SystemBundleService  - Saving FXGL system data
15:26:39.422 [JavaFX Application Thread] DEBUG FileSystemAccess     - Writing to: C:\Users\Kenny\Documents\vscode_java\FXGL\system\fxgl.bundle
15:26:39.423 [JavaFX Application Thread] DEBUG Async                - Shutting down background threads
15:26:39.423 [JavaFX Application Thread] DEBUG PrimaryStageWindow   - Closing main window
15:26:39.434 [JavaFX Application Thread] DEBUG Logger               - Closing Logger
