15:32:07.775 [main                     ] DEBUG Logger               - Configured Logger
15:32:07.791 [main                     ] DEBUG GameApplication      - Logging settings
Title: CHESS SOCCER
Version: v1.1
Width: 1020
Height: 748
Fullscreen: false
Intro: false
Profiling: false
Single step:false
App Mode: DEVELOPER
Menu Key: ESCAPE
Stage Style: DECORATED
Scene Factory: class com.tkuimwd.factory.MenuFactory

15:32:08.105 [JavaFX Application Thread] DEBUG FXGLApplication      - Initializing FXGL
15:32:08.110 [JavaFX Application Thread] INFO  Engine               - FXGL-17 (31.12.2021 18.16) on WINDOWS (J:17.0.12 FX:17.0.0.1)
15:32:08.110 [JavaFX Application Thread] DEBUG Engine               - JRE Vendor Name: Eclipse Adoptium
15:32:08.110 [JavaFX Application Thread] DEBUG Engine               - Running on OS: Windows 11 version 10.0
15:32:08.111 [JavaFX Application Thread] DEBUG Engine               - Architecture: amd64
15:32:08.111 [JavaFX Application Thread] INFO  Engine               - Source code and latest versions at: https://github.com/AlmasB/FXGL
15:32:08.111 [JavaFX Application Thread] INFO  Engine               -       Ask questions and discuss at: https://github.com/AlmasB/FXGL/discussions
15:32:08.111 [JavaFX Application Thread] INFO  Engine               -              Join the FXGL chat at: https://gitter.im/AlmasB/FXGL
15:32:08.195 [JavaFX Application Thread] DEBUG PrimaryStageWindow   - Creating a JavaFX scene
15:32:08.227 [JavaFX Application Thread] DEBUG PrimaryStageWindow   - Target settings size: 1020.0 x 748.0
15:32:08.227 [JavaFX Application Thread] DEBUG PrimaryStageWindow   - Scaled scene size:    1020.0 x 748.0
15:32:08.227 [JavaFX Application Thread] DEBUG PrimaryStageWindow   - Scaled ratio: (1.0, 1.0)
15:32:08.228 [JavaFX Application Thread] DEBUG PrimaryStageWindow   - Set initial scene to FXGLStartupScene
15:32:08.234 [JavaFX Application Thread] DEBUG PrimaryStageWindow   - Opening main window
15:32:08.321 [JavaFX Application Thread] DEBUG PrimaryStageWindow   - Window border size: (13.0, 35.5)
15:32:08.321 [JavaFX Application Thread] DEBUG PrimaryStageWindow   - Scaled size: 1020.0 x 748.0
15:32:08.321 [JavaFX Application Thread] DEBUG PrimaryStageWindow   - Scaled ratio: (1.0, 1.0)
15:32:08.321 [JavaFX Application Thread] DEBUG PrimaryStageWindow   - Scene size: 1020.0 x 748.0
15:32:08.321 [JavaFX Application Thread] DEBUG PrimaryStageWindow   - Stage size: 1033.0 x 783.5
15:32:08.326 [FXGL Background Thread 1 ] DEBUG Engine               - Initializing environment variables
15:32:08.367 [FXGL Background Thread 1 ] DEBUG FXGLAssetLoaderServi - User app class for loading assets: class com.tkuimwd.Main
15:32:08.367 [FXGL Background Thread 1 ] DEBUG GameApplicationServi - Applying CSS: fxgl_dark.css
15:32:08.367 [FXGL Background Thread 1 ] DEBUG FXGLAssetLoaderServi - Loading from file system: jar:file:/C:/Users/Kenny/.m2/repository/com/github/almasb/fxgl/17/fxgl-17.jar!/fxglassets/ui/css/fxgl_dark.css
15:32:08.403 [FXGL Background Thread 1 ] DEBUG GameApplicationServi - Initializing application scenes
15:32:08.473 [FXGL Background Thread 1 ] DEBUG GameWorld            - Game world initialized
15:32:08.524 [FXGL Background Thread 1 ] DEBUG PhysicsWorld         - Physics world initialized: appHeight=748, physics.ppm=50.0
15:32:08.525 [FXGL Background Thread 1 ] DEBUG PhysicsWorld         - Using strategy: BRUTE_FORCE
15:32:08.528 [FXGL Background Thread 1 ] DEBUG GameScene            - Game scene initialized: 1020x748
15:32:08.637 [FXGL Background Thread 1 ] DEBUG FXGL.DefaultMenu     - createMenuBodyGameMenu()
15:32:08.648 [FXGL Background Thread 1 ] DEBUG FXGL.DefaultMenu     - createOptionsMenu()
15:32:08.657 [FXGL Background Thread 1 ] DEBUG FXGLAssetLoaderServi - Loading from file system: jar:file:/C:/Users/Kenny/.m2/repository/com/github/almasb/fxgl/17/fxgl-17.jar!/fxglassets/textures/particles/smoke.png
15:32:08.733 [FXGL Background Thread 1 ] DEBUG FXGLAssetLoaderServi - Loading from file system: jar:file:/C:/Users/Kenny/.m2/repository/com/github/almasb/fxgl/17/fxgl-17.jar!/fxglassets/textures/particles/trace_horizontal.png
15:32:08.750 [FXGL Background Thread 1 ] DEBUG GameApplicationServi - Application scenes initialized
15:32:08.758 [FXGL Background Thread 1 ] DEBUG SystemBundleService  - Loading FXGL system data
15:32:08.762 [FXGL Background Thread 1 ] DEBUG FileSystemAccess     - Reading from: C:\Users\Kenny\Documents\vscode_java\FXGL\system\fxgl.bundle
15:32:08.767 [FXGL Background Thread 1 ] DEBUG SystemBundleService  - Bundle FXGL: {}
15:32:08.767 [FXGL Background Thread 1 ] DEBUG UpdaterService       - Checking for updates
15:32:08.797 [FXGL Background Thread 4 ] DEBUG FXGLApplication      - Loading fonts
15:32:08.798 [FXGL Background Thread 1 ] DEBUG FXGLApplication      - Loading default localization
15:32:08.798 [FXGL Background Thread 4 ] DEBUG FXGLAssetLoaderServi - Loading from file system: jar:file:/C:/Users/Kenny/.m2/repository/com/github/almasb/fxgl/17/fxgl-17.jar!/fxglassets/ui/fonts/VarelaRound-Regular.ttf
15:32:08.798 [FXGL Background Thread 1 ] DEBUG FXGLAssetLoaderServi - Loading from file system: jar:file:/C:/Users/Kenny/.m2/repository/com/github/almasb/fxgl/17/fxgl-17.jar!/fxglassets/languages/english.lang
15:32:08.823 [FXGL Background Thread 1 ] INFO  FXGLApplication      - FXGL initialization took: 0.497 sec
15:32:08.825 [JavaFX Application Thread] DEBUG FXGLAssetLoaderServi - Loading from file system: jar:file:/C:/Users/Kenny/.m2/repository/com/github/almasb/fxgl/17/fxgl-17.jar!/fxglassets/textures/fxgl_icon.png
15:32:08.852 [JavaFX Application Thread] DEBUG FXGLAssetLoaderServi - Loading from file system: jar:file:/C:/Users/Kenny/.m2/repository/com/github/almasb/fxgl/17/fxgl-17.jar!/fxglassets/textures/fxgl_default_cursor.png
15:32:08.861 [FXGL Background Thread 4 ] DEBUG FXGLAssetLoaderServi - Loading from file system: jar:file:/C:/Users/Kenny/.m2/repository/com/github/almasb/fxgl/17/fxgl-17.jar!/fxglassets/ui/fonts/Abel-Regular.ttf
15:32:08.863 [FXGL Background Thread 4 ] DEBUG FXGLAssetLoaderServi - Loading from file system: jar:file:/C:/Users/Kenny/.m2/repository/com/github/almasb/fxgl/17/fxgl-17.jar!/fxglassets/ui/fonts/TerminalLandMono-Regular.otf
15:32:08.865 [FXGL Background Thread 4 ] DEBUG FXGLAssetLoaderServi - Loading from file system: jar:file:/C:/Users/Kenny/.m2/repository/com/github/almasb/fxgl/17/fxgl-17.jar!/fxglassets/ui/fonts/Courier-Prime.ttf
15:32:08.878 [JavaFX Application Thread] DEBUG Input                - Registered new binding: Screenshot - CTRL+8
15:32:08.879 [JavaFX Application Thread] DEBUG Input                - Registered new binding: Dev Options - 1
15:32:08.880 [JavaFX Application Thread] DEBUG Input                - Registered new binding: Dev Console - 2
15:32:08.881 [JavaFX Application Thread] DEBUG Input                - Registered new binding: System info dump - CTRL+9
15:32:08.882 [JavaFX Application Thread] DEBUG Input                - Registered new binding: Restart - CTRL+R
15:32:08.884 [JavaFX Application Thread] DEBUG Input                - Registered new binding: Toggle Debug Camera - CTRL+7
15:32:08.890 [JavaFX Application Thread] DEBUG LoopRunner           - Starting loop
15:32:08.918 [JavaFX Application Thread] DEBUG LoopRunner           - Initializing JavaFX AnimationTimerLoop
15:32:08.921 [JavaFX Application Thread] DEBUG Input                - Clearing active input actions
15:32:08.924 [JavaFX Application Thread] DEBUG GameApplicationServi - Removing overlay from FXGLStartupScene and adding to FXGLMainMenuDummyScene
15:32:08.932 [JavaFX Application Thread] DEBUG PrimaryStageWindow   - FXGLStartupScene -> FXGLMainMenuDummyScene
15:32:08.932 [JavaFX Application Thread] DEBUG PrimaryStageWindow   - Push state: MainMenu
15:32:08.932 [JavaFX Application Thread] DEBUG Input                - Clearing active input actions
15:32:08.936 [JavaFX Application Thread] DEBUG GameApplicationServi - Removing overlay from FXGLMainMenuDummyScene and adding to MainMenu
15:32:08.937 [JavaFX Application Thread] DEBUG PrimaryStageWindow   - FXGLMainMenuDummyScene -> MainMenu
15:32:08.937 [JavaFX Application Thread] DEBUG FXGLApplication      - Registering font factories with UI factory
15:32:09.634 [FXGL Background Thread 2 ] INFO  UpdaterService       - Your current version:  17
15:32:09.634 [FXGL Background Thread 2 ] INFO  UpdaterService       - Latest stable version: 21.1
15:32:11.342 [JavaFX Application Thread] DEBUG PrimaryStageWindow   - Push state: LoginScene
15:32:11.342 [JavaFX Application Thread] DEBUG Input                - Clearing active input actions
15:32:11.343 [JavaFX Application Thread] DEBUG GameApplicationServi - Removing overlay from MainMenu and adding to LoginScene
15:32:11.345 [JavaFX Application Thread] DEBUG PrimaryStageWindow   - MainMenu -> LoginScene
15:32:11.797 [FXGL Background Thread 3 ] DEBUG Engine               - Logging environment variables
15:32:11.798 [FXGL Background Thread 3 ] DEBUG Engine               - achievements: []
15:32:11.798 [FXGL Background Thread 3 ] DEBUG Engine               - actualHeight: 748.0
15:32:11.798 [FXGL Background Thread 3 ] DEBUG Engine               - actualHeightProperty: ReadOnlyDoubleProperty [value: 748.0]
15:32:11.799 [FXGL Background Thread 3 ] DEBUG Engine               - actualWidth: 1020.0
15:32:11.799 [FXGL Background Thread 3 ] DEBUG Engine               - actualWidthProperty: ReadOnlyDoubleProperty [value: 1020.0]
15:32:11.799 [FXGL Background Thread 3 ] DEBUG Engine               - appIcon: fxgl_icon.png
15:32:11.799 [FXGL Background Thread 3 ] DEBUG Engine               - applicationMode: DEVELOPER
15:32:11.799 [FXGL Background Thread 3 ] DEBUG Engine               - cSSList: [fxgl_dark.css]
15:32:11.799 [FXGL Background Thread 3 ] DEBUG Engine               - collisionDetectionStrategy: BRUTE_FORCE
15:32:11.799 [FXGL Background Thread 3 ] DEBUG Engine               - configClass: Optional.empty
15:32:11.799 [FXGL Background Thread 3 ] DEBUG Engine               - credits: []
15:32:11.802 [FXGL Background Thread 3 ] DEBUG Engine               - defaultCursor: CursorInfo(imageName=fxgl_default_cursor.png, hotspotX=7.0, hotspotY=6.0)
15:32:11.802 [FXGL Background Thread 3 ] DEBUG Engine               - devBBoxColorProperty: ObjectProperty [value: 0xff0000ff]
15:32:11.802 [FXGL Background Thread 3 ] DEBUG Engine               - devEnableDebugCameraProperty: BooleanProperty [value: false]
15:32:11.802 [FXGL Background Thread 3 ] DEBUG Engine               - devSensorColorProperty: ObjectProperty [value: 0xffff00ff]
15:32:11.802 [FXGL Background Thread 3 ] DEBUG Engine               - devShowBBoxProperty: BooleanProperty [value: false]
15:32:11.803 [FXGL Background Thread 3 ] DEBUG Engine               - devShowPositionProperty: BooleanProperty [value: false]
15:32:11.803 [FXGL Background Thread 3 ] DEBUG Engine               - enabledMenuItems: []
15:32:11.803 [FXGL Background Thread 3 ] DEBUG Engine               - engineServices: [class com.almasb.fxgl.app.services.FXGLAssetLoaderService, class com.almasb.fxgl.app.FXGLApplication$GameApplicationService, class com.almasb.fxgl.app.services.FXGLDialogService, class com.almasb.fxgl.app.services.IOTaskExecutorService, class com.almasb.fxgl.io.FileSystemService, class com.almasb.fxgl.localization.LocalizationService, class com.almasb.fxgl.app.services.SystemBundleService, class com.almasb.fxgl.profile.SaveLoadService, class com.almasb.fxgl.ui.FXGLUIFactoryServiceProvider, class com.almasb.fxgl.ui.FXGLDialogFactoryServiceProvider, class com.almasb.fxgl.audio.AudioPlayer, class com.almasb.fxgl.notification.impl.NotificationServiceProvider, class com.almasb.fxgl.achievement.AchievementService, class com.almasb.fxgl.cutscene.CutsceneService, class com.almasb.fxgl.minigames.MiniGameService, class com.almasb.fxgl.net.NetService, class com.almasb.fxgl.app.services.UpdaterService, class com.almasb.fxgl.dev.DevService]
15:32:11.803 [FXGL Background Thread 3 ] DEBUG Engine               - fontGame: Abel-Regular.ttf
15:32:11.803 [FXGL Background Thread 3 ] DEBUG Engine               - fontMono: TerminalLandMono-Regular.otf
15:32:11.803 [FXGL Background Thread 3 ] DEBUG Engine               - fontText: Courier-Prime.ttf
15:32:11.803 [FXGL Background Thread 3 ] DEBUG Engine               - fontUI: VarelaRound-Regular.ttf
15:32:11.803 [FXGL Background Thread 3 ] DEBUG Engine               - fullScreen: BooleanProperty [value: false]
15:32:11.803 [FXGL Background Thread 3 ] DEBUG Engine               - gameDifficulty: MEDIUM
15:32:11.803 [FXGL Background Thread 3 ] DEBUG Engine               - gameDifficultyProperty: ObjectProperty [value: MEDIUM]
15:32:11.803 [FXGL Background Thread 3 ] DEBUG Engine               - globalMusicVolume: 0.5
15:32:11.803 [FXGL Background Thread 3 ] DEBUG Engine               - globalMusicVolumeProperty: DoubleProperty [value: 0.5]
15:32:11.803 [FXGL Background Thread 3 ] DEBUG Engine               - globalSoundVolume: 0.5
15:32:11.803 [FXGL Background Thread 3 ] DEBUG Engine               - globalSoundVolumeProperty: DoubleProperty [value: 0.5]
15:32:11.803 [FXGL Background Thread 3 ] DEBUG Engine               - height: 748
15:32:11.803 [FXGL Background Thread 3 ] DEBUG Engine               - is3D: false
15:32:11.803 [FXGL Background Thread 3 ] DEBUG Engine               - isAndroid: false
15:32:11.803 [FXGL Background Thread 3 ] DEBUG Engine               - isBrowser: false
15:32:11.804 [FXGL Background Thread 3 ] DEBUG Engine               - isClickFeedbackEnabled: false
15:32:11.804 [FXGL Background Thread 3 ] DEBUG Engine               - isCloseConfirmation: false
15:32:11.804 [FXGL Background Thread 3 ] DEBUG Engine               - isDesktop: true
15:32:11.804 [FXGL Background Thread 3 ] DEBUG Engine               - isDeveloperMenuEnabled: true
15:32:11.804 [FXGL Background Thread 3 ] DEBUG Engine               - isEmbedded: false
15:32:11.804 [FXGL Background Thread 3 ] DEBUG Engine               - isEntityPreloadEnabled: true
15:32:11.804 [FXGL Background Thread 3 ] DEBUG Engine               - isExperimentalTiledLargeMap: false
15:32:11.804 [FXGL Background Thread 3 ] DEBUG Engine               - isFileSystemWriteAllowed: true
15:32:11.804 [FXGL Background Thread 3 ] DEBUG Engine               - isFullScreenAllowed: false
15:32:11.804 [FXGL Background Thread 3 ] DEBUG Engine               - isFullScreenFromStart: false
15:32:11.804 [FXGL Background Thread 3 ] DEBUG Engine               - isGameMenuEnabled: true
15:32:11.804 [FXGL Background Thread 3 ] DEBUG Engine               - isIOS: false
15:32:11.804 [FXGL Background Thread 3 ] DEBUG Engine               - isIntroEnabled: false
15:32:11.804 [FXGL Background Thread 3 ] DEBUG Engine               - isLinux: false
15:32:11.804 [FXGL Background Thread 3 ] DEBUG Engine               - isMac: false
15:32:11.804 [FXGL Background Thread 3 ] DEBUG Engine               - isMainMenuEnabled: true
15:32:11.804 [FXGL Background Thread 3 ] DEBUG Engine               - isManualResizeEnabled: false
15:32:11.804 [FXGL Background Thread 3 ] DEBUG Engine               - isMobile: false
15:32:11.804 [FXGL Background Thread 3 ] DEBUG Engine               - isNative: false
15:32:11.804 [FXGL Background Thread 3 ] DEBUG Engine               - isPauseMusicWhenMinimized: true
15:32:11.805 [FXGL Background Thread 3 ] DEBUG Engine               - isPreserveResizeRatio: false
15:32:11.805 [FXGL Background Thread 3 ] DEBUG Engine               - isProfilingEnabled: false
15:32:11.805 [FXGL Background Thread 3 ] DEBUG Engine               - isScaleAffectedOnResize: true
15:32:11.805 [FXGL Background Thread 3 ] DEBUG Engine               - isSingleStep: false
15:32:11.805 [FXGL Background Thread 3 ] DEBUG Engine               - isUserProfileEnabled: false
15:32:11.805 [FXGL Background Thread 3 ] DEBUG Engine               - isWindows: true
15:32:11.805 [FXGL Background Thread 3 ] DEBUG Engine               - language: ObjectProperty [value: ENGLISH]
15:32:11.805 [FXGL Background Thread 3 ] DEBUG Engine               - menuKey: ESCAPE
15:32:11.805 [FXGL Background Thread 3 ] DEBUG Engine               - mouseSensitivity: 0.2
15:32:11.805 [FXGL Background Thread 3 ] DEBUG Engine               - notificationViewClass: class com.almasb.fxgl.notification.view.XboxNotificationView
15:32:11.805 [FXGL Background Thread 3 ] DEBUG Engine               - pixelsPerMeter: 50.0
15:32:11.805 [FXGL Background Thread 3 ] DEBUG Engine               - platform: WINDOWS
15:32:11.805 [FXGL Background Thread 3 ] DEBUG Engine               - prefHeightProperty: ReadOnlyDoubleProperty [value: 748.0]
15:32:11.805 [FXGL Background Thread 3 ] DEBUG Engine               - prefWidthProperty: ReadOnlyDoubleProperty [value: 1020.0]
15:32:11.805 [FXGL Background Thread 3 ] DEBUG Engine               - profileDir: profiles/
15:32:11.805 [FXGL Background Thread 3 ] DEBUG Engine               - profileName: StringProperty [value: DEFAULT]
15:32:11.805 [FXGL Background Thread 3 ] DEBUG Engine               - randomSeed: -1
15:32:11.806 [FXGL Background Thread 3 ] DEBUG Engine               - runtimeInfo: RuntimeInfo(platform=WINDOWS, version=17, build=31.12.2021 18.16)
15:32:11.806 [FXGL Background Thread 3 ] DEBUG Engine               - saveFileExt: sav
15:32:11.806 [FXGL Background Thread 3 ] DEBUG Engine               - scaledHeightProp$fxgl: DoubleProperty [bound, value: 748.0]
15:32:11.806 [FXGL Background Thread 3 ] DEBUG Engine               - scaledWidthProp$fxgl: DoubleProperty [bound, value: 1020.0]
15:32:11.806 [FXGL Background Thread 3 ] DEBUG Engine               - sceneFactory: com.tkuimwd.factory.MenuFactory@51fb4b0f
15:32:11.806 [FXGL Background Thread 3 ] DEBUG Engine               - secondsIn24h: 60
15:32:11.806 [FXGL Background Thread 3 ] DEBUG Engine               - soundMenuBack: menu/back.wav
15:32:11.806 [FXGL Background Thread 3 ] DEBUG Engine               - soundMenuPress: menu/press.wav
15:32:11.806 [FXGL Background Thread 3 ] DEBUG Engine               - soundMenuSelect: menu/select.wav
15:32:11.806 [FXGL Background Thread 3 ] DEBUG Engine               - soundNotification: core/notification.wav
15:32:11.806 [FXGL Background Thread 3 ] DEBUG Engine               - stageStyle: DECORATED
15:32:11.806 [FXGL Background Thread 3 ] DEBUG Engine               - supportedLanguages: [ENGLISH, FRENCH, GERMAN, HUNGARIAN, RUSSIAN]
15:32:11.806 [FXGL Background Thread 3 ] DEBUG Engine               - ticksPerSecond: -1
15:32:11.806 [FXGL Background Thread 3 ] DEBUG Engine               - title: CHESS SOCCER
15:32:11.806 [FXGL Background Thread 3 ] DEBUG Engine               - urlGithub: https://github.com/AlmasB/FXGL
15:32:11.806 [FXGL Background Thread 3 ] DEBUG Engine               - urlLeaderboard: http://fxgl-top.herokuapp.com/
15:32:11.806 [FXGL Background Thread 3 ] DEBUG Engine               - urlPOM: https://raw.githubusercontent.com/AlmasB/FXGL/release/README.md
15:32:11.806 [FXGL Background Thread 3 ] DEBUG Engine               - userAppClass: class com.tkuimwd.Main
15:32:11.806 [FXGL Background Thread 3 ] DEBUG Engine               - version: v1.1
15:32:11.806 [FXGL Background Thread 3 ] DEBUG Engine               - versionCheckDays: 7
15:32:11.807 [FXGL Background Thread 3 ] DEBUG Engine               - width: 1020
15:32:11.807 [FXGL Background Thread 3 ] DEBUG Engine               - Logging services
15:32:11.807 [FXGL Background Thread 3 ] DEBUG Engine               - class com.almasb.fxgl.app.services.FXGLAssetLoaderService
15:32:11.807 [FXGL Background Thread 3 ] DEBUG Engine               - class com.almasb.fxgl.app.FXGLApplication$GameApplicationService
15:32:11.807 [FXGL Background Thread 3 ] DEBUG Engine               - class com.almasb.fxgl.app.services.FXGLDialogService
15:32:11.807 [FXGL Background Thread 3 ] DEBUG Engine               - class com.almasb.fxgl.app.services.IOTaskExecutorService
15:32:11.807 [FXGL Background Thread 3 ] DEBUG Engine               - class com.almasb.fxgl.io.FileSystemService
15:32:11.807 [FXGL Background Thread 3 ] DEBUG Engine               - class com.almasb.fxgl.localization.LocalizationService
15:32:11.807 [FXGL Background Thread 3 ] DEBUG Engine               - class com.almasb.fxgl.app.services.SystemBundleService
15:32:11.807 [FXGL Background Thread 3 ] DEBUG Engine               - class com.almasb.fxgl.profile.SaveLoadService
15:32:11.807 [FXGL Background Thread 3 ] DEBUG Engine               - class com.almasb.fxgl.ui.FXGLUIFactoryServiceProvider
15:32:11.807 [FXGL Background Thread 3 ] DEBUG Engine               - class com.almasb.fxgl.ui.FXGLDialogFactoryServiceProvider
15:32:11.807 [FXGL Background Thread 3 ] DEBUG Engine               - class com.almasb.fxgl.audio.AudioPlayer
15:32:11.807 [FXGL Background Thread 3 ] DEBUG Engine               - class com.almasb.fxgl.notification.impl.NotificationServiceProvider
15:32:11.807 [FXGL Background Thread 3 ] DEBUG Engine               - class com.almasb.fxgl.achievement.AchievementService
15:32:11.807 [FXGL Background Thread 3 ] DEBUG Engine               - class com.almasb.fxgl.cutscene.CutsceneService
15:32:11.807 [FXGL Background Thread 3 ] DEBUG Engine               - class com.almasb.fxgl.minigames.MiniGameService
15:32:11.807 [FXGL Background Thread 3 ] DEBUG Engine               - class com.almasb.fxgl.net.NetService
15:32:11.807 [FXGL Background Thread 3 ] DEBUG Engine               - class com.almasb.fxgl.app.services.UpdaterService
15:32:11.807 [FXGL Background Thread 3 ] DEBUG Engine               - class com.almasb.fxgl.dev.DevService
15:32:18.062 [JavaFX Application Thread] DEBUG PrimaryStageWindow   - Pop state: LoginScene
15:32:18.062 [JavaFX Application Thread] DEBUG Input                - Clearing active input actions
15:32:18.063 [JavaFX Application Thread] DEBUG GameApplicationServi - Removing overlay from LoginScene and adding to MainMenu
15:32:18.066 [JavaFX Application Thread] DEBUG PrimaryStageWindow   - MainMenu <- LoginScene
15:32:18.067 [JavaFX Application Thread] DEBUG PrimaryStageWindow   - Pop state: MainMenu
15:32:18.067 [JavaFX Application Thread] DEBUG Input                - Clearing active input actions
15:32:18.067 [JavaFX Application Thread] DEBUG GameApplicationServi - Removing overlay from MainMenu and adding to FXGLMainMenuDummyScene
15:32:18.068 [JavaFX Application Thread] DEBUG PrimaryStageWindow   - FXGLMainMenuDummyScene <- MainMenu
15:32:18.145 [JavaFX Application Thread] DEBUG PrimaryStageWindow   - Push state: MainMenu
15:32:18.146 [JavaFX Application Thread] DEBUG Input                - Clearing active input actions
15:32:18.146 [JavaFX Application Thread] DEBUG GameApplicationServi - Removing overlay from FXGLMainMenuDummyScene and adding to MainMenu
15:32:18.147 [JavaFX Application Thread] DEBUG PrimaryStageWindow   - FXGLMainMenuDummyScene -> MainMenu
15:32:18.149 [JavaFX Application Thread] DEBUG PrimaryStageWindow   - Push state: DialogSubScene
15:32:18.149 [JavaFX Application Thread] DEBUG Input                - Clearing active input actions
15:32:18.150 [JavaFX Application Thread] DEBUG GameApplicationServi - Removing overlay from MainMenu and adding to DialogSubScene
15:32:18.150 [JavaFX Application Thread] DEBUG PrimaryStageWindow   - MainMenu -> DialogSubScene
15:32:18.971 [JavaFX Application Thread] DEBUG PrimaryStageWindow   - Pop state: DialogSubScene
15:32:18.971 [JavaFX Application Thread] DEBUG Input                - Clearing active input actions
15:32:18.973 [JavaFX Application Thread] DEBUG GameApplicationServi - Removing overlay from DialogSubScene and adding to MainMenu
15:32:18.974 [JavaFX Application Thread] DEBUG PrimaryStageWindow   - MainMenu <- DialogSubScene
15:32:25.314 [JavaFX Application Thread] DEBUG PrimaryStageWindow   - Push state: JoinRoomSecne
15:32:25.314 [JavaFX Application Thread] DEBUG Input                - Clearing active input actions
15:32:25.315 [JavaFX Application Thread] DEBUG GameApplicationServi - Removing overlay from MainMenu and adding to JoinRoomSecne
15:32:25.315 [JavaFX Application Thread] DEBUG PrimaryStageWindow   - MainMenu -> JoinRoomSecne
15:33:02.749 [JavaFX Application Thread] DEBUG PrimaryStageWindow   - Pop state: JoinRoomSecne
15:33:02.749 [JavaFX Application Thread] DEBUG Input                - Clearing active input actions
15:33:02.749 [JavaFX Application Thread] DEBUG GameApplicationServi - Removing overlay from JoinRoomSecne and adding to MainMenu
15:33:02.750 [JavaFX Application Thread] DEBUG PrimaryStageWindow   - MainMenu <- JoinRoomSecne
15:33:03.969 [JavaFX Application Thread] DEBUG PrimaryStageWindow   - Push state: CreateRoomScene
15:33:03.969 [JavaFX Application Thread] DEBUG Input                - Clearing active input actions
15:33:03.969 [JavaFX Application Thread] DEBUG GameApplicationServi - Removing overlay from MainMenu and adding to CreateRoomScene
15:33:03.970 [JavaFX Application Thread] DEBUG PrimaryStageWindow   - MainMenu -> CreateRoomScene
15:33:34.114 [JavaFX Application Thread] DEBUG GameApplicationServi - Starting new game
15:33:34.114 [JavaFX Application Thread] DEBUG PrimaryStageWindow   - Pop state: CreateRoomScene
15:33:34.114 [JavaFX Application Thread] DEBUG Input                - Clearing active input actions
15:33:34.114 [JavaFX Application Thread] DEBUG GameApplicationServi - Removing overlay from CreateRoomScene and adding to MainMenu
15:33:34.115 [JavaFX Application Thread] DEBUG PrimaryStageWindow   - MainMenu <- CreateRoomScene
15:33:34.115 [JavaFX Application Thread] DEBUG PrimaryStageWindow   - Pop state: MainMenu
15:33:34.115 [JavaFX Application Thread] DEBUG Input                - Clearing active input actions
15:33:34.115 [JavaFX Application Thread] DEBUG GameApplicationServi - Removing overlay from MainMenu and adding to FXGLMainMenuDummyScene
15:33:34.115 [JavaFX Application Thread] DEBUG PrimaryStageWindow   - FXGLMainMenuDummyScene <- MainMenu
15:33:34.115 [JavaFX Application Thread] DEBUG Input                - Clearing active input actions
15:33:34.117 [JavaFX Application Thread] DEBUG GameApplicationServi - Removing overlay from FXGLMainMenuDummyScene and adding to FXGLLoadingScene
15:33:34.118 [JavaFX Application Thread] DEBUG PrimaryStageWindow   - FXGLMainMenuDummyScene -> FXGLLoadingScene
15:33:34.119 [JavaFX Application Thread] DEBUG GameApplicationServi - Clearing previous game
15:33:34.119 [JavaFX Application Thread] DEBUG GameScene            - Clearing game scene
15:33:34.119 [JavaFX Application Thread] DEBUG GameWorld            - Clearing game world
15:33:34.119 [JavaFX Application Thread] DEBUG PhysicsWorld         - Clearing physics world
15:33:34.121 [FXGL Background Thread 5 ] DEBUG FXGLApplication      - Initializing game
15:33:34.188 [FXGL Background Thread 5 ] INFO  FXGLApplication      - Game initialization took: 0.068 sec
15:33:34.189 [JavaFX Application Thread] DEBUG Input                - Clearing active input actions
15:33:34.191 [JavaFX Application Thread] DEBUG GameApplicationServi - Removing overlay from FXGLLoadingScene and adding to GameScene
15:33:34.193 [JavaFX Application Thread] DEBUG PrimaryStageWindow   - FXGLLoadingScene -> GameScene
15:34:00.153 [JavaFX Application Thread] DEBUG EventBus             - Firing event: com.tkuimwd.event.ChessReleaseEvent[source=javafx.event.Event$$Lambda$123/0x0000000800216ff8@4f269423]
15:34:01.793 [JavaFX Application Thread] DEBUG EventBus             - Firing event: com.tkuimwd.event.GoalEvent[source=javafx.event.Event$$Lambda$123/0x0000000800216ff8@4f269423]
15:34:27.926 [JavaFX Application Thread] DEBUG EventBus             - Firing event: com.tkuimwd.event.ChessReleaseEvent[source=javafx.event.Event$$Lambda$123/0x0000000800216ff8@4f269423]
15:34:45.377 [JavaFX Application Thread] DEBUG EventBus             - Firing event: com.tkuimwd.event.GoalEvent[source=javafx.event.Event$$Lambda$123/0x0000000800216ff8@4f269423]
15:34:54.088 [JavaFX Application Thread] DEBUG EventBus             - Firing event: com.tkuimwd.event.ChessReleaseEvent[source=javafx.event.Event$$Lambda$123/0x0000000800216ff8@4f269423]
15:35:20.538 [JavaFX Application Thread] DEBUG EventBus             - Firing event: com.tkuimwd.event.ChessReleaseEvent[source=javafx.event.Event$$Lambda$123/0x0000000800216ff8@4f269423]
15:35:56.651 [JavaFX Application Thread] DEBUG EventBus             - Firing event: com.tkuimwd.event.ChessReleaseEvent[source=javafx.event.Event$$Lambda$123/0x0000000800216ff8@4f269423]
15:36:40.943 [JavaFX Application Thread] DEBUG EventBus             - Firing event: com.tkuimwd.event.ChessReleaseEvent[source=javafx.event.Event$$Lambda$123/0x0000000800216ff8@4f269423]
15:37:01.235 [JavaFX Application Thread] DEBUG FXGLApplication      - Exiting FXGL
15:37:01.236 [JavaFX Application Thread] DEBUG LoopRunner           - Stopping loop
15:37:01.236 [JavaFX Application Thread] DEBUG SystemBundleService  - Saving FXGL system data
15:37:01.239 [JavaFX Application Thread] DEBUG FileSystemAccess     - Writing to: C:\Users\Kenny\Documents\vscode_java\FXGL\system\fxgl.bundle
15:37:01.241 [JavaFX Application Thread] DEBUG Async                - Shutting down background threads
15:37:01.241 [JavaFX Application Thread] DEBUG PrimaryStageWindow   - Closing main window
15:37:01.260 [JavaFX Application Thread] DEBUG Logger               - Closing Logger
