16:38:14.866 [main                     ] DEBUG Logger               - Configured Logger
16:38:14.890 [main                     ] DEBUG GameApplication      - Logging settings
Title: CHESS SOCCER
Version: v1.1
Width: 1020
Height: 748
Fullscreen: false
Intro: false
Profiling: false
Single step:false
App Mode: DEVELOPER
Menu Key: ESCAPE
Stage Style: DECORATED
Scene Factory: class com.tkuimwd.factory.MenuFactory

16:38:15.198 [JavaFX Application Thread] DEBUG FXGLApplication      - Initializing FXGL
16:38:15.203 [JavaFX Application Thread] INFO  Engine               - FXGL-17 (31.12.2021 18.16) on WINDOWS (J:17.0.12 FX:17.0.0.1)
16:38:15.203 [JavaFX Application Thread] DEBUG Engine               - JRE Vendor Name: Eclipse Adoptium
16:38:15.203 [JavaFX Application Thread] DEBUG Engine               - Running on OS: Windows 11 version 10.0
16:38:15.203 [JavaFX Application Thread] DEBUG Engine               - Architecture: amd64
16:38:15.204 [JavaFX Application Thread] INFO  Engine               - Source code and latest versions at: https://github.com/AlmasB/FXGL
16:38:15.204 [JavaFX Application Thread] INFO  Engine               -       Ask questions and discuss at: https://github.com/AlmasB/FXGL/discussions
16:38:15.204 [JavaFX Application Thread] INFO  Engine               -              Join the FXGL chat at: https://gitter.im/AlmasB/FXGL
16:38:15.299 [JavaFX Application Thread] DEBUG PrimaryStageWindow   - Creating a JavaFX scene
16:38:15.332 [JavaFX Application Thread] DEBUG PrimaryStageWindow   - Target settings size: 1020.0 x 748.0
16:38:15.332 [JavaFX Application Thread] DEBUG PrimaryStageWindow   - Scaled scene size:    1020.0 x 748.0
16:38:15.332 [JavaFX Application Thread] DEBUG PrimaryStageWindow   - Scaled ratio: (1.0, 1.0)
16:38:15.334 [JavaFX Application Thread] DEBUG PrimaryStageWindow   - Set initial scene to FXGLStartupScene
16:38:15.340 [JavaFX Application Thread] DEBUG PrimaryStageWindow   - Opening main window
16:38:15.432 [JavaFX Application Thread] DEBUG PrimaryStageWindow   - Window border size: (13.0, 35.5)
16:38:15.433 [JavaFX Application Thread] DEBUG PrimaryStageWindow   - Scaled size: 1020.0 x 748.0
16:38:15.433 [JavaFX Application Thread] DEBUG PrimaryStageWindow   - Scaled ratio: (1.0, 1.0)
16:38:15.433 [JavaFX Application Thread] DEBUG PrimaryStageWindow   - Scene size: 1020.0 x 748.0
16:38:15.434 [JavaFX Application Thread] DEBUG PrimaryStageWindow   - Stage size: 1033.0 x 783.5
16:38:15.445 [FXGL Background Thread 1 ] DEBUG Engine               - Initializing environment variables
16:38:15.482 [FXGL Background Thread 1 ] DEBUG FXGLAssetLoaderServi - User app class for loading assets: class com.tkuimwd.Main
16:38:15.483 [FXGL Background Thread 1 ] DEBUG GameApplicationServi - Applying CSS: fxgl_dark.css
16:38:15.483 [FXGL Background Thread 1 ] DEBUG FXGLAssetLoaderServi - Loading from file system: jar:file:/C:/Users/Kenny/.m2/repository/com/github/almasb/fxgl/17/fxgl-17.jar!/fxglassets/ui/css/fxgl_dark.css
16:38:15.521 [FXGL Background Thread 1 ] DEBUG GameApplicationServi - Initializing application scenes
16:38:15.592 [FXGL Background Thread 1 ] DEBUG GameWorld            - Game world initialized
16:38:15.641 [FXGL Background Thread 1 ] DEBUG PhysicsWorld         - Physics world initialized: appHeight=748, physics.ppm=50.0
16:38:15.641 [FXGL Background Thread 1 ] DEBUG PhysicsWorld         - Using strategy: BRUTE_FORCE
16:38:15.643 [FXGL Background Thread 1 ] DEBUG GameScene            - Game scene initialized: 1020x748
16:38:15.754 [FXGL Background Thread 1 ] DEBUG FXGL.DefaultMenu     - createMenuBodyGameMenu()
16:38:15.769 [FXGL Background Thread 1 ] DEBUG FXGL.DefaultMenu     - createOptionsMenu()
16:38:15.775 [FXGL Background Thread 1 ] DEBUG FXGLAssetLoaderServi - Loading from file system: jar:file:/C:/Users/Kenny/.m2/repository/com/github/almasb/fxgl/17/fxgl-17.jar!/fxglassets/textures/particles/smoke.png
16:38:15.849 [FXGL Background Thread 1 ] DEBUG FXGLAssetLoaderServi - Loading from file system: jar:file:/C:/Users/Kenny/.m2/repository/com/github/almasb/fxgl/17/fxgl-17.jar!/fxglassets/textures/particles/trace_horizontal.png
16:38:15.868 [FXGL Background Thread 1 ] DEBUG GameApplicationServi - Application scenes initialized
16:38:15.877 [FXGL Background Thread 1 ] DEBUG SystemBundleService  - Loading FXGL system data
16:38:15.881 [FXGL Background Thread 1 ] DEBUG FileSystemAccess     - Reading from: C:\Users\Kenny\Documents\vscode_java\FXGL\system\fxgl.bundle
16:38:15.887 [FXGL Background Thread 1 ] DEBUG SystemBundleService  - Bundle FXGL: {}
16:38:15.887 [FXGL Background Thread 1 ] DEBUG UpdaterService       - Checking for updates
16:38:15.908 [FXGL Background Thread 4 ] DEBUG FXGLApplication      - Loading fonts
16:38:15.908 [FXGL Background Thread 4 ] DEBUG FXGLAssetLoaderServi - Loading from file system: jar:file:/C:/Users/Kenny/.m2/repository/com/github/almasb/fxgl/17/fxgl-17.jar!/fxglassets/ui/fonts/VarelaRound-Regular.ttf
16:38:15.908 [FXGL Background Thread 1 ] DEBUG FXGLApplication      - Loading default localization
16:38:15.909 [FXGL Background Thread 1 ] DEBUG FXGLAssetLoaderServi - Loading from file system: jar:file:/C:/Users/Kenny/.m2/repository/com/github/almasb/fxgl/17/fxgl-17.jar!/fxglassets/languages/english.lang
16:38:15.930 [FXGL Background Thread 1 ] INFO  FXGLApplication      - FXGL initialization took: 0.485 sec
16:38:15.932 [JavaFX Application Thread] DEBUG FXGLAssetLoaderServi - Loading from file system: jar:file:/C:/Users/Kenny/.m2/repository/com/github/almasb/fxgl/17/fxgl-17.jar!/fxglassets/textures/fxgl_icon.png
16:38:15.948 [JavaFX Application Thread] DEBUG FXGLAssetLoaderServi - Loading from file system: jar:file:/C:/Users/Kenny/.m2/repository/com/github/almasb/fxgl/17/fxgl-17.jar!/fxglassets/textures/fxgl_default_cursor.png
16:38:15.971 [FXGL Background Thread 4 ] DEBUG FXGLAssetLoaderServi - Loading from file system: jar:file:/C:/Users/Kenny/.m2/repository/com/github/almasb/fxgl/17/fxgl-17.jar!/fxglassets/ui/fonts/Abel-Regular.ttf
16:38:15.974 [FXGL Background Thread 4 ] DEBUG FXGLAssetLoaderServi - Loading from file system: jar:file:/C:/Users/Kenny/.m2/repository/com/github/almasb/fxgl/17/fxgl-17.jar!/fxglassets/ui/fonts/TerminalLandMono-Regular.otf
16:38:15.976 [FXGL Background Thread 4 ] DEBUG FXGLAssetLoaderServi - Loading from file system: jar:file:/C:/Users/Kenny/.m2/repository/com/github/almasb/fxgl/17/fxgl-17.jar!/fxglassets/ui/fonts/Courier-Prime.ttf
16:38:15.984 [JavaFX Application Thread] DEBUG Input                - Registered new binding: Screenshot - CTRL+8
16:38:15.986 [JavaFX Application Thread] DEBUG Input                - Registered new binding: Dev Options - 1
16:38:15.987 [JavaFX Application Thread] DEBUG Input                - Registered new binding: Dev Console - 2
16:38:15.988 [JavaFX Application Thread] DEBUG Input                - Registered new binding: System info dump - CTRL+9
16:38:15.989 [JavaFX Application Thread] DEBUG Input                - Registered new binding: Restart - CTRL+R
16:38:15.991 [JavaFX Application Thread] DEBUG Input                - Registered new binding: Toggle Debug Camera - CTRL+7
16:38:15.996 [JavaFX Application Thread] DEBUG LoopRunner           - Starting loop
16:38:16.031 [JavaFX Application Thread] DEBUG LoopRunner           - Initializing JavaFX AnimationTimerLoop
16:38:16.038 [JavaFX Application Thread] DEBUG Input                - Clearing active input actions
16:38:16.042 [JavaFX Application Thread] DEBUG GameApplicationServi - Removing overlay from FXGLStartupScene and adding to FXGLMainMenuDummyScene
16:38:16.051 [JavaFX Application Thread] DEBUG PrimaryStageWindow   - FXGLStartupScene -> FXGLMainMenuDummyScene
16:38:16.052 [JavaFX Application Thread] DEBUG PrimaryStageWindow   - Push state: MainMenu
16:38:16.052 [JavaFX Application Thread] DEBUG Input                - Clearing active input actions
16:38:16.058 [JavaFX Application Thread] DEBUG GameApplicationServi - Removing overlay from FXGLMainMenuDummyScene and adding to MainMenu
16:38:16.059 [JavaFX Application Thread] DEBUG PrimaryStageWindow   - FXGLMainMenuDummyScene -> MainMenu
16:38:16.059 [JavaFX Application Thread] DEBUG FXGLApplication      - Registering font factories with UI factory
16:38:16.885 [FXGL Background Thread 2 ] INFO  UpdaterService       - Your current version:  17
16:38:16.886 [FXGL Background Thread 2 ] INFO  UpdaterService       - Latest stable version: 21.1
16:38:18.907 [FXGL Background Thread 3 ] DEBUG Engine               - Logging environment variables
16:38:18.907 [FXGL Background Thread 3 ] DEBUG Engine               - achievements: []
16:38:18.907 [FXGL Background Thread 3 ] DEBUG Engine               - actualHeight: 748.0
16:38:18.907 [FXGL Background Thread 3 ] DEBUG Engine               - actualHeightProperty: ReadOnlyDoubleProperty [value: 748.0]
16:38:18.907 [FXGL Background Thread 3 ] DEBUG Engine               - actualWidth: 1020.0
16:38:18.907 [FXGL Background Thread 3 ] DEBUG Engine               - actualWidthProperty: ReadOnlyDoubleProperty [value: 1020.0]
16:38:18.907 [FXGL Background Thread 3 ] DEBUG Engine               - appIcon: fxgl_icon.png
16:38:18.908 [FXGL Background Thread 3 ] DEBUG Engine               - applicationMode: DEVELOPER
16:38:18.908 [FXGL Background Thread 3 ] DEBUG Engine               - cSSList: [fxgl_dark.css]
16:38:18.908 [FXGL Background Thread 3 ] DEBUG Engine               - collisionDetectionStrategy: BRUTE_FORCE
16:38:18.908 [FXGL Background Thread 3 ] DEBUG Engine               - configClass: Optional.empty
16:38:18.908 [FXGL Background Thread 3 ] DEBUG Engine               - credits: []
16:38:18.908 [FXGL Background Thread 3 ] DEBUG Engine               - defaultCursor: CursorInfo(imageName=fxgl_default_cursor.png, hotspotX=7.0, hotspotY=6.0)
16:38:18.908 [FXGL Background Thread 3 ] DEBUG Engine               - devBBoxColorProperty: ObjectProperty [value: 0xff0000ff]
16:38:18.909 [FXGL Background Thread 3 ] DEBUG Engine               - devEnableDebugCameraProperty: BooleanProperty [value: false]
16:38:18.909 [FXGL Background Thread 3 ] DEBUG Engine               - devSensorColorProperty: ObjectProperty [value: 0xffff00ff]
16:38:18.909 [FXGL Background Thread 3 ] DEBUG Engine               - devShowBBoxProperty: BooleanProperty [value: false]
16:38:18.909 [FXGL Background Thread 3 ] DEBUG Engine               - devShowPositionProperty: BooleanProperty [value: false]
16:38:18.909 [FXGL Background Thread 3 ] DEBUG Engine               - enabledMenuItems: []
16:38:18.910 [FXGL Background Thread 3 ] DEBUG Engine               - engineServices: [class com.almasb.fxgl.app.services.FXGLAssetLoaderService, class com.almasb.fxgl.app.FXGLApplication$GameApplicationService, class com.almasb.fxgl.app.services.FXGLDialogService, class com.almasb.fxgl.app.services.IOTaskExecutorService, class com.almasb.fxgl.io.FileSystemService, class com.almasb.fxgl.localization.LocalizationService, class com.almasb.fxgl.app.services.SystemBundleService, class com.almasb.fxgl.profile.SaveLoadService, class com.almasb.fxgl.ui.FXGLUIFactoryServiceProvider, class com.almasb.fxgl.ui.FXGLDialogFactoryServiceProvider, class com.almasb.fxgl.audio.AudioPlayer, class com.almasb.fxgl.notification.impl.NotificationServiceProvider, class com.almasb.fxgl.achievement.AchievementService, class com.almasb.fxgl.cutscene.CutsceneService, class com.almasb.fxgl.minigames.MiniGameService, class com.almasb.fxgl.net.NetService, class com.almasb.fxgl.app.services.UpdaterService, class com.almasb.fxgl.dev.DevService]
16:38:18.910 [FXGL Background Thread 3 ] DEBUG Engine               - fontGame: Abel-Regular.ttf
16:38:18.910 [FXGL Background Thread 3 ] DEBUG Engine               - fontMono: TerminalLandMono-Regular.otf
16:38:18.910 [FXGL Background Thread 3 ] DEBUG Engine               - fontText: Courier-Prime.ttf
16:38:18.910 [FXGL Background Thread 3 ] DEBUG Engine               - fontUI: VarelaRound-Regular.ttf
16:38:18.910 [FXGL Background Thread 3 ] DEBUG Engine               - fullScreen: BooleanProperty [value: false]
16:38:18.910 [FXGL Background Thread 3 ] DEBUG Engine               - gameDifficulty: MEDIUM
16:38:18.910 [FXGL Background Thread 3 ] DEBUG Engine               - gameDifficultyProperty: ObjectProperty [value: MEDIUM]
16:38:18.911 [FXGL Background Thread 3 ] DEBUG Engine               - globalMusicVolume: 0.5
16:38:18.911 [FXGL Background Thread 3 ] DEBUG Engine               - globalMusicVolumeProperty: DoubleProperty [value: 0.5]
16:38:18.911 [FXGL Background Thread 3 ] DEBUG Engine               - globalSoundVolume: 0.5
16:38:18.911 [FXGL Background Thread 3 ] DEBUG Engine               - globalSoundVolumeProperty: DoubleProperty [value: 0.5]
16:38:18.911 [FXGL Background Thread 3 ] DEBUG Engine               - height: 748
16:38:18.911 [FXGL Background Thread 3 ] DEBUG Engine               - is3D: false
16:38:18.911 [FXGL Background Thread 3 ] DEBUG Engine               - isAndroid: false
16:38:18.911 [FXGL Background Thread 3 ] DEBUG Engine               - isBrowser: false
16:38:18.911 [FXGL Background Thread 3 ] DEBUG Engine               - isClickFeedbackEnabled: false
16:38:18.911 [FXGL Background Thread 3 ] DEBUG Engine               - isCloseConfirmation: false
16:38:18.911 [FXGL Background Thread 3 ] DEBUG Engine               - isDesktop: true
16:38:18.911 [FXGL Background Thread 3 ] DEBUG Engine               - isDeveloperMenuEnabled: true
16:38:18.911 [FXGL Background Thread 3 ] DEBUG Engine               - isEmbedded: false
16:38:18.912 [FXGL Background Thread 3 ] DEBUG Engine               - isEntityPreloadEnabled: true
16:38:18.912 [FXGL Background Thread 3 ] DEBUG Engine               - isExperimentalTiledLargeMap: false
16:38:18.912 [FXGL Background Thread 3 ] DEBUG Engine               - isFileSystemWriteAllowed: true
16:38:18.912 [FXGL Background Thread 3 ] DEBUG Engine               - isFullScreenAllowed: false
16:38:18.912 [FXGL Background Thread 3 ] DEBUG Engine               - isFullScreenFromStart: false
16:38:18.912 [FXGL Background Thread 3 ] DEBUG Engine               - isGameMenuEnabled: true
16:38:18.912 [FXGL Background Thread 3 ] DEBUG Engine               - isIOS: false
16:38:18.912 [FXGL Background Thread 3 ] DEBUG Engine               - isIntroEnabled: false
16:38:18.912 [FXGL Background Thread 3 ] DEBUG Engine               - isLinux: false
16:38:18.912 [FXGL Background Thread 3 ] DEBUG Engine               - isMac: false
16:38:18.912 [FXGL Background Thread 3 ] DEBUG Engine               - isMainMenuEnabled: true
16:38:18.912 [FXGL Background Thread 3 ] DEBUG Engine               - isManualResizeEnabled: false
16:38:18.913 [FXGL Background Thread 3 ] DEBUG Engine               - isMobile: false
16:38:18.913 [FXGL Background Thread 3 ] DEBUG Engine               - isNative: false
16:38:18.913 [FXGL Background Thread 3 ] DEBUG Engine               - isPauseMusicWhenMinimized: true
16:38:18.913 [FXGL Background Thread 3 ] DEBUG Engine               - isPreserveResizeRatio: false
16:38:18.913 [FXGL Background Thread 3 ] DEBUG Engine               - isProfilingEnabled: false
16:38:18.913 [FXGL Background Thread 3 ] DEBUG Engine               - isScaleAffectedOnResize: true
16:38:18.913 [FXGL Background Thread 3 ] DEBUG Engine               - isSingleStep: false
16:38:18.913 [FXGL Background Thread 3 ] DEBUG Engine               - isUserProfileEnabled: false
16:38:18.913 [FXGL Background Thread 3 ] DEBUG Engine               - isWindows: true
16:38:18.913 [FXGL Background Thread 3 ] DEBUG Engine               - language: ObjectProperty [value: ENGLISH]
16:38:18.913 [FXGL Background Thread 3 ] DEBUG Engine               - menuKey: ESCAPE
16:38:18.913 [FXGL Background Thread 3 ] DEBUG Engine               - mouseSensitivity: 0.2
16:38:18.914 [FXGL Background Thread 3 ] DEBUG Engine               - notificationViewClass: class com.almasb.fxgl.notification.view.XboxNotificationView
16:38:18.914 [FXGL Background Thread 3 ] DEBUG Engine               - pixelsPerMeter: 50.0
16:38:18.914 [FXGL Background Thread 3 ] DEBUG Engine               - platform: WINDOWS
16:38:18.914 [FXGL Background Thread 3 ] DEBUG Engine               - prefHeightProperty: ReadOnlyDoubleProperty [value: 748.0]
16:38:18.914 [FXGL Background Thread 3 ] DEBUG Engine               - prefWidthProperty: ReadOnlyDoubleProperty [value: 1020.0]
16:38:18.914 [FXGL Background Thread 3 ] DEBUG Engine               - profileDir: profiles/
16:38:18.914 [FXGL Background Thread 3 ] DEBUG Engine               - profileName: StringProperty [value: DEFAULT]
16:38:18.914 [FXGL Background Thread 3 ] DEBUG Engine               - randomSeed: -1
16:38:18.915 [FXGL Background Thread 3 ] DEBUG Engine               - runtimeInfo: RuntimeInfo(platform=WINDOWS, version=17, build=31.12.2021 18.16)
16:38:18.915 [FXGL Background Thread 3 ] DEBUG Engine               - saveFileExt: sav
16:38:18.915 [FXGL Background Thread 3 ] DEBUG Engine               - scaledHeightProp$fxgl: DoubleProperty [bound, value: 748.0]
16:38:18.915 [FXGL Background Thread 3 ] DEBUG Engine               - scaledWidthProp$fxgl: DoubleProperty [bound, value: 1020.0]
16:38:18.915 [FXGL Background Thread 3 ] DEBUG Engine               - sceneFactory: com.tkuimwd.factory.MenuFactory@424ff529
16:38:18.915 [FXGL Background Thread 3 ] DEBUG Engine               - secondsIn24h: 60
16:38:18.915 [FXGL Background Thread 3 ] DEBUG Engine               - soundMenuBack: menu/back.wav
16:38:18.915 [FXGL Background Thread 3 ] DEBUG Engine               - soundMenuPress: menu/press.wav
16:38:18.915 [FXGL Background Thread 3 ] DEBUG Engine               - soundMenuSelect: menu/select.wav
16:38:18.915 [FXGL Background Thread 3 ] DEBUG Engine               - soundNotification: core/notification.wav
16:38:18.915 [FXGL Background Thread 3 ] DEBUG Engine               - stageStyle: DECORATED
16:38:18.915 [FXGL Background Thread 3 ] DEBUG Engine               - supportedLanguages: [ENGLISH, FRENCH, GERMAN, HUNGARIAN, RUSSIAN]
16:38:18.915 [FXGL Background Thread 3 ] DEBUG Engine               - ticksPerSecond: -1
16:38:18.915 [FXGL Background Thread 3 ] DEBUG Engine               - title: CHESS SOCCER
16:38:18.915 [FXGL Background Thread 3 ] DEBUG Engine               - urlGithub: https://github.com/AlmasB/FXGL
16:38:18.915 [FXGL Background Thread 3 ] DEBUG Engine               - urlLeaderboard: http://fxgl-top.herokuapp.com/
16:38:18.915 [FXGL Background Thread 3 ] DEBUG Engine               - urlPOM: https://raw.githubusercontent.com/AlmasB/FXGL/release/README.md
16:38:18.915 [FXGL Background Thread 3 ] DEBUG Engine               - userAppClass: class com.tkuimwd.Main
16:38:18.915 [FXGL Background Thread 3 ] DEBUG Engine               - version: v1.1
16:38:18.915 [FXGL Background Thread 3 ] DEBUG Engine               - versionCheckDays: 7
16:38:18.915 [FXGL Background Thread 3 ] DEBUG Engine               - width: 1020
16:38:18.915 [FXGL Background Thread 3 ] DEBUG Engine               - Logging services
16:38:18.915 [FXGL Background Thread 3 ] DEBUG Engine               - class com.almasb.fxgl.app.services.FXGLAssetLoaderService
16:38:18.915 [FXGL Background Thread 3 ] DEBUG Engine               - class com.almasb.fxgl.app.FXGLApplication$GameApplicationService
16:38:18.915 [FXGL Background Thread 3 ] DEBUG Engine               - class com.almasb.fxgl.app.services.FXGLDialogService
16:38:18.916 [FXGL Background Thread 3 ] DEBUG Engine               - class com.almasb.fxgl.app.services.IOTaskExecutorService
16:38:18.916 [FXGL Background Thread 3 ] DEBUG Engine               - class com.almasb.fxgl.io.FileSystemService
16:38:18.916 [FXGL Background Thread 3 ] DEBUG Engine               - class com.almasb.fxgl.localization.LocalizationService
16:38:18.916 [FXGL Background Thread 3 ] DEBUG Engine               - class com.almasb.fxgl.app.services.SystemBundleService
16:38:18.916 [FXGL Background Thread 3 ] DEBUG Engine               - class com.almasb.fxgl.profile.SaveLoadService
16:38:18.916 [FXGL Background Thread 3 ] DEBUG Engine               - class com.almasb.fxgl.ui.FXGLUIFactoryServiceProvider
16:38:18.916 [FXGL Background Thread 3 ] DEBUG Engine               - class com.almasb.fxgl.ui.FXGLDialogFactoryServiceProvider
16:38:18.916 [FXGL Background Thread 3 ] DEBUG Engine               - class com.almasb.fxgl.audio.AudioPlayer
16:38:18.916 [FXGL Background Thread 3 ] DEBUG Engine               - class com.almasb.fxgl.notification.impl.NotificationServiceProvider
16:38:18.916 [FXGL Background Thread 3 ] DEBUG Engine               - class com.almasb.fxgl.achievement.AchievementService
16:38:18.916 [FXGL Background Thread 3 ] DEBUG Engine               - class com.almasb.fxgl.cutscene.CutsceneService
16:38:18.916 [FXGL Background Thread 3 ] DEBUG Engine               - class com.almasb.fxgl.minigames.MiniGameService
16:38:18.916 [FXGL Background Thread 3 ] DEBUG Engine               - class com.almasb.fxgl.net.NetService
16:38:18.916 [FXGL Background Thread 3 ] DEBUG Engine               - class com.almasb.fxgl.app.services.UpdaterService
16:38:18.916 [FXGL Background Thread 3 ] DEBUG Engine               - class com.almasb.fxgl.dev.DevService
16:38:30.872 [JavaFX Application Thread] DEBUG PrimaryStageWindow   - Push state: LoginScene
16:38:30.872 [JavaFX Application Thread] DEBUG Input                - Clearing active input actions
16:38:30.874 [JavaFX Application Thread] DEBUG GameApplicationServi - Removing overlay from MainMenu and adding to LoginScene
16:38:30.875 [JavaFX Application Thread] DEBUG PrimaryStageWindow   - MainMenu -> LoginScene
16:38:34.385 [JavaFX Application Thread] DEBUG PrimaryStageWindow   - Pop state: LoginScene
16:38:34.386 [JavaFX Application Thread] DEBUG Input                - Clearing active input actions
16:38:34.386 [JavaFX Application Thread] DEBUG GameApplicationServi - Removing overlay from LoginScene and adding to MainMenu
16:38:34.389 [JavaFX Application Thread] DEBUG PrimaryStageWindow   - MainMenu <- LoginScene
16:38:34.390 [JavaFX Application Thread] DEBUG PrimaryStageWindow   - Pop state: MainMenu
16:38:34.390 [JavaFX Application Thread] DEBUG Input                - Clearing active input actions
16:38:34.391 [JavaFX Application Thread] DEBUG GameApplicationServi - Removing overlay from MainMenu and adding to FXGLMainMenuDummyScene
16:38:34.391 [JavaFX Application Thread] DEBUG PrimaryStageWindow   - FXGLMainMenuDummyScene <- MainMenu
16:38:34.474 [JavaFX Application Thread] DEBUG PrimaryStageWindow   - Push state: MainMenu
16:38:34.475 [JavaFX Application Thread] DEBUG Input                - Clearing active input actions
16:38:34.476 [JavaFX Application Thread] DEBUG GameApplicationServi - Removing overlay from FXGLMainMenuDummyScene and adding to MainMenu
16:38:34.477 [JavaFX Application Thread] DEBUG PrimaryStageWindow   - FXGLMainMenuDummyScene -> MainMenu
16:38:34.478 [JavaFX Application Thread] DEBUG PrimaryStageWindow   - Push state: DialogSubScene
16:38:34.478 [JavaFX Application Thread] DEBUG Input                - Clearing active input actions
16:38:34.478 [JavaFX Application Thread] DEBUG GameApplicationServi - Removing overlay from MainMenu and adding to DialogSubScene
16:38:34.479 [JavaFX Application Thread] DEBUG PrimaryStageWindow   - MainMenu -> DialogSubScene
16:38:40.649 [JavaFX Application Thread] DEBUG PrimaryStageWindow   - Pop state: DialogSubScene
16:38:40.649 [JavaFX Application Thread] DEBUG Input                - Clearing active input actions
16:38:40.650 [JavaFX Application Thread] DEBUG GameApplicationServi - Removing overlay from DialogSubScene and adding to MainMenu
16:38:40.651 [JavaFX Application Thread] DEBUG PrimaryStageWindow   - MainMenu <- DialogSubScene
16:38:43.008 [JavaFX Application Thread] DEBUG PrimaryStageWindow   - Push state: CreateRoomScene
16:38:43.008 [JavaFX Application Thread] DEBUG Input                - Clearing active input actions
16:38:43.009 [JavaFX Application Thread] DEBUG GameApplicationServi - Removing overlay from MainMenu and adding to CreateRoomScene
16:38:43.010 [JavaFX Application Thread] DEBUG PrimaryStageWindow   - MainMenu -> CreateRoomScene
16:39:31.120 [JavaFX Application Thread] DEBUG GameApplicationServi - Starting new game
16:39:31.120 [JavaFX Application Thread] DEBUG PrimaryStageWindow   - Pop state: CreateRoomScene
16:39:31.120 [JavaFX Application Thread] DEBUG Input                - Clearing active input actions
16:39:31.120 [JavaFX Application Thread] DEBUG GameApplicationServi - Removing overlay from CreateRoomScene and adding to MainMenu
16:39:31.121 [JavaFX Application Thread] DEBUG PrimaryStageWindow   - MainMenu <- CreateRoomScene
16:39:31.121 [JavaFX Application Thread] DEBUG PrimaryStageWindow   - Pop state: MainMenu
16:39:31.121 [JavaFX Application Thread] DEBUG Input                - Clearing active input actions
16:39:31.121 [JavaFX Application Thread] DEBUG GameApplicationServi - Removing overlay from MainMenu and adding to FXGLMainMenuDummyScene
16:39:31.122 [JavaFX Application Thread] DEBUG PrimaryStageWindow   - FXGLMainMenuDummyScene <- MainMenu
16:39:31.122 [JavaFX Application Thread] DEBUG Input                - Clearing active input actions
16:39:31.129 [JavaFX Application Thread] DEBUG GameApplicationServi - Removing overlay from FXGLMainMenuDummyScene and adding to FXGLLoadingScene
16:39:31.136 [JavaFX Application Thread] DEBUG PrimaryStageWindow   - FXGLMainMenuDummyScene -> FXGLLoadingScene
16:39:31.136 [JavaFX Application Thread] DEBUG GameApplicationServi - Clearing previous game
16:39:31.136 [JavaFX Application Thread] DEBUG GameScene            - Clearing game scene
16:39:31.137 [JavaFX Application Thread] DEBUG GameWorld            - Clearing game world
16:39:31.137 [JavaFX Application Thread] DEBUG PhysicsWorld         - Clearing physics world
16:39:31.143 [FXGL Background Thread 5 ] DEBUG FXGLApplication      - Initializing game
16:39:31.304 [FXGL Background Thread 5 ] INFO  FXGLApplication      - Game initialization took: 0.161 sec
16:39:31.307 [JavaFX Application Thread] DEBUG Input                - Clearing active input actions
16:39:31.318 [JavaFX Application Thread] DEBUG GameApplicationServi - Removing overlay from FXGLLoadingScene and adding to GameScene
16:39:31.322 [JavaFX Application Thread] DEBUG PrimaryStageWindow   - FXGLLoadingScene -> GameScene
16:40:08.140 [JavaFX Application Thread] DEBUG EventBus             - Firing event: com.tkuimwd.event.ChessReleaseEvent[source=javafx.event.Event$$Lambda$123/0x00000008002171f8@251b7ac2]
16:40:32.658 [JavaFX Application Thread] DEBUG EventBus             - Firing event: com.tkuimwd.event.ChessReleaseEvent[source=javafx.event.Event$$Lambda$123/0x00000008002171f8@251b7ac2]
16:41:30.479 [JavaFX Application Thread] DEBUG FXGLApplication      - Exiting FXGL
16:41:30.479 [JavaFX Application Thread] DEBUG LoopRunner           - Stopping loop
16:41:30.479 [JavaFX Application Thread] DEBUG SystemBundleService  - Saving FXGL system data
16:41:30.481 [JavaFX Application Thread] DEBUG FileSystemAccess     - Writing to: C:\Users\Kenny\Documents\vscode_java\FXGL\system\fxgl.bundle
16:41:30.482 [JavaFX Application Thread] DEBUG Async                - Shutting down background threads
16:41:30.482 [JavaFX Application Thread] DEBUG PrimaryStageWindow   - Closing main window
16:41:30.505 [JavaFX Application Thread] DEBUG Logger               - Closing Logger
