16:32:02.635 [main                     ] DEBUG Logger               - Configured Logger
16:32:02.661 [main                     ] DEBUG GameApplication      - Logging settings
Title: CHESS SOCCER
Version: v1.1
Width: 1020
Height: 748
Fullscreen: false
Intro: false
Profiling: false
Single step:false
App Mode: DEVELOPER
Menu Key: ESCAPE
Stage Style: DECORATED
Scene Factory: class com.tkuimwd.factory.MenuFactory

16:32:02.988 [JavaFX Application Thread] DEBUG FXGLApplication      - Initializing FXGL
16:32:02.994 [JavaFX Application Thread] INFO  Engine               - FXGL-17 (31.12.2021 18.16) on WINDOWS (J:17.0.12 FX:17.0.0.1)
16:32:02.995 [JavaFX Application Thread] DEBUG Engine               - JRE Vendor Name: Eclipse Adoptium
16:32:02.995 [JavaFX Application Thread] DEBUG Engine               - Running on OS: Windows 11 version 10.0
16:32:02.995 [JavaFX Application Thread] DEBUG Engine               - Architecture: amd64
16:32:02.995 [JavaFX Application Thread] INFO  Engine               - Source code and latest versions at: https://github.com/AlmasB/FXGL
16:32:02.995 [JavaFX Application Thread] INFO  Engine               -       Ask questions and discuss at: https://github.com/AlmasB/FXGL/discussions
16:32:02.996 [JavaFX Application Thread] INFO  Engine               -              Join the FXGL chat at: https://gitter.im/AlmasB/FXGL
16:32:03.074 [JavaFX Application Thread] DEBUG PrimaryStageWindow   - Creating a JavaFX scene
16:32:03.115 [JavaFX Application Thread] DEBUG PrimaryStageWindow   - Target settings size: 1020.0 x 748.0
16:32:03.115 [JavaFX Application Thread] DEBUG PrimaryStageWindow   - Scaled scene size:    1020.0 x 748.0
16:32:03.115 [JavaFX Application Thread] DEBUG PrimaryStageWindow   - Scaled ratio: (1.0, 1.0)
16:32:03.116 [JavaFX Application Thread] DEBUG PrimaryStageWindow   - Set initial scene to FXGLStartupScene
16:32:03.122 [JavaFX Application Thread] DEBUG PrimaryStageWindow   - Opening main window
16:32:03.195 [JavaFX Application Thread] DEBUG PrimaryStageWindow   - Window border size: (13.0, 35.5)
16:32:03.196 [JavaFX Application Thread] DEBUG PrimaryStageWindow   - Scaled size: 1020.0 x 748.0
16:32:03.196 [JavaFX Application Thread] DEBUG PrimaryStageWindow   - Scaled ratio: (1.0, 1.0)
16:32:03.196 [JavaFX Application Thread] DEBUG PrimaryStageWindow   - Scene size: 1020.0 x 748.0
16:32:03.196 [JavaFX Application Thread] DEBUG PrimaryStageWindow   - Stage size: 1033.0 x 783.5
16:32:03.204 [FXGL Background Thread 1 ] DEBUG Engine               - Initializing environment variables
16:32:03.232 [FXGL Background Thread 1 ] DEBUG FXGLAssetLoaderServi - User app class for loading assets: class com.tkuimwd.Main
16:32:03.233 [FXGL Background Thread 1 ] DEBUG GameApplicationServi - Applying CSS: fxgl_dark.css
16:32:03.233 [FXGL Background Thread 1 ] DEBUG FXGLAssetLoaderServi - Loading from file system: jar:file:/C:/Users/Kenny/.m2/repository/com/github/almasb/fxgl/17/fxgl-17.jar!/fxglassets/ui/css/fxgl_dark.css
16:32:03.265 [FXGL Background Thread 1 ] DEBUG GameApplicationServi - Initializing application scenes
16:32:03.335 [FXGL Background Thread 1 ] DEBUG GameWorld            - Game world initialized
16:32:03.387 [FXGL Background Thread 1 ] DEBUG PhysicsWorld         - Physics world initialized: appHeight=748, physics.ppm=50.0
16:32:03.388 [FXGL Background Thread 1 ] DEBUG PhysicsWorld         - Using strategy: BRUTE_FORCE
16:32:03.392 [FXGL Background Thread 1 ] DEBUG GameScene            - Game scene initialized: 1020x748
16:32:03.504 [FXGL Background Thread 1 ] DEBUG FXGL.DefaultMenu     - createMenuBodyGameMenu()
16:32:03.515 [FXGL Background Thread 1 ] DEBUG FXGL.DefaultMenu     - createOptionsMenu()
16:32:03.524 [FXGL Background Thread 1 ] DEBUG FXGLAssetLoaderServi - Loading from file system: jar:file:/C:/Users/Kenny/.m2/repository/com/github/almasb/fxgl/17/fxgl-17.jar!/fxglassets/textures/particles/smoke.png
16:32:03.597 [FXGL Background Thread 1 ] DEBUG FXGLAssetLoaderServi - Loading from file system: jar:file:/C:/Users/Kenny/.m2/repository/com/github/almasb/fxgl/17/fxgl-17.jar!/fxglassets/textures/particles/trace_horizontal.png
16:32:03.618 [FXGL Background Thread 1 ] DEBUG GameApplicationServi - Application scenes initialized
16:32:03.627 [FXGL Background Thread 1 ] DEBUG SystemBundleService  - Loading FXGL system data
16:32:03.630 [FXGL Background Thread 1 ] DEBUG FileSystemAccess     - Reading from: C:\Users\Kenny\Documents\vscode_java\FXGL\system\fxgl.bundle
16:32:03.636 [FXGL Background Thread 1 ] DEBUG SystemBundleService  - Bundle FXGL: {}
16:32:03.636 [FXGL Background Thread 1 ] DEBUG UpdaterService       - Checking for updates
16:32:03.660 [FXGL Background Thread 4 ] DEBUG FXGLApplication      - Loading fonts
16:32:03.660 [FXGL Background Thread 1 ] DEBUG FXGLApplication      - Loading default localization
16:32:03.660 [FXGL Background Thread 4 ] DEBUG FXGLAssetLoaderServi - Loading from file system: jar:file:/C:/Users/Kenny/.m2/repository/com/github/almasb/fxgl/17/fxgl-17.jar!/fxglassets/ui/fonts/VarelaRound-Regular.ttf
16:32:03.660 [FXGL Background Thread 1 ] DEBUG FXGLAssetLoaderServi - Loading from file system: jar:file:/C:/Users/Kenny/.m2/repository/com/github/almasb/fxgl/17/fxgl-17.jar!/fxglassets/languages/english.lang
16:32:03.684 [FXGL Background Thread 1 ] INFO  FXGLApplication      - FXGL initialization took: 0.480 sec
16:32:03.685 [JavaFX Application Thread] DEBUG FXGLAssetLoaderServi - Loading from file system: jar:file:/C:/Users/Kenny/.m2/repository/com/github/almasb/fxgl/17/fxgl-17.jar!/fxglassets/textures/fxgl_icon.png
16:32:03.714 [JavaFX Application Thread] DEBUG FXGLAssetLoaderServi - Loading from file system: jar:file:/C:/Users/Kenny/.m2/repository/com/github/almasb/fxgl/17/fxgl-17.jar!/fxglassets/textures/fxgl_default_cursor.png
16:32:03.716 [FXGL Background Thread 4 ] DEBUG FXGLAssetLoaderServi - Loading from file system: jar:file:/C:/Users/Kenny/.m2/repository/com/github/almasb/fxgl/17/fxgl-17.jar!/fxglassets/ui/fonts/Abel-Regular.ttf
16:32:03.719 [FXGL Background Thread 4 ] DEBUG FXGLAssetLoaderServi - Loading from file system: jar:file:/C:/Users/Kenny/.m2/repository/com/github/almasb/fxgl/17/fxgl-17.jar!/fxglassets/ui/fonts/TerminalLandMono-Regular.otf
16:32:03.724 [FXGL Background Thread 4 ] DEBUG FXGLAssetLoaderServi - Loading from file system: jar:file:/C:/Users/Kenny/.m2/repository/com/github/almasb/fxgl/17/fxgl-17.jar!/fxglassets/ui/fonts/Courier-Prime.ttf
16:32:03.741 [JavaFX Application Thread] DEBUG Input                - Registered new binding: Screenshot - CTRL+8
16:32:03.742 [JavaFX Application Thread] DEBUG Input                - Registered new binding: Dev Options - 1
16:32:03.743 [JavaFX Application Thread] DEBUG Input                - Registered new binding: Dev Console - 2
16:32:03.743 [JavaFX Application Thread] DEBUG Input                - Registered new binding: System info dump - CTRL+9
16:32:03.744 [JavaFX Application Thread] DEBUG Input                - Registered new binding: Restart - CTRL+R
16:32:03.746 [JavaFX Application Thread] DEBUG Input                - Registered new binding: Toggle Debug Camera - CTRL+7
16:32:03.754 [JavaFX Application Thread] DEBUG LoopRunner           - Starting loop
16:32:03.787 [JavaFX Application Thread] DEBUG LoopRunner           - Initializing JavaFX AnimationTimerLoop
16:32:03.792 [JavaFX Application Thread] DEBUG Input                - Clearing active input actions
16:32:03.795 [JavaFX Application Thread] DEBUG GameApplicationServi - Removing overlay from FXGLStartupScene and adding to FXGLMainMenuDummyScene
16:32:03.804 [JavaFX Application Thread] DEBUG PrimaryStageWindow   - FXGLStartupScene -> FXGLMainMenuDummyScene
16:32:03.804 [JavaFX Application Thread] DEBUG PrimaryStageWindow   - Push state: MainMenu
16:32:03.805 [JavaFX Application Thread] DEBUG Input                - Clearing active input actions
16:32:03.809 [JavaFX Application Thread] DEBUG GameApplicationServi - Removing overlay from FXGLMainMenuDummyScene and adding to MainMenu
16:32:03.810 [JavaFX Application Thread] DEBUG PrimaryStageWindow   - FXGLMainMenuDummyScene -> MainMenu
16:32:03.810 [JavaFX Application Thread] DEBUG FXGLApplication      - Registering font factories with UI factory
16:32:04.072 [FXGL Background Thread 2 ] INFO  UpdaterService       - Your current version:  17
16:32:04.072 [FXGL Background Thread 2 ] INFO  UpdaterService       - Latest stable version: 21.1
16:32:06.660 [FXGL Background Thread 3 ] DEBUG Engine               - Logging environment variables
16:32:06.661 [FXGL Background Thread 3 ] DEBUG Engine               - achievements: []
16:32:06.661 [FXGL Background Thread 3 ] DEBUG Engine               - actualHeight: 748.0
16:32:06.661 [FXGL Background Thread 3 ] DEBUG Engine               - actualHeightProperty: ReadOnlyDoubleProperty [value: 748.0]
16:32:06.662 [FXGL Background Thread 3 ] DEBUG Engine               - actualWidth: 1020.0
16:32:06.662 [FXGL Background Thread 3 ] DEBUG Engine               - actualWidthProperty: ReadOnlyDoubleProperty [value: 1020.0]
16:32:06.662 [FXGL Background Thread 3 ] DEBUG Engine               - appIcon: fxgl_icon.png
16:32:06.662 [FXGL Background Thread 3 ] DEBUG Engine               - applicationMode: DEVELOPER
16:32:06.662 [FXGL Background Thread 3 ] DEBUG Engine               - cSSList: [fxgl_dark.css]
16:32:06.662 [FXGL Background Thread 3 ] DEBUG Engine               - collisionDetectionStrategy: BRUTE_FORCE
16:32:06.663 [FXGL Background Thread 3 ] DEBUG Engine               - configClass: Optional.empty
16:32:06.663 [FXGL Background Thread 3 ] DEBUG Engine               - credits: []
16:32:06.663 [FXGL Background Thread 3 ] DEBUG Engine               - defaultCursor: CursorInfo(imageName=fxgl_default_cursor.png, hotspotX=7.0, hotspotY=6.0)
16:32:06.664 [FXGL Background Thread 3 ] DEBUG Engine               - devBBoxColorProperty: ObjectProperty [value: 0xff0000ff]
16:32:06.664 [FXGL Background Thread 3 ] DEBUG Engine               - devEnableDebugCameraProperty: BooleanProperty [value: false]
16:32:06.664 [FXGL Background Thread 3 ] DEBUG Engine               - devSensorColorProperty: ObjectProperty [value: 0xffff00ff]
16:32:06.664 [FXGL Background Thread 3 ] DEBUG Engine               - devShowBBoxProperty: BooleanProperty [value: false]
16:32:06.664 [FXGL Background Thread 3 ] DEBUG Engine               - devShowPositionProperty: BooleanProperty [value: false]
16:32:06.664 [FXGL Background Thread 3 ] DEBUG Engine               - enabledMenuItems: []
16:32:06.664 [FXGL Background Thread 3 ] DEBUG Engine               - engineServices: [class com.almasb.fxgl.app.services.FXGLAssetLoaderService, class com.almasb.fxgl.app.FXGLApplication$GameApplicationService, class com.almasb.fxgl.app.services.FXGLDialogService, class com.almasb.fxgl.app.services.IOTaskExecutorService, class com.almasb.fxgl.io.FileSystemService, class com.almasb.fxgl.localization.LocalizationService, class com.almasb.fxgl.app.services.SystemBundleService, class com.almasb.fxgl.profile.SaveLoadService, class com.almasb.fxgl.ui.FXGLUIFactoryServiceProvider, class com.almasb.fxgl.ui.FXGLDialogFactoryServiceProvider, class com.almasb.fxgl.audio.AudioPlayer, class com.almasb.fxgl.notification.impl.NotificationServiceProvider, class com.almasb.fxgl.achievement.AchievementService, class com.almasb.fxgl.cutscene.CutsceneService, class com.almasb.fxgl.minigames.MiniGameService, class com.almasb.fxgl.net.NetService, class com.almasb.fxgl.app.services.UpdaterService, class com.almasb.fxgl.dev.DevService]
16:32:06.665 [FXGL Background Thread 3 ] DEBUG Engine               - fontGame: Abel-Regular.ttf
16:32:06.665 [FXGL Background Thread 3 ] DEBUG Engine               - fontMono: TerminalLandMono-Regular.otf
16:32:06.665 [FXGL Background Thread 3 ] DEBUG Engine               - fontText: Courier-Prime.ttf
16:32:06.665 [FXGL Background Thread 3 ] DEBUG Engine               - fontUI: VarelaRound-Regular.ttf
16:32:06.665 [FXGL Background Thread 3 ] DEBUG Engine               - fullScreen: BooleanProperty [value: false]
16:32:06.665 [FXGL Background Thread 3 ] DEBUG Engine               - gameDifficulty: MEDIUM
16:32:06.665 [FXGL Background Thread 3 ] DEBUG Engine               - gameDifficultyProperty: ObjectProperty [value: MEDIUM]
16:32:06.665 [FXGL Background Thread 3 ] DEBUG Engine               - globalMusicVolume: 0.5
16:32:06.665 [FXGL Background Thread 3 ] DEBUG Engine               - globalMusicVolumeProperty: DoubleProperty [value: 0.5]
16:32:06.666 [FXGL Background Thread 3 ] DEBUG Engine               - globalSoundVolume: 0.5
16:32:06.666 [FXGL Background Thread 3 ] DEBUG Engine               - globalSoundVolumeProperty: DoubleProperty [value: 0.5]
16:32:06.666 [FXGL Background Thread 3 ] DEBUG Engine               - height: 748
16:32:06.666 [FXGL Background Thread 3 ] DEBUG Engine               - is3D: false
16:32:06.666 [FXGL Background Thread 3 ] DEBUG Engine               - isAndroid: false
16:32:06.666 [FXGL Background Thread 3 ] DEBUG Engine               - isBrowser: false
16:32:06.666 [FXGL Background Thread 3 ] DEBUG Engine               - isClickFeedbackEnabled: false
16:32:06.666 [FXGL Background Thread 3 ] DEBUG Engine               - isCloseConfirmation: false
16:32:06.666 [FXGL Background Thread 3 ] DEBUG Engine               - isDesktop: true
16:32:06.666 [FXGL Background Thread 3 ] DEBUG Engine               - isDeveloperMenuEnabled: true
16:32:06.666 [FXGL Background Thread 3 ] DEBUG Engine               - isEmbedded: false
16:32:06.667 [FXGL Background Thread 3 ] DEBUG Engine               - isEntityPreloadEnabled: true
16:32:06.667 [FXGL Background Thread 3 ] DEBUG Engine               - isExperimentalTiledLargeMap: false
16:32:06.667 [FXGL Background Thread 3 ] DEBUG Engine               - isFileSystemWriteAllowed: true
16:32:06.667 [FXGL Background Thread 3 ] DEBUG Engine               - isFullScreenAllowed: false
16:32:06.667 [FXGL Background Thread 3 ] DEBUG Engine               - isFullScreenFromStart: false
16:32:06.667 [FXGL Background Thread 3 ] DEBUG Engine               - isGameMenuEnabled: true
16:32:06.667 [FXGL Background Thread 3 ] DEBUG Engine               - isIOS: false
16:32:06.667 [FXGL Background Thread 3 ] DEBUG Engine               - isIntroEnabled: false
16:32:06.667 [FXGL Background Thread 3 ] DEBUG Engine               - isLinux: false
16:32:06.667 [FXGL Background Thread 3 ] DEBUG Engine               - isMac: false
16:32:06.667 [FXGL Background Thread 3 ] DEBUG Engine               - isMainMenuEnabled: true
16:32:06.667 [FXGL Background Thread 3 ] DEBUG Engine               - isManualResizeEnabled: false
16:32:06.667 [FXGL Background Thread 3 ] DEBUG Engine               - isMobile: false
16:32:06.667 [FXGL Background Thread 3 ] DEBUG Engine               - isNative: false
16:32:06.667 [FXGL Background Thread 3 ] DEBUG Engine               - isPauseMusicWhenMinimized: true
16:32:06.667 [FXGL Background Thread 3 ] DEBUG Engine               - isPreserveResizeRatio: false
16:32:06.667 [FXGL Background Thread 3 ] DEBUG Engine               - isProfilingEnabled: false
16:32:06.667 [FXGL Background Thread 3 ] DEBUG Engine               - isScaleAffectedOnResize: true
16:32:06.667 [FXGL Background Thread 3 ] DEBUG Engine               - isSingleStep: false
16:32:06.667 [FXGL Background Thread 3 ] DEBUG Engine               - isUserProfileEnabled: false
16:32:06.668 [FXGL Background Thread 3 ] DEBUG Engine               - isWindows: true
16:32:06.668 [FXGL Background Thread 3 ] DEBUG Engine               - language: ObjectProperty [value: ENGLISH]
16:32:06.668 [FXGL Background Thread 3 ] DEBUG Engine               - menuKey: ESCAPE
16:32:06.668 [FXGL Background Thread 3 ] DEBUG Engine               - mouseSensitivity: 0.2
16:32:06.668 [FXGL Background Thread 3 ] DEBUG Engine               - notificationViewClass: class com.almasb.fxgl.notification.view.XboxNotificationView
16:32:06.668 [FXGL Background Thread 3 ] DEBUG Engine               - pixelsPerMeter: 50.0
16:32:06.668 [FXGL Background Thread 3 ] DEBUG Engine               - platform: WINDOWS
16:32:06.668 [FXGL Background Thread 3 ] DEBUG Engine               - prefHeightProperty: ReadOnlyDoubleProperty [value: 748.0]
16:32:06.668 [FXGL Background Thread 3 ] DEBUG Engine               - prefWidthProperty: ReadOnlyDoubleProperty [value: 1020.0]
16:32:06.668 [FXGL Background Thread 3 ] DEBUG Engine               - profileDir: profiles/
16:32:06.668 [FXGL Background Thread 3 ] DEBUG Engine               - profileName: StringProperty [value: DEFAULT]
16:32:06.668 [FXGL Background Thread 3 ] DEBUG Engine               - randomSeed: -1
16:32:06.669 [FXGL Background Thread 3 ] DEBUG Engine               - runtimeInfo: RuntimeInfo(platform=WINDOWS, version=17, build=31.12.2021 18.16)
16:32:06.669 [FXGL Background Thread 3 ] DEBUG Engine               - saveFileExt: sav
16:32:06.669 [FXGL Background Thread 3 ] DEBUG Engine               - scaledHeightProp$fxgl: DoubleProperty [bound, value: 748.0]
16:32:06.669 [FXGL Background Thread 3 ] DEBUG Engine               - scaledWidthProp$fxgl: DoubleProperty [bound, value: 1020.0]
16:32:06.669 [FXGL Background Thread 3 ] DEBUG Engine               - sceneFactory: com.tkuimwd.factory.MenuFactory@32a3541d
16:32:06.669 [FXGL Background Thread 3 ] DEBUG Engine               - secondsIn24h: 60
16:32:06.669 [FXGL Background Thread 3 ] DEBUG Engine               - soundMenuBack: menu/back.wav
16:32:06.669 [FXGL Background Thread 3 ] DEBUG Engine               - soundMenuPress: menu/press.wav
16:32:06.669 [FXGL Background Thread 3 ] DEBUG Engine               - soundMenuSelect: menu/select.wav
16:32:06.670 [FXGL Background Thread 3 ] DEBUG Engine               - soundNotification: core/notification.wav
16:32:06.670 [FXGL Background Thread 3 ] DEBUG Engine               - stageStyle: DECORATED
16:32:06.670 [FXGL Background Thread 3 ] DEBUG Engine               - supportedLanguages: [ENGLISH, FRENCH, GERMAN, HUNGARIAN, RUSSIAN]
16:32:06.670 [FXGL Background Thread 3 ] DEBUG Engine               - ticksPerSecond: -1
16:32:06.670 [FXGL Background Thread 3 ] DEBUG Engine               - title: CHESS SOCCER
16:32:06.670 [FXGL Background Thread 3 ] DEBUG Engine               - urlGithub: https://github.com/AlmasB/FXGL
16:32:06.670 [FXGL Background Thread 3 ] DEBUG Engine               - urlLeaderboard: http://fxgl-top.herokuapp.com/
16:32:06.670 [FXGL Background Thread 3 ] DEBUG Engine               - urlPOM: https://raw.githubusercontent.com/AlmasB/FXGL/release/README.md
16:32:06.670 [FXGL Background Thread 3 ] DEBUG Engine               - userAppClass: class com.tkuimwd.Main
16:32:06.670 [FXGL Background Thread 3 ] DEBUG Engine               - version: v1.1
16:32:06.670 [FXGL Background Thread 3 ] DEBUG Engine               - versionCheckDays: 7
16:32:06.670 [FXGL Background Thread 3 ] DEBUG Engine               - width: 1020
16:32:06.670 [FXGL Background Thread 3 ] DEBUG Engine               - Logging services
16:32:06.670 [FXGL Background Thread 3 ] DEBUG Engine               - class com.almasb.fxgl.app.services.FXGLAssetLoaderService
16:32:06.670 [FXGL Background Thread 3 ] DEBUG Engine               - class com.almasb.fxgl.app.FXGLApplication$GameApplicationService
16:32:06.670 [FXGL Background Thread 3 ] DEBUG Engine               - class com.almasb.fxgl.app.services.FXGLDialogService
16:32:06.670 [FXGL Background Thread 3 ] DEBUG Engine               - class com.almasb.fxgl.app.services.IOTaskExecutorService
16:32:06.670 [FXGL Background Thread 3 ] DEBUG Engine               - class com.almasb.fxgl.io.FileSystemService
16:32:06.670 [FXGL Background Thread 3 ] DEBUG Engine               - class com.almasb.fxgl.localization.LocalizationService
16:32:06.670 [FXGL Background Thread 3 ] DEBUG Engine               - class com.almasb.fxgl.app.services.SystemBundleService
16:32:06.670 [FXGL Background Thread 3 ] DEBUG Engine               - class com.almasb.fxgl.profile.SaveLoadService
16:32:06.670 [FXGL Background Thread 3 ] DEBUG Engine               - class com.almasb.fxgl.ui.FXGLUIFactoryServiceProvider
16:32:06.670 [FXGL Background Thread 3 ] DEBUG Engine               - class com.almasb.fxgl.ui.FXGLDialogFactoryServiceProvider
16:32:06.670 [FXGL Background Thread 3 ] DEBUG Engine               - class com.almasb.fxgl.audio.AudioPlayer
16:32:06.670 [FXGL Background Thread 3 ] DEBUG Engine               - class com.almasb.fxgl.notification.impl.NotificationServiceProvider
16:32:06.670 [FXGL Background Thread 3 ] DEBUG Engine               - class com.almasb.fxgl.achievement.AchievementService
16:32:06.670 [FXGL Background Thread 3 ] DEBUG Engine               - class com.almasb.fxgl.cutscene.CutsceneService
16:32:06.670 [FXGL Background Thread 3 ] DEBUG Engine               - class com.almasb.fxgl.minigames.MiniGameService
16:32:06.671 [FXGL Background Thread 3 ] DEBUG Engine               - class com.almasb.fxgl.net.NetService
16:32:06.671 [FXGL Background Thread 3 ] DEBUG Engine               - class com.almasb.fxgl.app.services.UpdaterService
16:32:06.671 [FXGL Background Thread 3 ] DEBUG Engine               - class com.almasb.fxgl.dev.DevService
16:32:18.872 [JavaFX Application Thread] DEBUG PrimaryStageWindow   - Push state: LoginScene
16:32:18.872 [JavaFX Application Thread] DEBUG Input                - Clearing active input actions
16:32:18.873 [JavaFX Application Thread] DEBUG GameApplicationServi - Removing overlay from MainMenu and adding to LoginScene
16:32:18.874 [JavaFX Application Thread] DEBUG PrimaryStageWindow   - MainMenu -> LoginScene
16:32:22.546 [JavaFX Application Thread] DEBUG PrimaryStageWindow   - Pop state: LoginScene
16:32:22.546 [JavaFX Application Thread] DEBUG Input                - Clearing active input actions
16:32:22.546 [JavaFX Application Thread] DEBUG GameApplicationServi - Removing overlay from LoginScene and adding to MainMenu
16:32:22.548 [JavaFX Application Thread] DEBUG PrimaryStageWindow   - MainMenu <- LoginScene
16:32:22.549 [JavaFX Application Thread] DEBUG PrimaryStageWindow   - Pop state: MainMenu
16:32:22.549 [JavaFX Application Thread] DEBUG Input                - Clearing active input actions
16:32:22.550 [JavaFX Application Thread] DEBUG GameApplicationServi - Removing overlay from MainMenu and adding to FXGLMainMenuDummyScene
16:32:22.550 [JavaFX Application Thread] DEBUG PrimaryStageWindow   - FXGLMainMenuDummyScene <- MainMenu
16:32:22.627 [JavaFX Application Thread] DEBUG PrimaryStageWindow   - Push state: MainMenu
16:32:22.628 [JavaFX Application Thread] DEBUG Input                - Clearing active input actions
16:32:22.628 [JavaFX Application Thread] DEBUG GameApplicationServi - Removing overlay from FXGLMainMenuDummyScene and adding to MainMenu
16:32:22.629 [JavaFX Application Thread] DEBUG PrimaryStageWindow   - FXGLMainMenuDummyScene -> MainMenu
16:32:22.632 [JavaFX Application Thread] DEBUG PrimaryStageWindow   - Push state: DialogSubScene
16:32:22.632 [JavaFX Application Thread] DEBUG Input                - Clearing active input actions
16:32:22.632 [JavaFX Application Thread] DEBUG GameApplicationServi - Removing overlay from MainMenu and adding to DialogSubScene
16:32:22.633 [JavaFX Application Thread] DEBUG PrimaryStageWindow   - MainMenu -> DialogSubScene
16:32:23.327 [JavaFX Application Thread] DEBUG PrimaryStageWindow   - Pop state: DialogSubScene
16:32:23.328 [JavaFX Application Thread] DEBUG Input                - Clearing active input actions
16:32:23.329 [JavaFX Application Thread] DEBUG GameApplicationServi - Removing overlay from DialogSubScene and adding to MainMenu
16:32:23.330 [JavaFX Application Thread] DEBUG PrimaryStageWindow   - MainMenu <- DialogSubScene
16:32:24.635 [JavaFX Application Thread] DEBUG PrimaryStageWindow   - Push state: JoinRoomSecne
16:32:24.635 [JavaFX Application Thread] DEBUG Input                - Clearing active input actions
16:32:24.635 [JavaFX Application Thread] DEBUG GameApplicationServi - Removing overlay from MainMenu and adding to JoinRoomSecne
16:32:24.636 [JavaFX Application Thread] DEBUG PrimaryStageWindow   - MainMenu -> JoinRoomSecne
16:32:32.606 [JavaFX Application Thread] DEBUG PrimaryStageWindow   - Push state: CreateRoomScene
16:32:32.606 [JavaFX Application Thread] DEBUG Input                - Clearing active input actions
16:32:32.606 [JavaFX Application Thread] DEBUG GameApplicationServi - Removing overlay from JoinRoomSecne and adding to CreateRoomScene
16:32:32.607 [JavaFX Application Thread] DEBUG PrimaryStageWindow   - JoinRoomSecne -> CreateRoomScene
16:32:47.765 [JavaFX Application Thread] DEBUG GameApplicationServi - Starting new game
16:32:47.765 [JavaFX Application Thread] DEBUG PrimaryStageWindow   - Pop state: CreateRoomScene
16:32:47.765 [JavaFX Application Thread] DEBUG Input                - Clearing active input actions
16:32:47.766 [JavaFX Application Thread] DEBUG GameApplicationServi - Removing overlay from CreateRoomScene and adding to JoinRoomSecne
16:32:47.767 [JavaFX Application Thread] DEBUG PrimaryStageWindow   - JoinRoomSecne <- CreateRoomScene
16:32:47.767 [JavaFX Application Thread] DEBUG PrimaryStageWindow   - Pop state: JoinRoomSecne
16:32:47.767 [JavaFX Application Thread] DEBUG Input                - Clearing active input actions
16:32:47.767 [JavaFX Application Thread] DEBUG GameApplicationServi - Removing overlay from JoinRoomSecne and adding to MainMenu
16:32:47.768 [JavaFX Application Thread] DEBUG PrimaryStageWindow   - MainMenu <- JoinRoomSecne
16:32:47.768 [JavaFX Application Thread] DEBUG PrimaryStageWindow   - Pop state: MainMenu
16:32:47.768 [JavaFX Application Thread] DEBUG Input                - Clearing active input actions
16:32:47.768 [JavaFX Application Thread] DEBUG GameApplicationServi - Removing overlay from MainMenu and adding to FXGLMainMenuDummyScene
16:32:47.771 [JavaFX Application Thread] DEBUG PrimaryStageWindow   - FXGLMainMenuDummyScene <- MainMenu
16:32:47.771 [JavaFX Application Thread] DEBUG Input                - Clearing active input actions
16:32:47.775 [JavaFX Application Thread] DEBUG GameApplicationServi - Removing overlay from FXGLMainMenuDummyScene and adding to FXGLLoadingScene
16:32:47.775 [JavaFX Application Thread] DEBUG PrimaryStageWindow   - FXGLMainMenuDummyScene -> FXGLLoadingScene
16:32:47.775 [JavaFX Application Thread] DEBUG GameApplicationServi - Clearing previous game
16:32:47.775 [JavaFX Application Thread] DEBUG GameScene            - Clearing game scene
16:32:47.776 [JavaFX Application Thread] DEBUG GameWorld            - Clearing game world
16:32:47.776 [JavaFX Application Thread] DEBUG PhysicsWorld         - Clearing physics world
16:32:47.777 [FXGL Background Thread 2 ] DEBUG FXGLApplication      - Initializing game
16:32:47.890 [FXGL Background Thread 2 ] INFO  FXGLApplication      - Game initialization took: 0.112 sec
16:32:47.894 [JavaFX Application Thread] DEBUG Input                - Clearing active input actions
16:32:47.899 [JavaFX Application Thread] DEBUG GameApplicationServi - Removing overlay from FXGLLoadingScene and adding to GameScene
16:32:47.901 [JavaFX Application Thread] DEBUG PrimaryStageWindow   - FXGLLoadingScene -> GameScene
16:32:58.694 [JavaFX Application Thread] DEBUG EventBus             - Firing event: com.tkuimwd.event.ChessReleaseEvent[source=javafx.event.Event$$Lambda$123/0x00000008002169a0@5d2999]
16:33:06.646 [JavaFX Application Thread] DEBUG EventBus             - Firing event: com.tkuimwd.event.ChessReleaseEvent[source=javafx.event.Event$$Lambda$123/0x00000008002169a0@5d2999]
16:33:08.203 [JavaFX Application Thread] DEBUG EventBus             - Firing event: com.tkuimwd.event.ChessReleaseEvent[source=javafx.event.Event$$Lambda$123/0x00000008002169a0@5d2999]
16:33:09.568 [JavaFX Application Thread] DEBUG EventBus             - Firing event: com.tkuimwd.event.GoalEvent[source=javafx.event.Event$$Lambda$123/0x00000008002169a0@5d2999]
16:34:04.027 [JavaFX Application Thread] DEBUG EventBus             - Firing event: com.tkuimwd.event.ChessReleaseEvent[source=javafx.event.Event$$Lambda$123/0x00000008002169a0@5d2999]
16:34:14.274 [JavaFX Application Thread] DEBUG EventBus             - Firing event: com.tkuimwd.event.ChessReleaseEvent[source=javafx.event.Event$$Lambda$123/0x00000008002169a0@5d2999]
16:35:27.304 [JavaFX Application Thread] DEBUG FXGLApplication      - Exiting FXGL
16:35:27.304 [JavaFX Application Thread] DEBUG LoopRunner           - Stopping loop
16:35:27.304 [JavaFX Application Thread] DEBUG SystemBundleService  - Saving FXGL system data
16:35:27.306 [JavaFX Application Thread] DEBUG FileSystemAccess     - Writing to: C:\Users\Kenny\Documents\vscode_java\FXGL\system\fxgl.bundle
16:35:27.307 [JavaFX Application Thread] DEBUG Async                - Shutting down background threads
16:35:27.307 [JavaFX Application Thread] DEBUG PrimaryStageWindow   - Closing main window
16:35:27.322 [JavaFX Application Thread] DEBUG Logger               - Closing Logger
