17:18:53.728 [main                     ] DEBUG Logger               - Configured Logger
17:18:53.752 [main                     ] DEBUG GameApplication      - Logging settings
Title: CHESS SOCCER
Version: v1.1
Width: 1020
Height: 748
Fullscreen: false
Intro: false
Profiling: false
Single step:false
App Mode: DEVELOPER
Menu Key: ESCAPE
Stage Style: DECORATED
Scene Factory: class com.tkuimwd.factory.MenuFactory

17:18:54.082 [JavaFX Application Thread] DEBUG FXGLApplication      - Initializing FXGL
17:18:54.088 [JavaFX Application Thread] INFO  Engine               - FXGL-17 (31.12.2021 18.16) on WINDOWS (J:17.0.12 FX:17.0.0.1)
17:18:54.088 [JavaFX Application Thread] DEBUG Engine               - JRE Vendor Name: Eclipse Adoptium
17:18:54.088 [JavaFX Application Thread] DEBUG Engine               - Running on OS: Windows 11 version 10.0
17:18:54.088 [JavaFX Application Thread] DEBUG Engine               - Architecture: amd64
17:18:54.088 [JavaFX Application Thread] INFO  Engine               - Source code and latest versions at: https://github.com/AlmasB/FXGL
17:18:54.089 [JavaFX Application Thread] INFO  Engine               -       Ask questions and discuss at: https://github.com/AlmasB/FXGL/discussions
17:18:54.089 [JavaFX Application Thread] INFO  Engine               -              Join the FXGL chat at: https://gitter.im/AlmasB/FXGL
17:18:54.171 [JavaFX Application Thread] DEBUG PrimaryStageWindow   - Creating a JavaFX scene
17:18:54.204 [JavaFX Application Thread] DEBUG PrimaryStageWindow   - Target settings size: 1020.0 x 748.0
17:18:54.204 [JavaFX Application Thread] DEBUG PrimaryStageWindow   - Scaled scene size:    1020.0 x 748.0
17:18:54.204 [JavaFX Application Thread] DEBUG PrimaryStageWindow   - Scaled ratio: (1.0, 1.0)
17:18:54.206 [JavaFX Application Thread] DEBUG PrimaryStageWindow   - Set initial scene to FXGLStartupScene
17:18:54.212 [JavaFX Application Thread] DEBUG PrimaryStageWindow   - Opening main window
17:18:54.298 [JavaFX Application Thread] DEBUG PrimaryStageWindow   - Window border size: (13.0, 35.5)
17:18:54.298 [JavaFX Application Thread] DEBUG PrimaryStageWindow   - Scaled size: 1020.0 x 748.0
17:18:54.298 [JavaFX Application Thread] DEBUG PrimaryStageWindow   - Scaled ratio: (1.0, 1.0)
17:18:54.298 [JavaFX Application Thread] DEBUG PrimaryStageWindow   - Scene size: 1020.0 x 748.0
17:18:54.299 [JavaFX Application Thread] DEBUG PrimaryStageWindow   - Stage size: 1033.0 x 783.5
17:18:54.305 [FXGL Background Thread 1 ] DEBUG Engine               - Initializing environment variables
17:18:54.346 [FXGL Background Thread 1 ] DEBUG FXGLAssetLoaderServi - User app class for loading assets: class com.tkuimwd.Main
17:18:54.346 [FXGL Background Thread 1 ] DEBUG GameApplicationServi - Applying CSS: fxgl_dark.css
17:18:54.346 [FXGL Background Thread 1 ] DEBUG FXGLAssetLoaderServi - Loading from file system: jar:file:/C:/Users/Kenny/.m2/repository/com/github/almasb/fxgl/17/fxgl-17.jar!/fxglassets/ui/css/fxgl_dark.css
17:18:54.384 [FXGL Background Thread 1 ] DEBUG GameApplicationServi - Initializing application scenes
17:18:54.454 [FXGL Background Thread 1 ] DEBUG GameWorld            - Game world initialized
17:18:54.509 [FXGL Background Thread 1 ] DEBUG PhysicsWorld         - Physics world initialized: appHeight=748, physics.ppm=50.0
17:18:54.509 [FXGL Background Thread 1 ] DEBUG PhysicsWorld         - Using strategy: BRUTE_FORCE
17:18:54.513 [FXGL Background Thread 1 ] DEBUG GameScene            - Game scene initialized: 1020x748
17:18:54.624 [FXGL Background Thread 1 ] DEBUG FXGL.DefaultMenu     - createMenuBodyGameMenu()
17:18:54.639 [FXGL Background Thread 1 ] DEBUG FXGL.DefaultMenu     - createOptionsMenu()
17:18:54.648 [FXGL Background Thread 1 ] DEBUG FXGLAssetLoaderServi - Loading from file system: jar:file:/C:/Users/Kenny/.m2/repository/com/github/almasb/fxgl/17/fxgl-17.jar!/fxglassets/textures/particles/smoke.png
17:18:54.744 [FXGL Background Thread 1 ] DEBUG FXGLAssetLoaderServi - Loading from file system: jar:file:/C:/Users/Kenny/.m2/repository/com/github/almasb/fxgl/17/fxgl-17.jar!/fxglassets/textures/particles/trace_horizontal.png
17:18:54.767 [FXGL Background Thread 1 ] DEBUG GameApplicationServi - Application scenes initialized
17:18:54.776 [FXGL Background Thread 1 ] DEBUG SystemBundleService  - Loading FXGL system data
17:18:54.779 [FXGL Background Thread 1 ] DEBUG FileSystemAccess     - Reading from: C:\Users\Kenny\Documents\vscode_java\FXGL\system\fxgl.bundle
17:18:54.785 [FXGL Background Thread 1 ] DEBUG SystemBundleService  - Bundle FXGL: {}
17:18:54.785 [FXGL Background Thread 1 ] DEBUG UpdaterService       - Checking for updates
17:18:54.807 [FXGL Background Thread 4 ] DEBUG FXGLApplication      - Loading fonts
17:18:54.807 [FXGL Background Thread 1 ] DEBUG FXGLApplication      - Loading default localization
17:18:54.807 [FXGL Background Thread 4 ] DEBUG FXGLAssetLoaderServi - Loading from file system: jar:file:/C:/Users/Kenny/.m2/repository/com/github/almasb/fxgl/17/fxgl-17.jar!/fxglassets/ui/fonts/VarelaRound-Regular.ttf
17:18:54.808 [FXGL Background Thread 1 ] DEBUG FXGLAssetLoaderServi - Loading from file system: jar:file:/C:/Users/Kenny/.m2/repository/com/github/almasb/fxgl/17/fxgl-17.jar!/fxglassets/languages/english.lang
17:18:54.827 [FXGL Background Thread 1 ] INFO  FXGLApplication      - FXGL initialization took: 0.521 sec
17:18:54.829 [JavaFX Application Thread] DEBUG FXGLAssetLoaderServi - Loading from file system: jar:file:/C:/Users/Kenny/.m2/repository/com/github/almasb/fxgl/17/fxgl-17.jar!/fxglassets/textures/fxgl_icon.png
17:18:54.842 [JavaFX Application Thread] DEBUG FXGLAssetLoaderServi - Loading from file system: jar:file:/C:/Users/Kenny/.m2/repository/com/github/almasb/fxgl/17/fxgl-17.jar!/fxglassets/textures/fxgl_default_cursor.png
17:18:54.869 [FXGL Background Thread 4 ] DEBUG FXGLAssetLoaderServi - Loading from file system: jar:file:/C:/Users/Kenny/.m2/repository/com/github/almasb/fxgl/17/fxgl-17.jar!/fxglassets/ui/fonts/Abel-Regular.ttf
17:18:54.870 [JavaFX Application Thread] DEBUG Input                - Registered new binding: Screenshot - CTRL+8
17:18:54.871 [FXGL Background Thread 4 ] DEBUG FXGLAssetLoaderServi - Loading from file system: jar:file:/C:/Users/Kenny/.m2/repository/com/github/almasb/fxgl/17/fxgl-17.jar!/fxglassets/ui/fonts/TerminalLandMono-Regular.otf
17:18:54.872 [JavaFX Application Thread] DEBUG Input                - Registered new binding: Dev Options - 1
17:18:54.875 [JavaFX Application Thread] DEBUG Input                - Registered new binding: Dev Console - 2
17:18:54.876 [FXGL Background Thread 4 ] DEBUG FXGLAssetLoaderServi - Loading from file system: jar:file:/C:/Users/Kenny/.m2/repository/com/github/almasb/fxgl/17/fxgl-17.jar!/fxglassets/ui/fonts/Courier-Prime.ttf
17:18:54.876 [JavaFX Application Thread] DEBUG Input                - Registered new binding: System info dump - CTRL+9
17:18:54.877 [JavaFX Application Thread] DEBUG Input                - Registered new binding: Restart - CTRL+R
17:18:54.879 [JavaFX Application Thread] DEBUG Input                - Registered new binding: Toggle Debug Camera - CTRL+7
17:18:54.886 [JavaFX Application Thread] DEBUG LoopRunner           - Starting loop
17:18:54.925 [JavaFX Application Thread] DEBUG LoopRunner           - Initializing JavaFX AnimationTimerLoop
17:18:54.931 [JavaFX Application Thread] DEBUG Input                - Clearing active input actions
17:18:54.935 [JavaFX Application Thread] DEBUG GameApplicationServi - Removing overlay from FXGLStartupScene and adding to FXGLMainMenuDummyScene
17:18:54.944 [JavaFX Application Thread] DEBUG PrimaryStageWindow   - FXGLStartupScene -> FXGLMainMenuDummyScene
17:18:54.944 [JavaFX Application Thread] DEBUG PrimaryStageWindow   - Push state: MainMenu
17:18:54.944 [JavaFX Application Thread] DEBUG Input                - Clearing active input actions
17:18:54.951 [JavaFX Application Thread] DEBUG GameApplicationServi - Removing overlay from FXGLMainMenuDummyScene and adding to MainMenu
17:18:54.952 [JavaFX Application Thread] DEBUG PrimaryStageWindow   - FXGLMainMenuDummyScene -> MainMenu
17:18:54.952 [JavaFX Application Thread] DEBUG FXGLApplication      - Registering font factories with UI factory
17:18:55.228 [FXGL Background Thread 2 ] INFO  UpdaterService       - Your current version:  17
17:18:55.229 [FXGL Background Thread 2 ] INFO  UpdaterService       - Latest stable version: 21.1
17:18:57.806 [FXGL Background Thread 3 ] DEBUG Engine               - Logging environment variables
17:18:57.807 [FXGL Background Thread 3 ] DEBUG Engine               - achievements: []
17:18:57.807 [FXGL Background Thread 3 ] DEBUG Engine               - actualHeight: 748.0
17:18:57.807 [FXGL Background Thread 3 ] DEBUG Engine               - actualHeightProperty: ReadOnlyDoubleProperty [value: 748.0]
17:18:57.808 [FXGL Background Thread 3 ] DEBUG Engine               - actualWidth: 1020.0
17:18:57.808 [FXGL Background Thread 3 ] DEBUG Engine               - actualWidthProperty: ReadOnlyDoubleProperty [value: 1020.0]
17:18:57.808 [FXGL Background Thread 3 ] DEBUG Engine               - appIcon: fxgl_icon.png
17:18:57.808 [FXGL Background Thread 3 ] DEBUG Engine               - applicationMode: DEVELOPER
17:18:57.808 [FXGL Background Thread 3 ] DEBUG Engine               - cSSList: [fxgl_dark.css]
17:18:57.808 [FXGL Background Thread 3 ] DEBUG Engine               - collisionDetectionStrategy: BRUTE_FORCE
17:18:57.808 [FXGL Background Thread 3 ] DEBUG Engine               - configClass: Optional.empty
17:18:57.808 [FXGL Background Thread 3 ] DEBUG Engine               - credits: []
17:18:57.811 [FXGL Background Thread 3 ] DEBUG Engine               - defaultCursor: CursorInfo(imageName=fxgl_default_cursor.png, hotspotX=7.0, hotspotY=6.0)
17:18:57.812 [FXGL Background Thread 3 ] DEBUG Engine               - devBBoxColorProperty: ObjectProperty [value: 0xff0000ff]
17:18:57.812 [FXGL Background Thread 3 ] DEBUG Engine               - devEnableDebugCameraProperty: BooleanProperty [value: false]
17:18:57.812 [FXGL Background Thread 3 ] DEBUG Engine               - devSensorColorProperty: ObjectProperty [value: 0xffff00ff]
17:18:57.812 [FXGL Background Thread 3 ] DEBUG Engine               - devShowBBoxProperty: BooleanProperty [value: false]
17:18:57.812 [FXGL Background Thread 3 ] DEBUG Engine               - devShowPositionProperty: BooleanProperty [value: false]
17:18:57.812 [FXGL Background Thread 3 ] DEBUG Engine               - enabledMenuItems: []
17:18:57.812 [FXGL Background Thread 3 ] DEBUG Engine               - engineServices: [class com.almasb.fxgl.app.services.FXGLAssetLoaderService, class com.almasb.fxgl.app.FXGLApplication$GameApplicationService, class com.almasb.fxgl.app.services.FXGLDialogService, class com.almasb.fxgl.app.services.IOTaskExecutorService, class com.almasb.fxgl.io.FileSystemService, class com.almasb.fxgl.localization.LocalizationService, class com.almasb.fxgl.app.services.SystemBundleService, class com.almasb.fxgl.profile.SaveLoadService, class com.almasb.fxgl.ui.FXGLUIFactoryServiceProvider, class com.almasb.fxgl.ui.FXGLDialogFactoryServiceProvider, class com.almasb.fxgl.audio.AudioPlayer, class com.almasb.fxgl.notification.impl.NotificationServiceProvider, class com.almasb.fxgl.achievement.AchievementService, class com.almasb.fxgl.cutscene.CutsceneService, class com.almasb.fxgl.minigames.MiniGameService, class com.almasb.fxgl.net.NetService, class com.almasb.fxgl.app.services.UpdaterService, class com.almasb.fxgl.dev.DevService]
17:18:57.812 [FXGL Background Thread 3 ] DEBUG Engine               - fontGame: Abel-Regular.ttf
17:18:57.812 [FXGL Background Thread 3 ] DEBUG Engine               - fontMono: TerminalLandMono-Regular.otf
17:18:57.812 [FXGL Background Thread 3 ] DEBUG Engine               - fontText: Courier-Prime.ttf
17:18:57.812 [FXGL Background Thread 3 ] DEBUG Engine               - fontUI: VarelaRound-Regular.ttf
17:18:57.812 [FXGL Background Thread 3 ] DEBUG Engine               - fullScreen: BooleanProperty [value: false]
17:18:57.812 [FXGL Background Thread 3 ] DEBUG Engine               - gameDifficulty: MEDIUM
17:18:57.813 [FXGL Background Thread 3 ] DEBUG Engine               - gameDifficultyProperty: ObjectProperty [value: MEDIUM]
17:18:57.813 [FXGL Background Thread 3 ] DEBUG Engine               - globalMusicVolume: 0.5
17:18:57.813 [FXGL Background Thread 3 ] DEBUG Engine               - globalMusicVolumeProperty: DoubleProperty [value: 0.5]
17:18:57.813 [FXGL Background Thread 3 ] DEBUG Engine               - globalSoundVolume: 0.5
17:18:57.813 [FXGL Background Thread 3 ] DEBUG Engine               - globalSoundVolumeProperty: DoubleProperty [value: 0.5]
17:18:57.813 [FXGL Background Thread 3 ] DEBUG Engine               - height: 748
17:18:57.813 [FXGL Background Thread 3 ] DEBUG Engine               - is3D: false
17:18:57.813 [FXGL Background Thread 3 ] DEBUG Engine               - isAndroid: false
17:18:57.813 [FXGL Background Thread 3 ] DEBUG Engine               - isBrowser: false
17:18:57.813 [FXGL Background Thread 3 ] DEBUG Engine               - isClickFeedbackEnabled: false
17:18:57.813 [FXGL Background Thread 3 ] DEBUG Engine               - isCloseConfirmation: false
17:18:57.813 [FXGL Background Thread 3 ] DEBUG Engine               - isDesktop: true
17:18:57.814 [FXGL Background Thread 3 ] DEBUG Engine               - isDeveloperMenuEnabled: true
17:18:57.814 [FXGL Background Thread 3 ] DEBUG Engine               - isEmbedded: false
17:18:57.814 [FXGL Background Thread 3 ] DEBUG Engine               - isEntityPreloadEnabled: true
17:18:57.814 [FXGL Background Thread 3 ] DEBUG Engine               - isExperimentalTiledLargeMap: false
17:18:57.814 [FXGL Background Thread 3 ] DEBUG Engine               - isFileSystemWriteAllowed: true
17:18:57.814 [FXGL Background Thread 3 ] DEBUG Engine               - isFullScreenAllowed: false
17:18:57.814 [FXGL Background Thread 3 ] DEBUG Engine               - isFullScreenFromStart: false
17:18:57.814 [FXGL Background Thread 3 ] DEBUG Engine               - isGameMenuEnabled: true
17:18:57.814 [FXGL Background Thread 3 ] DEBUG Engine               - isIOS: false
17:18:57.814 [FXGL Background Thread 3 ] DEBUG Engine               - isIntroEnabled: false
17:18:57.814 [FXGL Background Thread 3 ] DEBUG Engine               - isLinux: false
17:18:57.814 [FXGL Background Thread 3 ] DEBUG Engine               - isMac: false
17:18:57.814 [FXGL Background Thread 3 ] DEBUG Engine               - isMainMenuEnabled: true
17:18:57.814 [FXGL Background Thread 3 ] DEBUG Engine               - isManualResizeEnabled: false
17:18:57.814 [FXGL Background Thread 3 ] DEBUG Engine               - isMobile: false
17:18:57.814 [FXGL Background Thread 3 ] DEBUG Engine               - isNative: false
17:18:57.814 [FXGL Background Thread 3 ] DEBUG Engine               - isPauseMusicWhenMinimized: true
17:18:57.815 [FXGL Background Thread 3 ] DEBUG Engine               - isPreserveResizeRatio: false
17:18:57.815 [FXGL Background Thread 3 ] DEBUG Engine               - isProfilingEnabled: false
17:18:57.815 [FXGL Background Thread 3 ] DEBUG Engine               - isScaleAffectedOnResize: true
17:18:57.815 [FXGL Background Thread 3 ] DEBUG Engine               - isSingleStep: false
17:18:57.815 [FXGL Background Thread 3 ] DEBUG Engine               - isUserProfileEnabled: false
17:18:57.815 [FXGL Background Thread 3 ] DEBUG Engine               - isWindows: true
17:18:57.815 [FXGL Background Thread 3 ] DEBUG Engine               - language: ObjectProperty [value: ENGLISH]
17:18:57.815 [FXGL Background Thread 3 ] DEBUG Engine               - menuKey: ESCAPE
17:18:57.815 [FXGL Background Thread 3 ] DEBUG Engine               - mouseSensitivity: 0.2
17:18:57.815 [FXGL Background Thread 3 ] DEBUG Engine               - notificationViewClass: class com.almasb.fxgl.notification.view.XboxNotificationView
17:18:57.815 [FXGL Background Thread 3 ] DEBUG Engine               - pixelsPerMeter: 50.0
17:18:57.815 [FXGL Background Thread 3 ] DEBUG Engine               - platform: WINDOWS
17:18:57.815 [FXGL Background Thread 3 ] DEBUG Engine               - prefHeightProperty: ReadOnlyDoubleProperty [value: 748.0]
17:18:57.815 [FXGL Background Thread 3 ] DEBUG Engine               - prefWidthProperty: ReadOnlyDoubleProperty [value: 1020.0]
17:18:57.815 [FXGL Background Thread 3 ] DEBUG Engine               - profileDir: profiles/
17:18:57.815 [FXGL Background Thread 3 ] DEBUG Engine               - profileName: StringProperty [value: DEFAULT]
17:18:57.815 [FXGL Background Thread 3 ] DEBUG Engine               - randomSeed: -1
17:18:57.816 [FXGL Background Thread 3 ] DEBUG Engine               - runtimeInfo: RuntimeInfo(platform=WINDOWS, version=17, build=31.12.2021 18.16)
17:18:57.816 [FXGL Background Thread 3 ] DEBUG Engine               - saveFileExt: sav
17:18:57.816 [FXGL Background Thread 3 ] DEBUG Engine               - scaledHeightProp$fxgl: DoubleProperty [bound, value: 748.0]
17:18:57.816 [FXGL Background Thread 3 ] DEBUG Engine               - scaledWidthProp$fxgl: DoubleProperty [bound, value: 1020.0]
17:18:57.816 [FXGL Background Thread 3 ] DEBUG Engine               - sceneFactory: com.tkuimwd.factory.MenuFactory@b94b9db
17:18:57.816 [FXGL Background Thread 3 ] DEBUG Engine               - secondsIn24h: 60
17:18:57.816 [FXGL Background Thread 3 ] DEBUG Engine               - soundMenuBack: menu/back.wav
17:18:57.816 [FXGL Background Thread 3 ] DEBUG Engine               - soundMenuPress: menu/press.wav
17:18:57.816 [FXGL Background Thread 3 ] DEBUG Engine               - soundMenuSelect: menu/select.wav
17:18:57.816 [FXGL Background Thread 3 ] DEBUG Engine               - soundNotification: core/notification.wav
17:18:57.816 [FXGL Background Thread 3 ] DEBUG Engine               - stageStyle: DECORATED
17:18:57.816 [FXGL Background Thread 3 ] DEBUG Engine               - supportedLanguages: [ENGLISH, FRENCH, GERMAN, HUNGARIAN, RUSSIAN]
17:18:57.816 [FXGL Background Thread 3 ] DEBUG Engine               - ticksPerSecond: -1
17:18:57.816 [FXGL Background Thread 3 ] DEBUG Engine               - title: CHESS SOCCER
17:18:57.816 [FXGL Background Thread 3 ] DEBUG Engine               - urlGithub: https://github.com/AlmasB/FXGL
17:18:57.816 [FXGL Background Thread 3 ] DEBUG Engine               - urlLeaderboard: http://fxgl-top.herokuapp.com/
17:18:57.816 [FXGL Background Thread 3 ] DEBUG Engine               - urlPOM: https://raw.githubusercontent.com/AlmasB/FXGL/release/README.md
17:18:57.816 [FXGL Background Thread 3 ] DEBUG Engine               - userAppClass: class com.tkuimwd.Main
17:18:57.816 [FXGL Background Thread 3 ] DEBUG Engine               - version: v1.1
17:18:57.817 [FXGL Background Thread 3 ] DEBUG Engine               - versionCheckDays: 7
17:18:57.817 [FXGL Background Thread 3 ] DEBUG Engine               - width: 1020
17:18:57.817 [FXGL Background Thread 3 ] DEBUG Engine               - Logging services
17:18:57.817 [FXGL Background Thread 3 ] DEBUG Engine               - class com.almasb.fxgl.app.services.FXGLAssetLoaderService
17:18:57.817 [FXGL Background Thread 3 ] DEBUG Engine               - class com.almasb.fxgl.app.FXGLApplication$GameApplicationService
17:18:57.817 [FXGL Background Thread 3 ] DEBUG Engine               - class com.almasb.fxgl.app.services.FXGLDialogService
17:18:57.817 [FXGL Background Thread 3 ] DEBUG Engine               - class com.almasb.fxgl.app.services.IOTaskExecutorService
17:18:57.817 [FXGL Background Thread 3 ] DEBUG Engine               - class com.almasb.fxgl.io.FileSystemService
17:18:57.817 [FXGL Background Thread 3 ] DEBUG Engine               - class com.almasb.fxgl.localization.LocalizationService
17:18:57.817 [FXGL Background Thread 3 ] DEBUG Engine               - class com.almasb.fxgl.app.services.SystemBundleService
17:18:57.817 [FXGL Background Thread 3 ] DEBUG Engine               - class com.almasb.fxgl.profile.SaveLoadService
17:18:57.817 [FXGL Background Thread 3 ] DEBUG Engine               - class com.almasb.fxgl.ui.FXGLUIFactoryServiceProvider
17:18:57.817 [FXGL Background Thread 3 ] DEBUG Engine               - class com.almasb.fxgl.ui.FXGLDialogFactoryServiceProvider
17:18:57.817 [FXGL Background Thread 3 ] DEBUG Engine               - class com.almasb.fxgl.audio.AudioPlayer
17:18:57.817 [FXGL Background Thread 3 ] DEBUG Engine               - class com.almasb.fxgl.notification.impl.NotificationServiceProvider
17:18:57.817 [FXGL Background Thread 3 ] DEBUG Engine               - class com.almasb.fxgl.achievement.AchievementService
17:18:57.817 [FXGL Background Thread 3 ] DEBUG Engine               - class com.almasb.fxgl.cutscene.CutsceneService
17:18:57.817 [FXGL Background Thread 3 ] DEBUG Engine               - class com.almasb.fxgl.minigames.MiniGameService
17:18:57.817 [FXGL Background Thread 3 ] DEBUG Engine               - class com.almasb.fxgl.net.NetService
17:18:57.817 [FXGL Background Thread 3 ] DEBUG Engine               - class com.almasb.fxgl.app.services.UpdaterService
17:18:57.817 [FXGL Background Thread 3 ] DEBUG Engine               - class com.almasb.fxgl.dev.DevService
17:19:17.900 [JavaFX Application Thread] DEBUG PrimaryStageWindow   - Push state: LoginScene
17:19:17.900 [JavaFX Application Thread] DEBUG Input                - Clearing active input actions
17:19:17.901 [JavaFX Application Thread] DEBUG GameApplicationServi - Removing overlay from MainMenu and adding to LoginScene
17:19:17.902 [JavaFX Application Thread] DEBUG PrimaryStageWindow   - MainMenu -> LoginScene
17:19:22.298 [JavaFX Application Thread] DEBUG PrimaryStageWindow   - Pop state: LoginScene
17:19:22.299 [JavaFX Application Thread] DEBUG Input                - Clearing active input actions
17:19:22.299 [JavaFX Application Thread] DEBUG GameApplicationServi - Removing overlay from LoginScene and adding to MainMenu
17:19:22.302 [JavaFX Application Thread] DEBUG PrimaryStageWindow   - MainMenu <- LoginScene
17:19:22.302 [JavaFX Application Thread] DEBUG PrimaryStageWindow   - Pop state: MainMenu
17:19:22.303 [JavaFX Application Thread] DEBUG Input                - Clearing active input actions
17:19:22.303 [JavaFX Application Thread] DEBUG GameApplicationServi - Removing overlay from MainMenu and adding to FXGLMainMenuDummyScene
17:19:22.303 [JavaFX Application Thread] DEBUG PrimaryStageWindow   - FXGLMainMenuDummyScene <- MainMenu
17:19:22.385 [JavaFX Application Thread] DEBUG PrimaryStageWindow   - Push state: MainMenu
17:19:22.386 [JavaFX Application Thread] DEBUG Input                - Clearing active input actions
17:19:22.387 [JavaFX Application Thread] DEBUG GameApplicationServi - Removing overlay from FXGLMainMenuDummyScene and adding to MainMenu
17:19:22.387 [JavaFX Application Thread] DEBUG PrimaryStageWindow   - FXGLMainMenuDummyScene -> MainMenu
17:19:22.389 [JavaFX Application Thread] DEBUG PrimaryStageWindow   - Push state: DialogSubScene
17:19:22.389 [JavaFX Application Thread] DEBUG Input                - Clearing active input actions
17:19:22.389 [JavaFX Application Thread] DEBUG GameApplicationServi - Removing overlay from MainMenu and adding to DialogSubScene
17:19:22.389 [JavaFX Application Thread] DEBUG PrimaryStageWindow   - MainMenu -> DialogSubScene
17:19:22.714 [JavaFX Application Thread] DEBUG PrimaryStageWindow   - Pop state: DialogSubScene
17:19:22.714 [JavaFX Application Thread] DEBUG Input                - Clearing active input actions
17:19:22.714 [JavaFX Application Thread] DEBUG GameApplicationServi - Removing overlay from DialogSubScene and adding to MainMenu
17:19:22.715 [JavaFX Application Thread] DEBUG PrimaryStageWindow   - MainMenu <- DialogSubScene
17:19:22.715 [JavaFX Application Thread] DEBUG PrimaryStageWindow   - Pop state: MainMenu
17:19:22.716 [JavaFX Application Thread] DEBUG Input                - Clearing active input actions
17:19:22.716 [JavaFX Application Thread] DEBUG GameApplicationServi - Removing overlay from MainMenu and adding to FXGLMainMenuDummyScene
17:19:22.716 [JavaFX Application Thread] DEBUG PrimaryStageWindow   - FXGLMainMenuDummyScene <- MainMenu
17:19:22.792 [JavaFX Application Thread] DEBUG PrimaryStageWindow   - Push state: MainMenu
17:19:22.792 [JavaFX Application Thread] DEBUG Input                - Clearing active input actions
17:19:22.793 [JavaFX Application Thread] DEBUG GameApplicationServi - Removing overlay from FXGLMainMenuDummyScene and adding to MainMenu
17:19:22.794 [JavaFX Application Thread] DEBUG PrimaryStageWindow   - FXGLMainMenuDummyScene -> MainMenu
17:19:22.795 [JavaFX Application Thread] DEBUG PrimaryStageWindow   - Push state: DialogSubScene
17:19:22.795 [JavaFX Application Thread] DEBUG Input                - Clearing active input actions
17:19:22.796 [JavaFX Application Thread] DEBUG GameApplicationServi - Removing overlay from MainMenu and adding to DialogSubScene
17:19:22.796 [JavaFX Application Thread] DEBUG PrimaryStageWindow   - MainMenu -> DialogSubScene
17:19:23.042 [JavaFX Application Thread] DEBUG PrimaryStageWindow   - Pop state: DialogSubScene
17:19:23.043 [JavaFX Application Thread] DEBUG Input                - Clearing active input actions
17:19:23.044 [JavaFX Application Thread] DEBUG GameApplicationServi - Removing overlay from DialogSubScene and adding to MainMenu
17:19:23.047 [JavaFX Application Thread] DEBUG PrimaryStageWindow   - MainMenu <- DialogSubScene
17:20:05.082 [JavaFX Application Thread] DEBUG PrimaryStageWindow   - Push state: JoinRoomSecne
17:20:05.083 [JavaFX Application Thread] DEBUG Input                - Clearing active input actions
17:20:05.083 [JavaFX Application Thread] DEBUG GameApplicationServi - Removing overlay from MainMenu and adding to JoinRoomSecne
17:20:05.083 [JavaFX Application Thread] DEBUG PrimaryStageWindow   - MainMenu -> JoinRoomSecne
17:20:07.232 [JavaFX Application Thread] DEBUG PrimaryStageWindow   - Push state: CreateRoomScene
17:20:07.232 [JavaFX Application Thread] DEBUG Input                - Clearing active input actions
17:20:07.232 [JavaFX Application Thread] DEBUG GameApplicationServi - Removing overlay from JoinRoomSecne and adding to CreateRoomScene
17:20:07.232 [JavaFX Application Thread] DEBUG PrimaryStageWindow   - JoinRoomSecne -> CreateRoomScene
17:20:22.411 [JavaFX Application Thread] DEBUG GameApplicationServi - Starting new game
17:20:22.412 [JavaFX Application Thread] DEBUG PrimaryStageWindow   - Pop state: CreateRoomScene
17:20:22.412 [JavaFX Application Thread] DEBUG Input                - Clearing active input actions
17:20:22.412 [JavaFX Application Thread] DEBUG GameApplicationServi - Removing overlay from CreateRoomScene and adding to JoinRoomSecne
17:20:22.413 [JavaFX Application Thread] DEBUG PrimaryStageWindow   - JoinRoomSecne <- CreateRoomScene
17:20:22.413 [JavaFX Application Thread] DEBUG PrimaryStageWindow   - Pop state: JoinRoomSecne
17:20:22.413 [JavaFX Application Thread] DEBUG Input                - Clearing active input actions
17:20:22.413 [JavaFX Application Thread] DEBUG GameApplicationServi - Removing overlay from JoinRoomSecne and adding to MainMenu
17:20:22.413 [JavaFX Application Thread] DEBUG PrimaryStageWindow   - MainMenu <- JoinRoomSecne
17:20:22.413 [JavaFX Application Thread] DEBUG PrimaryStageWindow   - Pop state: MainMenu
17:20:22.413 [JavaFX Application Thread] DEBUG Input                - Clearing active input actions
17:20:22.413 [JavaFX Application Thread] DEBUG GameApplicationServi - Removing overlay from MainMenu and adding to FXGLMainMenuDummyScene
17:20:22.414 [JavaFX Application Thread] DEBUG PrimaryStageWindow   - FXGLMainMenuDummyScene <- MainMenu
17:20:22.414 [JavaFX Application Thread] DEBUG Input                - Clearing active input actions
17:20:22.418 [JavaFX Application Thread] DEBUG GameApplicationServi - Removing overlay from FXGLMainMenuDummyScene and adding to FXGLLoadingScene
17:20:22.419 [JavaFX Application Thread] DEBUG PrimaryStageWindow   - FXGLMainMenuDummyScene -> FXGLLoadingScene
17:20:22.419 [JavaFX Application Thread] DEBUG GameApplicationServi - Clearing previous game
17:20:22.420 [JavaFX Application Thread] DEBUG GameScene            - Clearing game scene
17:20:22.420 [JavaFX Application Thread] DEBUG GameWorld            - Clearing game world
17:20:22.420 [JavaFX Application Thread] DEBUG PhysicsWorld         - Clearing physics world
17:20:22.424 [FXGL Background Thread 5 ] DEBUG FXGLApplication      - Initializing game
17:20:22.499 [FXGL Background Thread 5 ] INFO  FXGLApplication      - Game initialization took: 0.075 sec
17:20:22.501 [JavaFX Application Thread] DEBUG Input                - Clearing active input actions
17:20:22.503 [JavaFX Application Thread] DEBUG GameApplicationServi - Removing overlay from FXGLLoadingScene and adding to GameScene
17:20:22.504 [JavaFX Application Thread] DEBUG PrimaryStageWindow   - FXGLLoadingScene -> GameScene
17:20:28.329 [JavaFX Application Thread] DEBUG EventBus             - Firing event: com.tkuimwd.event.ChessReleaseEvent[source=javafx.event.Event$$Lambda$123/0x0000000800215d98@40fb12a9]
17:21:04.332 [JavaFX Application Thread] DEBUG EventBus             - Firing event: com.tkuimwd.event.ChessReleaseEvent[source=javafx.event.Event$$Lambda$123/0x0000000800215d98@40fb12a9]
17:21:11.568 [JavaFX Application Thread] DEBUG FXGLApplication      - Exiting FXGL
17:21:11.569 [JavaFX Application Thread] DEBUG LoopRunner           - Stopping loop
17:21:11.569 [JavaFX Application Thread] DEBUG SystemBundleService  - Saving FXGL system data
17:21:11.574 [JavaFX Application Thread] DEBUG FileSystemAccess     - Writing to: C:\Users\Kenny\Documents\vscode_java\FXGL\system\fxgl.bundle
17:21:11.575 [JavaFX Application Thread] DEBUG Async                - Shutting down background threads
17:21:11.576 [JavaFX Application Thread] DEBUG PrimaryStageWindow   - Closing main window
17:21:11.598 [JavaFX Application Thread] DEBUG Logger               - Closing Logger
