13:38:15.636 [main                     ] DEBUG Logger               - Configured Logger
13:38:15.664 [main                     ] DEBUG GameApplication      - Logging settings
Title: CHESS SOCCER
Version: v1.1
Width: 1020
Height: 748
Fullscreen: false
Intro: false
Profiling: false
Single step:false
App Mode: DEVELOPER
Menu Key: ESCAPE
Stage Style: DECORATED
Scene Factory: class com.tkuimwd.factory.MenuFactory

13:38:15.980 [JavaFX Application Thread] DEBUG FXGLApplication      - Initializing FXGL
13:38:15.986 [JavaFX Application Thread] INFO  Engine               - FXGL-17 (31.12.2021 18.16) on WINDOWS (J:17.0.12 FX:17.0.0.1)
13:38:15.986 [JavaFX Application Thread] DEBUG Engine               - JRE Vendor Name: Eclipse Adoptium
13:38:15.986 [JavaFX Application Thread] DEBUG Engine               - Running on OS: Windows 11 version 10.0
13:38:15.987 [JavaFX Application Thread] DEBUG Engine               - Architecture: amd64
13:38:15.987 [JavaFX Application Thread] INFO  Engine               - Source code and latest versions at: https://github.com/AlmasB/FXGL
13:38:15.987 [JavaFX Application Thread] INFO  Engine               -       Ask questions and discuss at: https://github.com/AlmasB/FXGL/discussions
13:38:15.987 [JavaFX Application Thread] INFO  Engine               -              Join the FXGL chat at: https://gitter.im/AlmasB/FXGL
13:38:16.066 [JavaFX Application Thread] DEBUG PrimaryStageWindow   - Creating a JavaFX scene
13:38:16.103 [JavaFX Application Thread] DEBUG PrimaryStageWindow   - Target settings size: 1020.0 x 748.0
13:38:16.103 [JavaFX Application Thread] DEBUG PrimaryStageWindow   - Scaled scene size:    1020.0 x 748.0
13:38:16.103 [JavaFX Application Thread] DEBUG PrimaryStageWindow   - Scaled ratio: (1.0, 1.0)
13:38:16.105 [JavaFX Application Thread] DEBUG PrimaryStageWindow   - Set initial scene to FXGLStartupScene
13:38:16.112 [JavaFX Application Thread] DEBUG PrimaryStageWindow   - Opening main window
13:38:16.192 [JavaFX Application Thread] DEBUG PrimaryStageWindow   - Window border size: (13.0, 35.5)
13:38:16.192 [JavaFX Application Thread] DEBUG PrimaryStageWindow   - Scaled size: 1020.0 x 748.0
13:38:16.192 [JavaFX Application Thread] DEBUG PrimaryStageWindow   - Scaled ratio: (1.0, 1.0)
13:38:16.192 [JavaFX Application Thread] DEBUG PrimaryStageWindow   - Scene size: 1020.0 x 748.0
13:38:16.192 [JavaFX Application Thread] DEBUG PrimaryStageWindow   - Stage size: 1033.0 x 783.5
13:38:16.201 [FXGL Background Thread 1 ] DEBUG Engine               - Initializing environment variables
13:38:16.235 [FXGL Background Thread 1 ] DEBUG FXGLAssetLoaderServi - User app class for loading assets: class com.tkuimwd.Main
13:38:16.236 [FXGL Background Thread 1 ] DEBUG GameApplicationServi - Applying CSS: fxgl_dark.css
13:38:16.236 [FXGL Background Thread 1 ] DEBUG FXGLAssetLoaderServi - Loading from file system: jar:file:/C:/Users/Kenny/.m2/repository/com/github/almasb/fxgl/17/fxgl-17.jar!/fxglassets/ui/css/fxgl_dark.css
13:38:16.279 [FXGL Background Thread 1 ] DEBUG GameApplicationServi - Initializing application scenes
13:38:16.353 [FXGL Background Thread 1 ] DEBUG GameWorld            - Game world initialized
13:38:16.402 [FXGL Background Thread 1 ] DEBUG PhysicsWorld         - Physics world initialized: appHeight=748, physics.ppm=50.0
13:38:16.402 [FXGL Background Thread 1 ] DEBUG PhysicsWorld         - Using strategy: BRUTE_FORCE
13:38:16.405 [FXGL Background Thread 1 ] DEBUG GameScene            - Game scene initialized: 1020x748
13:38:16.517 [FXGL Background Thread 1 ] DEBUG FXGL.DefaultMenu     - createMenuBodyGameMenu()
13:38:16.528 [FXGL Background Thread 1 ] DEBUG FXGL.DefaultMenu     - createOptionsMenu()
13:38:16.538 [FXGL Background Thread 1 ] DEBUG FXGLAssetLoaderServi - Loading from file system: jar:file:/C:/Users/Kenny/.m2/repository/com/github/almasb/fxgl/17/fxgl-17.jar!/fxglassets/textures/particles/smoke.png
13:38:16.616 [FXGL Background Thread 1 ] DEBUG FXGLAssetLoaderServi - Loading from file system: jar:file:/C:/Users/Kenny/.m2/repository/com/github/almasb/fxgl/17/fxgl-17.jar!/fxglassets/textures/particles/trace_horizontal.png
13:38:16.635 [FXGL Background Thread 1 ] DEBUG GameApplicationServi - Application scenes initialized
13:38:16.646 [FXGL Background Thread 1 ] DEBUG SystemBundleService  - Loading FXGL system data
13:38:16.650 [FXGL Background Thread 1 ] DEBUG FileSystemAccess     - Reading from: C:\Users\Kenny\Documents\vscode_java\FXGL\system\fxgl.bundle
13:38:16.656 [FXGL Background Thread 1 ] DEBUG SystemBundleService  - Bundle FXGL: {}
13:38:16.656 [FXGL Background Thread 1 ] DEBUG UpdaterService       - Checking for updates
13:38:16.680 [FXGL Background Thread 4 ] DEBUG FXGLApplication      - Loading fonts
13:38:16.680 [FXGL Background Thread 4 ] DEBUG FXGLAssetLoaderServi - Loading from file system: jar:file:/C:/Users/Kenny/.m2/repository/com/github/almasb/fxgl/17/fxgl-17.jar!/fxglassets/ui/fonts/VarelaRound-Regular.ttf
13:38:16.680 [FXGL Background Thread 1 ] DEBUG FXGLApplication      - Loading default localization
13:38:16.681 [FXGL Background Thread 1 ] DEBUG FXGLAssetLoaderServi - Loading from file system: jar:file:/C:/Users/Kenny/.m2/repository/com/github/almasb/fxgl/17/fxgl-17.jar!/fxglassets/languages/english.lang
13:38:16.700 [FXGL Background Thread 1 ] INFO  FXGLApplication      - FXGL initialization took: 0.499 sec
13:38:16.702 [JavaFX Application Thread] DEBUG FXGLAssetLoaderServi - Loading from file system: jar:file:/C:/Users/Kenny/.m2/repository/com/github/almasb/fxgl/17/fxgl-17.jar!/fxglassets/textures/fxgl_icon.png
13:38:16.729 [JavaFX Application Thread] DEBUG FXGLAssetLoaderServi - Loading from file system: jar:file:/C:/Users/Kenny/.m2/repository/com/github/almasb/fxgl/17/fxgl-17.jar!/fxglassets/textures/fxgl_default_cursor.png
13:38:16.733 [FXGL Background Thread 4 ] DEBUG FXGLAssetLoaderServi - Loading from file system: jar:file:/C:/Users/Kenny/.m2/repository/com/github/almasb/fxgl/17/fxgl-17.jar!/fxglassets/ui/fonts/Abel-Regular.ttf
13:38:16.735 [FXGL Background Thread 4 ] DEBUG FXGLAssetLoaderServi - Loading from file system: jar:file:/C:/Users/Kenny/.m2/repository/com/github/almasb/fxgl/17/fxgl-17.jar!/fxglassets/ui/fonts/TerminalLandMono-Regular.otf
13:38:16.737 [FXGL Background Thread 4 ] DEBUG FXGLAssetLoaderServi - Loading from file system: jar:file:/C:/Users/Kenny/.m2/repository/com/github/almasb/fxgl/17/fxgl-17.jar!/fxglassets/ui/fonts/Courier-Prime.ttf
13:38:16.759 [JavaFX Application Thread] DEBUG Input                - Registered new binding: Screenshot - CTRL+8
13:38:16.760 [JavaFX Application Thread] DEBUG Input                - Registered new binding: Dev Options - 1
13:38:16.761 [JavaFX Application Thread] DEBUG Input                - Registered new binding: Dev Console - 2
13:38:16.762 [JavaFX Application Thread] DEBUG Input                - Registered new binding: System info dump - CTRL+9
13:38:16.764 [JavaFX Application Thread] DEBUG Input                - Registered new binding: Restart - CTRL+R
13:38:16.765 [JavaFX Application Thread] DEBUG Input                - Registered new binding: Toggle Debug Camera - CTRL+7
13:38:16.770 [JavaFX Application Thread] DEBUG LoopRunner           - Starting loop
13:38:16.817 [JavaFX Application Thread] DEBUG LoopRunner           - Initializing JavaFX AnimationTimerLoop
13:38:16.825 [JavaFX Application Thread] DEBUG Input                - Clearing active input actions
13:38:16.830 [JavaFX Application Thread] DEBUG GameApplicationServi - Removing overlay from FXGLStartupScene and adding to FXGLMainMenuDummyScene
13:38:16.838 [JavaFX Application Thread] DEBUG PrimaryStageWindow   - FXGLStartupScene -> FXGLMainMenuDummyScene
13:38:16.838 [JavaFX Application Thread] DEBUG PrimaryStageWindow   - Push state: MainMenu
13:38:16.838 [JavaFX Application Thread] DEBUG Input                - Clearing active input actions
13:38:16.845 [JavaFX Application Thread] DEBUG GameApplicationServi - Removing overlay from FXGLMainMenuDummyScene and adding to MainMenu
13:38:16.846 [JavaFX Application Thread] DEBUG PrimaryStageWindow   - FXGLMainMenuDummyScene -> MainMenu
13:38:16.846 [JavaFX Application Thread] DEBUG FXGLApplication      - Registering font factories with UI factory
13:38:17.222 [FXGL Background Thread 2 ] INFO  UpdaterService       - Your current version:  17
13:38:17.222 [FXGL Background Thread 2 ] INFO  UpdaterService       - Latest stable version: 21.1
13:38:19.679 [FXGL Background Thread 3 ] DEBUG Engine               - Logging environment variables
13:38:19.681 [FXGL Background Thread 3 ] DEBUG Engine               - achievements: []
13:38:19.681 [FXGL Background Thread 3 ] DEBUG Engine               - actualHeight: 748.0
13:38:19.681 [FXGL Background Thread 3 ] DEBUG Engine               - actualHeightProperty: ReadOnlyDoubleProperty [value: 748.0]
13:38:19.682 [FXGL Background Thread 3 ] DEBUG Engine               - actualWidth: 1020.0
13:38:19.682 [FXGL Background Thread 3 ] DEBUG Engine               - actualWidthProperty: ReadOnlyDoubleProperty [value: 1020.0]
13:38:19.682 [FXGL Background Thread 3 ] DEBUG Engine               - appIcon: fxgl_icon.png
13:38:19.682 [FXGL Background Thread 3 ] DEBUG Engine               - applicationMode: DEVELOPER
13:38:19.682 [FXGL Background Thread 3 ] DEBUG Engine               - cSSList: [fxgl_dark.css]
13:38:19.682 [FXGL Background Thread 3 ] DEBUG Engine               - collisionDetectionStrategy: BRUTE_FORCE
13:38:19.683 [FXGL Background Thread 3 ] DEBUG Engine               - configClass: Optional.empty
13:38:19.683 [FXGL Background Thread 3 ] DEBUG Engine               - credits: []
13:38:19.687 [FXGL Background Thread 3 ] DEBUG Engine               - defaultCursor: CursorInfo(imageName=fxgl_default_cursor.png, hotspotX=7.0, hotspotY=6.0)
13:38:19.687 [FXGL Background Thread 3 ] DEBUG Engine               - devBBoxColorProperty: ObjectProperty [value: 0xff0000ff]
13:38:19.687 [FXGL Background Thread 3 ] DEBUG Engine               - devEnableDebugCameraProperty: BooleanProperty [value: false]
13:38:19.687 [FXGL Background Thread 3 ] DEBUG Engine               - devSensorColorProperty: ObjectProperty [value: 0xffff00ff]
13:38:19.687 [FXGL Background Thread 3 ] DEBUG Engine               - devShowBBoxProperty: BooleanProperty [value: false]
13:38:19.687 [FXGL Background Thread 3 ] DEBUG Engine               - devShowPositionProperty: BooleanProperty [value: false]
13:38:19.687 [FXGL Background Thread 3 ] DEBUG Engine               - enabledMenuItems: []
13:38:19.688 [FXGL Background Thread 3 ] DEBUG Engine               - engineServices: [class com.almasb.fxgl.app.services.FXGLAssetLoaderService, class com.almasb.fxgl.app.FXGLApplication$GameApplicationService, class com.almasb.fxgl.app.services.FXGLDialogService, class com.almasb.fxgl.app.services.IOTaskExecutorService, class com.almasb.fxgl.io.FileSystemService, class com.almasb.fxgl.localization.LocalizationService, class com.almasb.fxgl.app.services.SystemBundleService, class com.almasb.fxgl.profile.SaveLoadService, class com.almasb.fxgl.ui.FXGLUIFactoryServiceProvider, class com.almasb.fxgl.ui.FXGLDialogFactoryServiceProvider, class com.almasb.fxgl.audio.AudioPlayer, class com.almasb.fxgl.notification.impl.NotificationServiceProvider, class com.almasb.fxgl.achievement.AchievementService, class com.almasb.fxgl.cutscene.CutsceneService, class com.almasb.fxgl.minigames.MiniGameService, class com.almasb.fxgl.net.NetService, class com.almasb.fxgl.app.services.UpdaterService, class com.almasb.fxgl.dev.DevService]
13:38:19.688 [FXGL Background Thread 3 ] DEBUG Engine               - fontGame: Abel-Regular.ttf
13:38:19.688 [FXGL Background Thread 3 ] DEBUG Engine               - fontMono: TerminalLandMono-Regular.otf
13:38:19.688 [FXGL Background Thread 3 ] DEBUG Engine               - fontText: Courier-Prime.ttf
13:38:19.688 [FXGL Background Thread 3 ] DEBUG Engine               - fontUI: VarelaRound-Regular.ttf
13:38:19.688 [FXGL Background Thread 3 ] DEBUG Engine               - fullScreen: BooleanProperty [value: false]
13:38:19.688 [FXGL Background Thread 3 ] DEBUG Engine               - gameDifficulty: MEDIUM
13:38:19.688 [FXGL Background Thread 3 ] DEBUG Engine               - gameDifficultyProperty: ObjectProperty [value: MEDIUM]
13:38:19.688 [FXGL Background Thread 3 ] DEBUG Engine               - globalMusicVolume: 0.5
13:38:19.688 [FXGL Background Thread 3 ] DEBUG Engine               - globalMusicVolumeProperty: DoubleProperty [value: 0.5]
13:38:19.688 [FXGL Background Thread 3 ] DEBUG Engine               - globalSoundVolume: 0.5
13:38:19.688 [FXGL Background Thread 3 ] DEBUG Engine               - globalSoundVolumeProperty: DoubleProperty [value: 0.5]
13:38:19.688 [FXGL Background Thread 3 ] DEBUG Engine               - height: 748
13:38:19.688 [FXGL Background Thread 3 ] DEBUG Engine               - is3D: false
13:38:19.688 [FXGL Background Thread 3 ] DEBUG Engine               - isAndroid: false
13:38:19.689 [FXGL Background Thread 3 ] DEBUG Engine               - isBrowser: false
13:38:19.689 [FXGL Background Thread 3 ] DEBUG Engine               - isClickFeedbackEnabled: false
13:38:19.689 [FXGL Background Thread 3 ] DEBUG Engine               - isCloseConfirmation: false
13:38:19.689 [FXGL Background Thread 3 ] DEBUG Engine               - isDesktop: true
13:38:19.689 [FXGL Background Thread 3 ] DEBUG Engine               - isDeveloperMenuEnabled: true
13:38:19.689 [FXGL Background Thread 3 ] DEBUG Engine               - isEmbedded: false
13:38:19.689 [FXGL Background Thread 3 ] DEBUG Engine               - isEntityPreloadEnabled: true
13:38:19.689 [FXGL Background Thread 3 ] DEBUG Engine               - isExperimentalTiledLargeMap: false
13:38:19.689 [FXGL Background Thread 3 ] DEBUG Engine               - isFileSystemWriteAllowed: true
13:38:19.689 [FXGL Background Thread 3 ] DEBUG Engine               - isFullScreenAllowed: false
13:38:19.689 [FXGL Background Thread 3 ] DEBUG Engine               - isFullScreenFromStart: false
13:38:19.689 [FXGL Background Thread 3 ] DEBUG Engine               - isGameMenuEnabled: true
13:38:19.689 [FXGL Background Thread 3 ] DEBUG Engine               - isIOS: false
13:38:19.689 [FXGL Background Thread 3 ] DEBUG Engine               - isIntroEnabled: false
13:38:19.689 [FXGL Background Thread 3 ] DEBUG Engine               - isLinux: false
13:38:19.689 [FXGL Background Thread 3 ] DEBUG Engine               - isMac: false
13:38:19.689 [FXGL Background Thread 3 ] DEBUG Engine               - isMainMenuEnabled: true
13:38:19.689 [FXGL Background Thread 3 ] DEBUG Engine               - isManualResizeEnabled: false
13:38:19.689 [FXGL Background Thread 3 ] DEBUG Engine               - isMobile: false
13:38:19.689 [FXGL Background Thread 3 ] DEBUG Engine               - isNative: false
13:38:19.689 [FXGL Background Thread 3 ] DEBUG Engine               - isPauseMusicWhenMinimized: true
13:38:19.689 [FXGL Background Thread 3 ] DEBUG Engine               - isPreserveResizeRatio: false
13:38:19.690 [FXGL Background Thread 3 ] DEBUG Engine               - isProfilingEnabled: false
13:38:19.690 [FXGL Background Thread 3 ] DEBUG Engine               - isScaleAffectedOnResize: true
13:38:19.690 [FXGL Background Thread 3 ] DEBUG Engine               - isSingleStep: false
13:38:19.690 [FXGL Background Thread 3 ] DEBUG Engine               - isUserProfileEnabled: false
13:38:19.690 [FXGL Background Thread 3 ] DEBUG Engine               - isWindows: true
13:38:19.690 [FXGL Background Thread 3 ] DEBUG Engine               - language: ObjectProperty [value: ENGLISH]
13:38:19.690 [FXGL Background Thread 3 ] DEBUG Engine               - menuKey: ESCAPE
13:38:19.690 [FXGL Background Thread 3 ] DEBUG Engine               - mouseSensitivity: 0.2
13:38:19.690 [FXGL Background Thread 3 ] DEBUG Engine               - notificationViewClass: class com.almasb.fxgl.notification.view.XboxNotificationView
13:38:19.690 [FXGL Background Thread 3 ] DEBUG Engine               - pixelsPerMeter: 50.0
13:38:19.690 [FXGL Background Thread 3 ] DEBUG Engine               - platform: WINDOWS
13:38:19.690 [FXGL Background Thread 3 ] DEBUG Engine               - prefHeightProperty: ReadOnlyDoubleProperty [value: 748.0]
13:38:19.690 [FXGL Background Thread 3 ] DEBUG Engine               - prefWidthProperty: ReadOnlyDoubleProperty [value: 1020.0]
13:38:19.690 [FXGL Background Thread 3 ] DEBUG Engine               - profileDir: profiles/
13:38:19.690 [FXGL Background Thread 3 ] DEBUG Engine               - profileName: StringProperty [value: DEFAULT]
13:38:19.690 [FXGL Background Thread 3 ] DEBUG Engine               - randomSeed: -1
13:38:19.691 [FXGL Background Thread 3 ] DEBUG Engine               - runtimeInfo: RuntimeInfo(platform=WINDOWS, version=17, build=31.12.2021 18.16)
13:38:19.691 [FXGL Background Thread 3 ] DEBUG Engine               - saveFileExt: sav
13:38:19.691 [FXGL Background Thread 3 ] DEBUG Engine               - scaledHeightProp$fxgl: DoubleProperty [bound, value: 748.0]
13:38:19.691 [FXGL Background Thread 3 ] DEBUG Engine               - scaledWidthProp$fxgl: DoubleProperty [bound, value: 1020.0]
13:38:19.691 [FXGL Background Thread 3 ] DEBUG Engine               - sceneFactory: com.tkuimwd.factory.MenuFactory@2a84752e
13:38:19.691 [FXGL Background Thread 3 ] DEBUG Engine               - secondsIn24h: 60
13:38:19.691 [FXGL Background Thread 3 ] DEBUG Engine               - soundMenuBack: menu/back.wav
13:38:19.691 [FXGL Background Thread 3 ] DEBUG Engine               - soundMenuPress: menu/press.wav
13:38:19.691 [FXGL Background Thread 3 ] DEBUG Engine               - soundMenuSelect: menu/select.wav
13:38:19.691 [FXGL Background Thread 3 ] DEBUG Engine               - soundNotification: core/notification.wav
13:38:19.691 [FXGL Background Thread 3 ] DEBUG Engine               - stageStyle: DECORATED
13:38:19.691 [FXGL Background Thread 3 ] DEBUG Engine               - supportedLanguages: [ENGLISH, FRENCH, GERMAN, HUNGARIAN, RUSSIAN]
13:38:19.691 [FXGL Background Thread 3 ] DEBUG Engine               - ticksPerSecond: -1
13:38:19.691 [FXGL Background Thread 3 ] DEBUG Engine               - title: CHESS SOCCER
13:38:19.691 [FXGL Background Thread 3 ] DEBUG Engine               - urlGithub: https://github.com/AlmasB/FXGL
13:38:19.691 [FXGL Background Thread 3 ] DEBUG Engine               - urlLeaderboard: http://fxgl-top.herokuapp.com/
13:38:19.691 [FXGL Background Thread 3 ] DEBUG Engine               - urlPOM: https://raw.githubusercontent.com/AlmasB/FXGL/release/README.md
13:38:19.691 [FXGL Background Thread 3 ] DEBUG Engine               - userAppClass: class com.tkuimwd.Main
13:38:19.691 [FXGL Background Thread 3 ] DEBUG Engine               - version: v1.1
13:38:19.691 [FXGL Background Thread 3 ] DEBUG Engine               - versionCheckDays: 7
13:38:19.691 [FXGL Background Thread 3 ] DEBUG Engine               - width: 1020
13:38:19.691 [FXGL Background Thread 3 ] DEBUG Engine               - Logging services
13:38:19.691 [FXGL Background Thread 3 ] DEBUG Engine               - class com.almasb.fxgl.app.services.FXGLAssetLoaderService
13:38:19.691 [FXGL Background Thread 3 ] DEBUG Engine               - class com.almasb.fxgl.app.FXGLApplication$GameApplicationService
13:38:19.691 [FXGL Background Thread 3 ] DEBUG Engine               - class com.almasb.fxgl.app.services.FXGLDialogService
13:38:19.691 [FXGL Background Thread 3 ] DEBUG Engine               - class com.almasb.fxgl.app.services.IOTaskExecutorService
13:38:19.691 [FXGL Background Thread 3 ] DEBUG Engine               - class com.almasb.fxgl.io.FileSystemService
13:38:19.691 [FXGL Background Thread 3 ] DEBUG Engine               - class com.almasb.fxgl.localization.LocalizationService
13:38:19.692 [FXGL Background Thread 3 ] DEBUG Engine               - class com.almasb.fxgl.app.services.SystemBundleService
13:38:19.692 [FXGL Background Thread 3 ] DEBUG Engine               - class com.almasb.fxgl.profile.SaveLoadService
13:38:19.692 [FXGL Background Thread 3 ] DEBUG Engine               - class com.almasb.fxgl.ui.FXGLUIFactoryServiceProvider
13:38:19.692 [FXGL Background Thread 3 ] DEBUG Engine               - class com.almasb.fxgl.ui.FXGLDialogFactoryServiceProvider
13:38:19.692 [FXGL Background Thread 3 ] DEBUG Engine               - class com.almasb.fxgl.audio.AudioPlayer
13:38:19.692 [FXGL Background Thread 3 ] DEBUG Engine               - class com.almasb.fxgl.notification.impl.NotificationServiceProvider
13:38:19.692 [FXGL Background Thread 3 ] DEBUG Engine               - class com.almasb.fxgl.achievement.AchievementService
13:38:19.692 [FXGL Background Thread 3 ] DEBUG Engine               - class com.almasb.fxgl.cutscene.CutsceneService
13:38:19.692 [FXGL Background Thread 3 ] DEBUG Engine               - class com.almasb.fxgl.minigames.MiniGameService
13:38:19.692 [FXGL Background Thread 3 ] DEBUG Engine               - class com.almasb.fxgl.net.NetService
13:38:19.692 [FXGL Background Thread 3 ] DEBUG Engine               - class com.almasb.fxgl.app.services.UpdaterService
13:38:19.692 [FXGL Background Thread 3 ] DEBUG Engine               - class com.almasb.fxgl.dev.DevService
13:38:57.565 [JavaFX Application Thread] DEBUG PrimaryStageWindow   - Push state: LoginScene
13:38:57.565 [JavaFX Application Thread] DEBUG Input                - Clearing active input actions
13:38:57.567 [JavaFX Application Thread] DEBUG GameApplicationServi - Removing overlay from MainMenu and adding to LoginScene
13:38:57.568 [JavaFX Application Thread] DEBUG PrimaryStageWindow   - MainMenu -> LoginScene
13:39:01.296 [JavaFX Application Thread] DEBUG PrimaryStageWindow   - Pop state: LoginScene
13:39:01.296 [JavaFX Application Thread] DEBUG Input                - Clearing active input actions
13:39:01.297 [JavaFX Application Thread] DEBUG GameApplicationServi - Removing overlay from LoginScene and adding to MainMenu
13:39:01.299 [JavaFX Application Thread] DEBUG PrimaryStageWindow   - MainMenu <- LoginScene
13:39:01.299 [JavaFX Application Thread] DEBUG PrimaryStageWindow   - Pop state: MainMenu
13:39:01.299 [JavaFX Application Thread] DEBUG Input                - Clearing active input actions
13:39:01.300 [JavaFX Application Thread] DEBUG GameApplicationServi - Removing overlay from MainMenu and adding to FXGLMainMenuDummyScene
13:39:01.300 [JavaFX Application Thread] DEBUG PrimaryStageWindow   - FXGLMainMenuDummyScene <- MainMenu
13:39:01.377 [JavaFX Application Thread] DEBUG PrimaryStageWindow   - Push state: MainMenu
13:39:01.378 [JavaFX Application Thread] DEBUG Input                - Clearing active input actions
13:39:01.378 [JavaFX Application Thread] DEBUG GameApplicationServi - Removing overlay from FXGLMainMenuDummyScene and adding to MainMenu
13:39:01.379 [JavaFX Application Thread] DEBUG PrimaryStageWindow   - FXGLMainMenuDummyScene -> MainMenu
13:39:01.381 [JavaFX Application Thread] DEBUG PrimaryStageWindow   - Push state: DialogSubScene
13:39:01.381 [JavaFX Application Thread] DEBUG Input                - Clearing active input actions
13:39:01.381 [JavaFX Application Thread] DEBUG GameApplicationServi - Removing overlay from MainMenu and adding to DialogSubScene
13:39:01.382 [JavaFX Application Thread] DEBUG PrimaryStageWindow   - MainMenu -> DialogSubScene
13:39:02.070 [JavaFX Application Thread] DEBUG PrimaryStageWindow   - Pop state: DialogSubScene
13:39:02.070 [JavaFX Application Thread] DEBUG Input                - Clearing active input actions
13:39:02.070 [JavaFX Application Thread] DEBUG GameApplicationServi - Removing overlay from DialogSubScene and adding to MainMenu
13:39:02.071 [JavaFX Application Thread] DEBUG PrimaryStageWindow   - MainMenu <- DialogSubScene
13:39:04.183 [JavaFX Application Thread] DEBUG PrimaryStageWindow   - Push state: LoginScene
13:39:04.183 [JavaFX Application Thread] DEBUG Input                - Clearing active input actions
13:39:04.183 [JavaFX Application Thread] DEBUG GameApplicationServi - Removing overlay from MainMenu and adding to LoginScene
13:39:04.183 [JavaFX Application Thread] DEBUG PrimaryStageWindow   - MainMenu -> LoginScene
13:39:05.773 [JavaFX Application Thread] DEBUG PrimaryStageWindow   - Pop state: LoginScene
13:39:05.774 [JavaFX Application Thread] DEBUG Input                - Clearing active input actions
13:39:05.774 [JavaFX Application Thread] DEBUG GameApplicationServi - Removing overlay from LoginScene and adding to MainMenu
13:39:05.775 [JavaFX Application Thread] DEBUG PrimaryStageWindow   - MainMenu <- LoginScene
13:39:06.210 [JavaFX Application Thread] DEBUG PrimaryStageWindow   - Push state: JoinRoomSecne
13:39:06.210 [JavaFX Application Thread] DEBUG Input                - Clearing active input actions
13:39:06.210 [JavaFX Application Thread] DEBUG GameApplicationServi - Removing overlay from MainMenu and adding to JoinRoomSecne
13:39:06.211 [JavaFX Application Thread] DEBUG PrimaryStageWindow   - MainMenu -> JoinRoomSecne
13:39:11.457 [JavaFX Application Thread] DEBUG PrimaryStageWindow   - Push state: CreateRoomScene
13:39:11.457 [JavaFX Application Thread] DEBUG Input                - Clearing active input actions
13:39:11.457 [JavaFX Application Thread] DEBUG GameApplicationServi - Removing overlay from JoinRoomSecne and adding to CreateRoomScene
13:39:11.458 [JavaFX Application Thread] DEBUG PrimaryStageWindow   - JoinRoomSecne -> CreateRoomScene
13:39:23.539 [JavaFX Application Thread] DEBUG GameApplicationServi - Starting new game
13:39:23.540 [JavaFX Application Thread] DEBUG PrimaryStageWindow   - Pop state: CreateRoomScene
13:39:23.540 [JavaFX Application Thread] DEBUG Input                - Clearing active input actions
13:39:23.540 [JavaFX Application Thread] DEBUG GameApplicationServi - Removing overlay from CreateRoomScene and adding to JoinRoomSecne
13:39:23.541 [JavaFX Application Thread] DEBUG PrimaryStageWindow   - JoinRoomSecne <- CreateRoomScene
13:39:23.542 [JavaFX Application Thread] DEBUG PrimaryStageWindow   - Pop state: JoinRoomSecne
13:39:23.542 [JavaFX Application Thread] DEBUG Input                - Clearing active input actions
13:39:23.543 [JavaFX Application Thread] DEBUG GameApplicationServi - Removing overlay from JoinRoomSecne and adding to MainMenu
13:39:23.543 [JavaFX Application Thread] DEBUG PrimaryStageWindow   - MainMenu <- JoinRoomSecne
13:39:23.543 [JavaFX Application Thread] DEBUG PrimaryStageWindow   - Pop state: MainMenu
13:39:23.544 [JavaFX Application Thread] DEBUG Input                - Clearing active input actions
13:39:23.544 [JavaFX Application Thread] DEBUG GameApplicationServi - Removing overlay from MainMenu and adding to FXGLMainMenuDummyScene
13:39:23.545 [JavaFX Application Thread] DEBUG PrimaryStageWindow   - FXGLMainMenuDummyScene <- MainMenu
13:39:23.546 [JavaFX Application Thread] DEBUG Input                - Clearing active input actions
13:39:23.550 [JavaFX Application Thread] DEBUG GameApplicationServi - Removing overlay from FXGLMainMenuDummyScene and adding to FXGLLoadingScene
13:39:23.551 [JavaFX Application Thread] DEBUG PrimaryStageWindow   - FXGLMainMenuDummyScene -> FXGLLoadingScene
13:39:23.551 [JavaFX Application Thread] DEBUG GameApplicationServi - Clearing previous game
13:39:23.551 [JavaFX Application Thread] DEBUG GameScene            - Clearing game scene
13:39:23.551 [JavaFX Application Thread] DEBUG GameWorld            - Clearing game world
13:39:23.552 [JavaFX Application Thread] DEBUG PhysicsWorld         - Clearing physics world
13:39:23.555 [FXGL Background Thread 5 ] DEBUG FXGLApplication      - Initializing game
13:39:23.658 [FXGL Background Thread 5 ] INFO  FXGLApplication      - Game initialization took: 0.102 sec
13:39:23.660 [JavaFX Application Thread] DEBUG Input                - Clearing active input actions
13:39:23.666 [JavaFX Application Thread] DEBUG GameApplicationServi - Removing overlay from FXGLLoadingScene and adding to GameScene
13:39:23.668 [JavaFX Application Thread] DEBUG PrimaryStageWindow   - FXGLLoadingScene -> GameScene
13:39:34.844 [JavaFX Application Thread] DEBUG EventBus             - Firing event: com.tkuimwd.event.ChessReleaseEvent[source=javafx.event.Event$$Lambda$123/0x00000008002167a0@76ad0966]
13:39:48.960 [JavaFX Application Thread] DEBUG EventBus             - Firing event: com.tkuimwd.event.GoalEvent[source=javafx.event.Event$$Lambda$123/0x00000008002167a0@76ad0966]
13:39:57.520 [JavaFX Application Thread] DEBUG EventBus             - Firing event: com.tkuimwd.event.ChessReleaseEvent[source=javafx.event.Event$$Lambda$123/0x00000008002167a0@76ad0966]
13:40:19.786 [JavaFX Application Thread] DEBUG EventBus             - Firing event: com.tkuimwd.event.ChessReleaseEvent[source=javafx.event.Event$$Lambda$123/0x00000008002167a0@76ad0966]
13:40:20.768 [JavaFX Application Thread] DEBUG EventBus             - Firing event: com.tkuimwd.event.GoalEvent[source=javafx.event.Event$$Lambda$123/0x00000008002167a0@76ad0966]
13:40:37.648 [JavaFX Application Thread] DEBUG EventBus             - Firing event: com.tkuimwd.event.ChessReleaseEvent[source=javafx.event.Event$$Lambda$123/0x00000008002167a0@76ad0966]
13:40:40.736 [JavaFX Application Thread] DEBUG EventBus             - Firing event: com.tkuimwd.event.GoalEvent[source=javafx.event.Event$$Lambda$123/0x00000008002167a0@76ad0966]
13:40:43.122 [JavaFX Application Thread] DEBUG PrimaryStageWindow   - Push state: DialogSubScene
13:40:43.123 [JavaFX Application Thread] DEBUG Input                - Clearing active input actions
13:40:43.124 [JavaFX Application Thread] DEBUG GameApplicationServi - Removing overlay from GameScene and adding to DialogSubScene
13:40:43.125 [JavaFX Application Thread] DEBUG PrimaryStageWindow   - GameScene -> DialogSubScene
13:40:46.335 [JavaFX Application Thread] DEBUG PrimaryStageWindow   - Pop state: DialogSubScene
13:40:46.335 [JavaFX Application Thread] DEBUG Input                - Clearing active input actions
13:40:46.336 [JavaFX Application Thread] DEBUG GameApplicationServi - Removing overlay from DialogSubScene and adding to GameScene
13:40:46.336 [JavaFX Application Thread] DEBUG PrimaryStageWindow   - GameScene <- DialogSubScene
13:40:46.337 [JavaFX Application Thread] DEBUG Input                - Clearing active input actions
13:40:46.340 [JavaFX Application Thread] DEBUG GameApplicationServi - Removing overlay from GameScene and adding to FXGLMainMenuDummyScene
13:40:46.340 [JavaFX Application Thread] DEBUG PrimaryStageWindow   - GameScene -> FXGLMainMenuDummyScene
13:40:46.340 [JavaFX Application Thread] DEBUG PrimaryStageWindow   - Push state: MainMenu
13:40:46.340 [JavaFX Application Thread] DEBUG Input                - Clearing active input actions
13:40:46.340 [JavaFX Application Thread] DEBUG GameApplicationServi - Removing overlay from FXGLMainMenuDummyScene and adding to MainMenu
13:40:46.342 [JavaFX Application Thread] DEBUG PrimaryStageWindow   - FXGLMainMenuDummyScene -> MainMenu
13:41:20.340 [JavaFX Application Thread] DEBUG PrimaryStageWindow   - Push state: LoginScene
13:41:20.340 [JavaFX Application Thread] DEBUG Input                - Clearing active input actions
13:41:20.341 [JavaFX Application Thread] DEBUG GameApplicationServi - Removing overlay from MainMenu and adding to LoginScene
13:41:20.341 [JavaFX Application Thread] DEBUG PrimaryStageWindow   - MainMenu -> LoginScene
13:41:24.945 [JavaFX Application Thread] DEBUG PrimaryStageWindow   - Pop state: LoginScene
13:41:24.945 [JavaFX Application Thread] DEBUG Input                - Clearing active input actions
13:41:24.946 [JavaFX Application Thread] DEBUG GameApplicationServi - Removing overlay from LoginScene and adding to MainMenu
13:41:24.946 [JavaFX Application Thread] DEBUG PrimaryStageWindow   - MainMenu <- LoginScene
13:41:24.946 [JavaFX Application Thread] DEBUG PrimaryStageWindow   - Pop state: MainMenu
13:41:24.946 [JavaFX Application Thread] DEBUG Input                - Clearing active input actions
13:41:24.947 [JavaFX Application Thread] DEBUG GameApplicationServi - Removing overlay from MainMenu and adding to FXGLMainMenuDummyScene
13:41:24.947 [JavaFX Application Thread] DEBUG PrimaryStageWindow   - FXGLMainMenuDummyScene <- MainMenu
13:41:25.021 [JavaFX Application Thread] DEBUG PrimaryStageWindow   - Push state: MainMenu
13:41:25.021 [JavaFX Application Thread] DEBUG Input                - Clearing active input actions
13:41:25.021 [JavaFX Application Thread] DEBUG GameApplicationServi - Removing overlay from FXGLMainMenuDummyScene and adding to MainMenu
13:41:25.022 [JavaFX Application Thread] DEBUG PrimaryStageWindow   - FXGLMainMenuDummyScene -> MainMenu
13:41:25.022 [JavaFX Application Thread] DEBUG PrimaryStageWindow   - Push state: DialogSubScene
13:41:25.022 [JavaFX Application Thread] DEBUG Input                - Clearing active input actions
13:41:25.022 [JavaFX Application Thread] DEBUG GameApplicationServi - Removing overlay from MainMenu and adding to DialogSubScene
13:41:25.023 [JavaFX Application Thread] DEBUG PrimaryStageWindow   - MainMenu -> DialogSubScene
13:41:25.636 [JavaFX Application Thread] DEBUG PrimaryStageWindow   - Pop state: DialogSubScene
13:41:25.636 [JavaFX Application Thread] DEBUG Input                - Clearing active input actions
13:41:25.637 [JavaFX Application Thread] DEBUG GameApplicationServi - Removing overlay from DialogSubScene and adding to MainMenu
13:41:25.637 [JavaFX Application Thread] DEBUG PrimaryStageWindow   - MainMenu <- DialogSubScene
13:41:31.475 [JavaFX Application Thread] DEBUG PrimaryStageWindow   - Push state: JoinRoomSecne
13:41:31.475 [JavaFX Application Thread] DEBUG Input                - Clearing active input actions
13:41:31.476 [JavaFX Application Thread] DEBUG GameApplicationServi - Removing overlay from MainMenu and adding to JoinRoomSecne
13:41:31.476 [JavaFX Application Thread] DEBUG PrimaryStageWindow   - MainMenu -> JoinRoomSecne
13:41:32.959 [JavaFX Application Thread] DEBUG PrimaryStageWindow   - Push state: CreateRoomScene
13:41:32.960 [JavaFX Application Thread] DEBUG Input                - Clearing active input actions
13:41:32.960 [JavaFX Application Thread] DEBUG GameApplicationServi - Removing overlay from JoinRoomSecne and adding to CreateRoomScene
13:41:32.960 [JavaFX Application Thread] DEBUG PrimaryStageWindow   - JoinRoomSecne -> CreateRoomScene
13:41:48.067 [JavaFX Application Thread] DEBUG GameApplicationServi - Starting new game
13:41:48.067 [JavaFX Application Thread] DEBUG PrimaryStageWindow   - Pop state: CreateRoomScene
13:41:48.067 [JavaFX Application Thread] DEBUG Input                - Clearing active input actions
13:41:48.068 [JavaFX Application Thread] DEBUG GameApplicationServi - Removing overlay from CreateRoomScene and adding to JoinRoomSecne
13:41:48.069 [JavaFX Application Thread] DEBUG PrimaryStageWindow   - JoinRoomSecne <- CreateRoomScene
13:41:48.069 [JavaFX Application Thread] DEBUG PrimaryStageWindow   - Pop state: JoinRoomSecne
13:41:48.069 [JavaFX Application Thread] DEBUG Input                - Clearing active input actions
13:41:48.069 [JavaFX Application Thread] DEBUG GameApplicationServi - Removing overlay from JoinRoomSecne and adding to MainMenu
13:41:48.069 [JavaFX Application Thread] DEBUG PrimaryStageWindow   - MainMenu <- JoinRoomSecne
13:41:48.069 [JavaFX Application Thread] DEBUG PrimaryStageWindow   - Pop state: MainMenu
13:41:48.070 [JavaFX Application Thread] DEBUG Input                - Clearing active input actions
13:41:48.070 [JavaFX Application Thread] DEBUG GameApplicationServi - Removing overlay from MainMenu and adding to FXGLMainMenuDummyScene
13:41:48.071 [JavaFX Application Thread] DEBUG PrimaryStageWindow   - FXGLMainMenuDummyScene <- MainMenu
13:41:48.072 [JavaFX Application Thread] DEBUG Input                - Clearing active input actions
13:41:48.076 [JavaFX Application Thread] DEBUG GameApplicationServi - Removing overlay from FXGLMainMenuDummyScene and adding to FXGLLoadingScene
13:41:48.076 [JavaFX Application Thread] DEBUG PrimaryStageWindow   - FXGLMainMenuDummyScene -> FXGLLoadingScene
13:41:48.076 [JavaFX Application Thread] DEBUG GameApplicationServi - Clearing previous game
13:41:48.076 [JavaFX Application Thread] DEBUG GameScene            - Clearing game scene
13:41:48.076 [JavaFX Application Thread] DEBUG GameWorld            - Clearing game world
13:41:48.078 [JavaFX Application Thread] DEBUG PhysicsWorld         - Clearing physics world
13:41:48.079 [FXGL Background Thread 6 ] DEBUG FXGLApplication      - Initializing game
13:41:48.092 [FXGL Background Thread 6 ] INFO  FXGLApplication      - Game initialization took: 0.013 sec
13:41:48.144 [JavaFX Application Thread] DEBUG Input                - Clearing active input actions
13:41:48.146 [JavaFX Application Thread] DEBUG GameApplicationServi - Removing overlay from FXGLLoadingScene and adding to GameScene
13:41:48.147 [JavaFX Application Thread] DEBUG PrimaryStageWindow   - FXGLLoadingScene -> GameScene
13:41:52.965 [JavaFX Application Thread] DEBUG EventBus             - Firing event: com.tkuimwd.event.ChessReleaseEvent[source=javafx.event.Event$$Lambda$123/0x00000008002167a0@76ad0966]
13:42:16.131 [JavaFX Application Thread] DEBUG EventBus             - Firing event: com.tkuimwd.event.ChessReleaseEvent[source=javafx.event.Event$$Lambda$123/0x00000008002167a0@76ad0966]
13:42:18.460 [JavaFX Application Thread] DEBUG EventBus             - Firing event: com.tkuimwd.event.GoalEvent[source=javafx.event.Event$$Lambda$123/0x00000008002167a0@76ad0966]
13:42:20.770 [JavaFX Application Thread] DEBUG PrimaryStageWindow   - Push state: DialogSubScene
13:42:20.770 [JavaFX Application Thread] DEBUG Input                - Clearing active input actions
13:42:20.771 [JavaFX Application Thread] DEBUG GameApplicationServi - Removing overlay from GameScene and adding to DialogSubScene
13:42:20.772 [JavaFX Application Thread] DEBUG PrimaryStageWindow   - GameScene -> DialogSubScene
13:43:04.869 [JavaFX Application Thread] DEBUG PrimaryStageWindow   - Pop state: DialogSubScene
13:43:04.869 [JavaFX Application Thread] DEBUG Input                - Clearing active input actions
13:43:04.869 [JavaFX Application Thread] DEBUG GameApplicationServi - Removing overlay from DialogSubScene and adding to GameScene
13:43:04.869 [JavaFX Application Thread] DEBUG PrimaryStageWindow   - GameScene <- DialogSubScene
13:43:04.869 [JavaFX Application Thread] DEBUG Input                - Clearing active input actions
13:43:04.871 [JavaFX Application Thread] DEBUG GameApplicationServi - Removing overlay from GameScene and adding to FXGLMainMenuDummyScene
13:43:04.872 [JavaFX Application Thread] DEBUG PrimaryStageWindow   - GameScene -> FXGLMainMenuDummyScene
13:43:04.872 [JavaFX Application Thread] DEBUG PrimaryStageWindow   - Push state: MainMenu
13:43:04.872 [JavaFX Application Thread] DEBUG Input                - Clearing active input actions
13:43:04.872 [JavaFX Application Thread] DEBUG GameApplicationServi - Removing overlay from FXGLMainMenuDummyScene and adding to MainMenu
13:43:04.874 [JavaFX Application Thread] DEBUG PrimaryStageWindow   - FXGLMainMenuDummyScene -> MainMenu
13:43:06.094 [JavaFX Application Thread] DEBUG PrimaryStageWindow   - Push state: LoginScene
13:43:06.094 [JavaFX Application Thread] DEBUG Input                - Clearing active input actions
13:43:06.095 [JavaFX Application Thread] DEBUG GameApplicationServi - Removing overlay from MainMenu and adding to LoginScene
13:43:06.095 [JavaFX Application Thread] DEBUG PrimaryStageWindow   - MainMenu -> LoginScene
13:43:10.256 [JavaFX Application Thread] DEBUG PrimaryStageWindow   - Pop state: LoginScene
13:43:10.256 [JavaFX Application Thread] DEBUG Input                - Clearing active input actions
13:43:10.257 [JavaFX Application Thread] DEBUG GameApplicationServi - Removing overlay from LoginScene and adding to MainMenu
13:43:10.258 [JavaFX Application Thread] DEBUG PrimaryStageWindow   - MainMenu <- LoginScene
13:43:10.258 [JavaFX Application Thread] DEBUG PrimaryStageWindow   - Pop state: MainMenu
13:43:10.258 [JavaFX Application Thread] DEBUG Input                - Clearing active input actions
13:43:10.258 [JavaFX Application Thread] DEBUG GameApplicationServi - Removing overlay from MainMenu and adding to FXGLMainMenuDummyScene
13:43:10.258 [JavaFX Application Thread] DEBUG PrimaryStageWindow   - FXGLMainMenuDummyScene <- MainMenu
13:43:10.328 [JavaFX Application Thread] DEBUG PrimaryStageWindow   - Push state: MainMenu
13:43:10.329 [JavaFX Application Thread] DEBUG Input                - Clearing active input actions
13:43:10.329 [JavaFX Application Thread] DEBUG GameApplicationServi - Removing overlay from FXGLMainMenuDummyScene and adding to MainMenu
13:43:10.329 [JavaFX Application Thread] DEBUG PrimaryStageWindow   - FXGLMainMenuDummyScene -> MainMenu
13:43:10.330 [JavaFX Application Thread] DEBUG PrimaryStageWindow   - Push state: DialogSubScene
13:43:10.330 [JavaFX Application Thread] DEBUG Input                - Clearing active input actions
13:43:10.330 [JavaFX Application Thread] DEBUG GameApplicationServi - Removing overlay from MainMenu and adding to DialogSubScene
13:43:10.330 [JavaFX Application Thread] DEBUG PrimaryStageWindow   - MainMenu -> DialogSubScene
13:43:11.014 [JavaFX Application Thread] DEBUG PrimaryStageWindow   - Pop state: DialogSubScene
13:43:11.014 [JavaFX Application Thread] DEBUG Input                - Clearing active input actions
13:43:11.014 [JavaFX Application Thread] DEBUG GameApplicationServi - Removing overlay from DialogSubScene and adding to MainMenu
13:43:11.015 [JavaFX Application Thread] DEBUG PrimaryStageWindow   - MainMenu <- DialogSubScene
13:43:16.711 [JavaFX Application Thread] DEBUG PrimaryStageWindow   - Push state: JoinRoomSecne
13:43:16.711 [JavaFX Application Thread] DEBUG Input                - Clearing active input actions
13:43:16.711 [JavaFX Application Thread] DEBUG GameApplicationServi - Removing overlay from MainMenu and adding to JoinRoomSecne
13:43:16.711 [JavaFX Application Thread] DEBUG PrimaryStageWindow   - MainMenu -> JoinRoomSecne
13:43:18.347 [JavaFX Application Thread] DEBUG PrimaryStageWindow   - Push state: CreateRoomScene
13:43:18.347 [JavaFX Application Thread] DEBUG Input                - Clearing active input actions
13:43:18.347 [JavaFX Application Thread] DEBUG GameApplicationServi - Removing overlay from JoinRoomSecne and adding to CreateRoomScene
13:43:18.347 [JavaFX Application Thread] DEBUG PrimaryStageWindow   - JoinRoomSecne -> CreateRoomScene
13:43:30.353 [JavaFX Application Thread] DEBUG GameApplicationServi - Starting new game
13:43:30.354 [JavaFX Application Thread] DEBUG PrimaryStageWindow   - Pop state: CreateRoomScene
13:43:30.355 [JavaFX Application Thread] DEBUG Input                - Clearing active input actions
13:43:30.355 [JavaFX Application Thread] DEBUG GameApplicationServi - Removing overlay from CreateRoomScene and adding to JoinRoomSecne
13:43:30.356 [JavaFX Application Thread] DEBUG PrimaryStageWindow   - JoinRoomSecne <- CreateRoomScene
13:43:30.356 [JavaFX Application Thread] DEBUG PrimaryStageWindow   - Pop state: JoinRoomSecne
13:43:30.356 [JavaFX Application Thread] DEBUG Input                - Clearing active input actions
13:43:30.356 [JavaFX Application Thread] DEBUG GameApplicationServi - Removing overlay from JoinRoomSecne and adding to MainMenu
13:43:30.357 [JavaFX Application Thread] DEBUG PrimaryStageWindow   - MainMenu <- JoinRoomSecne
13:43:30.357 [JavaFX Application Thread] DEBUG PrimaryStageWindow   - Pop state: MainMenu
13:43:30.357 [JavaFX Application Thread] DEBUG Input                - Clearing active input actions
13:43:30.357 [JavaFX Application Thread] DEBUG GameApplicationServi - Removing overlay from MainMenu and adding to FXGLMainMenuDummyScene
13:43:30.358 [JavaFX Application Thread] DEBUG PrimaryStageWindow   - FXGLMainMenuDummyScene <- MainMenu
13:43:30.359 [JavaFX Application Thread] DEBUG Input                - Clearing active input actions
13:43:30.364 [JavaFX Application Thread] DEBUG GameApplicationServi - Removing overlay from FXGLMainMenuDummyScene and adding to FXGLLoadingScene
13:43:30.364 [JavaFX Application Thread] DEBUG PrimaryStageWindow   - FXGLMainMenuDummyScene -> FXGLLoadingScene
13:43:30.364 [JavaFX Application Thread] DEBUG GameApplicationServi - Clearing previous game
13:43:30.365 [JavaFX Application Thread] DEBUG GameScene            - Clearing game scene
13:43:30.365 [JavaFX Application Thread] DEBUG GameWorld            - Clearing game world
13:43:30.366 [JavaFX Application Thread] DEBUG PhysicsWorld         - Clearing physics world
13:43:30.367 [FXGL Background Thread 7 ] DEBUG FXGLApplication      - Initializing game
13:43:30.393 [FXGL Background Thread 7 ] INFO  FXGLApplication      - Game initialization took: 0.026 sec
13:43:30.446 [JavaFX Application Thread] DEBUG Input                - Clearing active input actions
13:43:30.449 [JavaFX Application Thread] DEBUG GameApplicationServi - Removing overlay from FXGLLoadingScene and adding to GameScene
13:43:30.450 [JavaFX Application Thread] DEBUG PrimaryStageWindow   - FXGLLoadingScene -> GameScene
13:43:39.360 [JavaFX Application Thread] DEBUG EventBus             - Firing event: com.tkuimwd.event.ChessReleaseEvent[source=javafx.event.Event$$Lambda$123/0x00000008002167a0@76ad0966]
13:43:41.103 [JavaFX Application Thread] DEBUG EventBus             - Firing event: com.tkuimwd.event.GoalEvent[source=javafx.event.Event$$Lambda$123/0x00000008002167a0@76ad0966]
13:43:43.361 [JavaFX Application Thread] DEBUG PrimaryStageWindow   - Push state: DialogSubScene
13:43:43.361 [JavaFX Application Thread] DEBUG Input                - Clearing active input actions
13:43:43.361 [JavaFX Application Thread] DEBUG GameApplicationServi - Removing overlay from GameScene and adding to DialogSubScene
13:43:43.361 [JavaFX Application Thread] DEBUG PrimaryStageWindow   - GameScene -> DialogSubScene
13:52:00.317 [JavaFX Application Thread] DEBUG PrimaryStageWindow   - Pop state: DialogSubScene
13:52:00.317 [JavaFX Application Thread] DEBUG Input                - Clearing active input actions
13:52:00.318 [JavaFX Application Thread] DEBUG GameApplicationServi - Removing overlay from DialogSubScene and adding to GameScene
13:52:00.318 [JavaFX Application Thread] DEBUG PrimaryStageWindow   - GameScene <- DialogSubScene
13:52:00.318 [JavaFX Application Thread] DEBUG Input                - Clearing active input actions
13:52:00.320 [JavaFX Application Thread] DEBUG GameApplicationServi - Removing overlay from GameScene and adding to FXGLMainMenuDummyScene
13:52:00.320 [JavaFX Application Thread] DEBUG PrimaryStageWindow   - GameScene -> FXGLMainMenuDummyScene
13:52:00.320 [JavaFX Application Thread] DEBUG PrimaryStageWindow   - Push state: MainMenu
13:52:00.320 [JavaFX Application Thread] DEBUG Input                - Clearing active input actions
13:52:00.320 [JavaFX Application Thread] DEBUG GameApplicationServi - Removing overlay from FXGLMainMenuDummyScene and adding to MainMenu
13:52:00.322 [JavaFX Application Thread] DEBUG PrimaryStageWindow   - FXGLMainMenuDummyScene -> MainMenu
13:52:01.590 [JavaFX Application Thread] DEBUG PrimaryStageWindow   - Push state: LoginScene
13:52:01.591 [JavaFX Application Thread] DEBUG Input                - Clearing active input actions
13:52:01.591 [JavaFX Application Thread] DEBUG GameApplicationServi - Removing overlay from MainMenu and adding to LoginScene
13:52:01.591 [JavaFX Application Thread] DEBUG PrimaryStageWindow   - MainMenu -> LoginScene
13:52:05.582 [JavaFX Application Thread] DEBUG PrimaryStageWindow   - Pop state: LoginScene
13:52:05.582 [JavaFX Application Thread] DEBUG Input                - Clearing active input actions
13:52:05.582 [JavaFX Application Thread] DEBUG GameApplicationServi - Removing overlay from LoginScene and adding to MainMenu
13:52:05.582 [JavaFX Application Thread] DEBUG PrimaryStageWindow   - MainMenu <- LoginScene
13:52:05.582 [JavaFX Application Thread] DEBUG PrimaryStageWindow   - Pop state: MainMenu
13:52:05.582 [JavaFX Application Thread] DEBUG Input                - Clearing active input actions
13:52:05.582 [JavaFX Application Thread] DEBUG GameApplicationServi - Removing overlay from MainMenu and adding to FXGLMainMenuDummyScene
13:52:05.582 [JavaFX Application Thread] DEBUG PrimaryStageWindow   - FXGLMainMenuDummyScene <- MainMenu
13:52:05.657 [JavaFX Application Thread] DEBUG PrimaryStageWindow   - Push state: MainMenu
13:52:05.657 [JavaFX Application Thread] DEBUG Input                - Clearing active input actions
13:52:05.658 [JavaFX Application Thread] DEBUG GameApplicationServi - Removing overlay from FXGLMainMenuDummyScene and adding to MainMenu
13:52:05.659 [JavaFX Application Thread] DEBUG PrimaryStageWindow   - FXGLMainMenuDummyScene -> MainMenu
13:52:05.659 [JavaFX Application Thread] DEBUG PrimaryStageWindow   - Push state: DialogSubScene
13:52:05.659 [JavaFX Application Thread] DEBUG Input                - Clearing active input actions
13:52:05.659 [JavaFX Application Thread] DEBUG GameApplicationServi - Removing overlay from MainMenu and adding to DialogSubScene
13:52:05.659 [JavaFX Application Thread] DEBUG PrimaryStageWindow   - MainMenu -> DialogSubScene
13:52:12.756 [JavaFX Application Thread] DEBUG PrimaryStageWindow   - Pop state: DialogSubScene
13:52:12.756 [JavaFX Application Thread] DEBUG Input                - Clearing active input actions
13:52:12.757 [JavaFX Application Thread] DEBUG GameApplicationServi - Removing overlay from DialogSubScene and adding to MainMenu
13:52:12.757 [JavaFX Application Thread] DEBUG PrimaryStageWindow   - MainMenu <- DialogSubScene
13:52:13.563 [JavaFX Application Thread] DEBUG PrimaryStageWindow   - Push state: CreateRoomScene
13:52:13.563 [JavaFX Application Thread] DEBUG Input                - Clearing active input actions
13:52:13.563 [JavaFX Application Thread] DEBUG GameApplicationServi - Removing overlay from MainMenu and adding to CreateRoomScene
13:52:13.563 [JavaFX Application Thread] DEBUG PrimaryStageWindow   - MainMenu -> CreateRoomScene
13:52:28.561 [JavaFX Application Thread] DEBUG GameApplicationServi - Starting new game
13:52:28.561 [JavaFX Application Thread] DEBUG PrimaryStageWindow   - Pop state: CreateRoomScene
13:52:28.561 [JavaFX Application Thread] DEBUG Input                - Clearing active input actions
13:52:28.561 [JavaFX Application Thread] DEBUG GameApplicationServi - Removing overlay from CreateRoomScene and adding to MainMenu
13:52:28.562 [JavaFX Application Thread] DEBUG PrimaryStageWindow   - MainMenu <- CreateRoomScene
13:52:28.562 [JavaFX Application Thread] DEBUG PrimaryStageWindow   - Pop state: MainMenu
13:52:28.562 [JavaFX Application Thread] DEBUG Input                - Clearing active input actions
13:52:28.562 [JavaFX Application Thread] DEBUG GameApplicationServi - Removing overlay from MainMenu and adding to FXGLMainMenuDummyScene
13:52:28.562 [JavaFX Application Thread] DEBUG PrimaryStageWindow   - FXGLMainMenuDummyScene <- MainMenu
13:52:28.562 [JavaFX Application Thread] DEBUG Input                - Clearing active input actions
13:52:28.564 [JavaFX Application Thread] DEBUG GameApplicationServi - Removing overlay from FXGLMainMenuDummyScene and adding to FXGLLoadingScene
13:52:28.565 [JavaFX Application Thread] DEBUG PrimaryStageWindow   - FXGLMainMenuDummyScene -> FXGLLoadingScene
13:52:28.565 [JavaFX Application Thread] DEBUG GameApplicationServi - Clearing previous game
13:52:28.565 [JavaFX Application Thread] DEBUG GameScene            - Clearing game scene
13:52:28.565 [JavaFX Application Thread] DEBUG GameWorld            - Clearing game world
13:52:28.566 [JavaFX Application Thread] DEBUG PhysicsWorld         - Clearing physics world
13:52:28.566 [FXGL Background Thread 8 ] DEBUG FXGLApplication      - Initializing game
13:52:28.577 [FXGL Background Thread 8 ] INFO  FXGLApplication      - Game initialization took: 0.011 sec
13:52:28.580 [JavaFX Application Thread] DEBUG Input                - Clearing active input actions
13:52:28.581 [JavaFX Application Thread] DEBUG GameApplicationServi - Removing overlay from FXGLLoadingScene and adding to GameScene
13:52:28.582 [JavaFX Application Thread] DEBUG PrimaryStageWindow   - FXGLLoadingScene -> GameScene
13:52:35.822 [JavaFX Application Thread] DEBUG EventBus             - Firing event: com.tkuimwd.event.ChessReleaseEvent[source=javafx.event.Event$$Lambda$123/0x00000008002167a0@76ad0966]
13:52:58.865 [JavaFX Application Thread] DEBUG EventBus             - Firing event: com.tkuimwd.event.ChessReleaseEvent[source=javafx.event.Event$$Lambda$123/0x00000008002167a0@76ad0966]
13:53:00.382 [JavaFX Application Thread] DEBUG EventBus             - Firing event: com.tkuimwd.event.GoalEvent[source=javafx.event.Event$$Lambda$123/0x00000008002167a0@76ad0966]
13:53:02.810 [JavaFX Application Thread] DEBUG PrimaryStageWindow   - Push state: DialogSubScene
13:53:02.810 [JavaFX Application Thread] DEBUG Input                - Clearing active input actions
13:53:02.810 [JavaFX Application Thread] DEBUG GameApplicationServi - Removing overlay from GameScene and adding to DialogSubScene
13:53:02.810 [JavaFX Application Thread] DEBUG PrimaryStageWindow   - GameScene -> DialogSubScene
13:54:30.029 [JavaFX Application Thread] DEBUG FXGLApplication      - Exiting FXGL
13:54:30.029 [JavaFX Application Thread] DEBUG LoopRunner           - Stopping loop
13:54:30.029 [JavaFX Application Thread] DEBUG SystemBundleService  - Saving FXGL system data
13:54:30.031 [JavaFX Application Thread] DEBUG FileSystemAccess     - Writing to: C:\Users\Kenny\Documents\vscode_java\FXGL\system\fxgl.bundle
13:54:30.032 [JavaFX Application Thread] DEBUG Async                - Shutting down background threads
13:54:30.033 [JavaFX Application Thread] DEBUG PrimaryStageWindow   - Closing main window
13:54:30.052 [JavaFX Application Thread] DEBUG Logger               - Closing Logger
