16:35:29.445 [main                     ] DEBUG Logger               - Configured Logger
16:35:29.468 [main                     ] DEBUG GameApplication      - Logging settings
Title: CHESS SOCCER
Version: v1.1
Width: 1020
Height: 748
Fullscreen: false
Intro: false
Profiling: false
Single step:false
App Mode: DEVELOPER
Menu Key: ESCAPE
Stage Style: DECORATED
Scene Factory: class com.tkuimwd.factory.MenuFactory

16:35:29.791 [JavaFX Application Thread] DEBUG FXGLApplication      - Initializing FXGL
16:35:29.796 [JavaFX Application Thread] INFO  Engine               - FXGL-17 (31.12.2021 18.16) on WINDOWS (J:17.0.12 FX:17.0.0.1)
16:35:29.796 [JavaFX Application Thread] DEBUG Engine               - JRE Vendor Name: Eclipse Adoptium
16:35:29.797 [JavaFX Application Thread] DEBUG Engine               - Running on OS: Windows 11 version 10.0
16:35:29.797 [JavaFX Application Thread] DEBUG Engine               - Architecture: amd64
16:35:29.797 [JavaFX Application Thread] INFO  Engine               - Source code and latest versions at: https://github.com/AlmasB/FXGL
16:35:29.797 [JavaFX Application Thread] INFO  Engine               -       Ask questions and discuss at: https://github.com/AlmasB/FXGL/discussions
16:35:29.797 [JavaFX Application Thread] INFO  Engine               -              Join the FXGL chat at: https://gitter.im/AlmasB/FXGL
16:35:29.882 [JavaFX Application Thread] DEBUG PrimaryStageWindow   - Creating a JavaFX scene
16:35:29.917 [JavaFX Application Thread] DEBUG PrimaryStageWindow   - Target settings size: 1020.0 x 748.0
16:35:29.918 [JavaFX Application Thread] DEBUG PrimaryStageWindow   - Scaled scene size:    1020.0 x 748.0
16:35:29.918 [JavaFX Application Thread] DEBUG PrimaryStageWindow   - Scaled ratio: (1.0, 1.0)
16:35:29.920 [JavaFX Application Thread] DEBUG PrimaryStageWindow   - Set initial scene to FXGLStartupScene
16:35:29.926 [JavaFX Application Thread] DEBUG PrimaryStageWindow   - Opening main window
16:35:30.010 [JavaFX Application Thread] DEBUG PrimaryStageWindow   - Window border size: (13.0, 35.5)
16:35:30.011 [JavaFX Application Thread] DEBUG PrimaryStageWindow   - Scaled size: 1020.0 x 748.0
16:35:30.011 [JavaFX Application Thread] DEBUG PrimaryStageWindow   - Scaled ratio: (1.0, 1.0)
16:35:30.011 [JavaFX Application Thread] DEBUG PrimaryStageWindow   - Scene size: 1020.0 x 748.0
16:35:30.011 [JavaFX Application Thread] DEBUG PrimaryStageWindow   - Stage size: 1033.0 x 783.5
16:35:30.018 [FXGL Background Thread 1 ] DEBUG Engine               - Initializing environment variables
16:35:30.049 [FXGL Background Thread 1 ] DEBUG FXGLAssetLoaderServi - User app class for loading assets: class com.tkuimwd.Main
16:35:30.049 [FXGL Background Thread 1 ] DEBUG GameApplicationServi - Applying CSS: fxgl_dark.css
16:35:30.049 [FXGL Background Thread 1 ] DEBUG FXGLAssetLoaderServi - Loading from file system: jar:file:/C:/Users/Kenny/.m2/repository/com/github/almasb/fxgl/17/fxgl-17.jar!/fxglassets/ui/css/fxgl_dark.css
16:35:30.083 [FXGL Background Thread 1 ] DEBUG GameApplicationServi - Initializing application scenes
16:35:30.171 [FXGL Background Thread 1 ] DEBUG GameWorld            - Game world initialized
16:35:30.227 [FXGL Background Thread 1 ] DEBUG PhysicsWorld         - Physics world initialized: appHeight=748, physics.ppm=50.0
16:35:30.228 [FXGL Background Thread 1 ] DEBUG PhysicsWorld         - Using strategy: BRUTE_FORCE
16:35:30.232 [FXGL Background Thread 1 ] DEBUG GameScene            - Game scene initialized: 1020x748
16:35:30.342 [FXGL Background Thread 1 ] DEBUG FXGL.DefaultMenu     - createMenuBodyGameMenu()
16:35:30.353 [FXGL Background Thread 1 ] DEBUG FXGL.DefaultMenu     - createOptionsMenu()
16:35:30.363 [FXGL Background Thread 1 ] DEBUG FXGLAssetLoaderServi - Loading from file system: jar:file:/C:/Users/Kenny/.m2/repository/com/github/almasb/fxgl/17/fxgl-17.jar!/fxglassets/textures/particles/smoke.png
16:35:30.448 [FXGL Background Thread 1 ] DEBUG FXGLAssetLoaderServi - Loading from file system: jar:file:/C:/Users/Kenny/.m2/repository/com/github/almasb/fxgl/17/fxgl-17.jar!/fxglassets/textures/particles/trace_horizontal.png
16:35:30.467 [FXGL Background Thread 1 ] DEBUG GameApplicationServi - Application scenes initialized
16:35:30.477 [FXGL Background Thread 1 ] DEBUG SystemBundleService  - Loading FXGL system data
16:35:30.484 [FXGL Background Thread 1 ] DEBUG FileSystemAccess     - Reading from: C:\Users\Kenny\Documents\vscode_java\FXGL\system\fxgl.bundle
16:35:30.489 [FXGL Background Thread 1 ] DEBUG SystemBundleService  - Bundle FXGL: {}
16:35:30.490 [FXGL Background Thread 1 ] DEBUG UpdaterService       - Checking for updates
16:35:30.513 [FXGL Background Thread 4 ] DEBUG FXGLApplication      - Loading fonts
16:35:30.513 [FXGL Background Thread 1 ] DEBUG FXGLApplication      - Loading default localization
16:35:30.513 [FXGL Background Thread 4 ] DEBUG FXGLAssetLoaderServi - Loading from file system: jar:file:/C:/Users/Kenny/.m2/repository/com/github/almasb/fxgl/17/fxgl-17.jar!/fxglassets/ui/fonts/VarelaRound-Regular.ttf
16:35:30.514 [FXGL Background Thread 1 ] DEBUG FXGLAssetLoaderServi - Loading from file system: jar:file:/C:/Users/Kenny/.m2/repository/com/github/almasb/fxgl/17/fxgl-17.jar!/fxglassets/languages/english.lang
16:35:30.537 [FXGL Background Thread 1 ] INFO  FXGLApplication      - FXGL initialization took: 0.519 sec
16:35:30.539 [JavaFX Application Thread] DEBUG FXGLAssetLoaderServi - Loading from file system: jar:file:/C:/Users/Kenny/.m2/repository/com/github/almasb/fxgl/17/fxgl-17.jar!/fxglassets/textures/fxgl_icon.png
16:35:30.557 [JavaFX Application Thread] DEBUG FXGLAssetLoaderServi - Loading from file system: jar:file:/C:/Users/Kenny/.m2/repository/com/github/almasb/fxgl/17/fxgl-17.jar!/fxglassets/textures/fxgl_default_cursor.png
16:35:30.569 [FXGL Background Thread 4 ] DEBUG FXGLAssetLoaderServi - Loading from file system: jar:file:/C:/Users/Kenny/.m2/repository/com/github/almasb/fxgl/17/fxgl-17.jar!/fxglassets/ui/fonts/Abel-Regular.ttf
16:35:30.571 [FXGL Background Thread 4 ] DEBUG FXGLAssetLoaderServi - Loading from file system: jar:file:/C:/Users/Kenny/.m2/repository/com/github/almasb/fxgl/17/fxgl-17.jar!/fxglassets/ui/fonts/TerminalLandMono-Regular.otf
16:35:30.577 [FXGL Background Thread 4 ] DEBUG FXGLAssetLoaderServi - Loading from file system: jar:file:/C:/Users/Kenny/.m2/repository/com/github/almasb/fxgl/17/fxgl-17.jar!/fxglassets/ui/fonts/Courier-Prime.ttf
16:35:30.584 [JavaFX Application Thread] DEBUG Input                - Registered new binding: Screenshot - CTRL+8
16:35:30.585 [JavaFX Application Thread] DEBUG Input                - Registered new binding: Dev Options - 1
16:35:30.586 [JavaFX Application Thread] DEBUG Input                - Registered new binding: Dev Console - 2
16:35:30.587 [JavaFX Application Thread] DEBUG Input                - Registered new binding: System info dump - CTRL+9
16:35:30.588 [JavaFX Application Thread] DEBUG Input                - Registered new binding: Restart - CTRL+R
16:35:30.590 [JavaFX Application Thread] DEBUG Input                - Registered new binding: Toggle Debug Camera - CTRL+7
16:35:30.596 [JavaFX Application Thread] DEBUG LoopRunner           - Starting loop
16:35:30.636 [JavaFX Application Thread] DEBUG LoopRunner           - Initializing JavaFX AnimationTimerLoop
16:35:30.642 [JavaFX Application Thread] DEBUG Input                - Clearing active input actions
16:35:30.646 [JavaFX Application Thread] DEBUG GameApplicationServi - Removing overlay from FXGLStartupScene and adding to FXGLMainMenuDummyScene
16:35:30.654 [JavaFX Application Thread] DEBUG PrimaryStageWindow   - FXGLStartupScene -> FXGLMainMenuDummyScene
16:35:30.654 [JavaFX Application Thread] DEBUG PrimaryStageWindow   - Push state: MainMenu
16:35:30.654 [JavaFX Application Thread] DEBUG Input                - Clearing active input actions
16:35:30.659 [JavaFX Application Thread] DEBUG GameApplicationServi - Removing overlay from FXGLMainMenuDummyScene and adding to MainMenu
16:35:30.660 [JavaFX Application Thread] DEBUG PrimaryStageWindow   - FXGLMainMenuDummyScene -> MainMenu
16:35:30.660 [JavaFX Application Thread] DEBUG FXGLApplication      - Registering font factories with UI factory
16:35:30.938 [FXGL Background Thread 2 ] INFO  UpdaterService       - Your current version:  17
16:35:30.938 [FXGL Background Thread 2 ] INFO  UpdaterService       - Latest stable version: 21.1
16:35:33.514 [FXGL Background Thread 3 ] DEBUG Engine               - Logging environment variables
16:35:33.514 [FXGL Background Thread 3 ] DEBUG Engine               - achievements: []
16:35:33.515 [FXGL Background Thread 3 ] DEBUG Engine               - actualHeight: 748.0
16:35:33.515 [FXGL Background Thread 3 ] DEBUG Engine               - actualHeightProperty: ReadOnlyDoubleProperty [value: 748.0]
16:35:33.515 [FXGL Background Thread 3 ] DEBUG Engine               - actualWidth: 1020.0
16:35:33.515 [FXGL Background Thread 3 ] DEBUG Engine               - actualWidthProperty: ReadOnlyDoubleProperty [value: 1020.0]
16:35:33.515 [FXGL Background Thread 3 ] DEBUG Engine               - appIcon: fxgl_icon.png
16:35:33.515 [FXGL Background Thread 3 ] DEBUG Engine               - applicationMode: DEVELOPER
16:35:33.515 [FXGL Background Thread 3 ] DEBUG Engine               - cSSList: [fxgl_dark.css]
16:35:33.515 [FXGL Background Thread 3 ] DEBUG Engine               - collisionDetectionStrategy: BRUTE_FORCE
16:35:33.515 [FXGL Background Thread 3 ] DEBUG Engine               - configClass: Optional.empty
16:35:33.515 [FXGL Background Thread 3 ] DEBUG Engine               - credits: []
16:35:33.516 [FXGL Background Thread 3 ] DEBUG Engine               - defaultCursor: CursorInfo(imageName=fxgl_default_cursor.png, hotspotX=7.0, hotspotY=6.0)
16:35:33.516 [FXGL Background Thread 3 ] DEBUG Engine               - devBBoxColorProperty: ObjectProperty [value: 0xff0000ff]
16:35:33.516 [FXGL Background Thread 3 ] DEBUG Engine               - devEnableDebugCameraProperty: BooleanProperty [value: false]
16:35:33.516 [FXGL Background Thread 3 ] DEBUG Engine               - devSensorColorProperty: ObjectProperty [value: 0xffff00ff]
16:35:33.516 [FXGL Background Thread 3 ] DEBUG Engine               - devShowBBoxProperty: BooleanProperty [value: false]
16:35:33.517 [FXGL Background Thread 3 ] DEBUG Engine               - devShowPositionProperty: BooleanProperty [value: false]
16:35:33.517 [FXGL Background Thread 3 ] DEBUG Engine               - enabledMenuItems: []
16:35:33.517 [FXGL Background Thread 3 ] DEBUG Engine               - engineServices: [class com.almasb.fxgl.app.services.FXGLAssetLoaderService, class com.almasb.fxgl.app.FXGLApplication$GameApplicationService, class com.almasb.fxgl.app.services.FXGLDialogService, class com.almasb.fxgl.app.services.IOTaskExecutorService, class com.almasb.fxgl.io.FileSystemService, class com.almasb.fxgl.localization.LocalizationService, class com.almasb.fxgl.app.services.SystemBundleService, class com.almasb.fxgl.profile.SaveLoadService, class com.almasb.fxgl.ui.FXGLUIFactoryServiceProvider, class com.almasb.fxgl.ui.FXGLDialogFactoryServiceProvider, class com.almasb.fxgl.audio.AudioPlayer, class com.almasb.fxgl.notification.impl.NotificationServiceProvider, class com.almasb.fxgl.achievement.AchievementService, class com.almasb.fxgl.cutscene.CutsceneService, class com.almasb.fxgl.minigames.MiniGameService, class com.almasb.fxgl.net.NetService, class com.almasb.fxgl.app.services.UpdaterService, class com.almasb.fxgl.dev.DevService]
16:35:33.517 [FXGL Background Thread 3 ] DEBUG Engine               - fontGame: Abel-Regular.ttf
16:35:33.517 [FXGL Background Thread 3 ] DEBUG Engine               - fontMono: TerminalLandMono-Regular.otf
16:35:33.517 [FXGL Background Thread 3 ] DEBUG Engine               - fontText: Courier-Prime.ttf
16:35:33.517 [FXGL Background Thread 3 ] DEBUG Engine               - fontUI: VarelaRound-Regular.ttf
16:35:33.517 [FXGL Background Thread 3 ] DEBUG Engine               - fullScreen: BooleanProperty [value: false]
16:35:33.517 [FXGL Background Thread 3 ] DEBUG Engine               - gameDifficulty: MEDIUM
16:35:33.517 [FXGL Background Thread 3 ] DEBUG Engine               - gameDifficultyProperty: ObjectProperty [value: MEDIUM]
16:35:33.517 [FXGL Background Thread 3 ] DEBUG Engine               - globalMusicVolume: 0.5
16:35:33.517 [FXGL Background Thread 3 ] DEBUG Engine               - globalMusicVolumeProperty: DoubleProperty [value: 0.5]
16:35:33.517 [FXGL Background Thread 3 ] DEBUG Engine               - globalSoundVolume: 0.5
16:35:33.518 [FXGL Background Thread 3 ] DEBUG Engine               - globalSoundVolumeProperty: DoubleProperty [value: 0.5]
16:35:33.518 [FXGL Background Thread 3 ] DEBUG Engine               - height: 748
16:35:33.518 [FXGL Background Thread 3 ] DEBUG Engine               - is3D: false
16:35:33.518 [FXGL Background Thread 3 ] DEBUG Engine               - isAndroid: false
16:35:33.518 [FXGL Background Thread 3 ] DEBUG Engine               - isBrowser: false
16:35:33.518 [FXGL Background Thread 3 ] DEBUG Engine               - isClickFeedbackEnabled: false
16:35:33.518 [FXGL Background Thread 3 ] DEBUG Engine               - isCloseConfirmation: false
16:35:33.518 [FXGL Background Thread 3 ] DEBUG Engine               - isDesktop: true
16:35:33.518 [FXGL Background Thread 3 ] DEBUG Engine               - isDeveloperMenuEnabled: true
16:35:33.518 [FXGL Background Thread 3 ] DEBUG Engine               - isEmbedded: false
16:35:33.518 [FXGL Background Thread 3 ] DEBUG Engine               - isEntityPreloadEnabled: true
16:35:33.518 [FXGL Background Thread 3 ] DEBUG Engine               - isExperimentalTiledLargeMap: false
16:35:33.518 [FXGL Background Thread 3 ] DEBUG Engine               - isFileSystemWriteAllowed: true
16:35:33.518 [FXGL Background Thread 3 ] DEBUG Engine               - isFullScreenAllowed: false
16:35:33.518 [FXGL Background Thread 3 ] DEBUG Engine               - isFullScreenFromStart: false
16:35:33.518 [FXGL Background Thread 3 ] DEBUG Engine               - isGameMenuEnabled: true
16:35:33.519 [FXGL Background Thread 3 ] DEBUG Engine               - isIOS: false
16:35:33.519 [FXGL Background Thread 3 ] DEBUG Engine               - isIntroEnabled: false
16:35:33.519 [FXGL Background Thread 3 ] DEBUG Engine               - isLinux: false
16:35:33.519 [FXGL Background Thread 3 ] DEBUG Engine               - isMac: false
16:35:33.519 [FXGL Background Thread 3 ] DEBUG Engine               - isMainMenuEnabled: true
16:35:33.519 [FXGL Background Thread 3 ] DEBUG Engine               - isManualResizeEnabled: false
16:35:33.519 [FXGL Background Thread 3 ] DEBUG Engine               - isMobile: false
16:35:33.519 [FXGL Background Thread 3 ] DEBUG Engine               - isNative: false
16:35:33.519 [FXGL Background Thread 3 ] DEBUG Engine               - isPauseMusicWhenMinimized: true
16:35:33.519 [FXGL Background Thread 3 ] DEBUG Engine               - isPreserveResizeRatio: false
16:35:33.519 [FXGL Background Thread 3 ] DEBUG Engine               - isProfilingEnabled: false
16:35:33.519 [FXGL Background Thread 3 ] DEBUG Engine               - isScaleAffectedOnResize: true
16:35:33.519 [FXGL Background Thread 3 ] DEBUG Engine               - isSingleStep: false
16:35:33.519 [FXGL Background Thread 3 ] DEBUG Engine               - isUserProfileEnabled: false
16:35:33.519 [FXGL Background Thread 3 ] DEBUG Engine               - isWindows: true
16:35:33.519 [FXGL Background Thread 3 ] DEBUG Engine               - language: ObjectProperty [value: ENGLISH]
16:35:33.519 [FXGL Background Thread 3 ] DEBUG Engine               - menuKey: ESCAPE
16:35:33.519 [FXGL Background Thread 3 ] DEBUG Engine               - mouseSensitivity: 0.2
16:35:33.519 [FXGL Background Thread 3 ] DEBUG Engine               - notificationViewClass: class com.almasb.fxgl.notification.view.XboxNotificationView
16:35:33.519 [FXGL Background Thread 3 ] DEBUG Engine               - pixelsPerMeter: 50.0
16:35:33.519 [FXGL Background Thread 3 ] DEBUG Engine               - platform: WINDOWS
16:35:33.519 [FXGL Background Thread 3 ] DEBUG Engine               - prefHeightProperty: ReadOnlyDoubleProperty [value: 748.0]
16:35:33.519 [FXGL Background Thread 3 ] DEBUG Engine               - prefWidthProperty: ReadOnlyDoubleProperty [value: 1020.0]
16:35:33.519 [FXGL Background Thread 3 ] DEBUG Engine               - profileDir: profiles/
16:35:33.519 [FXGL Background Thread 3 ] DEBUG Engine               - profileName: StringProperty [value: DEFAULT]
16:35:33.519 [FXGL Background Thread 3 ] DEBUG Engine               - randomSeed: -1
16:35:33.520 [FXGL Background Thread 3 ] DEBUG Engine               - runtimeInfo: RuntimeInfo(platform=WINDOWS, version=17, build=31.12.2021 18.16)
16:35:33.520 [FXGL Background Thread 3 ] DEBUG Engine               - saveFileExt: sav
16:35:33.520 [FXGL Background Thread 3 ] DEBUG Engine               - scaledHeightProp$fxgl: DoubleProperty [bound, value: 748.0]
16:35:33.520 [FXGL Background Thread 3 ] DEBUG Engine               - scaledWidthProp$fxgl: DoubleProperty [bound, value: 1020.0]
16:35:33.520 [FXGL Background Thread 3 ] DEBUG Engine               - sceneFactory: com.tkuimwd.factory.MenuFactory@37ec4dc8
16:35:33.520 [FXGL Background Thread 3 ] DEBUG Engine               - secondsIn24h: 60
16:35:33.520 [FXGL Background Thread 3 ] DEBUG Engine               - soundMenuBack: menu/back.wav
16:35:33.520 [FXGL Background Thread 3 ] DEBUG Engine               - soundMenuPress: menu/press.wav
16:35:33.520 [FXGL Background Thread 3 ] DEBUG Engine               - soundMenuSelect: menu/select.wav
16:35:33.520 [FXGL Background Thread 3 ] DEBUG Engine               - soundNotification: core/notification.wav
16:35:33.520 [FXGL Background Thread 3 ] DEBUG Engine               - stageStyle: DECORATED
16:35:33.520 [FXGL Background Thread 3 ] DEBUG Engine               - supportedLanguages: [ENGLISH, FRENCH, GERMAN, HUNGARIAN, RUSSIAN]
16:35:33.520 [FXGL Background Thread 3 ] DEBUG Engine               - ticksPerSecond: -1
16:35:33.520 [FXGL Background Thread 3 ] DEBUG Engine               - title: CHESS SOCCER
16:35:33.520 [FXGL Background Thread 3 ] DEBUG Engine               - urlGithub: https://github.com/AlmasB/FXGL
16:35:33.521 [FXGL Background Thread 3 ] DEBUG Engine               - urlLeaderboard: http://fxgl-top.herokuapp.com/
16:35:33.521 [FXGL Background Thread 3 ] DEBUG Engine               - urlPOM: https://raw.githubusercontent.com/AlmasB/FXGL/release/README.md
16:35:33.521 [FXGL Background Thread 3 ] DEBUG Engine               - userAppClass: class com.tkuimwd.Main
16:35:33.521 [FXGL Background Thread 3 ] DEBUG Engine               - version: v1.1
16:35:33.521 [FXGL Background Thread 3 ] DEBUG Engine               - versionCheckDays: 7
16:35:33.521 [FXGL Background Thread 3 ] DEBUG Engine               - width: 1020
16:35:33.521 [FXGL Background Thread 3 ] DEBUG Engine               - Logging services
16:35:33.521 [FXGL Background Thread 3 ] DEBUG Engine               - class com.almasb.fxgl.app.services.FXGLAssetLoaderService
16:35:33.521 [FXGL Background Thread 3 ] DEBUG Engine               - class com.almasb.fxgl.app.FXGLApplication$GameApplicationService
16:35:33.521 [FXGL Background Thread 3 ] DEBUG Engine               - class com.almasb.fxgl.app.services.FXGLDialogService
16:35:33.521 [FXGL Background Thread 3 ] DEBUG Engine               - class com.almasb.fxgl.app.services.IOTaskExecutorService
16:35:33.521 [FXGL Background Thread 3 ] DEBUG Engine               - class com.almasb.fxgl.io.FileSystemService
16:35:33.521 [FXGL Background Thread 3 ] DEBUG Engine               - class com.almasb.fxgl.localization.LocalizationService
16:35:33.521 [FXGL Background Thread 3 ] DEBUG Engine               - class com.almasb.fxgl.app.services.SystemBundleService
16:35:33.521 [FXGL Background Thread 3 ] DEBUG Engine               - class com.almasb.fxgl.profile.SaveLoadService
16:35:33.521 [FXGL Background Thread 3 ] DEBUG Engine               - class com.almasb.fxgl.ui.FXGLUIFactoryServiceProvider
16:35:33.521 [FXGL Background Thread 3 ] DEBUG Engine               - class com.almasb.fxgl.ui.FXGLDialogFactoryServiceProvider
16:35:33.521 [FXGL Background Thread 3 ] DEBUG Engine               - class com.almasb.fxgl.audio.AudioPlayer
16:35:33.521 [FXGL Background Thread 3 ] DEBUG Engine               - class com.almasb.fxgl.notification.impl.NotificationServiceProvider
16:35:33.521 [FXGL Background Thread 3 ] DEBUG Engine               - class com.almasb.fxgl.achievement.AchievementService
16:35:33.521 [FXGL Background Thread 3 ] DEBUG Engine               - class com.almasb.fxgl.cutscene.CutsceneService
16:35:33.521 [FXGL Background Thread 3 ] DEBUG Engine               - class com.almasb.fxgl.minigames.MiniGameService
16:35:33.521 [FXGL Background Thread 3 ] DEBUG Engine               - class com.almasb.fxgl.net.NetService
16:35:33.521 [FXGL Background Thread 3 ] DEBUG Engine               - class com.almasb.fxgl.app.services.UpdaterService
16:35:33.521 [FXGL Background Thread 3 ] DEBUG Engine               - class com.almasb.fxgl.dev.DevService
16:35:34.247 [JavaFX Application Thread] DEBUG PrimaryStageWindow   - Push state: LoginScene
16:35:34.247 [JavaFX Application Thread] DEBUG Input                - Clearing active input actions
16:35:34.249 [JavaFX Application Thread] DEBUG GameApplicationServi - Removing overlay from MainMenu and adding to LoginScene
16:35:34.250 [JavaFX Application Thread] DEBUG PrimaryStageWindow   - MainMenu -> LoginScene
16:35:37.301 [JavaFX Application Thread] DEBUG PrimaryStageWindow   - Pop state: LoginScene
16:35:37.301 [JavaFX Application Thread] DEBUG Input                - Clearing active input actions
16:35:37.301 [JavaFX Application Thread] DEBUG GameApplicationServi - Removing overlay from LoginScene and adding to MainMenu
16:35:37.305 [JavaFX Application Thread] DEBUG PrimaryStageWindow   - MainMenu <- LoginScene
16:35:37.305 [JavaFX Application Thread] DEBUG PrimaryStageWindow   - Pop state: MainMenu
16:35:37.305 [JavaFX Application Thread] DEBUG Input                - Clearing active input actions
16:35:37.306 [JavaFX Application Thread] DEBUG GameApplicationServi - Removing overlay from MainMenu and adding to FXGLMainMenuDummyScene
16:35:37.306 [JavaFX Application Thread] DEBUG PrimaryStageWindow   - FXGLMainMenuDummyScene <- MainMenu
16:35:37.387 [JavaFX Application Thread] DEBUG PrimaryStageWindow   - Push state: MainMenu
16:35:37.387 [JavaFX Application Thread] DEBUG Input                - Clearing active input actions
16:35:37.388 [JavaFX Application Thread] DEBUG GameApplicationServi - Removing overlay from FXGLMainMenuDummyScene and adding to MainMenu
16:35:37.389 [JavaFX Application Thread] DEBUG PrimaryStageWindow   - FXGLMainMenuDummyScene -> MainMenu
16:35:37.391 [JavaFX Application Thread] DEBUG PrimaryStageWindow   - Push state: DialogSubScene
16:35:37.391 [JavaFX Application Thread] DEBUG Input                - Clearing active input actions
16:35:37.392 [JavaFX Application Thread] DEBUG GameApplicationServi - Removing overlay from MainMenu and adding to DialogSubScene
16:35:37.394 [JavaFX Application Thread] DEBUG PrimaryStageWindow   - MainMenu -> DialogSubScene
16:36:13.137 [JavaFX Application Thread] DEBUG PrimaryStageWindow   - Pop state: DialogSubScene
16:36:13.137 [JavaFX Application Thread] DEBUG Input                - Clearing active input actions
16:36:13.138 [JavaFX Application Thread] DEBUG GameApplicationServi - Removing overlay from DialogSubScene and adding to MainMenu
16:36:13.139 [JavaFX Application Thread] DEBUG PrimaryStageWindow   - MainMenu <- DialogSubScene
16:36:13.914 [JavaFX Application Thread] DEBUG PrimaryStageWindow   - Push state: CreateRoomScene
16:36:13.914 [JavaFX Application Thread] DEBUG Input                - Clearing active input actions
16:36:13.914 [JavaFX Application Thread] DEBUG GameApplicationServi - Removing overlay from MainMenu and adding to CreateRoomScene
16:36:13.915 [JavaFX Application Thread] DEBUG PrimaryStageWindow   - MainMenu -> CreateRoomScene
16:36:31.814 [JavaFX Application Thread] DEBUG GameApplicationServi - Starting new game
16:36:31.814 [JavaFX Application Thread] DEBUG PrimaryStageWindow   - Pop state: CreateRoomScene
16:36:31.814 [JavaFX Application Thread] DEBUG Input                - Clearing active input actions
16:36:31.815 [JavaFX Application Thread] DEBUG GameApplicationServi - Removing overlay from CreateRoomScene and adding to MainMenu
16:36:31.817 [JavaFX Application Thread] DEBUG PrimaryStageWindow   - MainMenu <- CreateRoomScene
16:36:31.817 [JavaFX Application Thread] DEBUG PrimaryStageWindow   - Pop state: MainMenu
16:36:31.817 [JavaFX Application Thread] DEBUG Input                - Clearing active input actions
16:36:31.818 [JavaFX Application Thread] DEBUG GameApplicationServi - Removing overlay from MainMenu and adding to FXGLMainMenuDummyScene
16:36:31.819 [JavaFX Application Thread] DEBUG PrimaryStageWindow   - FXGLMainMenuDummyScene <- MainMenu
16:36:31.819 [JavaFX Application Thread] DEBUG Input                - Clearing active input actions
16:36:31.824 [JavaFX Application Thread] DEBUG GameApplicationServi - Removing overlay from FXGLMainMenuDummyScene and adding to FXGLLoadingScene
16:36:31.828 [JavaFX Application Thread] DEBUG PrimaryStageWindow   - FXGLMainMenuDummyScene -> FXGLLoadingScene
16:36:31.829 [JavaFX Application Thread] DEBUG GameApplicationServi - Clearing previous game
16:36:31.830 [JavaFX Application Thread] DEBUG GameScene            - Clearing game scene
16:36:31.831 [JavaFX Application Thread] DEBUG GameWorld            - Clearing game world
16:36:31.832 [JavaFX Application Thread] DEBUG PhysicsWorld         - Clearing physics world
16:36:31.841 [FXGL Background Thread 5 ] DEBUG FXGLApplication      - Initializing game
16:36:31.928 [FXGL Background Thread 5 ] INFO  FXGLApplication      - Game initialization took: 0.087 sec
16:36:31.935 [JavaFX Application Thread] DEBUG Input                - Clearing active input actions
16:36:31.938 [JavaFX Application Thread] DEBUG GameApplicationServi - Removing overlay from FXGLLoadingScene and adding to GameScene
16:36:31.939 [JavaFX Application Thread] DEBUG PrimaryStageWindow   - FXGLLoadingScene -> GameScene
16:36:57.909 [JavaFX Application Thread] DEBUG PrimaryStageWindow   - Push state: FXGLDefaultMenu
16:36:57.915 [JavaFX Application Thread] DEBUG Input                - Clearing active input actions
16:36:57.916 [JavaFX Application Thread] DEBUG GameApplicationServi - Removing overlay from GameScene and adding to FXGLDefaultMenu
16:36:57.916 [JavaFX Application Thread] DEBUG PrimaryStageWindow   - GameScene -> FXGLDefaultMenu
16:36:58.866 [JavaFX Application Thread] DEBUG Menu                 - fireExitToMainMenu()
16:36:58.868 [JavaFX Application Thread] DEBUG PrimaryStageWindow   - Push state: DialogSubScene
16:36:58.868 [JavaFX Application Thread] DEBUG Input                - Clearing active input actions
16:36:58.868 [JavaFX Application Thread] DEBUG GameApplicationServi - Removing overlay from FXGLDefaultMenu and adding to DialogSubScene
16:36:58.869 [JavaFX Application Thread] DEBUG PrimaryStageWindow   - FXGLDefaultMenu -> DialogSubScene
16:36:59.749 [JavaFX Application Thread] DEBUG PrimaryStageWindow   - Pop state: DialogSubScene
16:36:59.749 [JavaFX Application Thread] DEBUG Input                - Clearing active input actions
16:36:59.750 [JavaFX Application Thread] DEBUG GameApplicationServi - Removing overlay from DialogSubScene and adding to FXGLDefaultMenu
16:36:59.752 [JavaFX Application Thread] DEBUG PrimaryStageWindow   - FXGLDefaultMenu <- DialogSubScene
16:36:59.752 [JavaFX Application Thread] DEBUG PrimaryStageWindow   - Pop state: FXGLDefaultMenu
16:36:59.753 [JavaFX Application Thread] DEBUG Input                - Clearing active input actions
16:36:59.753 [JavaFX Application Thread] DEBUG GameApplicationServi - Removing overlay from FXGLDefaultMenu and adding to GameScene
16:36:59.753 [JavaFX Application Thread] DEBUG PrimaryStageWindow   - GameScene <- FXGLDefaultMenu
16:36:59.753 [JavaFX Application Thread] DEBUG Input                - Clearing active input actions
16:36:59.757 [JavaFX Application Thread] DEBUG GameApplicationServi - Removing overlay from GameScene and adding to FXGLMainMenuDummyScene
16:36:59.760 [JavaFX Application Thread] DEBUG PrimaryStageWindow   - GameScene -> FXGLMainMenuDummyScene
16:36:59.760 [JavaFX Application Thread] DEBUG PrimaryStageWindow   - Push state: MainMenu
16:36:59.760 [JavaFX Application Thread] DEBUG Input                - Clearing active input actions
16:36:59.760 [JavaFX Application Thread] DEBUG GameApplicationServi - Removing overlay from FXGLMainMenuDummyScene and adding to MainMenu
16:36:59.760 [JavaFX Application Thread] DEBUG PrimaryStageWindow   - FXGLMainMenuDummyScene -> MainMenu
16:37:00.916 [JavaFX Application Thread] DEBUG PrimaryStageWindow   - Push state: DialogSubScene
16:37:00.916 [JavaFX Application Thread] DEBUG Input                - Clearing active input actions
16:37:00.917 [JavaFX Application Thread] DEBUG GameApplicationServi - Removing overlay from MainMenu and adding to DialogSubScene
16:37:00.918 [JavaFX Application Thread] DEBUG PrimaryStageWindow   - MainMenu -> DialogSubScene
16:37:02.170 [JavaFX Application Thread] DEBUG PrimaryStageWindow   - Pop state: DialogSubScene
16:37:02.171 [JavaFX Application Thread] DEBUG Input                - Clearing active input actions
16:37:02.171 [JavaFX Application Thread] DEBUG GameApplicationServi - Removing overlay from DialogSubScene and adding to MainMenu
16:37:02.172 [JavaFX Application Thread] DEBUG PrimaryStageWindow   - MainMenu <- DialogSubScene
16:37:02.319 [JavaFX Application Thread] DEBUG PrimaryStageWindow   - Push state: LoginScene
16:37:02.320 [JavaFX Application Thread] DEBUG Input                - Clearing active input actions
16:37:02.320 [JavaFX Application Thread] DEBUG GameApplicationServi - Removing overlay from MainMenu and adding to LoginScene
16:37:02.320 [JavaFX Application Thread] DEBUG PrimaryStageWindow   - MainMenu -> LoginScene
16:37:06.897 [JavaFX Application Thread] DEBUG PrimaryStageWindow   - Pop state: LoginScene
16:37:06.897 [JavaFX Application Thread] DEBUG Input                - Clearing active input actions
16:37:06.898 [JavaFX Application Thread] DEBUG GameApplicationServi - Removing overlay from LoginScene and adding to MainMenu
16:37:06.899 [JavaFX Application Thread] DEBUG PrimaryStageWindow   - MainMenu <- LoginScene
16:37:06.899 [JavaFX Application Thread] DEBUG PrimaryStageWindow   - Pop state: MainMenu
16:37:06.899 [JavaFX Application Thread] DEBUG Input                - Clearing active input actions
16:37:06.899 [JavaFX Application Thread] DEBUG GameApplicationServi - Removing overlay from MainMenu and adding to FXGLMainMenuDummyScene
16:37:06.899 [JavaFX Application Thread] DEBUG PrimaryStageWindow   - FXGLMainMenuDummyScene <- MainMenu
16:37:06.983 [JavaFX Application Thread] DEBUG PrimaryStageWindow   - Push state: MainMenu
16:37:06.983 [JavaFX Application Thread] DEBUG Input                - Clearing active input actions
16:37:06.983 [JavaFX Application Thread] DEBUG GameApplicationServi - Removing overlay from FXGLMainMenuDummyScene and adding to MainMenu
16:37:06.984 [JavaFX Application Thread] DEBUG PrimaryStageWindow   - FXGLMainMenuDummyScene -> MainMenu
16:37:06.984 [JavaFX Application Thread] DEBUG PrimaryStageWindow   - Push state: DialogSubScene
16:37:06.984 [JavaFX Application Thread] DEBUG Input                - Clearing active input actions
16:37:06.984 [JavaFX Application Thread] DEBUG GameApplicationServi - Removing overlay from MainMenu and adding to DialogSubScene
16:37:06.984 [JavaFX Application Thread] DEBUG PrimaryStageWindow   - MainMenu -> DialogSubScene
16:37:07.734 [JavaFX Application Thread] DEBUG PrimaryStageWindow   - Pop state: DialogSubScene
16:37:07.735 [JavaFX Application Thread] DEBUG Input                - Clearing active input actions
16:37:07.735 [JavaFX Application Thread] DEBUG GameApplicationServi - Removing overlay from DialogSubScene and adding to MainMenu
16:37:07.736 [JavaFX Application Thread] DEBUG PrimaryStageWindow   - MainMenu <- DialogSubScene
16:37:08.473 [JavaFX Application Thread] DEBUG PrimaryStageWindow   - Push state: CreateRoomScene
16:37:08.473 [JavaFX Application Thread] DEBUG Input                - Clearing active input actions
16:37:08.473 [JavaFX Application Thread] DEBUG GameApplicationServi - Removing overlay from MainMenu and adding to CreateRoomScene
16:37:08.473 [JavaFX Application Thread] DEBUG PrimaryStageWindow   - MainMenu -> CreateRoomScene
16:41:57.415 [JavaFX Application Thread] DEBUG GameApplicationServi - Starting new game
16:41:57.416 [JavaFX Application Thread] DEBUG PrimaryStageWindow   - Pop state: CreateRoomScene
16:41:57.416 [JavaFX Application Thread] DEBUG Input                - Clearing active input actions
16:41:57.417 [JavaFX Application Thread] DEBUG GameApplicationServi - Removing overlay from CreateRoomScene and adding to MainMenu
16:41:57.419 [JavaFX Application Thread] DEBUG PrimaryStageWindow   - MainMenu <- CreateRoomScene
16:41:57.419 [JavaFX Application Thread] DEBUG PrimaryStageWindow   - Pop state: MainMenu
16:41:57.419 [JavaFX Application Thread] DEBUG Input                - Clearing active input actions
16:41:57.419 [JavaFX Application Thread] DEBUG GameApplicationServi - Removing overlay from MainMenu and adding to FXGLMainMenuDummyScene
16:41:57.420 [JavaFX Application Thread] DEBUG PrimaryStageWindow   - FXGLMainMenuDummyScene <- MainMenu
16:41:57.420 [JavaFX Application Thread] DEBUG Input                - Clearing active input actions
16:41:57.427 [JavaFX Application Thread] DEBUG GameApplicationServi - Removing overlay from FXGLMainMenuDummyScene and adding to FXGLLoadingScene
16:41:57.429 [JavaFX Application Thread] DEBUG PrimaryStageWindow   - FXGLMainMenuDummyScene -> FXGLLoadingScene
16:41:57.429 [JavaFX Application Thread] DEBUG GameApplicationServi - Clearing previous game
16:41:57.429 [JavaFX Application Thread] DEBUG GameScene            - Clearing game scene
16:41:57.429 [JavaFX Application Thread] DEBUG GameWorld            - Clearing game world
16:41:57.433 [JavaFX Application Thread] DEBUG PhysicsWorld         - Clearing physics world
16:41:57.434 [FXGL Background Thread 6 ] DEBUG FXGLApplication      - Initializing game
16:41:57.450 [FXGL Background Thread 6 ] INFO  FXGLApplication      - Game initialization took: 0.016 sec
16:41:57.451 [JavaFX Application Thread] DEBUG Input                - Clearing active input actions
16:41:57.455 [JavaFX Application Thread] DEBUG GameApplicationServi - Removing overlay from FXGLLoadingScene and adding to GameScene
16:41:57.457 [JavaFX Application Thread] DEBUG PrimaryStageWindow   - FXGLLoadingScene -> GameScene
16:42:17.226 [JavaFX Application Thread] DEBUG EventBus             - Firing event: com.tkuimwd.event.ChessReleaseEvent[source=javafx.event.Event$$Lambda$123/0x00000008002167a0@e91c500]
16:45:55.142 [JavaFX Application Thread] DEBUG EventBus             - Firing event: com.tkuimwd.event.ChessReleaseEvent[source=javafx.event.Event$$Lambda$123/0x00000008002167a0@e91c500]
16:52:58.766 [JavaFX Application Thread] DEBUG EventBus             - Firing event: com.tkuimwd.event.ChessReleaseEvent[source=javafx.event.Event$$Lambda$123/0x00000008002167a0@e91c500]
17:03:31.881 [JavaFX Application Thread] DEBUG FXGLApplication      - Exiting FXGL
17:03:31.881 [JavaFX Application Thread] DEBUG LoopRunner           - Stopping loop
17:03:31.881 [JavaFX Application Thread] DEBUG SystemBundleService  - Saving FXGL system data
17:03:31.883 [JavaFX Application Thread] DEBUG FileSystemAccess     - Writing to: C:\Users\Kenny\Documents\vscode_java\FXGL\system\fxgl.bundle
17:03:31.884 [JavaFX Application Thread] DEBUG Async                - Shutting down background threads
17:03:31.884 [JavaFX Application Thread] DEBUG PrimaryStageWindow   - Closing main window
17:03:31.898 [JavaFX Application Thread] DEBUG Logger               - Closing Logger
